{"C:\\Users\\Ryank\\Desktop\\project_team203\\src\\controller\\IInsightFacade.ts":{"path":"C:\\Users\\Ryank\\Desktop\\project_team203\\src\\controller\\IInsightFacade.ts","statementMap":{"0":{"start":{"line":2,"column":0},"end":{"line":2,"column":62}},"1":{"start":{"line":3,"column":0},"end":{"line":3,"column":113}},"2":{"start":{"line":5,"column":0},"end":{"line":8,"column":89}},"3":{"start":{"line":6,"column":4},"end":{"line":6,"column":48}},"4":{"start":{"line":7,"column":4},"end":{"line":7,"column":42}},"5":{"start":{"line":11,"column":8},"end":{"line":11,"column":23}},"6":{"start":{"line":12,"column":8},"end":{"line":12,"column":52}},"7":{"start":{"line":15,"column":0},"end":{"line":15,"column":36}},"8":{"start":{"line":18,"column":8},"end":{"line":18,"column":23}},"9":{"start":{"line":19,"column":8},"end":{"line":19,"column":53}},"10":{"start":{"line":22,"column":0},"end":{"line":22,"column":38}},"11":{"start":{"line":25,"column":8},"end":{"line":25,"column":23}},"12":{"start":{"line":26,"column":8},"end":{"line":26,"column":59}},"13":{"start":{"line":29,"column":0},"end":{"line":29,"column":50}}},"fnMap":{"0":{"name":"(anonymous_0)","decl":{"start":{"line":5,"column":1},"end":{"line":5,"column":2}},"loc":{"start":{"line":5,"column":31},"end":{"line":8,"column":1}},"line":5},"1":{"name":"(anonymous_1)","decl":{"start":{"line":10,"column":4},"end":{"line":10,"column":5}},"loc":{"start":{"line":10,"column":25},"end":{"line":13,"column":5}},"line":10},"2":{"name":"(anonymous_2)","decl":{"start":{"line":17,"column":4},"end":{"line":17,"column":5}},"loc":{"start":{"line":17,"column":25},"end":{"line":20,"column":5}},"line":17},"3":{"name":"(anonymous_3)","decl":{"start":{"line":24,"column":4},"end":{"line":24,"column":5}},"loc":{"start":{"line":24,"column":25},"end":{"line":27,"column":5}},"line":24}},"branchMap":{"0":{"loc":{"start":{"line":8,"column":24},"end":{"line":8,"column":87}},"type":"binary-expr","locations":[{"start":{"line":8,"column":24},"end":{"line":8,"column":50}},{"start":{"line":8,"column":55},"end":{"line":8,"column":86}}],"line":8}},"s":{"0":1,"1":1,"2":1,"3":1,"4":1,"5":41,"6":41,"7":1,"8":0,"9":0,"10":1,"11":3,"12":3,"13":1},"f":{"0":1,"1":41,"2":0,"3":3},"b":{"0":[1,1]},"inputSourceMap":{"version":3,"file":"C:/Users/Ryank/Desktop/project_team203/src/controller/IInsightFacade.ts","sources":["C:/Users/Ryank/Desktop/project_team203/src/controller/IInsightFacade.ts"],"names":[],"mappings":";;;AAMA,IAAY,kBAGX;AAHD,WAAY,kBAAkB;IAC7B,2CAAqB,CAAA;IACrB,qCAAe,CAAA;AAChB,CAAC,EAHW,kBAAkB,GAAlB,0BAAkB,KAAlB,0BAAkB,QAG7B;AAYD,MAAa,YAAa,SAAQ,KAAK;IACtC,YAAY,OAAgB;QAC3B,KAAK,CAAC,OAAO,CAAC,CAAC;QACf,KAAK,CAAC,iBAAiB,CAAC,IAAI,EAAE,YAAY,CAAC,CAAC;IAC7C,CAAC;CACD;AALD,oCAKC;AAED,MAAa,aAAc,SAAQ,KAAK;IACvC,YAAY,OAAgB;QAC3B,KAAK,CAAC,OAAO,CAAC,CAAC;QACf,KAAK,CAAC,iBAAiB,CAAC,IAAI,EAAE,aAAa,CAAC,CAAC;IAC9C,CAAC;CACD;AALD,sCAKC;AAED,MAAa,mBAAoB,SAAQ,KAAK;IAC7C,YAAY,OAAgB;QAC3B,KAAK,CAAC,OAAO,CAAC,CAAC;QACf,KAAK,CAAC,iBAAiB,CAAC,IAAI,EAAE,mBAAmB,CAAC,CAAC;IACpD,CAAC;CACD;AALD,kDAKC","sourcesContent":["/*\r\n * This is the primary high-level API for the project. In this folder there should be:\r\n * A class called InsightFacade, this should be in a file called InsightFacade.ts.\r\n * You should not change this interface at all or the test suite will not work.\r\n */\r\n\r\nexport enum InsightDatasetKind {\r\n\tSections = \"sections\",\r\n\tRooms = \"rooms\",\r\n}\r\n\r\nexport interface InsightDataset {\r\n\tid: string;\r\n\tkind: InsightDatasetKind;\r\n\tnumRows: number;\r\n}\r\n\r\nexport interface InsightResult {\r\n\t[key: string]: string | number;\r\n}\r\n\r\nexport class InsightError extends Error {\r\n\tconstructor(message?: string) {\r\n\t\tsuper(message);\r\n\t\tError.captureStackTrace(this, InsightError);\r\n\t}\r\n}\r\n\r\nexport class NotFoundError extends Error {\r\n\tconstructor(message?: string) {\r\n\t\tsuper(message);\r\n\t\tError.captureStackTrace(this, NotFoundError);\r\n\t}\r\n}\r\n\r\nexport class ResultTooLargeError extends Error {\r\n\tconstructor(message?: string) {\r\n\t\tsuper(message);\r\n\t\tError.captureStackTrace(this, ResultTooLargeError);\r\n\t}\r\n}\r\n\r\nexport interface IInsightFacade {\r\n\t/**\r\n\t * Add a dataset to insightUBC.\r\n\t *\r\n\t * @param id  The id of the dataset being added. Follows the format /^[^_]+$/\r\n\t * @param content  The base64 content of the dataset. This content should be in the form of a serialized zip file.\r\n\t * @param kind  The kind of the dataset\r\n\t *\r\n\t * @return Promise <string[]>\r\n\t *\r\n\t * The promise should fulfill on a successful add, reject for any failures.\r\n\t * The promise should fulfill with a string array,\r\n\t * containing the ids of all currently added datasets upon a successful add.\r\n\t * The promise should reject with an InsightError describing the error.\r\n\t *\r\n\t * An id is invalid if it contains an underscore, or is only whitespace characters.\r\n\t * If id is the same as the id of an already added dataset, the dataset should be rejected and not saved.\r\n\t *\r\n\t * After receiving the dataset, it should be processed into a data structure of\r\n\t * your design. The processed data structure should be persisted to disk; your\r\n\t * system should be able to load this persisted value into memory for answering\r\n\t * queries.\r\n\t *\r\n\t * Ultimately, a dataset must be added or loaded from disk before queries can\r\n\t * be successfully answered.\r\n\t */\r\n\taddDataset(id: string, content: string, kind: InsightDatasetKind): Promise<string[]>;\r\n\r\n\t/**\r\n\t * Remove a dataset from insightUBC.\r\n\t *\r\n\t * @param id  The id of the dataset to remove. Follows the format /^[^_]+$/\r\n\t *\r\n\t * @return Promise <string>\r\n\t *\r\n\t * The promise should fulfill upon a successful removal, reject on any error.\r\n\t * Attempting to remove a dataset that hasn't been added yet counts as an error.\r\n\t *\r\n\t * An id is invalid if it contains an underscore, or is only whitespace characters.\r\n\t *\r\n\t * The promise should fulfill the id of the dataset that was removed.\r\n\t * The promise should reject with a NotFoundError (if a valid id was not yet added)\r\n\t * or an InsightError (invalid id or any other source of failure) describing the error.\r\n\t *\r\n\t * This will delete both disk and memory caches for the dataset for the id meaning\r\n\t * that subsequent queries for that id should fail unless a new addDataset happens first.\r\n\t */\r\n\tremoveDataset(id: string): Promise<string>;\r\n\r\n\t/**\r\n\t * Perform a query on insightUBC.\r\n\t *\r\n\t * @param query  The query to be performed.\r\n\t *\r\n\t * If a query is incorrectly formatted, references a dataset not added (in memory or on disk),\r\n\t * or references multiple datasets, it should be rejected.\r\n\t *\r\n\t * @return Promise <InsightResult[]>\r\n\t *\r\n\t * The promise should fulfill with an array of results.\r\n\t * The promise should reject with a ResultTooLargeError (if the query returns too many results)\r\n\t * or an InsightError (for any other source of failure) describing the error.\r\n\t */\r\n\tperformQuery(query: unknown): Promise<InsightResult[]>;\r\n\r\n\t/**\r\n\t * List all currently added datasets, their types, and number of rows.\r\n\t *\r\n\t * @return Promise <InsightDataset[]>\r\n\t * The promise should fulfill an array of currently added InsightDatasets, and will only fulfill.\r\n\t */\r\n\tlistDatasets(): Promise<InsightDataset[]>;\r\n}\r\n"]},"_coverageSchema":"1a1c01bbd47fc00a2c39e90264f33305004495a9","hash":"a7df2b143b00467fc4823cce28924b66d31427a0","contentHash":"12403e901faf7285115dd6bdf8766691c5445520bc8990bed0ad760bb8b3760d"},"C:\\Users\\Ryank\\Desktop\\project_team203\\src\\controller\\InsightFacade.ts":{"path":"C:\\Users\\Ryank\\Desktop\\project_team203\\src\\controller\\InsightFacade.ts","statementMap":{"0":{"start":{"line":2,"column":22},"end":{"line":12,"column":3}},"1":{"start":{"line":3,"column":4},"end":{"line":3,"column":33}},"2":{"start":{"line":3,"column":26},"end":{"line":3,"column":33}},"3":{"start":{"line":4,"column":15},"end":{"line":4,"column":52}},"4":{"start":{"line":5,"column":4},"end":{"line":7,"column":5}},"5":{"start":{"line":6,"column":6},"end":{"line":6,"column":68}},"6":{"start":{"line":6,"column":51},"end":{"line":6,"column":63}},"7":{"start":{"line":8,"column":4},"end":{"line":8,"column":39}},"8":{"start":{"line":10,"column":4},"end":{"line":10,"column":33}},"9":{"start":{"line":10,"column":26},"end":{"line":10,"column":33}},"10":{"start":{"line":11,"column":4},"end":{"line":11,"column":17}},"11":{"start":{"line":13,"column":25},"end":{"line":17,"column":2}},"12":{"start":{"line":14,"column":4},"end":{"line":14,"column":72}},"13":{"start":{"line":16,"column":4},"end":{"line":16,"column":21}},"14":{"start":{"line":18,"column":19},"end":{"line":24,"column":1}},"15":{"start":{"line":19,"column":4},"end":{"line":19,"column":42}},"16":{"start":{"line":19,"column":31},"end":{"line":19,"column":42}},"17":{"start":{"line":20,"column":17},"end":{"line":20,"column":19}},"18":{"start":{"line":21,"column":4},"end":{"line":21,"column":141}},"19":{"start":{"line":21,"column":21},"end":{"line":21,"column":141}},"20":{"start":{"line":21,"column":40},"end":{"line":21,"column":141}},"21":{"start":{"line":21,"column":109},"end":{"line":21,"column":141}},"22":{"start":{"line":22,"column":4},"end":{"line":22,"column":36}},"23":{"start":{"line":23,"column":4},"end":{"line":23,"column":18}},"24":{"start":{"line":25,"column":0},"end":{"line":25,"column":62}},"25":{"start":{"line":26,"column":25},"end":{"line":26,"column":52}},"26":{"start":{"line":27,"column":26},"end":{"line":27,"column":54}},"27":{"start":{"line":28,"column":34},"end":{"line":28,"column":70}},"28":{"start":{"line":29,"column":37},"end":{"line":29,"column":76}},"29":{"start":{"line":30,"column":11},"end":{"line":30,"column":44}},"30":{"start":{"line":31,"column":15},"end":{"line":31,"column":46}},"31":{"start":{"line":32,"column":37},"end":{"line":32,"column":76}},"32":{"start":{"line":34,"column":15},"end":{"line":34,"column":24}},"33":{"start":{"line":36,"column":8},"end":{"line":36,"column":49}},"34":{"start":{"line":37,"column":8},"end":{"line":37,"column":34}},"35":{"start":{"line":40,"column":8},"end":{"line":40,"column":63}},"36":{"start":{"line":41,"column":18},"end":{"line":41,"column":85}},"37":{"start":{"line":42,"column":27},"end":{"line":42,"column":36}},"38":{"start":{"line":43,"column":24},"end":{"line":43,"column":49}},"39":{"start":{"line":44,"column":8},"end":{"line":51,"column":9}},"40":{"start":{"line":45,"column":12},"end":{"line":45,"column":79}},"41":{"start":{"line":46,"column":36},"end":{"line":46,"column":103}},"42":{"start":{"line":47,"column":32},"end":{"line":47,"column":118}},"43":{"start":{"line":48,"column":28},"end":{"line":48,"column":104}},"44":{"start":{"line":49,"column":12},"end":{"line":49,"column":41}},"45":{"start":{"line":50,"column":12},"end":{"line":50,"column":58}},"46":{"start":{"line":52,"column":8},"end":{"line":71,"column":9}},"47":{"start":{"line":53,"column":12},"end":{"line":53,"column":76}},"48":{"start":{"line":54,"column":23},"end":{"line":54,"column":44}},"49":{"start":{"line":55,"column":12},"end":{"line":70,"column":13}},"50":{"start":{"line":56,"column":34},"end":{"line":56,"column":60}},"51":{"start":{"line":57,"column":33},"end":{"line":57,"column":58}},"52":{"start":{"line":58,"column":28},"end":{"line":58,"column":105}},"53":{"start":{"line":59,"column":29},"end":{"line":59,"column":88}},"54":{"start":{"line":60,"column":35},"end":{"line":60,"column":97}},"55":{"start":{"line":61,"column":16},"end":{"line":61,"column":84}},"56":{"start":{"line":62,"column":40},"end":{"line":62,"column":105}},"57":{"start":{"line":63,"column":36},"end":{"line":63,"column":124}},"58":{"start":{"line":64,"column":42},"end":{"line":64,"column":112}},"59":{"start":{"line":65,"column":41},"end":{"line":65,"column":111}},"60":{"start":{"line":66,"column":39},"end":{"line":66,"column":106}},"61":{"start":{"line":67,"column":32},"end":{"line":67,"column":111}},"62":{"start":{"line":68,"column":16},"end":{"line":68,"column":45}},"63":{"start":{"line":69,"column":16},"end":{"line":69,"column":62}},"64":{"start":{"line":72,"column":28},"end":{"line":72,"column":88}},"65":{"start":{"line":73,"column":8},"end":{"line":73,"column":46}},"66":{"start":{"line":76,"column":8},"end":{"line":78,"column":9}},"67":{"start":{"line":77,"column":12},"end":{"line":77,"column":83}},"68":{"start":{"line":79,"column":8},"end":{"line":88,"column":9}},"69":{"start":{"line":80,"column":28},"end":{"line":80,"column":54}},"70":{"start":{"line":81,"column":12},"end":{"line":83,"column":13}},"71":{"start":{"line":82,"column":16},"end":{"line":82,"column":48}},"72":{"start":{"line":84,"column":12},"end":{"line":84,"column":39}},"73":{"start":{"line":87,"column":12},"end":{"line":87,"column":103}},"74":{"start":{"line":91,"column":27},"end":{"line":91,"column":79}},"75":{"start":{"line":92,"column":8},"end":{"line":92,"column":66}},"76":{"start":{"line":93,"column":28},"end":{"line":93,"column":66}},"77":{"start":{"line":94,"column":30},"end":{"line":94,"column":32}},"78":{"start":{"line":95,"column":8},"end":{"line":102,"column":9}},"79":{"start":{"line":96,"column":12},"end":{"line":98,"column":13}},"80":{"start":{"line":97,"column":16},"end":{"line":97,"column":46}},"81":{"start":{"line":99,"column":12},"end":{"line":101,"column":13}},"82":{"start":{"line":100,"column":16},"end":{"line":100,"column":84}},"83":{"start":{"line":103,"column":22},"end":{"line":103,"column":77}},"84":{"start":{"line":104,"column":8},"end":{"line":104,"column":71}},"85":{"start":{"line":105,"column":8},"end":{"line":105,"column":48}},"86":{"start":{"line":108,"column":8},"end":{"line":130,"column":9}},"87":{"start":{"line":109,"column":12},"end":{"line":109,"column":41}},"88":{"start":{"line":110,"column":28},"end":{"line":110,"column":54}},"89":{"start":{"line":111,"column":31},"end":{"line":125,"column":14}},"90":{"start":{"line":112,"column":16},"end":{"line":124,"column":17}},"91":{"start":{"line":113,"column":38},"end":{"line":113,"column":77}},"92":{"start":{"line":114,"column":37},"end":{"line":114,"column":64}},"93":{"start":{"line":115,"column":31},"end":{"line":115,"column":53}},"94":{"start":{"line":116,"column":20},"end":{"line":120,"column":22}},"95":{"start":{"line":123,"column":20},"end":{"line":123,"column":88}},"96":{"start":{"line":126,"column":12},"end":{"line":126,"column":51}},"97":{"start":{"line":129,"column":12},"end":{"line":129,"column":86}},"98":{"start":{"line":133,"column":0},"end":{"line":133,"column":32}}},"fnMap":{"0":{"name":"(anonymous_0)","decl":{"start":{"line":2,"column":74},"end":{"line":2,"column":75}},"loc":{"start":{"line":2,"column":96},"end":{"line":9,"column":1}},"line":2},"1":{"name":"(anonymous_1)","decl":{"start":{"line":6,"column":38},"end":{"line":6,"column":39}},"loc":{"start":{"line":6,"column":49},"end":{"line":6,"column":65}},"line":6},"2":{"name":"(anonymous_2)","decl":{"start":{"line":9,"column":6},"end":{"line":9,"column":7}},"loc":{"start":{"line":9,"column":28},"end":{"line":12,"column":1}},"line":9},"3":{"name":"(anonymous_3)","decl":{"start":{"line":13,"column":80},"end":{"line":13,"column":81}},"loc":{"start":{"line":13,"column":95},"end":{"line":15,"column":1}},"line":13},"4":{"name":"(anonymous_4)","decl":{"start":{"line":15,"column":5},"end":{"line":15,"column":6}},"loc":{"start":{"line":15,"column":20},"end":{"line":17,"column":1}},"line":15},"5":{"name":"(anonymous_5)","decl":{"start":{"line":18,"column":50},"end":{"line":18,"column":51}},"loc":{"start":{"line":18,"column":65},"end":{"line":24,"column":1}},"line":18},"6":{"name":"(anonymous_6)","decl":{"start":{"line":35,"column":4},"end":{"line":35,"column":5}},"loc":{"start":{"line":35,"column":18},"end":{"line":38,"column":5}},"line":35},"7":{"name":"(anonymous_7)","decl":{"start":{"line":39,"column":4},"end":{"line":39,"column":5}},"loc":{"start":{"line":39,"column":40},"end":{"line":74,"column":5}},"line":39},"8":{"name":"(anonymous_8)","decl":{"start":{"line":75,"column":4},"end":{"line":75,"column":5}},"loc":{"start":{"line":75,"column":28},"end":{"line":89,"column":5}},"line":75},"9":{"name":"(anonymous_9)","decl":{"start":{"line":90,"column":4},"end":{"line":90,"column":5}},"loc":{"start":{"line":90,"column":30},"end":{"line":106,"column":5}},"line":90},"10":{"name":"(anonymous_10)","decl":{"start":{"line":107,"column":4},"end":{"line":107,"column":5}},"loc":{"start":{"line":107,"column":25},"end":{"line":131,"column":5}},"line":107},"11":{"name":"(anonymous_11)","decl":{"start":{"line":111,"column":45},"end":{"line":111,"column":46}},"loc":{"start":{"line":111,"column":65},"end":{"line":125,"column":13}},"line":111}},"branchMap":{"0":{"loc":{"start":{"line":2,"column":22},"end":{"line":12,"column":3}},"type":"binary-expr","locations":[{"start":{"line":2,"column":23},"end":{"line":2,"column":27}},{"start":{"line":2,"column":31},"end":{"line":2,"column":51}},{"start":{"line":2,"column":57},"end":{"line":12,"column":2}}],"line":2},"1":{"loc":{"start":{"line":2,"column":57},"end":{"line":12,"column":2}},"type":"cond-expr","locations":[{"start":{"line":2,"column":74},"end":{"line":9,"column":1}},{"start":{"line":9,"column":6},"end":{"line":12,"column":1}}],"line":2},"2":{"loc":{"start":{"line":3,"column":4},"end":{"line":3,"column":33}},"type":"if","locations":[{"start":{"line":3,"column":4},"end":{"line":3,"column":33}},{"start":{"line":3,"column":4},"end":{"line":3,"column":33}}],"line":3},"3":{"loc":{"start":{"line":5,"column":4},"end":{"line":7,"column":5}},"type":"if","locations":[{"start":{"line":5,"column":4},"end":{"line":7,"column":5}},{"start":{"line":5,"column":4},"end":{"line":7,"column":5}}],"line":5},"4":{"loc":{"start":{"line":5,"column":8},"end":{"line":5,"column":85}},"type":"binary-expr","locations":[{"start":{"line":5,"column":8},"end":{"line":5,"column":13}},{"start":{"line":5,"column":18},"end":{"line":5,"column":84}}],"line":5},"5":{"loc":{"start":{"line":5,"column":18},"end":{"line":5,"column":84}},"type":"cond-expr","locations":[{"start":{"line":5,"column":34},"end":{"line":5,"column":47}},{"start":{"line":5,"column":50},"end":{"line":5,"column":84}}],"line":5},"6":{"loc":{"start":{"line":5,"column":50},"end":{"line":5,"column":84}},"type":"binary-expr","locations":[{"start":{"line":5,"column":50},"end":{"line":5,"column":63}},{"start":{"line":5,"column":67},"end":{"line":5,"column":84}}],"line":5},"7":{"loc":{"start":{"line":10,"column":4},"end":{"line":10,"column":33}},"type":"if","locations":[{"start":{"line":10,"column":4},"end":{"line":10,"column":33}},{"start":{"line":10,"column":4},"end":{"line":10,"column":33}}],"line":10},"8":{"loc":{"start":{"line":13,"column":25},"end":{"line":17,"column":2}},"type":"binary-expr","locations":[{"start":{"line":13,"column":26},"end":{"line":13,"column":30}},{"start":{"line":13,"column":34},"end":{"line":13,"column":57}},{"start":{"line":13,"column":63},"end":{"line":17,"column":1}}],"line":13},"9":{"loc":{"start":{"line":13,"column":63},"end":{"line":17,"column":1}},"type":"cond-expr","locations":[{"start":{"line":13,"column":80},"end":{"line":15,"column":1}},{"start":{"line":15,"column":5},"end":{"line":17,"column":1}}],"line":13},"10":{"loc":{"start":{"line":18,"column":19},"end":{"line":24,"column":1}},"type":"binary-expr","locations":[{"start":{"line":18,"column":20},"end":{"line":18,"column":24}},{"start":{"line":18,"column":28},"end":{"line":18,"column":45}},{"start":{"line":18,"column":50},"end":{"line":24,"column":1}}],"line":18},"11":{"loc":{"start":{"line":19,"column":4},"end":{"line":19,"column":42}},"type":"if","locations":[{"start":{"line":19,"column":4},"end":{"line":19,"column":42}},{"start":{"line":19,"column":4},"end":{"line":19,"column":42}}],"line":19},"12":{"loc":{"start":{"line":19,"column":8},"end":{"line":19,"column":29}},"type":"binary-expr","locations":[{"start":{"line":19,"column":8},"end":{"line":19,"column":11}},{"start":{"line":19,"column":15},"end":{"line":19,"column":29}}],"line":19},"13":{"loc":{"start":{"line":21,"column":4},"end":{"line":21,"column":141}},"type":"if","locations":[{"start":{"line":21,"column":4},"end":{"line":21,"column":141}},{"start":{"line":21,"column":4},"end":{"line":21,"column":141}}],"line":21},"14":{"loc":{"start":{"line":21,"column":40},"end":{"line":21,"column":141}},"type":"if","locations":[{"start":{"line":21,"column":40},"end":{"line":21,"column":141}},{"start":{"line":21,"column":40},"end":{"line":21,"column":141}}],"line":21},"15":{"loc":{"start":{"line":21,"column":44},"end":{"line":21,"column":107}},"type":"binary-expr","locations":[{"start":{"line":21,"column":44},"end":{"line":21,"column":59}},{"start":{"line":21,"column":63},"end":{"line":21,"column":107}}],"line":21},"16":{"loc":{"start":{"line":44,"column":8},"end":{"line":51,"column":9}},"type":"if","locations":[{"start":{"line":44,"column":8},"end":{"line":51,"column":9}},{"start":{"line":44,"column":8},"end":{"line":51,"column":9}}],"line":44},"17":{"loc":{"start":{"line":52,"column":8},"end":{"line":71,"column":9}},"type":"if","locations":[{"start":{"line":52,"column":8},"end":{"line":71,"column":9}},{"start":{"line":52,"column":8},"end":{"line":71,"column":9}}],"line":52},"18":{"loc":{"start":{"line":55,"column":12},"end":{"line":70,"column":13}},"type":"if","locations":[{"start":{"line":55,"column":12},"end":{"line":70,"column":13}},{"start":{"line":55,"column":12},"end":{"line":70,"column":13}}],"line":55},"19":{"loc":{"start":{"line":76,"column":8},"end":{"line":78,"column":9}},"type":"if","locations":[{"start":{"line":76,"column":8},"end":{"line":78,"column":9}},{"start":{"line":76,"column":8},"end":{"line":78,"column":9}}],"line":76},"20":{"loc":{"start":{"line":76,"column":12},"end":{"line":76,"column":61}},"type":"binary-expr","locations":[{"start":{"line":76,"column":12},"end":{"line":76,"column":21}},{"start":{"line":76,"column":25},"end":{"line":76,"column":41}},{"start":{"line":76,"column":45},"end":{"line":76,"column":61}}],"line":76},"21":{"loc":{"start":{"line":81,"column":12},"end":{"line":83,"column":13}},"type":"if","locations":[{"start":{"line":81,"column":12},"end":{"line":83,"column":13}},{"start":{"line":81,"column":12},"end":{"line":83,"column":13}}],"line":81},"22":{"loc":{"start":{"line":96,"column":12},"end":{"line":98,"column":13}},"type":"if","locations":[{"start":{"line":96,"column":12},"end":{"line":98,"column":13}},{"start":{"line":96,"column":12},"end":{"line":98,"column":13}}],"line":96},"23":{"loc":{"start":{"line":99,"column":12},"end":{"line":101,"column":13}},"type":"if","locations":[{"start":{"line":99,"column":12},"end":{"line":101,"column":13}},{"start":{"line":99,"column":12},"end":{"line":101,"column":13}}],"line":99}},"s":{"0":1,"1":146,"2":146,"3":146,"4":146,"5":146,"6":15,"7":146,"8":0,"9":0,"10":0,"11":1,"12":1,"13":0,"14":1,"15":2,"16":1,"17":1,"18":1,"19":1,"20":146,"21":146,"22":1,"23":1,"24":1,"25":1,"26":1,"27":1,"28":1,"29":1,"30":1,"31":1,"32":14,"33":14,"34":14,"35":13,"36":9,"37":8,"38":8,"39":8,"40":7,"41":4,"42":4,"43":4,"44":4,"45":4,"46":5,"47":1,"48":1,"49":1,"50":1,"51":1,"52":1,"53":1,"54":1,"55":1,"56":1,"57":1,"58":1,"59":1,"60":1,"61":1,"62":1,"63":1,"64":5,"65":5,"66":2,"67":1,"68":1,"69":1,"70":1,"71":1,"72":1,"73":0,"74":57,"75":57,"76":25,"77":25,"78":25,"79":1436944,"80":35138,"81":1436944,"82":3,"83":22,"84":22,"85":22,"86":1,"87":1,"88":1,"89":1,"90":1,"91":1,"92":1,"93":1,"94":1,"95":0,"96":1,"97":0,"98":1},"f":{"0":146,"1":15,"2":0,"3":1,"4":0,"5":2,"6":14,"7":13,"8":2,"9":57,"10":1,"11":1},"b":{"0":[1,1,1],"1":[1,0],"2":[146,0],"3":[146,0],"4":[146,146],"5":[0,146],"6":[146,0],"7":[0,0],"8":[1,1,1],"9":[1,0],"10":[1,1,1],"11":[1,1],"12":[2,2],"13":[1,0],"14":[146,0],"15":[146,146],"16":[7,1],"17":[1,4],"18":[1,0],"19":[1,1],"20":[2,1,1],"21":[1,0],"22":[35138,1401806],"23":[3,1436941]},"inputSourceMap":{"version":3,"file":"C:/Users/Ryank/Desktop/project_team203/src/controller/InsightFacade.ts","sources":["C:/Users/Ryank/Desktop/project_team203/src/controller/InsightFacade.ts"],"names":[],"mappings":";;;;;;;;;;;;;;;;;;;;;;;;;AAAA,qDAO0B;AAE1B,uDAG2B;AAE3B,uEACmC;AAEnC,6EAasC;AAEtC,6CAA+B;AAC/B,+CAAiC;AACjC,6EAMsC;AAQtC,MAAqB,aAAa;IACzB,QAAQ,GAAqB,IAAI,GAAG,EAAe,CAAC;IAC5D;QACC,OAAO,CAAC,GAAG,CAAC,2BAA2B,CAAC,CAAC;QACzC,IAAI,CAAC,QAAQ,GAAG,IAAI,GAAG,EAA0B,CAAC;IACnD,CAAC;IAEM,KAAK,CAAC,UAAU,CAAC,EAAU,EAAE,OAAe,EAAE,IAAwB;QAC5E,MAAM,IAAA,uCAAU,EAAC,EAAE,CAAC,CAAC;QACrB,IAAI,GAAG,GAAG,MAAM,IAAA,+CAAkB,EAAC,OAAO,CAAC,CAAC;QAC5C,IAAI,YAAY,GAAG,GAAG,CAAC,KAAK,CAAC;QAC7B,IAAI,SAAS,GAAG,MAAM,CAAC,IAAI,CAAC,YAAY,CAAC,CAAC;QAG1C,IAAI,IAAI,KAAK,UAAU,EAAE;YACxB,IAAA,kDAAqB,EAAC,SAAS,CAAC,CAAC;YACjC,IAAI,iBAAiB,GAAG,IAAA,mDAAsB,EAAC,SAAS,CAAC,CAAC;YAC1D,IAAI,aAAa,GAAG,MAAM,IAAA,+CAAkB,EAAC,iBAAiB,EAAE,GAAG,EAAE,EAAE,CAAC,CAAC;YACzE,IAAI,SAAS,GAAW,IAAA,8CAAiB,EAAC,EAAE,EAAE,IAAI,EAAE,aAAa,CAAC,CAAC;YACnE,MAAM,EAAE,CAAC,SAAS,CAAC,QAAQ,CAAC,CAAC;YAC7B,MAAM,EAAE,CAAC,SAAS,CAAC,UAAU,EAAE,EAAE,EAAE,SAAS,CAAC,CAAC;SAC9C;QACD,IAAI,IAAI,KAAK,OAAO,EAAE;YACrB,IAAA,+CAAkB,EAAC,SAAS,CAAC,CAAC;YAC9B,IAAI,IAAI,GAAG,GAAG,CAAC,IAAI,CAAC,WAAW,CAAC,CAAC;YACjC,IAAI,IAAI,IAAI,IAAI,EAAE;gBACjB,IAAI,WAAW,GAAG,MAAM,IAAI,CAAC,KAAK,CAAC,QAAQ,CAAC,CAAC;gBAC7C,IAAI,UAAU,GAAG,MAAM,CAAC,KAAK,CAAC,WAAW,CAAC,CAAC;gBAC3C,IAAI,KAAK,GAAG,IAAA,mDAAsB,EAAC,UAAU,EAAE,OAAO,CAAC,CAAC;gBACxD,IAAI,MAAM,GAAG,IAAA,+CAAkB,EAAC,KAAK,CAAC,CAAC;gBACvC,IAAI,YAAY,GAAU,MAAM,IAAA,2CAAc,EAAC,MAAM,CAAC,CAAC;gBACvD,IAAA,wCAAW,EAAC,MAAM,EAAE,YAAY,CAAC,CAAC;gBAClC,IAAI,iBAAiB,GAAG,IAAA,iDAAoB,EAAC,SAAS,CAAC,CAAC;gBACxD,IAAI,aAAa,GAAG,MAAM,IAAA,iDAAoB,EAAC,iBAAiB,EAAE,GAAG,EAAE,EAAE,CAAC,CAAC;gBAC3E,IAAI,mBAAmB,GAAG,IAAA,0CAAa,EAAC,aAAa,EAAE,MAAM,CAAC,CAAC;gBAC/D,IAAI,kBAAkB,GAAG,IAAA,4CAAe,EAAC,mBAAmB,CAAC,CAAC;gBAC9D,IAAI,gBAAgB,GAAG,IAAA,sCAAS,EAAC,kBAAkB,EAAE,EAAE,CAAC,CAAC;gBACzD,IAAI,SAAS,GAAkB,IAAA,8CAAiB,EAAC,EAAE,EAAE,IAAI,EAAE,gBAAgB,CAAC,CAAC;gBAC7E,MAAM,EAAE,CAAC,SAAS,CAAC,QAAQ,CAAC,CAAC;gBAC7B,MAAM,EAAE,CAAC,SAAS,CAAC,UAAU,EAAE,EAAE,EAAE,SAAS,CAAC,CAAC;aAC9C;SACD;QACD,IAAI,aAAa,GAAG,MAAM,IAAA,+CAAkB,GAAE,CAAC;QAC/C,OAAO,OAAO,CAAC,OAAO,CAAC,aAAa,CAAC,CAAC;IACvC,CAAC;IAEM,KAAK,CAAC,aAAa,CAAC,EAAU;QAEpC,IAAI,EAAE,KAAK,EAAE,IAAI,EAAE,CAAC,QAAQ,CAAC,GAAG,CAAC,IAAI,EAAE,CAAC,IAAI,EAAE,KAAK,EAAE,EAAE;YACtD,OAAO,OAAO,CAAC,MAAM,CAAC,IAAI,6BAAY,CAAC,YAAY,CAAC,CAAC,CAAC;SACtD;QAED,IAAI;YACH,IAAI,SAAS,GAAG,MAAM,EAAE,CAAC,OAAO,CAAC,QAAQ,CAAC,CAAC;YAE3C,IAAI,SAAS,CAAC,QAAQ,CAAC,GAAG,EAAE,EAAE,CAAC,EAAE;gBAChC,MAAM,EAAE,CAAC,MAAM,CAAC,UAAU,EAAE,EAAE,CAAC,CAAC;aAChC;YAED,OAAO,OAAO,CAAC,OAAO,CAAC,EAAE,CAAC,CAAC;SAE3B;QAAC,OAAO,GAAG,EAAE;YACb,OAAO,OAAO,CAAC,MAAM,CAAC,IAAI,6BAAY,CAAC,0BAA0B,GAAG,GAAG,CAAC,CAAC,CAAC;SAC1E;IACF,CAAC;IAEM,KAAK,CAAC,YAAY,CAAC,KAAc;QACvC,IAAI,YAAY,GAAG,IAAA,wCAAc,EAAC,KAAK,CAAC,CAAC;QACzC,MAAM,IAAA,uCAAa,EAAC,KAAK,CAAC,CAAC;QAC3B,IAAI,aAAa,GAAa,MAAM,IAAA,yBAAO,GAAE,CAAC;QAC9C,IAAI,eAAe,GAAU,EAAE,CAAC;QAChC,KAAK,IAAI,OAAO,IAAI,aAAa,EAAE;YAElC,IAAI,IAAA,8BAAY,EAAC,YAAY,CAAC,KAAK,EAAE,OAAO,CAAC,EAAE;gBAC9C,eAAe,CAAC,IAAI,CAAC,OAAO,CAAC,CAAC;aAC9B;YACD,IAAI,eAAe,CAAC,MAAM,GAAG,IAAI,EAAE;gBAClC,MAAM,IAAI,oCAAmB,CAAC,mBAAmB,CAAC,CAAC;aACnD;SACD;QACD,IAAI,OAAO,GAAa,IAAA,4BAAU,EAAC,YAAY,CAAC,OAAO,CAAC,CAAC;QACzD,IAAA,+BAAa,EAAC,eAAe,EAAE,OAAO,CAAC,CAAC;QAIxC,OAAO,OAAO,CAAC,OAAO,CAAC,eAAe,CAAC,CAAC;IACzC,CAAC;IAEM,KAAK,CAAC,YAAY;QACxB,IAAI;YAEH,MAAM,EAAE,CAAC,SAAS,CAAC,QAAQ,CAAC,CAAC;YAC7B,IAAI,SAAS,GAAG,MAAM,EAAE,CAAC,OAAO,CAAC,QAAQ,CAAC,CAAC;YAC3C,IAAI,YAAY,GAAG,SAAS,CAAC,GAAG,CAAC,KAAK,EAAE,QAAQ,EAAE,EAAE;gBACnD,IAAI;oBACH,IAAI,WAAW,GAAG,MAAM,EAAE,CAAC,QAAQ,CAAC,UAAU,QAAQ,EAAE,CAAC,CAAC;oBAC1D,IAAI,UAAU,GAAG,IAAI,CAAC,SAAS,CAAC,WAAW,CAAC,CAAC;oBAC7C,IAAI,IAAI,GAAG,IAAI,CAAC,KAAK,CAAC,UAAU,CAAC,CAAC;oBAClC,OAAO;wBACN,EAAE,EAAE,IAAI,CAAC,EAAE;wBACX,IAAI,EAAE,IAAI,CAAC,IAAI;wBACf,OAAO,EAAE,IAAI,CAAC,OAAO;qBACrB,CAAC;iBACF;gBAAC,OAAO,GAAG,EAAE;oBACb,MAAM,IAAI,6BAAY,CAAC,0BAA0B,CAAC,CAAC;iBACnD;YACF,CAAC,CAAC,CAAC;YAEH,OAAO,MAAM,OAAO,CAAC,GAAG,CAAC,YAAY,CAAC,CAAC;SACvC;QAAC,OAAO,GAAG,EAAE;YACb,MAAM,IAAI,6BAAY,CAAC,0BAA0B,GAAG,GAAG,CAAC,CAAC;SACzD;IACF,CAAC;CACD;AAjHD,gCAiHC","sourcesContent":["import {\r\n\tIInsightFacade,\r\n\tInsightDataset,\r\n\tInsightDatasetKind,\r\n\tInsightResult,\r\n\tInsightError,\r\n\tResultTooLargeError,\r\n} from \"./IInsightFacade\";\r\n\r\nimport {\r\n\tperformWhere,\r\n\tgetData, getColumns, selectColumns,\r\n} from \"./HelperFunctions\";\r\n\r\nimport {getQueryAsJson, validateQuery\r\n} from \"./ValidateHelperFunctions\";\r\n\r\nimport {\r\n\tparseBuildingTable,\r\n\tgetChildNodeByNodeName,\r\n\tgetContentAsBase64,\r\n\tgetCurrentDatasets,\r\n\tvalidateId,\r\n\tvalidateSectionsFiles,\r\n\tvalidateRoomsFiles,\r\n\tgetContentsOfFiles,\r\n\tgetGeoLocation,\r\n\tmergeArrays,\r\n\tfilterSectionFileNames,\r\n\tfilterRoomsFileNames,\r\n} from \"./AddDatasetHelperFunctions1\";\r\n\r\nimport * as fs from \"fs-extra\";\r\nimport * as parse5 from \"parse5\";\r\nimport {\r\n\taddRoomId,\r\n\tfilterCacheData,\r\n\tgetContentsRoomFiles,\r\n\tmakeInsightResult,\r\n\tmatchByMarker\r\n} from \"./AddDatasetHelperFunctions2\";\r\n\r\n\r\n/**\r\n * This is the main programmatic entry point for the project.\r\n * Method documentation is in IInsightFacade\r\n *\r\n */\r\nexport default class InsightFacade implements IInsightFacade {\r\n\tprivate datasets: Map<string, any> = new Map<string, any>();\r\n\tconstructor() {\r\n\t\tconsole.log(\"InsightFacadeImpl::init()\");\r\n\t\tthis.datasets = new Map<string, InsightDataset>();\r\n\t}\r\n\r\n\tpublic async addDataset(id: string, content: string, kind: InsightDatasetKind): Promise<string[]> {\r\n\t\tawait validateId(id);\r\n\t\tlet zip = await getContentAsBase64(content);\r\n\t\tlet fileInFolder = zip.files;\r\n\t\tlet fileNames = Object.keys(fileInFolder);\r\n\t\t// TODO didn't validate folder before\r\n\t\t// console.log(\"What is this: \" + fileInFolder[\"courses/\"].name);\r\n\t\tif (kind === \"sections\") {\r\n\t\t\tvalidateSectionsFiles(fileNames);\r\n\t\t\tlet filteredFileNames = filterSectionFileNames(fileNames);\r\n\t\t\tlet contentsInZip = await getContentsOfFiles(filteredFileNames, zip, id);\r\n\t\t\tlet cacheData: object = makeInsightResult(id, kind, contentsInZip);\r\n\t\t\tawait fs.ensureDir(\"./data\");\r\n\t\t\tawait fs.writeJson(`./data/${id}`, cacheData);\r\n\t\t}\r\n\t\tif (kind === \"rooms\") {\r\n\t\t\tvalidateRoomsFiles(fileNames);\r\n\t\t\tlet file = zip.file(\"index.htm\");\r\n\t\t\tif (file != null) {\r\n\t\t\t\tlet jsonContent = await file.async(\"string\");\r\n\t\t\t\tlet jsonObject = parse5.parse(jsonContent); // TODO parse can throw error?\r\n\t\t\t\tlet table = getChildNodeByNodeName(jsonObject, \"tbody\"); // TODO MAKE FETCH TABLES\r\n\t\t\t\tlet result = parseBuildingTable(table);\r\n\t\t\t\tlet geoLocations: any[] = await getGeoLocation(result);\r\n\t\t\t\tmergeArrays(result, geoLocations); // TODO Result now contains everything from index!\r\n\t\t\t\tlet filteredFileNames = filterRoomsFileNames(fileNames);\r\n\t\t\t\tlet contentsInZip = await getContentsRoomFiles(filteredFileNames, zip, id);\r\n\t\t\t\tlet unfilteredCacheData = matchByMarker(contentsInZip, result);\r\n\t\t\t\tlet unLabeledCacheData = filterCacheData(unfilteredCacheData);\r\n\t\t\t\tlet labeledCacheData = addRoomId(unLabeledCacheData, id);\r\n\t\t\t\tlet cacheData: InsightResult = makeInsightResult(id, kind, labeledCacheData);\r\n\t\t\t\tawait fs.ensureDir(\"./data\");\r\n\t\t\t\tawait fs.writeJson(`./data/${id}`, cacheData);\r\n\t\t\t}\r\n\t\t}\r\n\t\tlet addedDatasets = await getCurrentDatasets();\r\n\t\treturn Promise.resolve(addedDatasets);\r\n\t}\r\n\r\n\tpublic async removeDataset(id: string): Promise<string> {\r\n\t\t// Check for invalid id\r\n\t\tif (id === \"\" || id.includes(\"_\") || id.trim() === \"\") {\r\n\t\t\treturn Promise.reject(new InsightError(\"Invalid id\"));\r\n\t\t}\r\n\r\n\t\ttry {\r\n\t\t\tlet fileNames = await fs.readdir(\"./data\");\r\n\t\t\t// await fs.remove(`./data/${id}.json`);\r\n\t\t\tif (fileNames.includes(`${id}`)) {\r\n\t\t\t\tawait fs.remove(`./data/${id}`);\r\n\t\t\t}\r\n\t\t\t// Return the id of the dataset that was removed\r\n\t\t\treturn Promise.resolve(id);\r\n\t\t\t// return id;\r\n\t\t} catch (err) {\r\n\t\t\treturn Promise.reject(new InsightError(\"Error removing dataset: \" + err));\r\n\t\t}\r\n\t}\r\n\r\n\tpublic async performQuery(query: unknown): Promise<InsightResult[]> {\r\n\t\tlet queryContent = getQueryAsJson(query);\r\n\t\tawait validateQuery(query);\r\n\t\tlet persistedData: object[] = await getData();\r\n\t\tlet filteredResults: any[] = [];\r\n\t\tfor (let section of persistedData) {\r\n\t\t\t// console.log(this.performWhere(queryContent.WHERE, section));\r\n\t\t\tif (performWhere(queryContent.WHERE, section)) {\r\n\t\t\t\tfilteredResults.push(section);\r\n\t\t\t}\r\n\t\t\tif (filteredResults.length > 5000) {\r\n\t\t\t\tthrow new ResultTooLargeError(\"Too many results!\");\r\n\t\t\t}\r\n\t\t}\r\n\t\tlet columns: string[] = getColumns(queryContent.OPTIONS);\r\n\t\tselectColumns(filteredResults, columns);\r\n\t\t// let orderKey = getOrderKey(queryContent.OPTIONS);\r\n\t\t// filteredResults.sort((a, b) => a[orderKey] - b[orderKey]);\r\n\t\t// return Promise.resolve(filteredResults);\r\n\t\treturn Promise.resolve(filteredResults);\r\n\t}\r\n\r\n\tpublic async listDatasets(): Promise<InsightDataset[]> {\r\n\t\ttry {\r\n\t\t\t// Check if the './data' directory exists. If not, return an empty array\r\n\t\t\tawait fs.ensureDir(\"./data\");\r\n\t\t\tlet fileNames = await fs.readdir(\"./data\");\r\n\t\t\tlet filePromises = fileNames.map(async (fileName) => {\r\n\t\t\t\ttry {\r\n\t\t\t\t\tlet fileContent = await fs.readJson(`./data/${fileName}`);\r\n\t\t\t\t\tlet jsonString = JSON.stringify(fileContent);\r\n\t\t\t\t\tlet data = JSON.parse(jsonString);\r\n\t\t\t\t\treturn {\r\n\t\t\t\t\t\tid: data.id,\r\n\t\t\t\t\t\tkind: data.kind,\r\n\t\t\t\t\t\tnumRows: data.numRows,\r\n\t\t\t\t\t};\r\n\t\t\t\t} catch (err) {\r\n\t\t\t\t\tthrow new InsightError(\"Corrupted persisted file\");\r\n\t\t\t\t}\r\n\t\t\t});\r\n\r\n\t\t\treturn await Promise.all(filePromises);\r\n\t\t} catch (err) {\r\n\t\t\tthrow new InsightError(\"Error listing datasets: \" + err);\r\n\t\t}\r\n\t}\r\n}\r\n"]},"_coverageSchema":"1a1c01bbd47fc00a2c39e90264f33305004495a9","hash":"1b3fdd1ff0e033939b71923b0bd53a7ec2164f99","contentHash":"3d0730ab797003d0e1ee95d259cb44c18bb531a8145d22c4485b84c2a23945fa"},"C:\\Users\\Ryank\\Desktop\\project_team203\\src\\controller\\HelperFunctions.ts":{"path":"C:\\Users\\Ryank\\Desktop\\project_team203\\src\\controller\\HelperFunctions.ts","statementMap":{"0":{"start":{"line":2,"column":22},"end":{"line":12,"column":3}},"1":{"start":{"line":3,"column":4},"end":{"line":3,"column":33}},"2":{"start":{"line":3,"column":26},"end":{"line":3,"column":33}},"3":{"start":{"line":4,"column":15},"end":{"line":4,"column":52}},"4":{"start":{"line":5,"column":4},"end":{"line":7,"column":5}},"5":{"start":{"line":6,"column":6},"end":{"line":6,"column":68}},"6":{"start":{"line":6,"column":51},"end":{"line":6,"column":63}},"7":{"start":{"line":8,"column":4},"end":{"line":8,"column":39}},"8":{"start":{"line":10,"column":4},"end":{"line":10,"column":33}},"9":{"start":{"line":10,"column":26},"end":{"line":10,"column":33}},"10":{"start":{"line":11,"column":4},"end":{"line":11,"column":17}},"11":{"start":{"line":13,"column":25},"end":{"line":17,"column":2}},"12":{"start":{"line":14,"column":4},"end":{"line":14,"column":72}},"13":{"start":{"line":16,"column":4},"end":{"line":16,"column":21}},"14":{"start":{"line":18,"column":19},"end":{"line":24,"column":1}},"15":{"start":{"line":19,"column":4},"end":{"line":19,"column":42}},"16":{"start":{"line":19,"column":31},"end":{"line":19,"column":42}},"17":{"start":{"line":20,"column":17},"end":{"line":20,"column":19}},"18":{"start":{"line":21,"column":4},"end":{"line":21,"column":141}},"19":{"start":{"line":21,"column":21},"end":{"line":21,"column":141}},"20":{"start":{"line":21,"column":40},"end":{"line":21,"column":141}},"21":{"start":{"line":21,"column":109},"end":{"line":21,"column":141}},"22":{"start":{"line":22,"column":4},"end":{"line":22,"column":36}},"23":{"start":{"line":23,"column":4},"end":{"line":23,"column":18}},"24":{"start":{"line":25,"column":0},"end":{"line":25,"column":62}},"25":{"start":{"line":26,"column":0},"end":{"line":26,"column":167}},"26":{"start":{"line":27,"column":25},"end":{"line":27,"column":52}},"27":{"start":{"line":28,"column":11},"end":{"line":28,"column":44}},"28":{"start":{"line":30,"column":17},"end":{"line":30,"column":21}},"29":{"start":{"line":31,"column":14},"end":{"line":31,"column":35}},"30":{"start":{"line":32,"column":16},"end":{"line":32,"column":39}},"31":{"start":{"line":33,"column":4},"end":{"line":58,"column":5}},"32":{"start":{"line":35,"column":12},"end":{"line":35,"column":26}},"33":{"start":{"line":36,"column":12},"end":{"line":38,"column":13}},"34":{"start":{"line":37,"column":16},"end":{"line":37,"column":63}},"35":{"start":{"line":39,"column":12},"end":{"line":39,"column":26}},"36":{"start":{"line":41,"column":12},"end":{"line":41,"column":27}},"37":{"start":{"line":42,"column":12},"end":{"line":44,"column":13}},"38":{"start":{"line":43,"column":16},"end":{"line":43,"column":63}},"39":{"start":{"line":45,"column":12},"end":{"line":45,"column":26}},"40":{"start":{"line":47,"column":12},"end":{"line":47,"column":47}},"41":{"start":{"line":49,"column":12},"end":{"line":49,"column":47}},"42":{"start":{"line":51,"column":12},"end":{"line":51,"column":47}},"43":{"start":{"line":53,"column":12},"end":{"line":53,"column":47}},"44":{"start":{"line":55,"column":12},"end":{"line":55,"column":60}},"45":{"start":{"line":57,"column":12},"end":{"line":57,"column":82}},"46":{"start":{"line":60,"column":0},"end":{"line":60,"column":36}},"47":{"start":{"line":62,"column":4},"end":{"line":68,"column":5}},"48":{"start":{"line":63,"column":8},"end":{"line":67,"column":9}},"49":{"start":{"line":64,"column":12},"end":{"line":66,"column":13}},"50":{"start":{"line":65,"column":16},"end":{"line":65,"column":35}},"51":{"start":{"line":70,"column":0},"end":{"line":70,"column":38}},"52":{"start":{"line":72,"column":17},"end":{"line":72,"column":19}},"53":{"start":{"line":73,"column":4},"end":{"line":77,"column":5}},"54":{"start":{"line":74,"column":8},"end":{"line":76,"column":9}},"55":{"start":{"line":75,"column":12},"end":{"line":75,"column":27}},"56":{"start":{"line":78,"column":4},"end":{"line":78,"column":18}},"57":{"start":{"line":80,"column":0},"end":{"line":80,"column":32}},"58":{"start":{"line":82,"column":17},"end":{"line":82,"column":21}},"59":{"start":{"line":83,"column":4},"end":{"line":89,"column":5}},"60":{"start":{"line":84,"column":8},"end":{"line":88,"column":9}},"61":{"start":{"line":85,"column":12},"end":{"line":87,"column":13}},"62":{"start":{"line":86,"column":16},"end":{"line":86,"column":41}},"63":{"start":{"line":90,"column":4},"end":{"line":90,"column":18}},"64":{"start":{"line":92,"column":0},"end":{"line":92,"column":16}},"65":{"start":{"line":94,"column":17},"end":{"line":94,"column":21}},"66":{"start":{"line":95,"column":4},"end":{"line":101,"column":5}},"67":{"start":{"line":96,"column":8},"end":{"line":100,"column":9}},"68":{"start":{"line":97,"column":12},"end":{"line":99,"column":13}},"69":{"start":{"line":98,"column":16},"end":{"line":98,"column":41}},"70":{"start":{"line":102,"column":4},"end":{"line":102,"column":18}},"71":{"start":{"line":104,"column":0},"end":{"line":104,"column":16}},"72":{"start":{"line":106,"column":17},"end":{"line":106,"column":21}},"73":{"start":{"line":107,"column":4},"end":{"line":113,"column":5}},"74":{"start":{"line":108,"column":8},"end":{"line":112,"column":9}},"75":{"start":{"line":109,"column":12},"end":{"line":111,"column":13}},"76":{"start":{"line":110,"column":16},"end":{"line":110,"column":43}},"77":{"start":{"line":114,"column":4},"end":{"line":114,"column":18}},"78":{"start":{"line":116,"column":0},"end":{"line":116,"column":16}},"79":{"start":{"line":118,"column":17},"end":{"line":118,"column":21}},"80":{"start":{"line":119,"column":4},"end":{"line":144,"column":5}},"81":{"start":{"line":120,"column":8},"end":{"line":143,"column":9}},"82":{"start":{"line":121,"column":12},"end":{"line":142,"column":13}},"83":{"start":{"line":122,"column":29},"end":{"line":122,"column":39}},"84":{"start":{"line":123,"column":16},"end":{"line":141,"column":17}},"85":{"start":{"line":124,"column":20},"end":{"line":124,"column":32}},"86":{"start":{"line":126,"column":21},"end":{"line":141,"column":17}},"87":{"start":{"line":127,"column":20},"end":{"line":127,"column":49}},"88":{"start":{"line":128,"column":20},"end":{"line":128,"column":57}},"89":{"start":{"line":130,"column":21},"end":{"line":141,"column":17}},"90":{"start":{"line":131,"column":20},"end":{"line":131,"column":45}},"91":{"start":{"line":132,"column":20},"end":{"line":132,"column":57}},"92":{"start":{"line":134,"column":21},"end":{"line":141,"column":17}},"93":{"start":{"line":135,"column":40},"end":{"line":135,"column":59}},"94":{"start":{"line":136,"column":20},"end":{"line":136,"column":60}},"95":{"start":{"line":137,"column":20},"end":{"line":137,"column":59}},"96":{"start":{"line":140,"column":20},"end":{"line":140,"column":51}},"97":{"start":{"line":145,"column":4},"end":{"line":145,"column":17}},"98":{"start":{"line":147,"column":0},"end":{"line":147,"column":16}},"99":{"start":{"line":149,"column":22},"end":{"line":149,"column":46}},"100":{"start":{"line":150,"column":4},"end":{"line":150,"column":41}},"101":{"start":{"line":152,"column":0},"end":{"line":152,"column":34}},"102":{"start":{"line":154,"column":20},"end":{"line":154,"column":46}},"103":{"start":{"line":155,"column":23},"end":{"line":165,"column":6}},"104":{"start":{"line":156,"column":8},"end":{"line":164,"column":9}},"105":{"start":{"line":157,"column":30},"end":{"line":157,"column":69}},"106":{"start":{"line":158,"column":29},"end":{"line":158,"column":56}},"107":{"start":{"line":159,"column":23},"end":{"line":159,"column":45}},"108":{"start":{"line":160,"column":12},"end":{"line":160,"column":29}},"109":{"start":{"line":163,"column":12},"end":{"line":163,"column":80}},"110":{"start":{"line":166,"column":16},"end":{"line":166,"column":18}},"111":{"start":{"line":167,"column":4},"end":{"line":177,"column":5}},"112":{"start":{"line":168,"column":25},"end":{"line":168,"column":56}},"113":{"start":{"line":169,"column":29},"end":{"line":169,"column":61}},"114":{"start":{"line":170,"column":8},"end":{"line":172,"column":9}},"115":{"start":{"line":171,"column":12},"end":{"line":171,"column":41}},"116":{"start":{"line":173,"column":8},"end":{"line":173,"column":21}},"117":{"start":{"line":176,"column":8},"end":{"line":176,"column":56}},"118":{"start":{"line":179,"column":0},"end":{"line":179,"column":26}}},"fnMap":{"0":{"name":"(anonymous_0)","decl":{"start":{"line":2,"column":74},"end":{"line":2,"column":75}},"loc":{"start":{"line":2,"column":96},"end":{"line":9,"column":1}},"line":2},"1":{"name":"(anonymous_1)","decl":{"start":{"line":6,"column":38},"end":{"line":6,"column":39}},"loc":{"start":{"line":6,"column":49},"end":{"line":6,"column":65}},"line":6},"2":{"name":"(anonymous_2)","decl":{"start":{"line":9,"column":6},"end":{"line":9,"column":7}},"loc":{"start":{"line":9,"column":28},"end":{"line":12,"column":1}},"line":9},"3":{"name":"(anonymous_3)","decl":{"start":{"line":13,"column":80},"end":{"line":13,"column":81}},"loc":{"start":{"line":13,"column":95},"end":{"line":15,"column":1}},"line":13},"4":{"name":"(anonymous_4)","decl":{"start":{"line":15,"column":5},"end":{"line":15,"column":6}},"loc":{"start":{"line":15,"column":20},"end":{"line":17,"column":1}},"line":15},"5":{"name":"(anonymous_5)","decl":{"start":{"line":18,"column":50},"end":{"line":18,"column":51}},"loc":{"start":{"line":18,"column":65},"end":{"line":24,"column":1}},"line":18},"6":{"name":"performWhere","decl":{"start":{"line":29,"column":9},"end":{"line":29,"column":21}},"loc":{"start":{"line":29,"column":38},"end":{"line":59,"column":1}},"line":29},"7":{"name":"selectColumns","decl":{"start":{"line":61,"column":9},"end":{"line":61,"column":22}},"loc":{"start":{"line":61,"column":49},"end":{"line":69,"column":1}},"line":61},"8":{"name":"getColumns","decl":{"start":{"line":71,"column":9},"end":{"line":71,"column":19}},"loc":{"start":{"line":71,"column":27},"end":{"line":79,"column":1}},"line":71},"9":{"name":"lt","decl":{"start":{"line":81,"column":9},"end":{"line":81,"column":11}},"loc":{"start":{"line":81,"column":36},"end":{"line":91,"column":1}},"line":81},"10":{"name":"gt","decl":{"start":{"line":93,"column":9},"end":{"line":93,"column":11}},"loc":{"start":{"line":93,"column":36},"end":{"line":103,"column":1}},"line":93},"11":{"name":"eq","decl":{"start":{"line":105,"column":9},"end":{"line":105,"column":11}},"loc":{"start":{"line":105,"column":36},"end":{"line":115,"column":1}},"line":105},"12":{"name":"is","decl":{"start":{"line":117,"column":9},"end":{"line":117,"column":11}},"loc":{"start":{"line":117,"column":36},"end":{"line":146,"column":1}},"line":117},"13":{"name":"getOrderKey","decl":{"start":{"line":148,"column":9},"end":{"line":148,"column":20}},"loc":{"start":{"line":148,"column":28},"end":{"line":151,"column":1}},"line":148},"14":{"name":"getData","decl":{"start":{"line":153,"column":15},"end":{"line":153,"column":22}},"loc":{"start":{"line":153,"column":25},"end":{"line":178,"column":1}},"line":153},"15":{"name":"(anonymous_15)","decl":{"start":{"line":155,"column":37},"end":{"line":155,"column":38}},"loc":{"start":{"line":155,"column":57},"end":{"line":165,"column":5}},"line":155}},"branchMap":{"0":{"loc":{"start":{"line":2,"column":22},"end":{"line":12,"column":3}},"type":"binary-expr","locations":[{"start":{"line":2,"column":23},"end":{"line":2,"column":27}},{"start":{"line":2,"column":31},"end":{"line":2,"column":51}},{"start":{"line":2,"column":57},"end":{"line":12,"column":2}}],"line":2},"1":{"loc":{"start":{"line":2,"column":57},"end":{"line":12,"column":2}},"type":"cond-expr","locations":[{"start":{"line":2,"column":74},"end":{"line":9,"column":1}},{"start":{"line":9,"column":6},"end":{"line":12,"column":1}}],"line":2},"2":{"loc":{"start":{"line":3,"column":4},"end":{"line":3,"column":33}},"type":"if","locations":[{"start":{"line":3,"column":4},"end":{"line":3,"column":33}},{"start":{"line":3,"column":4},"end":{"line":3,"column":33}}],"line":3},"3":{"loc":{"start":{"line":5,"column":4},"end":{"line":7,"column":5}},"type":"if","locations":[{"start":{"line":5,"column":4},"end":{"line":7,"column":5}},{"start":{"line":5,"column":4},"end":{"line":7,"column":5}}],"line":5},"4":{"loc":{"start":{"line":5,"column":8},"end":{"line":5,"column":85}},"type":"binary-expr","locations":[{"start":{"line":5,"column":8},"end":{"line":5,"column":13}},{"start":{"line":5,"column":18},"end":{"line":5,"column":84}}],"line":5},"5":{"loc":{"start":{"line":5,"column":18},"end":{"line":5,"column":84}},"type":"cond-expr","locations":[{"start":{"line":5,"column":34},"end":{"line":5,"column":47}},{"start":{"line":5,"column":50},"end":{"line":5,"column":84}}],"line":5},"6":{"loc":{"start":{"line":5,"column":50},"end":{"line":5,"column":84}},"type":"binary-expr","locations":[{"start":{"line":5,"column":50},"end":{"line":5,"column":63}},{"start":{"line":5,"column":67},"end":{"line":5,"column":84}}],"line":5},"7":{"loc":{"start":{"line":10,"column":4},"end":{"line":10,"column":33}},"type":"if","locations":[{"start":{"line":10,"column":4},"end":{"line":10,"column":33}},{"start":{"line":10,"column":4},"end":{"line":10,"column":33}}],"line":10},"8":{"loc":{"start":{"line":13,"column":25},"end":{"line":17,"column":2}},"type":"binary-expr","locations":[{"start":{"line":13,"column":26},"end":{"line":13,"column":30}},{"start":{"line":13,"column":34},"end":{"line":13,"column":57}},{"start":{"line":13,"column":63},"end":{"line":17,"column":1}}],"line":13},"9":{"loc":{"start":{"line":13,"column":63},"end":{"line":17,"column":1}},"type":"cond-expr","locations":[{"start":{"line":13,"column":80},"end":{"line":15,"column":1}},{"start":{"line":15,"column":5},"end":{"line":17,"column":1}}],"line":13},"10":{"loc":{"start":{"line":18,"column":19},"end":{"line":24,"column":1}},"type":"binary-expr","locations":[{"start":{"line":18,"column":20},"end":{"line":18,"column":24}},{"start":{"line":18,"column":28},"end":{"line":18,"column":45}},{"start":{"line":18,"column":50},"end":{"line":24,"column":1}}],"line":18},"11":{"loc":{"start":{"line":19,"column":4},"end":{"line":19,"column":42}},"type":"if","locations":[{"start":{"line":19,"column":4},"end":{"line":19,"column":42}},{"start":{"line":19,"column":4},"end":{"line":19,"column":42}}],"line":19},"12":{"loc":{"start":{"line":19,"column":8},"end":{"line":19,"column":29}},"type":"binary-expr","locations":[{"start":{"line":19,"column":8},"end":{"line":19,"column":11}},{"start":{"line":19,"column":15},"end":{"line":19,"column":29}}],"line":19},"13":{"loc":{"start":{"line":21,"column":4},"end":{"line":21,"column":141}},"type":"if","locations":[{"start":{"line":21,"column":4},"end":{"line":21,"column":141}},{"start":{"line":21,"column":4},"end":{"line":21,"column":141}}],"line":21},"14":{"loc":{"start":{"line":21,"column":40},"end":{"line":21,"column":141}},"type":"if","locations":[{"start":{"line":21,"column":40},"end":{"line":21,"column":141}},{"start":{"line":21,"column":40},"end":{"line":21,"column":141}}],"line":21},"15":{"loc":{"start":{"line":21,"column":44},"end":{"line":21,"column":107}},"type":"binary-expr","locations":[{"start":{"line":21,"column":44},"end":{"line":21,"column":59}},{"start":{"line":21,"column":63},"end":{"line":21,"column":107}}],"line":21},"16":{"loc":{"start":{"line":33,"column":4},"end":{"line":58,"column":5}},"type":"switch","locations":[{"start":{"line":34,"column":8},"end":{"line":39,"column":26}},{"start":{"line":40,"column":8},"end":{"line":45,"column":26}},{"start":{"line":46,"column":8},"end":{"line":47,"column":47}},{"start":{"line":48,"column":8},"end":{"line":49,"column":47}},{"start":{"line":50,"column":8},"end":{"line":51,"column":47}},{"start":{"line":52,"column":8},"end":{"line":53,"column":47}},{"start":{"line":54,"column":8},"end":{"line":55,"column":60}},{"start":{"line":56,"column":8},"end":{"line":57,"column":82}}],"line":33},"17":{"loc":{"start":{"line":37,"column":25},"end":{"line":37,"column":62}},"type":"binary-expr","locations":[{"start":{"line":37,"column":25},"end":{"line":37,"column":31}},{"start":{"line":37,"column":35},"end":{"line":37,"column":62}}],"line":37},"18":{"loc":{"start":{"line":43,"column":25},"end":{"line":43,"column":62}},"type":"binary-expr","locations":[{"start":{"line":43,"column":25},"end":{"line":43,"column":52}},{"start":{"line":43,"column":56},"end":{"line":43,"column":62}}],"line":43},"19":{"loc":{"start":{"line":64,"column":12},"end":{"line":66,"column":13}},"type":"if","locations":[{"start":{"line":64,"column":12},"end":{"line":66,"column":13}},{"start":{"line":64,"column":12},"end":{"line":66,"column":13}}],"line":64},"20":{"loc":{"start":{"line":74,"column":8},"end":{"line":76,"column":9}},"type":"if","locations":[{"start":{"line":74,"column":8},"end":{"line":76,"column":9}},{"start":{"line":74,"column":8},"end":{"line":76,"column":9}}],"line":74},"21":{"loc":{"start":{"line":85,"column":12},"end":{"line":87,"column":13}},"type":"if","locations":[{"start":{"line":85,"column":12},"end":{"line":87,"column":13}},{"start":{"line":85,"column":12},"end":{"line":87,"column":13}}],"line":85},"22":{"loc":{"start":{"line":97,"column":12},"end":{"line":99,"column":13}},"type":"if","locations":[{"start":{"line":97,"column":12},"end":{"line":99,"column":13}},{"start":{"line":97,"column":12},"end":{"line":99,"column":13}}],"line":97},"23":{"loc":{"start":{"line":109,"column":12},"end":{"line":111,"column":13}},"type":"if","locations":[{"start":{"line":109,"column":12},"end":{"line":111,"column":13}},{"start":{"line":109,"column":12},"end":{"line":111,"column":13}}],"line":109},"24":{"loc":{"start":{"line":121,"column":12},"end":{"line":142,"column":13}},"type":"if","locations":[{"start":{"line":121,"column":12},"end":{"line":142,"column":13}},{"start":{"line":121,"column":12},"end":{"line":142,"column":13}}],"line":121},"25":{"loc":{"start":{"line":123,"column":16},"end":{"line":141,"column":17}},"type":"if","locations":[{"start":{"line":123,"column":16},"end":{"line":141,"column":17}},{"start":{"line":123,"column":16},"end":{"line":141,"column":17}}],"line":123},"26":{"loc":{"start":{"line":123,"column":20},"end":{"line":123,"column":53}},"type":"binary-expr","locations":[{"start":{"line":123,"column":20},"end":{"line":123,"column":34}},{"start":{"line":123,"column":38},"end":{"line":123,"column":53}}],"line":123},"27":{"loc":{"start":{"line":126,"column":21},"end":{"line":141,"column":17}},"type":"if","locations":[{"start":{"line":126,"column":21},"end":{"line":141,"column":17}},{"start":{"line":126,"column":21},"end":{"line":141,"column":17}}],"line":126},"28":{"loc":{"start":{"line":126,"column":25},"end":{"line":126,"column":71}},"type":"binary-expr","locations":[{"start":{"line":126,"column":25},"end":{"line":126,"column":47}},{"start":{"line":126,"column":51},"end":{"line":126,"column":71}}],"line":126},"29":{"loc":{"start":{"line":130,"column":21},"end":{"line":141,"column":17}},"type":"if","locations":[{"start":{"line":130,"column":21},"end":{"line":141,"column":17}},{"start":{"line":130,"column":21},"end":{"line":141,"column":17}}],"line":130},"30":{"loc":{"start":{"line":134,"column":21},"end":{"line":141,"column":17}},"type":"if","locations":[{"start":{"line":134,"column":21},"end":{"line":141,"column":17}},{"start":{"line":134,"column":21},"end":{"line":141,"column":17}}],"line":134}},"s":{"0":1,"1":146,"2":146,"3":146,"4":146,"5":146,"6":50,"7":146,"8":0,"9":0,"10":0,"11":1,"12":1,"13":0,"14":1,"15":1,"16":0,"17":1,"18":1,"19":1,"20":146,"21":146,"22":1,"23":1,"24":1,"25":1,"26":1,"27":1,"28":2086205,"29":2086205,"30":2086205,"31":2086205,"32":193836,"33":193836,"34":387672,"35":193836,"36":193836,"37":193836,"38":387672,"39":193836,"40":328538,"41":516896,"42":516896,"43":271591,"44":64612,"45":0,"46":1,"47":22,"48":20135,"49":201350,"50":160942,"51":1,"52":22,"53":22,"54":44,"55":22,"56":22,"57":1,"58":328538,"59":328538,"60":3285380,"61":3285380,"62":328538,"63":328538,"64":1,"65":516896,"66":516896,"67":5168960,"68":5168960,"69":516896,"70":516896,"71":1,"72":516896,"73":516896,"74":5168960,"75":5168960,"76":516896,"77":516896,"78":1,"79":271591,"80":271591,"81":271591,"82":1357955,"83":271591,"84":271591,"85":10002,"86":261589,"87":64612,"88":64612,"89":196977,"90":64612,"91":64612,"92":132365,"93":64612,"94":64612,"95":64612,"96":67753,"97":0,"98":1,"99":0,"100":0,"101":1,"102":25,"103":25,"104":25,"105":25,"106":25,"107":25,"108":25,"109":0,"110":25,"111":25,"112":25,"113":25,"114":25,"115":25,"116":25,"117":0,"118":1},"f":{"0":146,"1":50,"2":0,"3":1,"4":0,"5":1,"6":2086205,"7":22,"8":22,"9":328538,"10":516896,"11":516896,"12":271591,"13":0,"14":25,"15":25},"b":{"0":[1,1,1],"1":[1,0],"2":[146,0],"3":[146,0],"4":[146,146],"5":[0,146],"6":[146,0],"7":[0,0],"8":[1,1,1],"9":[1,0],"10":[1,1,1],"11":[0,1],"12":[1,1],"13":[1,0],"14":[146,0],"15":[146,146],"16":[193836,193836,328538,516896,516896,271591,64612,0],"17":[387672,196977],"18":[387672,387534],"19":[160942,40408],"20":[22,22],"21":[328538,2956842],"22":[516896,4652064],"23":[516896,4652064],"24":[271591,1086364],"25":[10002,261589],"26":[271591,266590],"27":[64612,196977],"28":[261589,129224],"29":[64612,132365],"30":[64612,67753]},"inputSourceMap":{"version":3,"file":"C:/Users/Ryank/Desktop/project_team203/src/controller/HelperFunctions.ts","sources":["C:/Users/Ryank/Desktop/project_team203/src/controller/HelperFunctions.ts"],"names":[],"mappings":";;;;;;;;;;;;;;;;;;;;;;;;;;AAAA,qDAAsG;AAEtG,6CAA+B;AAG/B,SAAgB,YAAY,CAAC,KAAa,EAAE,OAAe;IAC1D,IAAI,MAAM,GAAY,IAAI,CAAC;IAC3B,IAAI,GAAG,GAAW,MAAM,CAAC,IAAI,CAAC,KAAK,CAAC,CAAC,CAAC,CAAC,CAAC;IACxC,IAAI,KAAK,GAAG,MAAM,CAAC,MAAM,CAAC,KAAK,CAAC,CAAC,CAAC,CAAC,CAAC;IACpC,QAAQ,GAAG,EAAE;QACZ,KAAK,KAAK;YACT,MAAM,GAAG,IAAI,CAAC;YACd,KAAK,IAAI,IAAI,IAAI,KAAK,EAAE;gBACvB,MAAM,GAAG,MAAM,IAAI,YAAY,CAAC,IAAI,EAAE,OAAO,CAAC,CAAC;aAC/C;YACD,OAAO,MAAM,CAAC;QACf,KAAK,IAAI;YACR,MAAM,GAAG,KAAK,CAAC;YACf,KAAK,IAAI,IAAI,IAAI,KAAK,EAAE;gBACvB,MAAM,GAAG,YAAY,CAAC,IAAI,EAAE,OAAO,CAAC,IAAI,MAAM,CAAC;aAC/C;YACD,OAAO,MAAM,CAAC;QACf,KAAK,IAAI;YACR,OAAO,MAAM,GAAG,EAAE,CAAC,KAAK,EAAE,OAAO,CAAC,CAAC;QACpC,KAAK,IAAI;YACR,OAAO,MAAM,GAAG,EAAE,CAAC,KAAK,EAAE,OAAO,CAAC,CAAC;QACpC,KAAK,IAAI;YACR,OAAO,MAAM,GAAG,EAAE,CAAC,KAAK,EAAE,OAAO,CAAC,CAAC;QACpC,KAAK,IAAI;YACR,OAAO,MAAM,GAAG,EAAE,CAAC,KAAK,EAAE,OAAO,CAAC,CAAC;QACpC,KAAK,KAAK;YACT,OAAO,MAAM,GAAG,CAAC,CAAC,YAAY,CAAC,KAAK,EAAE,OAAO,CAAC,CAAC,CAAC;QACjD;YACC,MAAM,IAAI,6BAAY,CAAC,sBAAsB,GAAG,GAAG,CAAC,CAAC;KACtD;AACF,CAAC;AA9BD,oCA8BC;AAED,SAAgB,aAAa,CAAC,eAAyB,EAAE,OAAiB;IACzE,KAAK,IAAI,MAAM,IAAI,eAAe,EAAE;QACnC,KAAK,IAAI,GAAG,IAAI,MAAM,CAAC,IAAI,CAAC,MAAM,CAAC,EAAE;YACpC,IAAI,CAAC,OAAO,CAAC,QAAQ,CAAC,GAAG,CAAC,EAAE;gBAC3B,OAAO,MAAM,CAAC,GAA0B,CAAC,CAAC;aAC1C;SACD;KACD;AACF,CAAC;AARD,sCAQC;AAED,SAAgB,UAAU,CAAC,KAAa;IACvC,IAAI,MAAM,GAAG,EAAE,CAAC;IAChB,KAAK,MAAM,CAAC,GAAG,EAAE,KAAK,CAAC,IAAI,MAAM,CAAC,OAAO,CAAC,KAAK,CAAC,EAAE;QACjD,IAAI,GAAG,KAAK,SAAS,EAAE;YACtB,MAAM,GAAG,KAAK,CAAC;SACf;KACD;IACD,OAAO,MAAM,CAAC;AACf,CAAC;AARD,gCAQC;AAED,SAAgB,EAAE,CAAC,aAAqB,EAAE,OAAe;IACxD,IAAI,MAAM,GAAG,IAAI,CAAC;IAClB,KAAK,MAAM,CAAC,IAAI,EAAE,MAAM,CAAC,IAAI,MAAM,CAAC,OAAO,CAAC,OAAO,CAAC,EAAE;QACrD,KAAK,MAAM,CAAC,IAAI,EAAE,MAAM,CAAC,IAAI,MAAM,CAAC,OAAO,CAAC,aAAa,CAAC,EAAE;YAC3D,IAAI,IAAI,KAAK,IAAI,EAAE;gBAClB,MAAM,GAAG,MAAM,GAAG,MAAM,CAAC;aACzB;SACD;KACD;IACD,OAAO,MAAM,CAAC;AACf,CAAC;AAVD,gBAUC;AAED,SAAgB,EAAE,CAAC,aAAqB,EAAE,OAAe;IACxD,IAAI,MAAM,GAAG,IAAI,CAAC;IAClB,KAAK,MAAM,CAAC,IAAI,EAAE,MAAM,CAAC,IAAI,MAAM,CAAC,OAAO,CAAC,OAAO,CAAC,EAAE;QACrD,KAAK,MAAM,CAAC,IAAI,EAAE,MAAM,CAAC,IAAI,MAAM,CAAC,OAAO,CAAC,aAAa,CAAC,EAAE;YAC3D,IAAI,IAAI,KAAK,IAAI,EAAE;gBAClB,MAAM,GAAG,MAAM,GAAG,MAAM,CAAC;aACzB;SACD;KACD;IACD,OAAO,MAAM,CAAC;AACf,CAAC;AAVD,gBAUC;AACD,SAAgB,EAAE,CAAC,aAAqB,EAAE,OAAe;IACxD,IAAI,MAAM,GAAG,IAAI,CAAC;IAClB,KAAK,MAAM,CAAC,IAAI,EAAE,MAAM,CAAC,IAAI,MAAM,CAAC,OAAO,CAAC,OAAO,CAAC,EAAE;QACrD,KAAK,MAAM,CAAC,IAAI,EAAE,MAAM,CAAC,IAAI,MAAM,CAAC,OAAO,CAAC,aAAa,CAAC,EAAE;YAC3D,IAAI,IAAI,KAAK,IAAI,EAAE;gBAClB,MAAM,GAAG,MAAM,KAAK,MAAM,CAAC;aAC3B;SACD;KACD;IACD,OAAO,MAAM,CAAC;AACf,CAAC;AAVD,gBAUC;AAED,SAAgB,EAAE,CAAC,aAAqB,EAAE,OAAe;IACxD,IAAI,MAAM,GAAG,IAAI,CAAC;IAClB,KAAK,MAAM,CAAC,QAAQ,EAAE,UAAU,CAAC,IAAI,MAAM,CAAC,OAAO,CAAC,aAAa,CAAC,EAAE;QACnE,KAAK,MAAM,CAAC,UAAU,EAAE,YAAY,CAAC,IAAI,MAAM,CAAC,OAAO,CAAC,OAAO,CAAC,EAAE;YACjE,IAAI,QAAQ,KAAK,UAAU,EAAE;gBAC5B,IAAI,MAAM,GAAG,UAAU,CAAC;gBACxB,IAAI,MAAM,KAAK,GAAG,IAAI,MAAM,KAAK,IAAI,EAAE;oBACtC,OAAO,IAAI,CAAC;iBACZ;qBAAM,IAAI,MAAM,CAAC,UAAU,CAAC,GAAG,CAAC,IAAI,MAAM,CAAC,QAAQ,CAAC,GAAG,CAAC,EAAE;oBAC1D,MAAM,GAAG,MAAM,CAAC,KAAK,CAAC,CAAC,EAAE,CAAC,CAAC,CAAC,CAAC;oBAC7B,OAAO,YAAY,CAAC,QAAQ,CAAC,MAAM,CAAC,CAAC;iBACrC;qBAAM,IAAI,MAAM,CAAC,UAAU,CAAC,GAAG,CAAC,EAAE;oBAClC,MAAM,GAAG,MAAM,CAAC,KAAK,CAAC,CAAC,CAAC,CAAC;oBACzB,OAAO,YAAY,CAAC,QAAQ,CAAC,MAAM,CAAC,CAAC;iBACrC;qBAAM,IAAI,MAAM,CAAC,QAAQ,CAAC,GAAG,CAAC,EAAE;oBAChC,IAAI,aAAa,GAAG,MAAM,CAAC,OAAO,CAAC,GAAG,CAAC,CAAC;oBACxC,MAAM,GAAG,MAAM,CAAC,KAAK,CAAC,CAAC,EAAE,aAAa,CAAC,CAAC;oBACxC,OAAO,YAAY,CAAC,UAAU,CAAC,MAAM,CAAC,CAAC;iBACvC;qBAAM;oBACN,OAAO,MAAM,KAAK,YAAY,CAAC;iBAC/B;aACD;SACD;KACD;IACD,OAAO,KAAK,CAAC;AACd,CAAC;AAzBD,gBAyBC;AAGD,SAAgB,WAAW,CAAC,KAAa;IACxC,IAAI,WAAW,GAAG,MAAM,CAAC,OAAO,CAAC,KAAK,CAAC,CAAC,CAAC,CAAC,CAAC;IAC3C,OAAO,MAAM,CAAC,MAAM,CAAC,WAAW,CAAC,CAAC,CAAC,CAAC,CAAC;AACtC,CAAC;AAHD,kCAGC;AAEM,KAAK,UAAU,OAAO;IAC5B,IAAI,SAAS,GAAG,MAAM,EAAE,CAAC,OAAO,CAAC,QAAQ,CAAC,CAAC;IAC3C,IAAI,YAAY,GAAG,SAAS,CAAC,GAAG,CAAC,KAAK,EAAE,QAAQ,EAAE,EAAE;QACnD,IAAI;YACH,IAAI,WAAW,GAAG,MAAM,EAAE,CAAC,QAAQ,CAAC,UAAU,QAAQ,EAAE,CAAC,CAAC;YAC1D,IAAI,UAAU,GAAG,IAAI,CAAC,SAAS,CAAC,WAAW,CAAC,CAAC;YAC7C,IAAI,IAAI,GAAG,IAAI,CAAC,KAAK,CAAC,UAAU,CAAC,CAAC;YAClC,OAAO,IAAI,CAAC,IAAI,CAAC;SACjB;QAAC,OAAO,GAAG,EAAE;YACb,MAAM,IAAI,6BAAY,CAAC,0BAA0B,CAAC,CAAC;SACnD;IACF,CAAC,CAAC,CAAC;IACH,IAAI,KAAK,GAAa,EAAE,CAAC;IACzB,IAAI;QACH,IAAI,UAAU,GAAU,MAAM,OAAO,CAAC,GAAG,CAAC,YAAY,CAAC,CAAC;QACxD,IAAI,cAAc,GAAe,UAAU,CAAC,MAAM,CAAC,KAAK,CAAC,OAAO,CAAC,CAAC;QAClE,KAAK,IAAI,MAAM,IAAI,cAAc,EAAE;YAClC,KAAK,GAAG,KAAK,CAAC,MAAM,CAAC,MAAM,CAAC,CAAC;SAC7B;QACD,OAAO,KAAK,CAAC;KACb;IAAC,OAAO,GAAG,EAAE;QACb,MAAM,IAAI,6BAAY,CAAC,MAAM,CAAC,CAAC;KAC/B;AACF,CAAC;AAvBD,0BAuBC","sourcesContent":["import {InsightDatasetKind, InsightError, InsightResult, ResultTooLargeError} from \"./IInsightFacade\";\r\nimport JSZip = require(\"jszip\");\r\nimport * as fs from \"fs-extra\";\r\n\r\n\r\nexport function performWhere(query: object, section: object): boolean {\r\n\tlet result: boolean = true;\r\n\tlet key: string = Object.keys(query)[0];\r\n\tlet value = Object.values(query)[0];\r\n\tswitch (key) {\r\n\t\tcase \"AND\":\r\n\t\t\tresult = true;\r\n\t\t\tfor (let item of value) {\r\n\t\t\t\tresult = result && performWhere(item, section);\r\n\t\t\t}\r\n\t\t\treturn result;\r\n\t\tcase \"OR\":\r\n\t\t\tresult = false;\r\n\t\t\tfor (let item of value) {\r\n\t\t\t\tresult = performWhere(item, section) || result;\r\n\t\t\t}\r\n\t\t\treturn result;\r\n\t\tcase \"LT\":\r\n\t\t\treturn result = lt(value, section);\r\n\t\tcase \"GT\":\r\n\t\t\treturn result = gt(value, section);\r\n\t\tcase \"EQ\":\r\n\t\t\treturn result = eq(value, section);\r\n\t\tcase \"IS\":\r\n\t\t\treturn result = is(value, section);\r\n\t\tcase \"NOT\":\r\n\t\t\treturn result = !(performWhere(value, section));\r\n\t\tdefault:\r\n\t\t\tthrow new InsightError(\"Invalid filter key: \" + key);\r\n\t}\r\n}\r\n\r\nexport function selectColumns(filteredResults: object[], columns: string[]) {\r\n\tfor (let result of filteredResults) {\r\n\t\tfor (let key of Object.keys(result)) {\r\n\t\t\tif (!columns.includes(key)) {\r\n\t\t\t\tdelete result[key as keyof typeof result];\r\n\t\t\t}\r\n\t\t}\r\n\t}\r\n}\r\n\r\nexport function getColumns(query: object): string[] {\r\n\tlet result = [];\r\n\tfor (const [key, value] of Object.entries(query)) {\r\n\t\tif (key === \"COLUMNS\") {\r\n\t\t\tresult = value;\r\n\t\t}\r\n\t}\r\n\treturn result;\r\n}\r\n\r\nexport function lt(mKeyValuePair: object, section: object): boolean {\r\n\tlet result = true;\r\n\tfor (const [key1, value1] of Object.entries(section)) {\r\n\t\tfor (const [key2, value2] of Object.entries(mKeyValuePair)) {\r\n\t\t\tif (key1 === key2) {\r\n\t\t\t\tresult = value2 > value1;\r\n\t\t\t}\r\n\t\t}\r\n\t}\r\n\treturn result;\r\n}\r\n\r\nexport function gt(mKeyValuePair: object, section: object): boolean {\r\n\tlet result = true;\r\n\tfor (const [key1, value1] of Object.entries(section)) {\r\n\t\tfor (const [key2, value2] of Object.entries(mKeyValuePair)) {\r\n\t\t\tif (key1 === key2) {\r\n\t\t\t\tresult = value2 < value1;\r\n\t\t\t}\r\n\t\t}\r\n\t}\r\n\treturn result;\r\n}\r\nexport function eq(mKeyValuePair: object, section: object): boolean {\r\n\tlet result = true;\r\n\tfor (const [key1, value1] of Object.entries(section)) {\r\n\t\tfor (const [key2, value2] of Object.entries(mKeyValuePair)) {\r\n\t\t\tif (key1 === key2) {\r\n\t\t\t\tresult = value2 === value1;\r\n\t\t\t}\r\n\t\t}\r\n\t}\r\n\treturn result;\r\n}\r\n\r\nexport function is(mKeyValuePair: object, section: object): boolean {\r\n\tlet result = true;\r\n\tfor (const [queryKey, queryValue] of Object.entries(mKeyValuePair)) {\r\n\t\tfor (const [sectionKey, sectionValue] of Object.entries(section)) {\r\n\t\t\tif (queryKey === sectionKey) {\r\n\t\t\t\tlet string = queryValue;\r\n\t\t\t\tif (string === \"*\" || string === \"**\") {\r\n\t\t\t\t\treturn true;\r\n\t\t\t\t} else if (string.startsWith(\"*\") && string.endsWith(\"*\")) {\r\n\t\t\t\t\tstring = string.slice(1, -1);\r\n\t\t\t\t\treturn sectionValue.includes(string);\r\n\t\t\t\t} else if (string.startsWith(\"*\")) {\r\n\t\t\t\t\tstring = string.slice(1);\r\n\t\t\t\t\treturn sectionValue.endsWith(string);\r\n\t\t\t\t} else if (string.endsWith(\"*\")) {\r\n\t\t\t\t\tlet asteriskIndex = string.indexOf(\"*\");\r\n\t\t\t\t\tstring = string.slice(0, asteriskIndex);\r\n\t\t\t\t\treturn sectionValue.startsWith(string);\r\n\t\t\t\t} else {\r\n\t\t\t\t\treturn string === sectionValue;\r\n\t\t\t\t}\r\n\t\t\t}\r\n\t\t}\r\n\t}\r\n\treturn false;\r\n}\r\n\r\n\r\nexport function getOrderKey(query: object): string {\r\n\tlet columnsPair = Object.entries(query)[1];\r\n\treturn Object.values(columnsPair)[1];\r\n}\r\n\r\nexport async function getData() {\r\n\tlet fileNames = await fs.readdir(\"./data\");\r\n\tlet filePromises = fileNames.map(async (fileName) => {\r\n\t\ttry {\r\n\t\t\tlet fileContent = await fs.readJson(`./data/${fileName}`);\r\n\t\t\tlet jsonString = JSON.stringify(fileContent);\r\n\t\t\tlet data = JSON.parse(jsonString);\r\n\t\t\treturn data.data;\r\n\t\t} catch (err) {\r\n\t\t\tthrow new InsightError(\"Corrupted persisted file\");\r\n\t\t}\r\n\t});\r\n\tlet array: object[] = [];\r\n\ttry {\r\n\t\tlet rawResults: any[] = await Promise.all(filePromises);\r\n\t\tlet refinedResults: object[][] = rawResults.filter(Array.isArray);\r\n\t\tfor (let result of refinedResults) {\r\n\t\t\tarray = array.concat(result);\r\n\t\t}\r\n\t\treturn array;\r\n\t} catch (err) {\r\n\t\tthrow new InsightError(\"Blah\");\r\n\t}\r\n}\r\n\r\n"]},"_coverageSchema":"1a1c01bbd47fc00a2c39e90264f33305004495a9","hash":"50b2afada7fed6cf59d5c9c9b6be7cf00e30e131","contentHash":"a394e84be20766513147034aeca0578ed33e0c3d8b78a9be6a98ee1096dc0559"},"C:\\Users\\Ryank\\Desktop\\project_team203\\src\\controller\\ValidateHelperFunctions.ts":{"path":"C:\\Users\\Ryank\\Desktop\\project_team203\\src\\controller\\ValidateHelperFunctions.ts","statementMap":{"0":{"start":{"line":2,"column":22},"end":{"line":12,"column":3}},"1":{"start":{"line":3,"column":4},"end":{"line":3,"column":33}},"2":{"start":{"line":3,"column":26},"end":{"line":3,"column":33}},"3":{"start":{"line":4,"column":15},"end":{"line":4,"column":52}},"4":{"start":{"line":5,"column":4},"end":{"line":7,"column":5}},"5":{"start":{"line":6,"column":6},"end":{"line":6,"column":68}},"6":{"start":{"line":6,"column":51},"end":{"line":6,"column":63}},"7":{"start":{"line":8,"column":4},"end":{"line":8,"column":39}},"8":{"start":{"line":10,"column":4},"end":{"line":10,"column":33}},"9":{"start":{"line":10,"column":26},"end":{"line":10,"column":33}},"10":{"start":{"line":11,"column":4},"end":{"line":11,"column":17}},"11":{"start":{"line":13,"column":25},"end":{"line":17,"column":2}},"12":{"start":{"line":14,"column":4},"end":{"line":14,"column":72}},"13":{"start":{"line":16,"column":4},"end":{"line":16,"column":21}},"14":{"start":{"line":18,"column":19},"end":{"line":24,"column":1}},"15":{"start":{"line":19,"column":4},"end":{"line":19,"column":42}},"16":{"start":{"line":19,"column":31},"end":{"line":19,"column":42}},"17":{"start":{"line":20,"column":17},"end":{"line":20,"column":19}},"18":{"start":{"line":21,"column":4},"end":{"line":21,"column":141}},"19":{"start":{"line":21,"column":21},"end":{"line":21,"column":141}},"20":{"start":{"line":21,"column":40},"end":{"line":21,"column":141}},"21":{"start":{"line":21,"column":109},"end":{"line":21,"column":141}},"22":{"start":{"line":22,"column":4},"end":{"line":22,"column":36}},"23":{"start":{"line":23,"column":4},"end":{"line":23,"column":18}},"24":{"start":{"line":25,"column":0},"end":{"line":25,"column":62}},"25":{"start":{"line":26,"column":0},"end":{"line":26,"column":389}},"26":{"start":{"line":27,"column":25},"end":{"line":27,"column":52}},"27":{"start":{"line":28,"column":11},"end":{"line":28,"column":44}},"28":{"start":{"line":29,"column":21},"end":{"line":29,"column":66}},"29":{"start":{"line":30,"column":21},"end":{"line":30,"column":65}},"30":{"start":{"line":34,"column":4},"end":{"line":40,"column":5}},"31":{"start":{"line":35,"column":8},"end":{"line":35,"column":44}},"32":{"start":{"line":36,"column":8},"end":{"line":36,"column":47}},"33":{"start":{"line":39,"column":8},"end":{"line":39,"column":65}},"34":{"start":{"line":41,"column":4},"end":{"line":41,"column":24}},"35":{"start":{"line":43,"column":0},"end":{"line":43,"column":40}},"36":{"start":{"line":45,"column":26},"end":{"line":45,"column":34}},"37":{"start":{"line":46,"column":27},"end":{"line":46,"column":53}},"38":{"start":{"line":47,"column":4},"end":{"line":47,"column":37}},"39":{"start":{"line":48,"column":4},"end":{"line":48,"column":66}},"40":{"start":{"line":49,"column":4},"end":{"line":49,"column":69}},"41":{"start":{"line":51,"column":0},"end":{"line":51,"column":38}},"42":{"start":{"line":53,"column":23},"end":{"line":53,"column":41}},"43":{"start":{"line":54,"column":4},"end":{"line":56,"column":5}},"44":{"start":{"line":55,"column":8},"end":{"line":55,"column":65}},"45":{"start":{"line":58,"column":0},"end":{"line":58,"column":62}},"46":{"start":{"line":60,"column":4},"end":{"line":86,"column":7}},"47":{"start":{"line":61,"column":8},"end":{"line":63,"column":9}},"48":{"start":{"line":62,"column":12},"end":{"line":62,"column":98}},"49":{"start":{"line":64,"column":8},"end":{"line":85,"column":9}},"50":{"start":{"line":67,"column":16},"end":{"line":67,"column":37}},"51":{"start":{"line":68,"column":16},"end":{"line":70,"column":17}},"52":{"start":{"line":69,"column":20},"end":{"line":69,"column":75}},"53":{"start":{"line":71,"column":16},"end":{"line":71,"column":22}},"54":{"start":{"line":75,"column":16},"end":{"line":75,"column":84}},"55":{"start":{"line":76,"column":16},"end":{"line":76,"column":22}},"56":{"start":{"line":78,"column":16},"end":{"line":78,"column":84}},"57":{"start":{"line":79,"column":16},"end":{"line":79,"column":22}},"58":{"start":{"line":81,"column":16},"end":{"line":81,"column":72}},"59":{"start":{"line":82,"column":16},"end":{"line":82,"column":22}},"60":{"start":{"line":84,"column":16},"end":{"line":84,"column":86}},"61":{"start":{"line":88,"column":0},"end":{"line":88,"column":38}},"62":{"start":{"line":90,"column":4},"end":{"line":92,"column":5}},"63":{"start":{"line":91,"column":8},"end":{"line":91,"column":80}},"64":{"start":{"line":93,"column":4},"end":{"line":95,"column":5}},"65":{"start":{"line":94,"column":8},"end":{"line":94,"column":83}},"66":{"start":{"line":97,"column":0},"end":{"line":97,"column":38}},"67":{"start":{"line":99,"column":4},"end":{"line":99,"column":77}},"68":{"start":{"line":100,"column":4},"end":{"line":105,"column":5}},"69":{"start":{"line":101,"column":8},"end":{"line":101,"column":45}},"70":{"start":{"line":104,"column":8},"end":{"line":104,"column":51}},"71":{"start":{"line":107,"column":0},"end":{"line":107,"column":42}},"72":{"start":{"line":109,"column":4},"end":{"line":111,"column":5}},"73":{"start":{"line":110,"column":8},"end":{"line":110,"column":74}},"74":{"start":{"line":112,"column":16},"end":{"line":112,"column":25}},"75":{"start":{"line":113,"column":4},"end":{"line":115,"column":5}},"76":{"start":{"line":114,"column":8},"end":{"line":114,"column":63}},"77":{"start":{"line":117,"column":0},"end":{"line":117,"column":40}},"78":{"start":{"line":119,"column":4},"end":{"line":121,"column":5}},"79":{"start":{"line":120,"column":8},"end":{"line":120,"column":76}},"80":{"start":{"line":122,"column":16},"end":{"line":122,"column":25}},"81":{"start":{"line":123,"column":4},"end":{"line":125,"column":5}},"82":{"start":{"line":124,"column":8},"end":{"line":124,"column":63}},"83":{"start":{"line":126,"column":4},"end":{"line":127,"column":5}},"84":{"start":{"line":128,"column":24},"end":{"line":128,"column":40}},"85":{"start":{"line":129,"column":4},"end":{"line":148,"column":5}},"86":{"start":{"line":130,"column":8},"end":{"line":130,"column":70}},"87":{"start":{"line":132,"column":9},"end":{"line":148,"column":5}},"88":{"start":{"line":133,"column":8},"end":{"line":142,"column":9}},"89":{"start":{"line":134,"column":12},"end":{"line":136,"column":13}},"90":{"start":{"line":135,"column":16},"end":{"line":135,"column":109}},"91":{"start":{"line":139,"column":12},"end":{"line":141,"column":13}},"92":{"start":{"line":140,"column":16},"end":{"line":140,"column":100}},"93":{"start":{"line":144,"column":9},"end":{"line":148,"column":5}},"94":{"start":{"line":145,"column":8},"end":{"line":147,"column":9}},"95":{"start":{"line":146,"column":12},"end":{"line":146,"column":106}},"96":{"start":{"line":150,"column":0},"end":{"line":150,"column":40}},"97":{"start":{"line":152,"column":4},"end":{"line":154,"column":5}},"98":{"start":{"line":153,"column":8},"end":{"line":153,"column":74}},"99":{"start":{"line":155,"column":14},"end":{"line":155,"column":21}},"100":{"start":{"line":156,"column":4},"end":{"line":158,"column":5}},"101":{"start":{"line":157,"column":8},"end":{"line":157,"column":63}},"102":{"start":{"line":159,"column":19},"end":{"line":159,"column":33}},"103":{"start":{"line":160,"column":4},"end":{"line":162,"column":5}},"104":{"start":{"line":161,"column":8},"end":{"line":161,"column":90}},"105":{"start":{"line":163,"column":4},"end":{"line":165,"column":5}},"106":{"start":{"line":164,"column":8},"end":{"line":164,"column":80}},"107":{"start":{"line":166,"column":18},"end":{"line":166,"column":29}},"108":{"start":{"line":167,"column":4},"end":{"line":167,"column":55}},"109":{"start":{"line":168,"column":4},"end":{"line":170,"column":5}},"110":{"start":{"line":169,"column":8},"end":{"line":169,"column":73}},"111":{"start":{"line":171,"column":18},"end":{"line":171,"column":29}},"112":{"start":{"line":172,"column":4},"end":{"line":174,"column":5}},"113":{"start":{"line":173,"column":8},"end":{"line":173,"column":65}},"114":{"start":{"line":175,"column":4},"end":{"line":177,"column":5}},"115":{"start":{"line":176,"column":8},"end":{"line":176,"column":64}},"116":{"start":{"line":178,"column":4},"end":{"line":180,"column":5}},"117":{"start":{"line":179,"column":8},"end":{"line":179,"column":64}},"118":{"start":{"line":181,"column":4},"end":{"line":183,"column":5}},"119":{"start":{"line":182,"column":8},"end":{"line":182,"column":65}},"120":{"start":{"line":185,"column":0},"end":{"line":185,"column":34}},"121":{"start":{"line":187,"column":4},"end":{"line":194,"column":5}},"122":{"start":{"line":188,"column":8},"end":{"line":188,"column":42}},"123":{"start":{"line":191,"column":8},"end":{"line":193,"column":9}},"124":{"start":{"line":192,"column":12},"end":{"line":192,"column":85}},"125":{"start":{"line":196,"column":0},"end":{"line":196,"column":60}},"126":{"start":{"line":198,"column":4},"end":{"line":198,"column":30}},"127":{"start":{"line":199,"column":18},"end":{"line":199,"column":20}},"128":{"start":{"line":200,"column":16},"end":{"line":200,"column":22}},"129":{"start":{"line":201,"column":4},"end":{"line":215,"column":7}},"130":{"start":{"line":202,"column":8},"end":{"line":214,"column":9}},"131":{"start":{"line":204,"column":16},"end":{"line":206,"column":17}},"132":{"start":{"line":205,"column":20},"end":{"line":205,"column":88}},"133":{"start":{"line":207,"column":16},"end":{"line":207,"column":32}},"134":{"start":{"line":208,"column":16},"end":{"line":208,"column":22}},"135":{"start":{"line":210,"column":16},"end":{"line":210,"column":30}},"136":{"start":{"line":211,"column":16},"end":{"line":211,"column":22}},"137":{"start":{"line":213,"column":16},"end":{"line":213,"column":79}},"138":{"start":{"line":216,"column":4},"end":{"line":216,"column":70}},"139":{"start":{"line":217,"column":4},"end":{"line":217,"column":40}},"140":{"start":{"line":219,"column":0},"end":{"line":219,"column":40}},"141":{"start":{"line":221,"column":4},"end":{"line":223,"column":5}},"142":{"start":{"line":222,"column":8},"end":{"line":222,"column":77}},"143":{"start":{"line":224,"column":4},"end":{"line":229,"column":5}},"144":{"start":{"line":225,"column":19},"end":{"line":225,"column":21}},"145":{"start":{"line":226,"column":8},"end":{"line":226,"column":26}},"146":{"start":{"line":227,"column":8},"end":{"line":227,"column":71}},"147":{"start":{"line":228,"column":8},"end":{"line":228,"column":19}},"148":{"start":{"line":231,"column":0},"end":{"line":231,"column":54}},"149":{"start":{"line":233,"column":4},"end":{"line":235,"column":5}},"150":{"start":{"line":234,"column":8},"end":{"line":234,"column":89}},"151":{"start":{"line":237,"column":0},"end":{"line":237,"column":50}},"152":{"start":{"line":239,"column":15},"end":{"line":239,"column":33}},"153":{"start":{"line":240,"column":4},"end":{"line":242,"column":5}},"154":{"start":{"line":241,"column":8},"end":{"line":241,"column":63}},"155":{"start":{"line":244,"column":0},"end":{"line":244,"column":48}}},"fnMap":{"0":{"name":"(anonymous_0)","decl":{"start":{"line":2,"column":74},"end":{"line":2,"column":75}},"loc":{"start":{"line":2,"column":96},"end":{"line":9,"column":1}},"line":2},"1":{"name":"(anonymous_1)","decl":{"start":{"line":6,"column":38},"end":{"line":6,"column":39}},"loc":{"start":{"line":6,"column":49},"end":{"line":6,"column":65}},"line":6},"2":{"name":"(anonymous_2)","decl":{"start":{"line":9,"column":6},"end":{"line":9,"column":7}},"loc":{"start":{"line":9,"column":28},"end":{"line":12,"column":1}},"line":9},"3":{"name":"(anonymous_3)","decl":{"start":{"line":13,"column":80},"end":{"line":13,"column":81}},"loc":{"start":{"line":13,"column":95},"end":{"line":15,"column":1}},"line":13},"4":{"name":"(anonymous_4)","decl":{"start":{"line":15,"column":5},"end":{"line":15,"column":6}},"loc":{"start":{"line":15,"column":20},"end":{"line":17,"column":1}},"line":15},"5":{"name":"(anonymous_5)","decl":{"start":{"line":18,"column":50},"end":{"line":18,"column":51}},"loc":{"start":{"line":18,"column":65},"end":{"line":24,"column":1}},"line":18},"6":{"name":"getQueryAsJson","decl":{"start":{"line":31,"column":9},"end":{"line":31,"column":23}},"loc":{"start":{"line":31,"column":31},"end":{"line":42,"column":1}},"line":31},"7":{"name":"validateQuery","decl":{"start":{"line":44,"column":15},"end":{"line":44,"column":28}},"loc":{"start":{"line":44,"column":36},"end":{"line":50,"column":1}},"line":44},"8":{"name":"validateHasWhereAndOption","decl":{"start":{"line":52,"column":9},"end":{"line":52,"column":34}},"loc":{"start":{"line":52,"column":42},"end":{"line":57,"column":1}},"line":52},"9":{"name":"validateWhere","decl":{"start":{"line":59,"column":9},"end":{"line":59,"column":22}},"loc":{"start":{"line":59,"column":65},"end":{"line":87,"column":1}},"line":59},"10":{"name":"(anonymous_10)","decl":{"start":{"line":60,"column":34},"end":{"line":60,"column":35}},"loc":{"start":{"line":60,"column":52},"end":{"line":86,"column":5}},"line":60},"11":{"name":"validateANDOR","decl":{"start":{"line":89,"column":9},"end":{"line":89,"column":22}},"loc":{"start":{"line":89,"column":30},"end":{"line":96,"column":1}},"line":89},"12":{"name":"validComparison","decl":{"start":{"line":98,"column":9},"end":{"line":98,"column":24}},"loc":{"start":{"line":98,"column":73},"end":{"line":106,"column":1}},"line":98},"13":{"name":"validateMValue","decl":{"start":{"line":108,"column":9},"end":{"line":108,"column":23}},"loc":{"start":{"line":108,"column":38},"end":{"line":116,"column":1}},"line":108},"14":{"name":"validateSValue","decl":{"start":{"line":118,"column":9},"end":{"line":118,"column":23}},"loc":{"start":{"line":118,"column":32},"end":{"line":149,"column":1}},"line":118},"15":{"name":"validateKey","decl":{"start":{"line":151,"column":9},"end":{"line":151,"column":20}},"loc":{"start":{"line":151,"column":68},"end":{"line":184,"column":1}},"line":151},"16":{"name":"validateAccessOneDataset","decl":{"start":{"line":186,"column":9},"end":{"line":186,"column":33}},"loc":{"start":{"line":186,"column":65},"end":{"line":195,"column":1}},"line":186},"17":{"name":"validateOption","decl":{"start":{"line":197,"column":9},"end":{"line":197,"column":23}},"loc":{"start":{"l
[...]
nd":{"line":26,"column":33}},"type":"binary-expr","locations":[{"start":{"line":26,"column":12},"end":{"line":26,"column":15}},{"start":{"line":26,"column":19},"end":{"line":26,"column":33}}],"line":26},"19":{"loc":{"start":{"line":37,"column":8},"end":{"line":56,"column":9}},"type":"if","locations":[{"start":{"line":37,"column":8},"end":{"line":56,"column":9}},{"start":{"line":37,"column":8},"end":{"line":56,"column":9}}],"line":37},"20":{"loc":{"start":{"line":120,"column":12},"end":{"line":125,"column":13}},"type":"if","locations":[{"start":{"line":120,"column":12},"end":{"line":125,"column":13}},{"start":{"line":120,"column":12},"end":{"line":125,"column":13}}],"line":120},"21":{"loc":{"start":{"line":138,"column":8},"end":{"line":145,"column":9}},"type":"if","locations":[{"start":{"line":138,"column":8},"end":{"line":145,"column":9}},{"start":{"line":138,"column":8},"end":{"line":145,"column":9}}],"line":138},"22":{"loc":{"start":{"line":138,"column":12},"end":{"line":138,"column":79}},"type":"binary-expr","locations":[{"start":{"line":138,"column":12},"end":{"line":138,"column":48}},{"start":{"line":138,"column":52},"end":{"line":138,"column":79}}],"line":138},"23":{"loc":{"start":{"line":141,"column":13},"end":{"line":145,"column":9}},"type":"if","locations":[{"start":{"line":141,"column":13},"end":{"line":145,"column":9}},{"start":{"line":141,"column":13},"end":{"line":145,"column":9}}],"line":141},"24":{"loc":{"start":{"line":142,"column":12},"end":{"line":144,"column":13}},"type":"if","locations":[{"start":{"line":142,"column":12},"end":{"line":144,"column":13}},{"start":{"line":142,"column":12},"end":{"line":144,"column":13}}],"line":142},"25":{"loc":{"start":{"line":158,"column":8},"end":{"line":166,"column":9}},"type":"if","locations":[{"start":{"line":158,"column":8},"end":{"line":166,"column":9}},{"start":{"line":158,"column":8},"end":{"line":166,"column":9}}],"line":158},"26":{"loc":{"start":{"line":158,"column":12},"end":{"line":158,"column":79}},"type":"binary-expr","locations":[{"start":{"line":158,"column":12},"end":{"line":158,"column":48}},{"start":{"line":158,"column":52},"end":{"line":158,"column":79}}],"line":158},"27":{"loc":{"start":{"line":162,"column":13},"end":{"line":166,"column":9}},"type":"if","locations":[{"start":{"line":162,"column":13},"end":{"line":166,"column":9}},{"start":{"line":162,"column":13},"end":{"line":166,"column":9}}],"line":162},"28":{"loc":{"start":{"line":163,"column":12},"end":{"line":165,"column":13}},"type":"if","locations":[{"start":{"line":163,"column":12},"end":{"line":165,"column":13}},{"start":{"line":163,"column":12},"end":{"line":165,"column":13}}],"line":163},"29":{"loc":{"start":{"line":178,"column":29},"end":{"line":178,"column":82}},"type":"cond-expr","locations":[{"start":{"line":178,"column":58},"end":{"line":178,"column":62}},{"start":{"line":178,"column":65},"end":{"line":178,"column":82}}],"line":178},"30":{"loc":{"start":{"line":218,"column":12},"end":{"line":223,"column":13}},"type":"if","locations":[{"start":{"line":218,"column":12},"end":{"line":223,"column":13}},{"start":{"line":218,"column":12},"end":{"line":223,"column":13}}],"line":218}},"s":{"0":1,"1":0,"2":0,"3":0,"4":0,"5":0,"6":0,"7":0,"8":0,"9":0,"10":0,"11":1,"12":0,"13":0,"14":1,"15":1,"16":1,"17":0,"18":0,"19":0,"20":0,"21":0,"22":0,"23":0,"24":1,"25":1,"26":1,"27":1,"28":1,"29":1,"30":1,"31":1,"32":1,"33":76,"34":76,"35":76,"36":76,"37":76,"38":76,"39":76,"40":76,"41":412,"42":412,"43":412,"44":76,"45":0,"46":0,"47":1,"48":1,"49":1,"50":412,"51":412,"52":412,"53":1830,"54":1830,"55":1830,"56":412,"57":1,"58":74,"59":74,"60":74,"61":74,"62":370,"63":370,"64":370,"65":74,"66":74,"67":1,"68":1,"69":364,"70":1,"71":1,"72":408,"73":408,"74":1,"75":0,"76":0,"77":1,"78":0,"79":0,"80":0,"81":0,"82":0,"83":0,"84":0,"85":1,"86":76,"87":76,"88":76,"89":76,"90":133203,"91":133203,"92":133203,"93":412,"94":132791,"95":68651,"96":68651,"97":76,"98":1,"99":0,"100":0,"101":0,"102":0,"103":0,"104":0,"105":0,"106":0,"107":0,"108":0,"109":0,"110":0,"111":0,"112":1,"113":23776,"114":258448,"115":1,"116":5,"117":5,"118":5,"119":5,"120":5,"121":5,"122":1,"123":74,"124":74,"125":74,"126":74,"127":74,"128":74,"129":74,"130":74,"131":0,"132":1,"133":1,"134":1,"135":1,"136":412,"137":30488,"138":30488,"139":408,"140":408,"141":408,"142":408,"143":1,"144":1},"f":{"0":0,"1":0,"2":0,"3":0,"4":0,"5":1,"6":1,"7":1,"8":76,"9":412,"10":74,"11":1,"12":364,"13":1,"14":408,"15":0,"16":0,"17":0,"18":0,"19":76,"20":0,"21":23776,"22":258448,"23":5,"24":74,"25":74,"26":74,"27":74,"28":74,"29":0,"30":1},"b":{"0":[1,1,1],"1":[1,0],"2":[0,0],"3":[0,0],"4":[0,0],"5":[0,0],"6":[0,0],"7":[0,0],"8":[1,1,1],"9":[1,0],"10":[1,1,1],"11":[1,0],"12":[1,1],"13":[0,0],"14":[0,0],"15":[0,0],"16":[1,1,1],"17":[0,1],"18":[1,1],"19":[76,0],"20":[0,0],"21":[412,132791],"22":[133203,412],"23":[68651,64140],"24":[68651,0],"25":[0,0],"26":[0,0],"27":[0,0],"28":[0,0],"29":[98484,159964],"30":[408,30080]},"inputSourceMap":{"version":3,"file":"C:/Users/Ryank/Desktop/project_team203/src/controller/AddDatasetHelperFunctions2.ts","sources":["C:/Users/Ryank/Desktop/project_team203/src/controller/AddDatasetHelperFunctions2.ts"],"names":[],"mappings":";;;;;;;;;;;;;;;;;;;;;;;;;;;;;AACA,+CAAiC;AACjC,qDAAiF;AACjF,0DAA6B;AAC7B,6EAAuG;AAEhG,KAAK,UAAU,oBAAoB,CAAC,SAAmB,EAAE,GAAU,EAAE,EAAU;IACrF,IAAI,YAAY,GAAG,SAAS,CAAC,GAAG,CAAC,KAAK,EAAE,QAAQ,EAAE,EAAE;QACnD,IAAI,IAAI,GAAG,GAAG,CAAC,IAAI,CAAC,QAAQ,CAAC,CAAC;QAC9B,IAAI,IAAI,IAAI,IAAI,EAAE;YACjB,IAAI;gBACH,IAAI,WAAW,GAAG,MAAM,IAAI,CAAC,KAAK,CAAC,QAAQ,CAAC,CAAC;gBAC7C,IAAI,aAAa,GAAG,MAAM,CAAC,KAAK,CAAC,WAAW,CAAC,CAAC;gBAC9C,IAAI,SAAS,GAAG,kBAAkB,CAAC,aAAa,EAAE,IAAI,CAAC,CAAC;gBAExD,IAAI,cAAc,GAAG,EAAE,CAAC;gBACxB,KAAK,IAAI,QAAQ,IAAI,SAAS,EAAE;oBAC/B,IAAI,aAAa,GAAG,eAAe,CAAC,QAAQ,CAAC,UAAU,CAAC,CAAC;oBACzD,aAAa,CAAC,QAAQ,CAAC,GAAG,QAAQ,CAAC;oBACnC,cAAc,CAAC,IAAI,CAAC,aAAa,CAAC,CAAC;iBACnC;gBACD,OAAO,cAAc,CAAC;aACtB;YAAC,OAAO,CAAC,EAAE;gBACX,MAAM,IAAI,6BAAY,CAAC,yBAAyB,GAAG,QAAQ,CAAC,CAAC;aAC7D;SACD;aAAM;YACN,OAAO,EAAE,CAAC;SACV;IACF,CAAC,CAAC,CAAC;IACH,IAAI,wBAAwB,GAAG,MAAM,OAAO,CAAC,GAAG,CAAC,YAAY,CAAC,CAAC;IAC/D,OAAQ,EAAc,CAAC,MAAM,CAAC,GAAG,wBAAwB,CAAC,CAAC;AAC5D,CAAC;AAzBD,oDAyBC;AAED,SAAgB,eAAe,CAAC,QAAe;IAC9C,IAAI,gBAAgB,GAAG,IAAA,qDAAwB,EAAC,QAAQ,EAAE,IAAI,CAAC,CAAC;IAChE,IAAI,IAAI,GAAQ,EAAC,MAAM,EAAE,MAAM,EAAE,MAAM,EAAE,MAAM,EAAE,KAAK,EAAE,MAAM,EAAE,IAAI,EAAE,MAAM,EAAE,SAAS,EAAE,MAAM,EAAE,IAAI,EAAE,MAAM,EAAC,CAAC;IAC/G,KAAK,IAAI,MAAM,IAAI,gBAAgB,EAAE;QACpC,IAAI,UAAU,GAAG,MAAM,CAAC,KAAK,CAAC,CAAC,CAAC,CAAC,OAAO,CAAC,CAAC;QAC1C,IAAI,WAAW,GAAG,IAAA,2CAAc,EAAC,MAAM,EAAE,UAAU,CAAC,CAAC;QACrD,IAAA,4CAAe,EAAC,IAAI,EAAE,UAAU,EAAE,WAAW,CAAC,CAAC;KAC/C;IACD,OAAO,IAAI,CAAC;AACb,CAAC;AATD,0CASC;AAED,SAAgB,gBAAgB,CAAC,GAAQ;IACxC,IAAI,WAAW,GAAG,GAAG,CAAC,UAAU,CAAC;IACjC,IAAI,IAAI,GAAQ,EAAC,QAAQ,EAAE,MAAM,EAAE,SAAS,EAAE,MAAM,EAAE,OAAO,EAAE,MAAM,EAAC,CAAC;IACvE,WAAW,GAAG,IAAA,qDAAwB,EAAC,WAAW,EAAE,IAAI,CAAC,CAAC;IAC1D,KAAK,IAAI,MAAM,IAAI,WAAW,EAAE;QAC/B,IAAI,UAAU,GAAG,MAAM,CAAC,KAAK,CAAC,CAAC,CAAC,CAAC,OAAO,CAAC,CAAC;QAC1C,IAAI,WAAW,GAAG,IAAA,2CAAc,EAAC,MAAM,EAAE,UAAU,CAAC,CAAC;QACrD,IAAA,4CAAe,EAAC,IAAI,EAAE,UAAU,EAAE,WAAW,CAAC,CAAC;KAE/C;IACD,OAAO,IAAI,CAAC,MAAM,CAAC,CAAC;IACpB,OAAO,IAAI,CAAC;AACb,CAAC;AAZD,4CAYC;AAED,SAAgB,SAAS,CAAC,kBAAyB,EAAE,EAAU;IAC9D,OAAO,kBAAkB,CAAC,GAAG,CAAC,CAAC,IAAS,EAAE,EAAE,CAAC,CAAC;QAC7C,CAAC,GAAG,EAAE,WAAW,CAAC,EAAE,IAAI,CAAC,QAAkB;QAC3C,CAAC,GAAG,EAAE,YAAY,CAAC,EAAE,IAAI,CAAC,SAAmB;QAC7C,CAAC,GAAG,EAAE,SAAS,CAAC,EAAE,IAAI,CAAC,MAAgB;QACvC,CAAC,GAAG,EAAE,OAAO,CAAC,EAAE,CAAC,GAAG,IAAI,CAAC,SAAS,IAAI,IAAI,CAAC,MAAM,EAAE,CAAW;QAC9D,CAAC,GAAG,EAAE,UAAU,CAAC,EAAE,IAAI,CAAC,OAAiB;QACzC,CAAC,GAAG,EAAE,MAAM,CAAC,EAAE,MAAM,CAAC,IAAI,CAAC,GAAG,CAAC;QAC/B,CAAC,GAAG,EAAE,MAAM,CAAC,EAAE,MAAM,CAAC,IAAI,CAAC,GAAG,CAAC;QAC/B,CAAC,GAAG,EAAE,QAAQ,CAAC,EAAE,MAAM,CAAC,IAAI,CAAC,KAAK,CAAC;QACnC,CAAC,GAAG,EAAE,OAAO,CAAC,EAAE,IAAI,CAAC,IAAc;QACnC,CAAC,GAAG,EAAE,YAAY,CAAC,EAAE,IAAI,CAAC,SAAmB;QAC7C,CAAC,GAAG,EAAE,OAAO,CAAC,EAAE,IAAI,CAAC,IAAc;KACnC,CAAC,CAAC,CAAC;AACL,CAAC;AAdD,8BAcC;AAED,SAAgB,eAAe,CAAC,mBAA0B;IACzD,OAAO,mBAAmB,CAAC,MAAM,CAAC,CAAC,IAAI,EAAE,EAAE;QAC1C,IAAI,UAAU,GAAG,MAAM,CAAC,MAAM,CAAC,IAAI,CAAC,CAAC;QACrC,OAAO,CAAC,UAAU,CAAC,QAAQ,CAAC,MAAM,CAAC,CAAC;IACrC,CAAC,CAAC,CAAC;AACJ,CAAC;AALD,0CAKC;AAED,SAAgB,oBAAoB,CAAC,SAAgB;IACpD,OAAO,SAAS,CAAC,MAAM,CAAC,CAAC,KAAK,EAAE,EAAE;QACjC,OAAO,cAAc,CAAC,KAAK,CAAC,CAAC;IAC9B,CAAC,CAAC,CAAC;AACJ,CAAC;AAJD,oDAIC;AAED,SAAgB,cAAc,CAAC,KAAU;IACxC,IAAI,OAAO,GAAG,sBAAsB,CAAC,KAAK,EAAE,IAAI,CAAC,CAAC;IAClD,IAAI,WAAW,GAAG,kBAAkB,CAAC,OAAO,EAAE,IAAI,CAAC,CAAC;IACpD,IAAI,WAAW,GAAG,WAAW,CAAC,GAAG,CAAC,CAAC,UAAU,EAAE,EAAE;QAChD,KAAK,IAAI,IAAI,IAAI,UAAU,CAAC,KAAK,EAAE;YAClC,IAAI,IAAI,CAAC,MAAM,CAAC,KAAK,OAAO,EAAE;gBAC7B,OAAO,IAAI,CAAC,OAAO,CAAC,CAAC;aACrB;iBAAM;gBACN,OAAO,EAAE,CAAC;aACV;SACD;IACF,CAAC,CAAC,CAAC;AACJ,CAAC;AAZD,wCAYC;AAED,SAAgB,kBAAkB,CAAC,YAAiB,EAAE,QAAgB;IACrE,IAAI,QAAQ,GAAU,EAAE,CAAC;IACzB,IAAI,WAAgB,CAAC;IACrB,IAAI,MAAM,GAAU,EAAE,CAAC;IACvB,QAAQ,CAAC,IAAI,CAAC,YAAY,CAAC,CAAC;IAC5B,OAAM,CAAC,CAAC,QAAQ,CAAC,MAAM,KAAK,CAAC,CAAC,EAAE;QAC/B,WAAW,GAAG,QAAQ,CAAC,GAAG,EAAE,CAAC;QAC7B,IAAI,IAAI,GAAG,MAAM,CAAC,IAAI,CAAC,WAAW,CAAC,CAAC;QACpC,IAAI,WAAW,CAAC,UAAU,CAAC,KAAK,QAAQ,IAAI,IAAI,CAAC,QAAQ,CAAC,YAAY,CAAC,EAAE;YACxE,MAAM,CAAC,IAAI,CAAC,WAAW,CAAC,CAAC;SACzB;aAAM,IAAI,IAAI,CAAC,QAAQ,CAAC,YAAY,CAAC,EAAE;YACvC,IAAI,KAAK,CAAC,OAAO,CAAC,WAAW,CAAC,UAAU,CAAC,EAAE;gBAC1C,QAAQ,CAAC,IAAI,CAAC,GAAG,WAAW,CAAC,UAAU,CAAC,CAAC;aACzC;SACD;KACD;IACD,OAAO,MAAM,CAAC;AACf,CAAC;AAjBD,gDAiBC;AAED,SAAgB,sBAAsB,CAAC,YAAiB,EAAE,QAAgB;IACzE,IAAI,QAAQ,GAAU,EAAE,CAAC;IACzB,IAAI,WAAgB,CAAC;IACrB,IAAI,MAAM,GAAU,EAAE,CAAC;IACvB,QAAQ,CAAC,IAAI,CAAC,YAAY,CAAC,CAAC;IAC5B,OAAM,CAAC,CAAC,QAAQ,CAAC,MAAM,KAAK,CAAC,CAAC,EAAE;QAC/B,WAAW,GAAG,QAAQ,CAAC,GAAG,EAAE,CAAC;QAC7B,IAAI,IAAI,GAAG,MAAM,CAAC,IAAI,CAAC,WAAW,CAAC,CAAC;QACpC,IAAI,WAAW,CAAC,UAAU,CAAC,KAAK,QAAQ,IAAI,IAAI,CAAC,QAAQ,CAAC,YAAY,CAAC,EAAE;YACxE,MAAM,CAAC,IAAI,CAAC,WAAW,CAAC,CAAC;YACzB,MAAM;SACN;aAAM,IAAI,IAAI,CAAC,QAAQ,CAAC,YAAY,CAAC,EAAE;YACvC,IAAI,KAAK,CAAC,OAAO,CAAC,WAAW,CAAC,UAAU,CAAC,EAAE;gBAC1C,QAAQ,CAAC,IAAI,CAAC,GAAG,WAAW,CAAC,UAAU,CAAC,CAAC;aACzC;SACD;KACD;IACD,OAAO,MAAM,CAAC;AACf,CAAC;AAlBD,wDAkBC;AAGD,SAAgB,MAAM,CAAC,UAAe,EAAE,OAAe;IACtD,OAAO,UAAU,CAAC,GAAG,CAAC,CAAC,IAAS,EAAE,EAAE,CAAC,CAAC;QACrC,CAAC,GAAG,OAAO,OAAO,CAAC,EAAE,IAAI,CAAC,EAAE,CAAC,QAAQ,EAAE;QACvC,CAAC,GAAG,OAAO,KAAK,CAAC,EAAE,IAAI,CAAC,MAAgB;QACxC,CAAC,GAAG,OAAO,QAAQ,CAAC,EAAE,IAAI,CAAC,KAAe;QAC1C,CAAC,GAAG,OAAO,aAAa,CAAC,EAAE,IAAI,CAAC,SAAmB;QACnD,CAAC,GAAG,OAAO,OAAO,CAAC,EAAE,IAAI,CAAC,OAAiB;QAC3C,CAAC,GAAG,OAAO,OAAO,CAAC,EAAE,IAAI,CAAC,OAAO,KAAK,SAAS,CAAC,CAAC,CAAC,IAAI,CAAC,CAAC,CAAC,MAAM,CAAC,IAAI,CAAC,IAAI,CAAC;QAC1E,CAAC,GAAG,OAAO,MAAM,CAAC,EAAE,IAAI,CAAC,GAAa;QACtC,CAAC,GAAG,OAAO,OAAO,CAAC,EAAE,IAAI,CAAC,IAAc;QACxC,CAAC,GAAG,OAAO,OAAO,CAAC,EAAE,IAAI,CAAC,IAAc;QACxC,CAAC,GAAG,OAAO,QAAQ,CAAC,EAAE,IAAI,CAAC,KAAe;KAC1C,CAAC,CAAC,CAAC;AACL,CAAC;AAbD,wBAaC;AAED,SAAgB,iBAAiB,CAAC,EAAU,EAAE,IAAwB,EAAE,KAAY;IACnF,IAAI,UAAU,GAAyB,EAAE,CAAC;IAC1C,UAAU,CAAC,IAAI,CAAC,GAAG,EAAE,CAAC;IACtB,UAAU,CAAC,MAAM,CAAC,GAAG,IAAI,CAAC;IAC1B,UAAU,CAAC,SAAS,CAAC,GAAG,KAAK,CAAC,MAAM,CAAC;IACrC,UAAU,CAAC,MAAM,CAAC,GAAG,KAAK,CAAC;IAC3B,OAAO,UAAU,CAAC;AACnB,CAAC;AAPD,8CAOC;AAED,SAAgB,eAAe,CAAC,OAAe;IAC9C,IAAI,GAAG,GAAG,kBAAkB,CAAC,OAAO,CAAC,CAAC;IACtC,OAAO,IAAI,OAAO,CAAC,CAAC,OAAO,EAAE,MAAM,EAAE,EAAE;QACtC,mBAAI,CAAC,GAAG,CAAC,gEAAgE,GAAG,EAAE,EAAE,CAAC,GAAG,EAAE,EAAE;YACvF,IAAI,IAAI,GAAG,EAAE,CAAC;YAEd,GAAG,CAAC,EAAE,CAAC,MAAM,EAAE,CAAC,KAAK,EAAE,EAAE;gBACxB,IAAI,IAAI,KAAK,CAAC;YACf,CAAC,CAAC,CAAC;YAGH,GAAG,CAAC,EAAE,CAAC,KAAK,EAAE,GAAG,EAAE;gBAClB,OAAO,OAAO,CAAC,IAAI,CAAC,CAAC;YACtB,CAAC,CAAC,CAAC,EAAE,CAAC,OAAO,EAAE,CAAC,KAAK,EAAE,EAAE;gBACxB,MAAM,CAAC,KAAK,CAAC,CAAC;YACf,CAAC,CAAC,CAAC;QACJ,CAAC,CAAC,CAAC;IACJ,CAAC,CAAC,CAAC;AACJ,CAAC;AAlBD,0CAkBC;AAED,SAAgB,aAAa,CAAC,UAAiB,EAAE,aAAoB;IACpE,IAAI,MAAM,GAAG,EAAE,CAAC;IAChB,IAAI,KAAK,GAAG,CAAC,CAAC;IACd,KAAK,IAAI,SAAS,IAAI,UAAU,EAAE;QACjC,KAAK,IAAI,QAAQ,IAAI,aAAa,EAAE;YACnC,IAAI,MAAM,GAAG,SAAS,CAAC,QAAQ,CAAC,CAAC,KAAK,CAAC,EAAE,EAAE,CAAC,CAAC,CAAC,CAAC;YAC/C,IAAI,MAAM,KAAK,QAAQ,CAAC,WAAW,CAAC,EAAE;gBACrC,KAAK,EAAE,CAAC;gBACR,IAAI,WAAW,GAAG,EAAC,GAAG,SAAS,EAAE,GAAG,QAAQ,EAAC,CAAC;gBAC9C,OAAO,WAAW,CAAC,QAAQ,CAAC,CAAC;gBAC7B,MAAM,CAAC,IAAI,CAAC,WAAW,CAAC,CAAC;aACzB;SACD;KACD;IACD,OAAO,MAAM,CAAC;AACf,CAAC;AAfD,sCAeC","sourcesContent":["import JSZip from \"jszip\";\r\nimport * as parse5 from \"parse5\";\r\nimport {InsightDatasetKind, InsightError, InsightResult} from \"./IInsightFacade\";\r\nimport http from \"node:http\";\r\nimport {assignRoomValue, filterNodeListByNodeName, getColumnValue} from \"./AddDatasetHelperFunctions1\";\r\n\r\nexport async function getContentsRoomFiles(fileNames: string[], zip: JSZip, id: string) {\r\n\tlet filePromises = fileNames.map(async (fileName) => {\r\n\t\tlet file = zip.file(fileName);\r\n\t\tif (file != null) {\r\n\t\t\ttry {\r\n\t\t\t\tlet fileContent = await file.async(\"string\");\r\n\t\t\t\tlet parsedContent = parse5.parse(fileContent);\r\n\t\t\t\tlet tableRows = getNodesByNodeName(parsedContent, \"tr\");\r\n\t\t\t\t// TODO To validate tableRows can be filtered.\r\n\t\t\t\tlet columnContents = [];\r\n\t\t\t\tfor (let tableRow of tableRows) {\r\n\t\t\t\t\tlet columnContent = getTableColumns(tableRow.childNodes);\r\n\t\t\t\t\tcolumnContent[\"marker\"] = fileName;\r\n\t\t\t\t\tcolumnContents.push(columnContent);\r\n\t\t\t\t}\r\n\t\t\t\treturn columnContents;\r\n\t\t\t} catch (e) {\r\n\t\t\t\tthrow new InsightError(\"Error processing file: \" + fileName);\r\n\t\t\t}\r\n\t\t} else {\r\n\t\t\treturn [];\r\n\t\t}\r\n\t});\r\n\tlet contentsInDifferentFiles = await Promise.all(filePromises);\r\n\treturn ([] as any[][]).concat(...contentsInDifferentFiles);\r\n}\r\n\r\nexport function getTableColumns(tableRow: any[]) {\r\n\tlet filteredTableRow = filterNodeListByNodeName(tableRow, \"td\");\r\n\tlet room: any = {marker: \"null\", number: \"null\", seats: \"null\", type: \"null\", furniture: \"null\", href: \"null\"};\r\n\tfor (let column of filteredTableRow) {\r\n\t\tlet columnName = column.attrs[0][\"value\"];\r\n\t\tlet columnValue = getColumnValue(column, columnName);\r\n\t\tassignRoomValue(room, columnName, columnValue);\r\n\t}\r\n\treturn room;\r\n}\r\n\r\nexport function parseBuildingRow(row: any) {\r\n\tlet rowContents = row.childNodes;\r\n\tlet room: any = {fullName: \"null\", shortName: \"null\", address: \"null\"};\r\n\trowContents = filterNodeListByNodeName(rowContents, \"td\");\r\n\tfor (let column of rowContents) {\r\n\t\tlet columnName = column.attrs[0][\"value\"];\r\n\t\tlet columnValue = getColumnValue(column, columnName);\r\n\t\tassignRoomValue(room, columnName, columnValue);\r\n\t\t// TODO Could use an else statement here to handle invalid (incomplete) rooms.\r\n\t}\r\n\tdelete room[\"href\"];\r\n\treturn room;\r\n}\r\n\r\nexport function addRoomId(unLabeledCacheData: any[], id: string) {\r\n\treturn unLabeledCacheData.map((data: any) => ({\r\n\t\t[`${id}_fullname`]: data.fullName as string,\r\n\t\t[`${id}_shortname`]: data.shortName as string,\r\n\t\t[`${id}_number`]: data.number as string,\r\n\t\t[`${id}_name`]: (`${data.shortName}_${data.number}`) as string,\r\n\t\t[`${id}_address`]: data.address as string,\r\n\t\t[`${id}_lat`]: Number(data.lat),\r\n\t\t[`${id}_lon`]: Number(data.lon),\r\n\t\t[`${id}_seats`]: Number(data.seats),\r\n\t\t[`${id}_type`]: data.type as string,\r\n\t\t[`${id}_furniture`]: data.furniture as string,\r\n\t\t[`${id}_href`]: data.href as string,\r\n\t}));\r\n}\r\n\r\nexport function filterCacheData(unfilteredCacheData: any[]) {\r\n\treturn unfilteredCacheData.filter((data) => {\r\n\t\tlet dataValues = Object.values(data);\r\n\t\treturn !dataValues.includes(\"null\");\r\n\t});\r\n}\r\n\r\nexport function filterValidRoomTable(allTables: any[]) {\r\n\treturn allTables.filter((table) => {\r\n\t\treturn validRoomTable(table);\r\n\t});\r\n}\r\n\r\nexport function validRoomTable(table: any) {\r\n\tlet rowNode = getFirstNodeByNodeName(table, \"tr\");\r\n\tlet columnNodes = getNodesByNodeName(rowNode, \"th\");\r\n\tlet columnNames = columnNodes.map((columnNode) => {\r\n\t\tfor (let attr of columnNode.attrs) {\r\n\t\t\tif (attr[\"name\"] === \"class\") {\r\n\t\t\t\treturn attr[\"value\"];\r\n\t\t\t} else {\r\n\t\t\t\treturn \"\";\r\n\t\t\t}\r\n\t\t}\r\n\t});\r\n}\r\n\r\nexport function getNodesByNodeName(startingNode: any, nodeName: string) {\r\n\tlet frontier: any[] = [];\r\n\tlet currentNode: any;\r\n\tlet result: any[] = [];\r\n\tfrontier.push(startingNode);\r\n\twhile(!(frontier.length === 0)) {\r\n\t\tcurrentNode = frontier.pop();\r\n\t\tlet keys = Object.keys(currentNode);\r\n\t\tif (currentNode[\"nodeName\"] === nodeName && keys.includes(\"childNodes\")) {\r\n\t\t\tresult.push(currentNode);\r\n\t\t} else if (keys.includes(\"childNodes\")) {\r\n\t\t\tif (Array.isArray(currentNode.childNodes)) {\r\n\t\t\t\tfrontier.push(...currentNode.childNodes);\r\n\t\t\t}\r\n\t\t}\r\n\t}\r\n\treturn result;\r\n}\r\n\r\nexport function getFirstNodeByNodeName(startingNode: any, nodeName: string) {\r\n\tlet frontier: any[] = [];\r\n\tlet currentNode: any;\r\n\tlet result: any[] = [];\r\n\tfrontier.push(startingNode);\r\n\twhile(!(frontier.length === 0)) {\r\n\t\tcurrentNode = frontier.pop();\r\n\t\tlet keys = Object.keys(currentNode);\r\n\t\tif (currentNode[\"nodeName\"] === nodeName && keys.includes(\"childNodes\")) {\r\n\t\t\tresult.push(currentNode);\r\n\t\t\tbreak;\r\n\t\t} else if (keys.includes(\"childNodes\")) {\r\n\t\t\tif (Array.isArray(currentNode.childNodes)) {\r\n\t\t\t\tfrontier.push(...currentNode.childNodes);\r\n\t\t\t}\r\n\t\t}\r\n\t}\r\n\treturn result;\r\n}\r\n\r\n\r\nexport function getMap(dataPoints: any, section: string) {\r\n\treturn dataPoints.map((data: any) => ({\r\n\t\t[`${section}_uuid`]: data.id.toString(),\r\n\t\t[`${section}_id`]: data.Course as string,\r\n\t\t[`${section}_title`]: data.Title as string,\r\n\t\t[`${section}_instructor`]: data.Professor as string,\r\n\t\t[`${section}_dept`]: data.Subject as string,\r\n\t\t[`${section}_year`]: data.Section === \"overall\" ? 1900 : Number(data.Year),\r\n\t\t[`${section}_avg`]: data.Avg as number,\r\n\t\t[`${section}_pass`]: data.Pass as number,\r\n\t\t[`${section}_fail`]: data.Fail as number,\r\n\t\t[`${section}_audit`]: data.Audit as number,\r\n\t}));\r\n}\r\n\r\nexport function makeInsightResult(id: string, kind: InsightDatasetKind, array: any[]): InsightResult {\r\n\tlet cachedData: {[key: string]: any} = {};\r\n\tcachedData[\"id\"] = id;\r\n\tcachedData[\"kind\"] = kind;\r\n\tcachedData[\"numRows\"] = array.length;\r\n\tcachedData[\"data\"] = array;\r\n\treturn cachedData;\r\n}\r\n\r\nexport function fetchWebContent(address: string) {\r\n\tlet uri = encodeURIComponent(address);\r\n\treturn new Promise((resolve, reject) => {\r\n\t\thttp.get(`http://cs310.students.cs.ubc.ca:11316/api/v1/project_team203/${uri}`, (res) => {\r\n\t\t\tlet data = \"\";\r\n\t\t\t// A chunk of data has been received\r\n\t\t\tres.on(\"data\", (chunk) => {\r\n\t\t\t\tdata += chunk;\r\n\t\t\t});\r\n\r\n\t\t\t// The whole response has been received\r\n\t\t\tres.on(\"end\", () => {\r\n\t\t\t\treturn resolve(data);\r\n\t\t\t}).on(\"error\", (error) => {\r\n\t\t\t\treject(error);\r\n\t\t\t});\r\n\t\t});\r\n\t});\r\n}\r\n\r\nexport function matchByMarker(roomTables: any[], buildingTable: any[]){\r\n\tlet result = [];\r\n\tlet count = 0;\r\n\tfor (let roomTable of roomTables) {\r\n\t\tfor (let building of buildingTable) {\r\n\t\t\tlet marker = roomTable[\"marker\"].slice(41, -4);\r\n\t\t\tif (marker === building[\"shortName\"]) {\r\n\t\t\t\tcount++;\r\n\t\t\t\tlet roomDataRow = {...roomTable, ...building};\r\n\t\t\t\tdelete roomDataRow[\"marker\"];\r\n\t\t\t\tresult.push(roomDataRow);\r\n\t\t\t}\r\n\t\t}\r\n\t}\r\n\treturn result;\r\n}\r\n"]},"_coverageSchema":"1a1c01bbd47fc00a2c39e90264f33305004495a9","hash":"bd5dbb61a2cfa5667afeda6af42cbcf72991f2fa","contentHash":"17218084fcc27c3c8c165c3bc460c498183438f9eeb7752cb8aed4b88e6951ef"}}