{"C:\\Users\\Winston\\Desktop\\project_team203\\src\\controller\\IInsightFacade.ts":{"path":"C:\\Users\\Winston\\Desktop\\project_team203\\src\\controller\\IInsightFacade.ts","statementMap":{"0":{"start":{"line":2,"column":0},"end":{"line":2,"column":62}},"1":{"start":{"line":3,"column":0},"end":{"line":3,"column":113}},"2":{"start":{"line":5,"column":0},"end":{"line":8,"column":89}},"3":{"start":{"line":6,"column":4},"end":{"line":6,"column":48}},"4":{"start":{"line":7,"column":4},"end":{"line":7,"column":42}},"5":{"start":{"line":11,"column":8},"end":{"line":11,"column":23}},"6":{"start":{"line":12,"column":8},"end":{"line":12,"column":52}},"7":{"start":{"line":15,"column":0},"end":{"line":15,"column":36}},"8":{"start":{"line":18,"column":8},"end":{"line":18,"column":23}},"9":{"start":{"line":19,"column":8},"end":{"line":19,"column":53}},"10":{"start":{"line":22,"column":0},"end":{"line":22,"column":38}},"11":{"start":{"line":25,"column":8},"end":{"line":25,"column":23}},"12":{"start":{"line":26,"column":8},"end":{"line":26,"column":59}},"13":{"start":{"line":29,"column":0},"end":{"line":29,"column":50}}},"fnMap":{"0":{"name":"(anonymous_0)","decl":{"start":{"line":5,"column":1},"end":{"line":5,"column":2}},"loc":{"start":{"line":5,"column":31},"end":{"line":8,"column":1}},"line":5},"1":{"name":"(anonymous_1)","decl":{"start":{"line":10,"column":4},"end":{"line":10,"column":5}},"loc":{"start":{"line":10,"column":25},"end":{"line":13,"column":5}},"line":10},"2":{"name":"(anonymous_2)","decl":{"start":{"line":17,"column":4},"end":{"line":17,"column":5}},"loc":{"start":{"line":17,"column":25},"end":{"line":20,"column":5}},"line":17},"3":{"name":"(anonymous_3)","decl":{"start":{"line":24,"column":4},"end":{"line":24,"column":5}},"loc":{"start":{"line":24,"column":25},"end":{"line":27,"column":5}},"line":24}},"branchMap":{"0":{"loc":{"start":{"line":8,"column":24},"end":{"line":8,"column":87}},"type":"binary-expr","locations":[{"start":{"line":8,"column":24},"end":{"line":8,"column":50}},{"start":{"line":8,"column":55},"end":{"line":8,"column":86}}],"line":8}},"s":{"0":1,"1":1,"2":1,"3":1,"4":1,"5":81,"6":81,"7":1,"8":0,"9":0,"10":1,"11":4,"12":4,"13":1},"f":{"0":1,"1":81,"2":0,"3":4},"b":{"0":[1,1]},"inputSourceMap":{"version":3,"file":"C:/Users/Winston/Desktop/project_team203/src/controller/IInsightFacade.ts","sources":["C:/Users/Winston/Desktop/project_team203/src/controller/IInsightFacade.ts"],"names":[],"mappings":";;;AAMA,IAAY,kBAGX;AAHD,WAAY,kBAAkB;IAC7B,2CAAqB,CAAA;IACrB,qCAAe,CAAA;AAChB,CAAC,EAHW,kBAAkB,GAAlB,0BAAkB,KAAlB,0BAAkB,QAG7B;AAYD,MAAa,YAAa,SAAQ,KAAK;IACtC,YAAY,OAAgB;QAC3B,KAAK,CAAC,OAAO,CAAC,CAAC;QACf,KAAK,CAAC,iBAAiB,CAAC,IAAI,EAAE,YAAY,CAAC,CAAC;IAC7C,CAAC;CACD;AALD,oCAKC;AAED,MAAa,aAAc,SAAQ,KAAK;IACvC,YAAY,OAAgB;QAC3B,KAAK,CAAC,OAAO,CAAC,CAAC;QACf,KAAK,CAAC,iBAAiB,CAAC,IAAI,EAAE,aAAa,CAAC,CAAC;IAC9C,CAAC;CACD;AALD,sCAKC;AAED,MAAa,mBAAoB,SAAQ,KAAK;IAC7C,YAAY,OAAgB;QAC3B,KAAK,CAAC,OAAO,CAAC,CAAC;QACf,KAAK,CAAC,iBAAiB,CAAC,IAAI,EAAE,mBAAmB,CAAC,CAAC;IACpD,CAAC;CACD;AALD,kDAKC","sourcesContent":["/*\r\n * This is the primary high-level API for the project. In this folder there should be:\r\n * A class called InsightFacade, this should be in a file called InsightFacade.ts.\r\n * You should not change this interface at all or the test suite will not work.\r\n */\r\n\r\nexport enum InsightDatasetKind {\r\n\tSections = \"sections\",\r\n\tRooms = \"rooms\",\r\n}\r\n\r\nexport interface InsightDataset {\r\n\tid: string;\r\n\tkind: InsightDatasetKind;\r\n\tnumRows: number;\r\n}\r\n\r\nexport interface InsightResult {\r\n\t[key: string]: string | number;\r\n}\r\n\r\nexport class InsightError extends Error {\r\n\tconstructor(message?: string) {\r\n\t\tsuper(message);\r\n\t\tError.captureStackTrace(this, InsightError);\r\n\t}\r\n}\r\n\r\nexport class NotFoundError extends Error {\r\n\tconstructor(message?: string) {\r\n\t\tsuper(message);\r\n\t\tError.captureStackTrace(this, NotFoundError);\r\n\t}\r\n}\r\n\r\nexport class ResultTooLargeError extends Error {\r\n\tconstructor(message?: string) {\r\n\t\tsuper(message);\r\n\t\tError.captureStackTrace(this, ResultTooLargeError);\r\n\t}\r\n}\r\n\r\nexport interface IInsightFacade {\r\n\t/**\r\n\t * Add a dataset to insightUBC.\r\n\t *\r\n\t * @param id  The id of the dataset being added. Follows the format /^[^_]+$/\r\n\t * @param content  The base64 content of the dataset. This content should be in the form of a serialized zip file.\r\n\t * @param kind  The kind of the dataset\r\n\t *\r\n\t * @return Promise <string[]>\r\n\t *\r\n\t * The promise should fulfill on a successful add, reject for any failures.\r\n\t * The promise should fulfill with a string array,\r\n\t * containing the ids of all currently added datasets upon a successful add.\r\n\t * The promise should reject with an InsightError describing the error.\r\n\t *\r\n\t * An id is invalid if it contains an underscore, or is only whitespace characters.\r\n\t * If id is the same as the id of an already added dataset, the dataset should be rejected and not saved.\r\n\t *\r\n\t * After receiving the dataset, it should be processed into a data structure of\r\n\t * your design. The processed data structure should be persisted to disk; your\r\n\t * system should be able to load this persisted value into memory for answering\r\n\t * queries.\r\n\t *\r\n\t * Ultimately, a dataset must be added or loaded from disk before queries can\r\n\t * be successfully answered.\r\n\t */\r\n\taddDataset(id: string, content: string, kind: InsightDatasetKind): Promise<string[]>;\r\n\r\n\t/**\r\n\t * Remove a dataset from insightUBC.\r\n\t *\r\n\t * @param id  The id of the dataset to remove. Follows the format /^[^_]+$/\r\n\t *\r\n\t * @return Promise <string>\r\n\t *\r\n\t * The promise should fulfill upon a successful removal, reject on any error.\r\n\t * Attempting to remove a dataset that hasn't been added yet counts as an error.\r\n\t *\r\n\t * An id is invalid if it contains an underscore, or is only whitespace characters.\r\n\t *\r\n\t * The promise should fulfill the id of the dataset that was removed.\r\n\t * The promise should reject with a NotFoundError (if a valid id was not yet added)\r\n\t * or an InsightError (invalid id or any other source of failure) describing the error.\r\n\t *\r\n\t * This will delete both disk and memory caches for the dataset for the id meaning\r\n\t * that subsequent queries for that id should fail unless a new addDataset happens first.\r\n\t */\r\n\tremoveDataset(id: string): Promise<string>;\r\n\r\n\t/**\r\n\t * Perform a query on insightUBC.\r\n\t *\r\n\t * @param query  The query to be performed.\r\n\t *\r\n\t * If a query is incorrectly formatted, references a dataset not added (in memory or on disk),\r\n\t * or references multiple datasets, it should be rejected.\r\n\t *\r\n\t * @return Promise <InsightResult[]>\r\n\t *\r\n\t * The promise should fulfill with an array of results.\r\n\t * The promise should reject with a ResultTooLargeError (if the query returns too many results)\r\n\t * or an InsightError (for any other source of failure) describing the error.\r\n\t */\r\n\tperformQuery(query: unknown): Promise<InsightResult[]>;\r\n\r\n\t/**\r\n\t * List all currently added datasets, their types, and number of rows.\r\n\t *\r\n\t * @return Promise <InsightDataset[]>\r\n\t * The promise should fulfill an array of currently added InsightDatasets, and will only fulfill.\r\n\t */\r\n\tlistDatasets(): Promise<InsightDataset[]>;\r\n}\r\n"]},"_coverageSchema":"1a1c01bbd47fc00a2c39e90264f33305004495a9","hash":"27ab423bbb65e3fec804d4129853f2176b062647","contentHash":"20d5d40293b189b55e275962c7985e897d62cee4c421ea0c1a9e5c3a9a61706d"},"C:\\Users\\Winston\\Desktop\\project_team203\\src\\controller\\InsightFacade.ts":{"path":"C:\\Users\\Winston\\Desktop\\project_team203\\src\\controller\\InsightFacade.ts","statementMap":{"0":{"start":{"line":2,"column":22},"end":{"line":12,"column":3}},"1":{"start":{"line":3,"column":4},"end":{"line":3,"column":33}},"2":{"start":{"line":3,"column":26},"end":{"line":3,"column":33}},"3":{"start":{"line":4,"column":15},"end":{"line":4,"column":52}},"4":{"start":{"line":5,"column":4},"end":{"line":7,"column":5}},"5":{"start":{"line":6,"column":6},"end":{"line":6,"column":68}},"6":{"start":{"line":6,"column":51},"end":{"line":6,"column":63}},"7":{"start":{"line":8,"column":4},"end":{"line":8,"column":39}},"8":{"start":{"line":10,"column":4},"end":{"line":10,"column":33}},"9":{"start":{"line":10,"column":26},"end":{"line":10,"column":33}},"10":{"start":{"line":11,"column":4},"end":{"line":11,"column":17}},"11":{"start":{"line":13,"column":25},"end":{"line":17,"column":2}},"12":{"start":{"line":14,"column":4},"end":{"line":14,"column":72}},"13":{"start":{"line":16,"column":4},"end":{"line":16,"column":21}},"14":{"start":{"line":18,"column":19},"end":{"line":24,"column":1}},"15":{"start":{"line":19,"column":4},"end":{"line":19,"column":42}},"16":{"start":{"line":19,"column":31},"end":{"line":19,"column":42}},"17":{"start":{"line":20,"column":17},"end":{"line":20,"column":19}},"18":{"start":{"line":21,"column":4},"end":{"line":21,"column":141}},"19":{"start":{"line":21,"column":21},"end":{"line":21,"column":141}},"20":{"start":{"line":21,"column":40},"end":{"line":21,"column":141}},"21":{"start":{"line":21,"column":109},"end":{"line":21,"column":141}},"22":{"start":{"line":22,"column":4},"end":{"line":22,"column":36}},"23":{"start":{"line":23,"column":4},"end":{"line":23,"column":18}},"24":{"start":{"line":25,"column":0},"end":{"line":25,"column":62}},"25":{"start":{"line":26,"column":25},"end":{"line":26,"column":52}},"26":{"start":{"line":27,"column":38},"end":{"line":27,"column":78}},"27":{"start":{"line":28,"column":39},"end":{"line":28,"column":80}},"28":{"start":{"line":29,"column":37},"end":{"line":29,"column":76}},"29":{"start":{"line":30,"column":11},"end":{"line":30,"column":44}},"30":{"start":{"line":31,"column":15},"end":{"line":31,"column":46}},"31":{"start":{"line":32,"column":37},"end":{"line":32,"column":76}},"32":{"start":{"line":35,"column":8},"end":{"line":35,"column":49}},"33":{"start":{"line":38,"column":8},"end":{"line":38,"column":63}},"34":{"start":{"line":39,"column":18},"end":{"line":39,"column":85}},"35":{"start":{"line":40,"column":27},"end":{"line":40,"column":36}},"36":{"start":{"line":41,"column":24},"end":{"line":41,"column":49}},"37":{"start":{"line":42,"column":8},"end":{"line":49,"column":9}},"38":{"start":{"line":43,"column":12},"end":{"line":43,"column":79}},"39":{"start":{"line":44,"column":36},"end":{"line":44,"column":103}},"40":{"start":{"line":45,"column":32},"end":{"line":45,"column":118}},"41":{"start":{"line":46,"column":28},"end":{"line":46,"column":104}},"42":{"start":{"line":47,"column":12},"end":{"line":47,"column":41}},"43":{"start":{"line":48,"column":12},"end":{"line":48,"column":58}},"44":{"start":{"line":50,"column":8},"end":{"line":69,"column":9}},"45":{"start":{"line":51,"column":12},"end":{"line":51,"column":76}},"46":{"start":{"line":52,"column":23},"end":{"line":52,"column":44}},"47":{"start":{"line":53,"column":12},"end":{"line":68,"column":13}},"48":{"start":{"line":54,"column":34},"end":{"line":54,"column":60}},"49":{"start":{"line":55,"column":33},"end":{"line":55,"column":58}},"50":{"start":{"line":56,"column":28},"end":{"line":56,"column":105}},"51":{"start":{"line":57,"column":29},"end":{"line":57,"column":88}},"52":{"start":{"line":58,"column":35},"end":{"line":58,"column":97}},"53":{"start":{"line":59,"column":16},"end":{"line":59,"column":84}},"54":{"start":{"line":60,"column":40},"end":{"line":60,"column":105}},"55":{"start":{"line":61,"column":36},"end":{"line":61,"column":124}},"56":{"start":{"line":62,"column":42},"end":{"line":62,"column":112}},"57":{"start":{"line":63,"column":41},"end":{"line":63,"column":111}},"58":{"start":{"line":64,"column":39},"end":{"line":64,"column":106}},"59":{"start":{"line":65,"column":32},"end":{"line":65,"column":111}},"60":{"start":{"line":66,"column":16},"end":{"line":66,"column":45}},"61":{"start":{"line":67,"column":16},"end":{"line":67,"column":62}},"62":{"start":{"line":70,"column":28},"end":{"line":70,"column":88}},"63":{"start":{"line":71,"column":8},"end":{"line":71,"column":46}},"64":{"start":{"line":74,"column":26},"end":{"line":74,"column":83}},"65":{"start":{"line":75,"column":30},"end":{"line":75,"column":54}},"66":{"start":{"line":76,"column":8},"end":{"line":76,"column":71}},"67":{"start":{"line":77,"column":22},"end":{"line":77,"column":80}},"68":{"start":{"line":78,"column":22},"end":{"line":78,"column":72}},"69":{"start":{"line":79,"column":27},"end":{"line":79,"column":95}},"70":{"start":{"line":80,"column":27},"end":{"line":80,"column":108}},"71":{"start":{"line":81,"column":8},"end":{"line":83,"column":9}},"72":{"start":{"line":82,"column":12},"end":{"line":82,"column":115}},"73":{"start":{"line":84,"column":8},"end":{"line":84,"column":90}},"74":{"start":{"line":85,"column":8},"end":{"line":85,"column":76}},"75":{"start":{"line":86,"column":8},"end":{"line":86,"column":45}},"76":{"start":{"line":89,"column":8},"end":{"line":91,"column":9}},"77":{"start":{"line":90,"column":12},"end":{"line":90,"column":83}},"78":{"start":{"line":92,"column":8},"end":{"line":102,"column":9}},"79":{"start":{"line":93,"column":12},"end":{"line":93,"column":41}},"80":{"start":{"line":94,"column":28},"end":{"line":94,"column":54}},"81":{"start":{"line":95,"column":12},"end":{"line":97,"column":13}},"82":{"start":{"line":96,"column":16},"end":{"line":96,"column":48}},"83":{"start":{"line":98,"column":12},"end":{"line":98,"column":39}},"84":{"start":{"line":101,"column":12},"end":{"line":101,"column":103}},"85":{"start":{"line":105,"column":8},"end":{"line":127,"column":9}},"86":{"start":{"line":106,"column":12},"end":{"line":106,"column":41}},"87":{"start":{"line":107,"column":28},"end":{"line":107,"column":54}},"88":{"start":{"line":108,"column":31},"end":{"line":122,"column":14}},"89":{"start":{"line":109,"column":16},"end":{"line":121,"column":17}},"90":{"start":{"line":110,"column":38},"end":{"line":110,"column":77}},"91":{"start":{"line":111,"column":37},"end":{"line":111,"column":64}},"92":{"start":{"line":112,"column":31},"end":{"line":112,"column":53}},"93":{"start":{"line":113,"column":20},"end":{"line":117,"column":22}},"94":{"start":{"line":120,"column":20},"end":{"line":120,"column":88}},"95":{"start":{"line":123,"column":12},"end":{"line":123,"column":51}},"96":{"start":{"line":126,"column":12},"end":{"line":126,"column":86}},"97":{"start":{"line":130,"column":0},"end":{"line":130,"column":32}}},"fnMap":{"0":{"name":"(anonymous_0)","decl":{"start":{"line":2,"column":74},"end":{"line":2,"column":75}},"loc":{"start":{"line":2,"column":96},"end":{"line":9,"column":1}},"line":2},"1":{"name":"(anonymous_1)","decl":{"start":{"line":6,"column":38},"end":{"line":6,"column":39}},"loc":{"start":{"line":6,"column":49},"end":{"line":6,"column":65}},"line":6},"2":{"name":"(anonymous_2)","decl":{"start":{"line":9,"column":6},"end":{"line":9,"column":7}},"loc":{"start":{"line":9,"column":28},"end":{"line":12,"column":1}},"line":9},"3":{"name":"(anonymous_3)","decl":{"start":{"line":13,"column":80},"end":{"line":13,"column":81}},"loc":{"start":{"line":13,"column":95},"end":{"line":15,"column":1}},"line":13},"4":{"name":"(anonymous_4)","decl":{"start":{"line":15,"column":5},"end":{"line":15,"column":6}},"loc":{"start":{"line":15,"column":20},"end":{"line":17,"column":1}},"line":15},"5":{"name":"(anonymous_5)","decl":{"start":{"line":18,"column":50},"end":{"line":18,"column":51}},"loc":{"start":{"line":18,"column":65},"end":{"line":24,"column":1}},"line":18},"6":{"name":"(anonymous_6)","decl":{"start":{"line":34,"column":4},"end":{"line":34,"column":5}},"loc":{"start":{"line":34,"column":18},"end":{"line":36,"column":5}},"line":34},"7":{"name":"(anonymous_7)","decl":{"start":{"line":37,"column":4},"end":{"line":37,"column":5}},"loc":{"start":{"line":37,"column":40},"end":{"line":72,"column":5}},"line":37},"8":{"name":"(anonymous_8)","decl":{"start":{"line":73,"column":4},"end":{"line":73,"column":5}},"loc":{"start":{"line":73,"column":30},"end":{"line":87,"column":5}},"line":73},"9":{"name":"(anonymous_9)","decl":{"start":{"line":88,"column":4},"end":{"line":88,"column":5}},"loc":{"start":{"line":88,"column":28},"end":{"line":103,"column":5}},"line":88},"10":{"name":"(anonymous_10)","decl":{"start":{"line":104,"column":4},"end":{"line":104,"column":5}},"loc":{"start":{"line":104,"column":25},"end":{"line":128,"column":5}},"line":104},"11":{"name":"(anonymous_11)","decl":{"start":{"line":108,"column":45},"end":{"line":108,"column":46}},"loc":{"start":{"line":108,"column":65},"end":{"line":122,"column":13}},"line":108}},"branchMap":{"0":{"loc":{"start":{"line":2,"column":22},"end":{"line":12,"column":3}},"type":"binary-expr","locations":[{"start":{"line":2,"column":23},"end":{"line":2,"column":27}},{"start":{"line":2,"column":31},"end":{"line":2,"column":51}},{"start":{"line":2,"column":57},"end":{"line":12,"column":2}}],"line":2},"1":{"loc":{"start":{"line":2,"column":57},"end":{"line":12,"column":2}},"type":"cond-expr","locations":[{"start":{"line":2,"column":74},"end":{"line":9,"column":1}},{"start":{"line":9,"column":6},"end":{"line":12,"column":1}}],"line":2},"2":{"loc":{"start":{"line":3,"column":4},"end":{"line":3,"column":33}},"type":"if","locations":[{"start":{"line":3,"column":4},"end":{"line":3,"column":33}},{"start":{"line":3,"column":4},"end":{"line":3,"column":33}}],"line":3},"3":{"loc":{"start":{"line":5,"column":4},"end":{"line":7,"column":5}},"type":"if","locations":[{"start":{"line":5,"column":4},"end":{"line":7,"column":5}},{"start":{"line":5,"column":4},"end":{"line":7,"column":5}}],"line":5},"4":{"loc":{"start":{"line":5,"column":8},"end":{"line":5,"column":85}},"type":"binary-expr","locations":[{"start":{"line":5,"column":8},"end":{"line":5,"column":13}},{"start":{"line":5,"column":18},"end":{"line":5,"column":84}}],"line":5},"5":{"loc":{"start":{"line":5,"column":18},"end":{"line":5,"column":84}},"type":"cond-expr","locations":[{"start":{"line":5,"column":34},"end":{"line":5,"column":47}},{"start":{"line":5,"column":50},"end":{"line":5,"column":84}}],"line":5},"6":{"loc":{"start":{"line":5,"column":50},"end":{"line":5,"column":84}},"type":"binary-expr","locations":[{"start":{"line":5,"column":50},"end":{"line":5,"column":63}},{"start":{"line":5,"column":67},"end":{"line":5,"column":84}}],"line":5},"7":{"loc":{"start":{"line":10,"column":4},"end":{"line":10,"column":33}},"type":"if","locations":[{"start":{"line":10,"column":4},"end":{"line":10,"column":33}},{"start":{"line":10,"column":4},"end":{"line":10,"column":33}}],"line":10},"8":{"loc":{"start":{"line":13,"column":25},"end":{"line":17,"column":2}},"type":"binary-expr","locations":[{"start":{"line":13,"column":26},"end":{"line":13,"column":30}},{"start":{"line":13,"column":34},"end":{"line":13,"column":57}},{"start":{"line":13,"column":63},"end":{"line":17,"column":1}}],"line":13},"9":{"loc":{"start":{"line":13,"column":63},"end":{"line":17,"column":1}},"type":"cond-expr","locations":[{"start":{"line":13,"column":80},"end":{"line":15,"column":1}},{"start":{"line":15,"column":5},"end":{"line":17,"column":1}}],"line":13},"10":{"loc":{"start":{"line":18,"column":19},"end":{"line":24,"column":1}},"type":"binary-expr","locations":[{"start":{"line":18,"column":20},"end":{"line":18,"column":24}},{"start":{"line":18,"column":28},"end":{"line":18,"column":45}},{"start":{"line":18,"column":50},"end":{"line":24,"column":1}}],"line":18},"11":{"loc":{"start":{"line":19,"column":4},"end":{"line":19,"column":42}},"type":"if","locations":[{"start":{"line":19,"column":4},"end":{"line":19,"column":42}},{"start":{"line":19,"column":4},"end":{"line":19,"column":42}}],"line":19},"12":{"loc":{"start":{"line":19,"column":8},"end":{"line":19,"column":29}},"type":"binary-expr","locations":[{"start":{"line":19,"column":8},"end":{"line":19,"column":11}},{"start":{"line":19,"column":15},"end":{"line":19,"column":29}}],"line":19},"13":{"loc":{"start":{"line":21,"column":4},"end":{"line":21,"column":141}},"type":"if","locations":[{"start":{"line":21,"column":4},"end":{"line":21,"column":141}},{"start":{"line":21,"column":4},"end":{"line":21,"column":141}}],"line":21},"14":{"loc":{"start":{"line":21,"column":40},"end":{"line":21,"column":141}},"type":"if","locations":[{"start":{"line":21,"column":40},"end":{"line":21,"column":141}},{"start":{"line":21,"column":40},"end":{"line":21,"column":141}}],"line":21},"15":{"loc":{"start":{"line":21,"column":44},"end":{"line":21,"column":107}},"type":"binary-expr","locations":[{"start":{"line":21,"column":44},"end":{"line":21,"column":59}},{"start":{"line":21,"column":63},"end":{"line":21,"column":107}}],"line":21},"16":{"loc":{"start":{"line":42,"column":8},"end":{"line":49,"column":9}},"type":"if","locations":[{"start":{"line":42,"column":8},"end":{"line":49,"column":9}},{"start":{"line":42,"column":8},"end":{"line":49,"column":9}}],"line":42},"17":{"loc":{"start":{"line":50,"column":8},"end":{"line":69,"column":9}},"type":"if","locations":[{"start":{"line":50,"column":8},"end":{"line":69,"column":9}},{"start":{"line":50,"column":8},"end":{"line":69,"column":9}}],"line":50},"18":{"loc":{"start":{"line":53,"column":12},"end":{"line":68,"column":13}},"type":"if","locations":[{"start":{"line":53,"column":12},"end":{"line":68,"column":13}},{"start":{"line":53,"column":12},"end":{"line":68,"column":13}}],"line":53},"19":{"loc":{"start":{"line":81,"column":8},"end":{"line":83,"column":9}},"type":"if","locations":[{"start":{"line":81,"column":8},"end":{"line":83,"column":9}},{"start":{"line":81,"column":8},"end":{"line":83,"column":9}}],"line":81},"20":{"loc":{"start":{"line":89,"column":8},"end":{"line":91,"column":9}},"type":"if","locations":[{"start":{"line":89,"column":8},"end":{"line":91,"column":9}},{"start":{"line":89,"column":8},"end":{"line":91,"column":9}}],"line":89},"21":{"loc":{"start":{"line":89,"column":12},"end":{"line":89,"column":61}},"type":"binary-expr","locations":[{"start":{"line":89,"column":12},"end":{"line":89,"column":21}},{"start":{"line":89,"column":25},"end":{"line":89,"column":41}},{"start":{"line":89,"column":45},"end":{"line":89,"column":61}}],"line":89},"22":{"loc":{"start":{"line":95,"column":12},"end":{"line":97,"column":13}},"type":"if","locations":[{"start":{"line":95,"column":12},"end":{"line":97,"column":13}},{"start":{"line":95,"column":12},"end":{"line":97,"column":13}}],"line":95}},"s":{"0":1,"1":148,"2":148,"3":148,"4":148,"5":148,"6":20,"7":148,"8":0,"9":0,"10":0,"11":1,"12":1,"13":0,"14":1,"15":2,"16":1,"17":1,"18":1,"19":1,"20":148,"21":148,"22":1,"23":1,"24":1,"25":1,"26":1,"27":1,"28":1,"29":1,"30":1,"31":1,"32":14,"33":15,"34":11,"35":10,"36":10,"37":10,"38":8,"39":5,"40":5,"41":5,"42":5,"43":5,"44":7,"45":2,"46":2,"47":2,"48":2,"49":2,"50":2,"51":2,"52":2,"53":2,"54":2,"55":2,"56":2,"57":2,"58":2,"59":2,"60":2,"61":2,"62":7,"63":7,"64":119,"65":119,"66":119,"67":47,"68":47,"69":47,"70":47,"71":47,"72":14,"73":47,"74":47,"75":43,"76":2,"77":1,"78":1,"79":1,"80":1,"81":1,"82":1,"83":1,"84":0,"85":1,"86":1,"87":1,"88":1,"89":1,"90":1,"91":1,"92":1,"93":1,"94":0,"95":1,"96":0,"97":1},"f":{"0":148,"1":20,"2":0,"3":1,"4":0,"5":2,"6":14,"7":15,"8":119,"9":2,"10":1,"11":1},"b":{"0":[1,1,1],"1":[1,0],"2":[148,0],"3":[148,0],"4":[148,148],"5":[0,148],"6":[148,0],"7":[0,0],"8":[1,1,1],"9":[1,0],"10":[1,1,1],"11":[1,1],"12":[2,2],"13":[1,0],"14":[148,0],"15":[148,148],"16":[8,2],"17":[2,5],"18":[2,0],"19":[14,33],"20":[1,1],"21":[2,1,1],"22":[1,0]},"inputSourceMap":{"version":3,"file":"C:/Users/Winston/Desktop/project_team203/src/controller/InsightFacade.ts","sources":["C:/Users/Winston/Desktop/project_team203/src/controller/InsightFacade.ts"],"names":[],"mappings":";;;;;;;;;;;;;;;;;;;;;;;;;AAAA,qDAM0B;AAE1B,+EAEuC;AAEvC,iFACwC;AAExC,6EAasC;AAEtC,6CAA+B;AAC/B,+CAAiC;AACjC,6EAMsC;AAQtC,MAAqB,aAAa;IACjC;QACC,OAAO,CAAC,GAAG,CAAC,2BAA2B,CAAC,CAAC;IAC1C,CAAC;IAEM,KAAK,CAAC,UAAU,CAAC,EAAU,EAAE,OAAe,EAAE,IAAwB;QAC5E,MAAM,IAAA,uCAAU,EAAC,EAAE,CAAC,CAAC;QACrB,IAAI,GAAG,GAAG,MAAM,IAAA,+CAAkB,EAAC,OAAO,CAAC,CAAC;QAC5C,IAAI,YAAY,GAAG,GAAG,CAAC,KAAK,CAAC;QAC7B,IAAI,SAAS,GAAG,MAAM,CAAC,IAAI,CAAC,YAAY,CAAC,CAAC;QAG1C,IAAI,IAAI,KAAK,UAAU,EAAE;YACxB,IAAA,kDAAqB,EAAC,SAAS,CAAC,CAAC;YACjC,IAAI,iBAAiB,GAAG,IAAA,mDAAsB,EAAC,SAAS,CAAC,CAAC;YAC1D,IAAI,aAAa,GAAG,MAAM,IAAA,+CAAkB,EAAC,iBAAiB,EAAE,GAAG,EAAE,EAAE,CAAC,CAAC;YACzE,IAAI,SAAS,GAAW,IAAA,8CAAiB,EAAC,EAAE,EAAE,IAAI,EAAE,aAAa,CAAC,CAAC;YACnE,MAAM,EAAE,CAAC,SAAS,CAAC,QAAQ,CAAC,CAAC;YAC7B,MAAM,EAAE,CAAC,SAAS,CAAC,UAAU,EAAE,EAAE,EAAE,SAAS,CAAC,CAAC;SAC9C;QACD,IAAI,IAAI,KAAK,OAAO,EAAE;YACrB,IAAA,+CAAkB,EAAC,SAAS,CAAC,CAAC;YAC9B,IAAI,IAAI,GAAG,GAAG,CAAC,IAAI,CAAC,WAAW,CAAC,CAAC;YACjC,IAAI,IAAI,IAAI,IAAI,EAAE;gBACjB,IAAI,WAAW,GAAG,MAAM,IAAI,CAAC,KAAK,CAAC,QAAQ,CAAC,CAAC;gBAC7C,IAAI,UAAU,GAAG,MAAM,CAAC,KAAK,CAAC,WAAW,CAAC,CAAC;gBAC3C,IAAI,KAAK,GAAG,IAAA,mDAAsB,EAAC,UAAU,EAAE,OAAO,CAAC,CAAC;gBACxD,IAAI,MAAM,GAAG,IAAA,+CAAkB,EAAC,KAAK,CAAC,CAAC;gBACvC,IAAI,YAAY,GAAU,MAAM,IAAA,2CAAc,EAAC,MAAM,CAAC,CAAC;gBACvD,IAAA,wCAAW,EAAC,MAAM,EAAE,YAAY,CAAC,CAAC;gBAClC,IAAI,iBAAiB,GAAG,IAAA,iDAAoB,EAAC,SAAS,CAAC,CAAC;gBACxD,IAAI,aAAa,GAAG,MAAM,IAAA,iDAAoB,EAAC,iBAAiB,EAAE,GAAG,EAAE,EAAE,CAAC,CAAC;gBAC3E,IAAI,mBAAmB,GAAG,IAAA,0CAAa,EAAC,aAAa,EAAE,MAAM,CAAC,CAAC;gBAC/D,IAAI,kBAAkB,GAAG,IAAA,4CAAe,EAAC,mBAAmB,CAAC,CAAC;gBAC9D,IAAI,gBAAgB,GAAG,IAAA,sCAAS,EAAC,kBAAkB,EAAE,EAAE,CAAC,CAAC;gBACzD,IAAI,SAAS,GAAkB,IAAA,8CAAiB,EAAC,EAAE,EAAE,IAAI,EAAE,gBAAgB,CAAC,CAAC;gBAC7E,MAAM,EAAE,CAAC,SAAS,CAAC,QAAQ,CAAC,CAAC;gBAC7B,MAAM,EAAE,CAAC,SAAS,CAAC,UAAU,EAAE,EAAE,EAAE,SAAS,CAAC,CAAC;aAC9C;SACD;QACD,IAAI,aAAa,GAAG,MAAM,IAAA,+CAAkB,GAAE,CAAC;QAC/C,OAAO,OAAO,CAAC,OAAO,CAAC,aAAa,CAAC,CAAC;IACvC,CAAC;IAEM,KAAK,CAAC,YAAY,CAAC,KAAc;QACvC,IAAI,WAAW,GAAG,IAAA,6CAAc,EAAC,KAAK,CAAC,CAAC;QACxC,IAAI,eAAe,GAAG,MAAM,CAAC,IAAI,CAAC,WAAW,CAAC,CAAC;QAC/C,MAAM,IAAA,4CAAa,EAAC,KAAK,CAAC,CAAC;QAC3B,IAAI,OAAO,GAAa,IAAA,wCAAU,EAAC,WAAW,CAAC,CAAC;QAChD,IAAI,OAAO,GAAa,MAAM,IAAA,qCAAO,GAAE,CAAC;QACxC,IAAI,YAAY,GAAG,IAAA,6CAAe,EAAC,OAAO,EAAE,OAAO,CAAC,CAAC;QACrD,IAAI,YAAY,GAAG,IAAA,2CAAa,EAAC,WAAW,CAAC,KAAK,EAAE,YAAY,CAAC,CAAC;QAClE,IAAI,eAAe,CAAC,QAAQ,CAAC,iBAAiB,CAAC,EAAE;YAChD,YAAY,GAAG,IAAA,uCAAS,EAAC,WAAW,CAAC,eAAe,EAAE,YAAY,CAAC,CAAC;SACpE;QAID,IAAA,qDAAuB,EAAC,YAAY,EAAE,OAAO,CAAC,CAAC;QAC/C,IAAA,gDAAkB,EAAC,YAAY,CAAC,CAAC;QACjC,OAAO,OAAO,CAAC,OAAO,CAAC,YAAY,CAAC,CAAC;IACtC,CAAC;IAEM,KAAK,CAAC,aAAa,CAAC,EAAU;QAEpC,IAAI,EAAE,KAAK,EAAE,IAAI,EAAE,CAAC,QAAQ,CAAC,GAAG,CAAC,IAAI,EAAE,CAAC,IAAI,EAAE,KAAK,EAAE,EAAE;YACtD,OAAO,OAAO,CAAC,MAAM,CAAC,IAAI,6BAAY,CAAC,YAAY,CAAC,CAAC,CAAC;SACtD;QAED,IAAI;YACH,MAAM,EAAE,CAAC,SAAS,CAAC,QAAQ,CAAC,CAAC;YAC7B,IAAI,SAAS,GAAG,MAAM,EAAE,CAAC,OAAO,CAAC,QAAQ,CAAC,CAAC;YAE3C,IAAI,SAAS,CAAC,QAAQ,CAAC,GAAG,EAAE,EAAE,CAAC,EAAE;gBAChC,MAAM,EAAE,CAAC,MAAM,CAAC,UAAU,EAAE,EAAE,CAAC,CAAC;aAChC;YAED,OAAO,OAAO,CAAC,OAAO,CAAC,EAAE,CAAC,CAAC;SAE3B;QAAC,OAAO,GAAG,EAAE;YACb,OAAO,OAAO,CAAC,MAAM,CAAC,IAAI,6BAAY,CAAC,0BAA0B,GAAG,GAAG,CAAC,CAAC,CAAC;SAC1E;IACF,CAAC;IAEM,KAAK,CAAC,YAAY;QACxB,IAAI;YAEH,MAAM,EAAE,CAAC,SAAS,CAAC,QAAQ,CAAC,CAAC;YAC7B,IAAI,SAAS,GAAG,MAAM,EAAE,CAAC,OAAO,CAAC,QAAQ,CAAC,CAAC;YAC3C,IAAI,YAAY,GAAG,SAAS,CAAC,GAAG,CAAC,KAAK,EAAE,QAAQ,EAAE,EAAE;gBACnD,IAAI;oBACH,IAAI,WAAW,GAAG,MAAM,EAAE,CAAC,QAAQ,CAAC,UAAU,QAAQ,EAAE,CAAC,CAAC;oBAC1D,IAAI,UAAU,GAAG,IAAI,CAAC,SAAS,CAAC,WAAW,CAAC,CAAC;oBAC7C,IAAI,IAAI,GAAG,IAAI,CAAC,KAAK,CAAC,UAAU,CAAC,CAAC;oBAClC,OAAO;wBACN,EAAE,EAAE,IAAI,CAAC,EAAE;wBACX,IAAI,EAAE,IAAI,CAAC,IAAI;wBACf,OAAO,EAAE,IAAI,CAAC,OAAO;qBACrB,CAAC;iBACF;gBAAC,OAAO,GAAG,EAAE;oBACb,MAAM,IAAI,6BAAY,CAAC,0BAA0B,CAAC,CAAC;iBACnD;YACF,CAAC,CAAC,CAAC;YAEH,OAAO,MAAM,OAAO,CAAC,GAAG,CAAC,YAAY,CAAC,CAAC;SACvC;QAAC,OAAO,GAAG,EAAE;YACb,MAAM,IAAI,6BAAY,CAAC,0BAA0B,GAAG,GAAG,CAAC,CAAC;SACzD;IACF,CAAC;CACD;AA7GD,gCA6GC","sourcesContent":["import {\r\n\tIInsightFacade,\r\n\tInsightDataset,\r\n\tInsightDatasetKind,\r\n\tInsightResult,\r\n\tInsightError,\r\n} from \"./IInsightFacade\";\r\n\r\nimport {\r\n\tgetData, getAnyKeys, selectKeyValuesInColumn, validateResultSize, filterByAnyKeys, filterByWhere, transform,\r\n} from \"./PerformQueryHelperFunctions\";\r\n\r\nimport {getQueryAsJson, validateQuery\r\n} from \"./ValidateQueryHelperFunctions\";\r\n\r\nimport {\r\n\tparseBuildingTable,\r\n\tgetChildNodeByNodeName,\r\n\tgetContentAsBase64,\r\n\tgetCurrentDatasets,\r\n\tvalidateId,\r\n\tvalidateSectionsFiles,\r\n\tvalidateRoomsFiles,\r\n\tgetContentsOfFiles,\r\n\tgetGeoLocation,\r\n\tmergeArrays,\r\n\tfilterSectionFileNames,\r\n\tfilterRoomsFileNames,\r\n} from \"./AddDatasetHelperFunctions1\";\r\n\r\nimport * as fs from \"fs-extra\";\r\nimport * as parse5 from \"parse5\";\r\nimport {\r\n\taddRoomId,\r\n\tfilterCacheData,\r\n\tgetContentsRoomFiles,\r\n\tmakeInsightResult,\r\n\tmatchByMarker\r\n} from \"./AddDatasetHelperFunctions2\";\r\n\r\n\r\n/**\r\n * This is the main programmatic entry point for the project.\r\n * Method documentation is in IInsightFacade\r\n *\r\n */\r\nexport default class InsightFacade implements IInsightFacade {\r\n\tconstructor() {\r\n\t\tconsole.log(\"InsightFacadeImpl::init()\");\r\n\t}\r\n\r\n\tpublic async addDataset(id: string, content: string, kind: InsightDatasetKind): Promise<string[]> {\r\n\t\tawait validateId(id);\r\n\t\tlet zip = await getContentAsBase64(content);\r\n\t\tlet fileInFolder = zip.files;\r\n\t\tlet fileNames = Object.keys(fileInFolder);\r\n\t\t// TODO didn't validate folder before\r\n\t\t// console.log(\"What is this: \" + fileInFolder[\"courses/\"].name);\r\n\t\tif (kind === \"sections\") {\r\n\t\t\tvalidateSectionsFiles(fileNames);\r\n\t\t\tlet filteredFileNames = filterSectionFileNames(fileNames);\r\n\t\t\tlet contentsInZip = await getContentsOfFiles(filteredFileNames, zip, id);\r\n\t\t\tlet cacheData: object = makeInsightResult(id, kind, contentsInZip);\r\n\t\t\tawait fs.ensureDir(\"./data\");\r\n\t\t\tawait fs.writeJson(`./data/${id}`, cacheData);\r\n\t\t}\r\n\t\tif (kind === \"rooms\") {\r\n\t\t\tvalidateRoomsFiles(fileNames);\r\n\t\t\tlet file = zip.file(\"index.htm\");\r\n\t\t\tif (file != null) {\r\n\t\t\t\tlet jsonContent = await file.async(\"string\");\r\n\t\t\t\tlet jsonObject = parse5.parse(jsonContent); // TODO parse can throw error?\r\n\t\t\t\tlet table = getChildNodeByNodeName(jsonObject, \"tbody\"); // TODO MAKE FETCH TABLES\r\n\t\t\t\tlet result = parseBuildingTable(table);\r\n\t\t\t\tlet geoLocations: any[] = await getGeoLocation(result);\r\n\t\t\t\tmergeArrays(result, geoLocations); // TODO Result now contains everything from index!\r\n\t\t\t\tlet filteredFileNames = filterRoomsFileNames(fileNames);\r\n\t\t\t\tlet contentsInZip = await getContentsRoomFiles(filteredFileNames, zip, id);\r\n\t\t\t\tlet unfilteredCacheData = matchByMarker(contentsInZip, result);\r\n\t\t\t\tlet unLabeledCacheData = filterCacheData(unfilteredCacheData);\r\n\t\t\t\tlet labeledCacheData = addRoomId(unLabeledCacheData, id);\r\n\t\t\t\tlet cacheData: InsightResult = makeInsightResult(id, kind, labeledCacheData);\r\n\t\t\t\tawait fs.ensureDir(\"./data\");\r\n\t\t\t\tawait fs.writeJson(`./data/${id}`, cacheData);\r\n\t\t\t}\r\n\t\t}\r\n\t\tlet addedDatasets = await getCurrentDatasets();\r\n\t\treturn Promise.resolve(addedDatasets);\r\n\t}\r\n\r\n\tpublic async performQuery(query: unknown): Promise<InsightResult[]> {\r\n\t\tlet parsedQuery = getQueryAsJson(query);\r\n\t\tlet parsedQueryKeys = Object.keys(parsedQuery);\r\n\t\tawait validateQuery(query); // TODO add validations T-T\r\n\t\tlet anyKeys: string[] = getAnyKeys(parsedQuery);\r\n\t\tlet allData: object[] = await getData();\r\n\t\tlet relevantData = filterByAnyKeys(anyKeys, allData); // TODO if relevantData is empty it means there is no matching dataset!\r\n\t\tlet queryResults = filterByWhere(parsedQuery.WHERE, relevantData);\r\n\t\tif (parsedQueryKeys.includes(\"TRANSFORMATIONS\")) {\r\n\t\t\tqueryResults = transform(parsedQuery.TRANSFORMATIONS, queryResults);\r\n\t\t}\r\n\t\t// let orderKey = getOrderKey(parsedQuery.OPTIONS);\r\n\t\t// queryResults.sort((a, b) => a[orderKey] - b[orderKey]);\r\n\t\t// return Promise.resolve(queryResults);\r\n\t\tselectKeyValuesInColumn(queryResults, anyKeys);\r\n\t\tvalidateResultSize(queryResults);\r\n\t\treturn Promise.resolve(queryResults);\r\n\t}\r\n\r\n\tpublic async removeDataset(id: string): Promise<string> {\r\n\t\t// Check for invalid id\r\n\t\tif (id === \"\" || id.includes(\"_\") || id.trim() === \"\") {\r\n\t\t\treturn Promise.reject(new InsightError(\"Invalid id\"));\r\n\t\t}\r\n\r\n\t\ttry {\r\n\t\t\tawait fs.ensureDir(\"./data\");\r\n\t\t\tlet fileNames = await fs.readdir(\"./data\");\r\n\t\t\t// await fs.remove(`./data/${id}.json`);\r\n\t\t\tif (fileNames.includes(`${id}`)) {\r\n\t\t\t\tawait fs.remove(`./data/${id}`);\r\n\t\t\t}\r\n\t\t\t// Return the id of the dataset that was removed\r\n\t\t\treturn Promise.resolve(id);\r\n\t\t\t// return id;\r\n\t\t} catch (err) {\r\n\t\t\treturn Promise.reject(new InsightError(\"Error removing dataset: \" + err));\r\n\t\t}\r\n\t}\r\n\r\n\tpublic async listDatasets(): Promise<InsightDataset[]> {\r\n\t\ttry {\r\n\t\t\t// Check if the './data' directory exists. If not, return an empty array\r\n\t\t\tawait fs.ensureDir(\"./data\");\r\n\t\t\tlet fileNames = await fs.readdir(\"./data\");\r\n\t\t\tlet filePromises = fileNames.map(async (fileName) => {\r\n\t\t\t\ttry {\r\n\t\t\t\t\tlet fileContent = await fs.readJson(`./data/${fileName}`);\r\n\t\t\t\t\tlet jsonString = JSON.stringify(fileContent);\r\n\t\t\t\t\tlet data = JSON.parse(jsonString);\r\n\t\t\t\t\treturn {\r\n\t\t\t\t\t\tid: data.id,\r\n\t\t\t\t\t\tkind: data.kind,\r\n\t\t\t\t\t\tnumRows: data.numRows,\r\n\t\t\t\t\t};\r\n\t\t\t\t} catch (err) {\r\n\t\t\t\t\tthrow new InsightError(\"Corrupted persisted file\");\r\n\t\t\t\t}\r\n\t\t\t});\r\n\r\n\t\t\treturn await Promise.all(filePromises);\r\n\t\t} catch (err) {\r\n\t\t\tthrow new InsightError(\"Error listing datasets: \" + err);\r\n\t\t}\r\n\t}\r\n}\r\n"]},"_coverageSchema":"1a1c01bbd47fc00a2c39e90264f33305004495a9","hash":"d5fdb95aa87258e19551819ca7fcba9253a91621","contentHash":"b4d637d6b89a2f36a7e9353f18783fa899da2cb6a2f7ff9fec28f5e8c8796f44"},"C:\\Users\\Winston\\Desktop\\project_team203\\src\\controller\\PerformQueryHelperFunctions.ts":{"path":"C:\\Users\\Winston\\Desktop\\project_team203\\src\\controller\\PerformQueryHelperFunctions.ts","statementMap":{"0":{"start":{"line":2,"column":22},"end":{"line":12,"column":3}},"1":{"start":{"line":3,"column":4},"end":{"line":3,"column":33}},"2":{"start":{"line":3,"column":26},"end":{"line":3,"column":33}},"3":{"start":{"line":4,"column":15},"end":{"line":4,"column":52}},"4":{"start":{"line":5,"column":4},"end":{"line":7,"column":5}},"5":{"start":{"line":6,"column":6},"end":{"line":6,"column":68}},"6":{"start":{"line":6,"column":51},"end":{"line":6,"column":63}},"7":{"start":{"line":8,"column":4},"end":{"line":8,"column":39}},"8":{"start":{"line":10,"column":4},"end":{"line":10,"column":33}},"9":{"start":{"line":10,"column":26},"end":{"line":10,"column":33}},"10":{"start":{"line":11,"column":4},"end":{"line":11,"column":17}},"11":{"start":{"line":13,"column":25},"end":{"line":17,"column":2}},"12":{"start":{"line":14,"column":4},"end":{"line":14,"column":72}},"13":{"start":{"line":16,"column":4},"end":{"line":16,"column":21}},"14":{"start":{"line":18,"column":19},"end":{"line":24,"column":1}},"15":{"start":{"line":19,"column":4},"end":{"line":19,"column":42}},"16":{"start":{"line":19,"column":31},"end":{"line":19,"column":42}},"17":{"start":{"line":20,"column":17},"end":{"line":20,"column":19}},"18":{"start":{"line":21,"column":4},"end":{"line":21,"column":141}},"19":{"start":{"line":21,"column":21},"end":{"line":21,"column":141}},"20":{"start":{"line":21,"column":40},"end":{"line":21,"column":141}},"21":{"start":{"line":21,"column":109},"end":{"line":21,"column":141}},"22":{"start":{"line":22,"column":4},"end":{"line":22,"column":36}},"23":{"start":{"line":23,"column":4},"end":{"line":23,"column":18}},"24":{"start":{"line":25,"column":22},"end":{"line":27,"column":1}},"25":{"start":{"line":26,"column":4},"end":{"line":26,"column":62}},"26":{"start":{"line":28,"column":0},"end":{"line":28,"column":62}},"27":{"start":{"line":29,"column":0},"end":{"line":29,"column":507}},"28":{"start":{"line":30,"column":25},"end":{"line":30,"column":52}},"29":{"start":{"line":31,"column":11},"end":{"line":31,"column":44}},"30":{"start":{"line":32,"column":21},"end":{"line":32,"column":59}},"31":{"start":{"line":34,"column":4},"end":{"line":36,"column":7}},"32":{"start":{"line":35,"column":8},"end":{"line":35,"column":65}},"33":{"start":{"line":38,"column":0},"end":{"line":38,"column":42}},"34":{"start":{"line":40,"column":4},"end":{"line":44,"column":5}},"35":{"start":{"line":41,"column":8},"end":{"line":43,"column":9}},"36":{"start":{"line":42,"column":12},"end":{"line":42,"column":24}},"37":{"start":{"line":45,"column":4},"end":{"line":45,"column":17}},"38":{"start":{"line":48,"column":4},"end":{"line":50,"column":7}},"39":{"start":{"line":49,"column":8},"end":{"line":49,"column":41}},"40":{"start":{"line":52,"column":0},"end":{"line":52,"column":38}},"41":{"start":{"line":54,"column":20},"end":{"line":54,"column":31}},"42":{"start":{"line":55,"column":17},"end":{"line":55,"column":44}},"43":{"start":{"line":56,"column":23},"end":{"line":56,"column":34}},"44":{"start":{"line":57,"column":26},"end":{"line":57,"column":28}},"45":{"start":{"line":58,"column":4},"end":{"line":65,"column":5}},"46":{"start":{"line":59,"column":26},"end":{"line":59,"column":57}},"47":{"start":{"line":60,"column":34},"end":{"line":60,"column":74}},"48":{"start":{"line":61,"column":8},"end":{"line":63,"column":9}},"49":{"start":{"line":62,"column":12},"end":{"line":62,"column":68}},"50":{"start":{"line":64,"column":8},"end":{"line":64,"column":42}},"51":{"start":{"line":66,"column":4},"end":{"line":66,"column":27}},"52":{"start":{"line":68,"column":0},"end":{"line":68,"column":30}},"53":{"start":{"line":70,"column":28},"end":{"line":70,"column":46}},"54":{"start":{"line":71,"column":17},"end":{"line":71,"column":47}},"55":{"start":{"line":72,"column":4},"end":{"line":76,"column":5}},"56":{"start":{"line":73,"column":8},"end":{"line":75,"column":9}},"57":{"start":{"line":74,"column":12},"end":{"line":74,"column":42}},"58":{"start":{"line":77,"column":4},"end":{"line":77,"column":29}},"59":{"start":{"line":79,"column":0},"end":{"line":79,"column":32}},"60":{"start":{"line":81,"column":17},"end":{"line":81,"column":19}},"61":{"start":{"line":82,"column":4},"end":{"line":88,"column":5}},"62":{"start":{"line":83,"column":18},"end":{"line":83,"column":45}},"63":{"start":{"line":84,"column":25},"end":{"line":84,"column":57}},"64":{"start":{"line":85,"column":20},"end":{"line":85,"column":48}},"65":{"start":{"line":86,"column":26},"end":{"line":86,"column":61}},"66":{"start":{"line":87,"column":8},"end":{"line":87,"column":44}},"67":{"start":{"line":89,"column":4},"end":{"line":89,"column":18}},"68":{"start":{"line":91,"column":0},"end":{"line":91,"column":50}},"69":{"start":{"line":93,"column":4},"end":{"line":106,"column":5}},"70":{"start":{"line":95,"column":12},"end":{"line":95,"column":46}},"71":{"start":{"line":97,"column":12},"end":{"line":97,"column":46}},"72":{"start":{"line":99,"column":12},"end":{"line":99,"column":46}},"73":{"start":{"line":101,"column":12},"end":{"line":101,"column":48}},"74":{"start":{"line":103,"column":12},"end":{"line":103,"column":46}},"75":{"start":{"line":105,"column":12},"end":{"line":105,"column":77}},"76":{"start":{"line":108,"column":0},"end":{"line":108,"column":30}},"77":{"start":{"line":110,"column":14},"end":{"line":110,"column":41}},"78":{"start":{"line":111,"column":24},"end":{"line":118,"column":6}},"79":{"start":{"line":112,"column":8},"end":{"line":116,"column":9}},"80":{"start":{"line":113,"column":12},"end":{"line":115,"column":13}},"81":{"start":{"line":114,"column":16},"end":{"line":114,"column":29}},"82":{"start":{"line":117,"column":8},"end":{"line":117,"column":20}},"83":{"start":{"line":119,"column":4},"end":{"line":121,"column":7}},"84":{"start":{"line":120,"column":8},"end":{"line":120,"column":68}},"85":{"start":{"line":122,"column":4},"end":{"line":122,"column":45}},"86":{"start":{"line":124,"column":0},"end":{"line":124,"column":36}},"87":{"start":{"line":126,"column":14},"end":{"line":126,"column":29}},"88":{"start":{"line":127,"column":4},"end":{"line":131,"column":7}},"89":{"start":{"line":128,"column":8},"end":{"line":130,"column":9}},"90":{"start":{"line":129,"column":12},"end":{"line":129,"column":37}},"91":{"start":{"line":132,"column":4},"end":{"line":132,"column":15}},"92":{"start":{"line":134,"column":0},"end":{"line":134,"column":36}},"93":{"start":{"line":136,"column":14},"end":{"line":136,"column":29}},"94":{"start":{"line":137,"column":4},"end":{"line":141,"column":7}},"95":{"start":{"line":138,"column":8},"end":{"line":140,"column":9}},"96":{"start":{"line":139,"column":12},"end":{"line":139,"column":37}},"97":{"start":{"line":142,"column":4},"end":{"line":142,"column":15}},"98":{"start":{"line":144,"column":0},"end":{"line":144,"column":36}},"99":{"start":{"line":146,"column":23},"end":{"line":148,"column":7}},"100":{"start":{"line":147,"column":8},"end":{"line":147,"column":27}},"101":{"start":{"line":149,"column":4},"end":{"line":149,"column":29}},"102":{"start":{"line":151,"column":0},"end":{"line":151,"column":40}},"103":{"start":{"line":153,"column":14},"end":{"line":153,"column":41}},"104":{"start":{"line":154,"column":24},"end":{"line":156,"column":6}},"105":{"start":{"line":155,"column":8},"end":{"line":155,"column":42}},"106":{"start":{"line":157,"column":4},"end":{"line":159,"column":7}},"107":{"start":{"line":158,"column":8},"end":{"line":158,"column":68}},"108":{"start":{"line":160,"column":4},"end":{"line":160,"column":70}},"109":{"start":{"line":162,"column":0},"end":{"line":162,"column":36}},"110":{"start":{"line":164,"column":27},"end":{"line":164,"column":44}},"111":{"start":{"line":165,"column":26},"end":{"line":165,"column":28}},"112":{"start":{"line":166,"column":4},"end":{"line":185,"column":5}},"113":{"start":{"line":167,"column":26},"end":{"line":167,"column":48}},"114":{"start":{"line":168,"column":20},"end":{"line":174,"column":10}},"115":{"start":{"line":169,"column":37},"end":{"line":169,"column":41}},"116":{"start":{"line":170,"column":12},"end":{"line":172,"column":13}},"117":{"start":{"line":171,"column":16},"end":{"line":171,"column":100}},"118":{"start":{"line":173,"column":12},"end":{"line":173,"column":38}},"119":{"start":{"line":175,"column":8},"end":{"line":175,"column":32}},"120":{"start":{"line":176,"column":8},"end":{"line":183,"column":11}},"121":{"start":{"line":177,"column":12},"end":{"line":181,"column":13}},"122":{"start":{"line":178,"column":16},"end":{"line":180,"column":17}},"123":{"start":{"line":179,"column":20},"end":{"line":179,"column":33}},"124":{"start":{"line":182,"column":12},"end":{"line":182,"column":24}},"125":{"start":{"line":184,"column":8},"end":{"line":184,"column":36}},"126":{"start":{"line":186,"column":4},"end":{"line":186,"column":27}},"127":{"start":{"line":188,"column":0},"end":{"line":188,"column":32}},"128":{"start":{"line":190,"column":15},"end":{"line":190,"column":32}},"129":{"start":{"line":191,"column":4},"end":{"line":195,"column":5}},"130":{"start":{"line":192,"column":8},"end":{"line":194,"column":9}},"131":{"start":{"line":193,"column":12},"end":{"line":193,"column":25}},"132":{"start":{"line":196,"column":4},"end":{"line":196,"column":16}},"133":{"start":{"line":198,"column":0},"end":{"line":198,"column":32}},"134":{"start":{"line":200,"column":4},"end":{"line":200,"column":17}},"135":{"start":{"line":202,"column":0},"end":{"line":202,"column":36}},"136":{"start":{"line":204,"column":17},"end":{"line":204,"column":21}},"137":{"start":{"line":205,"column":4},"end":{"line":207,"column":5}},"138":{"start":{"line":206,"column":8},"end":{"line":206,"column":20}},"139":{"start":{"line":208,"column":14},"end":{"line":208,"column":35}},"140":{"start":{"line":209,"column":16},"end":{"line":209,"column":26}},"141":{"start":{"line":210,"column":4},"end":{"line":235,"column":5}},"142":{"start":{"line":212,"column":12},"end":{"line":212,"column":26}},"143":{"start":{"line":213,"column":12},"end":{"line":215,"column":13}},"144":{"start":{"line":214,"column":16},"end":{"line":214,"column":63}},"145":{"start":{"line":216,"column":12},"end":{"line":216,"column":26}},"146":{"start":{"line":218,"column":12},"end":{"line":218,"column":27}},"147":{"start":{"line":219,"column":12},"end":{"line":221,"column":13}},"148":{"start":{"line":220,"column":16},"end":{"line":220,"column":63}},"149":{"start":{"line":222,"column":12},"end":{"line":222,"column":26}},"150":{"start":{"line":224,"column":12},"end":{"line":224,"column":47}},"151":{"start":{"line":226,"column":12},"end":{"line":226,"column":47}},"152":{"start":{"line":228,"column":12},"end":{"line":228,"column":47}},"153":{"start":{"line":230,"column":12},"end":{"line":230,"column":47}},"154":{"start":{"line":232,"column":12},"end":{"line":232,"column":60}},"155":{"start":{"line":234,"column":12},"end":{"line":234,"column":82}},"156":{"start":{"line":237,"column":0},"end":{"line":237,"column":36}},"157":{"start":{"line":239,"column":4},"end":{"line":245,"column":5}},"158":{"start":{"line":240,"column":8},"end":{"line":244,"column":9}},"159":{"start":{"line":241,"column":12},"end":{"line":243,"column":13}},"160":{"start":{"line":242,"column":16},"end":{"line":242,"column":35}},"161":{"start":{"line":247,"column":0},"end":{"line":247,"column":58}},"162":{"start":{"line":249,"column":4},"end":{"line":251,"column":5}},"163":{"start":{"line":250,"column":8},"end":{"line":250,"column":76}},"164":{"start":{"line":253,"column":0},"end":{"line":253,"column":48}},"165":{"start":{"line":255,"column":4},"end":{"line":255,"column":39}},"166":{"start":{"line":257,"column":0},"end":{"line":257,"column":32}},"167":{"start":{"line":259,"column":4},"end":{"line":265,"column":5}},"168":{"start":{"line":260,"column":8},"end":{"line":264,"column":9}},"169":{"start":{"line":261,"column":12},"end":{"line":263,"column":13}},"170":{"start":{"line":262,"column":16},"end":{"line":262,"column":39}},"171":{"start":{"line":266,"column":4},"end":{"line":266,"column":17}},"172":{"start":{"line":268,"column":0},"end":{"line":268,"column":16}},"173":{"start":{"line":270,"column":4},"end":{"line":276,"column":5}},"174":{"start":{"line":271,"column":8},"end":{"line":275,"column":9}},"175":{"start":{"line":272,"column":12},"end":{"line":274,"column":13}},"176":{"start":{"line":273,"column":16},"end":{"line":273,"column":39}},"177":{"start":{"line":277,"column":4},"end":{"line":277,"column":17}},"178":{"start":{"line":279,"column":0},"end":{"line":279,"column":16}},"179":{"start":{"line":281,"column":4},"end":{"line":287,"column":5}},"180":{"start":{"line":282,"column":8},"end":{"line":286,"column":9}},"181":{"start":{"line":283,"column":12},"end":{"line":285,"column":13}},"182":{"start":{"line":284,"column":16},"end":{"line":284,"column":41}},"183":{"start":{"line":288,"column":4},"end":{"line":288,"column":17}},"184":{"start":{"line":290,"column":0},"end":{"line":290,"column":16}},"185":{"start":{"line":292,"column":17},"end":{"line":292,"column":21}},"186":{"start":{"line":293,"column":4},"end":{"line":318,"column":5}},"187":{"start":{"line":294,"column":8},"end":{"line":317,"column":9}},"188":{"start":{"line":295,"column":12},"end":{"line":316,"column":13}},"189":{"start":{"line":296,"column":29},"end":{"line":296,"column":39}},"190":{"start":{"line":297,"column":16},"end":{"line":315,"column":17}},"191":{"start":{"line":298,"column":20},"end":{"line":298,"column":32}},"192":{"start":{"line":300,"column":21},"end":{"line":315,"column":17}},"193":{"start":{"line":301,"column":20},"end":{"line":301,"column":49}},"194":{"start":{"line":302,"column":20},"end":{"line":302,"column":57}},"195":{"start":{"line":304,"column":21},"end":{"line":315,"column":17}},"196":{"start":{"line":305,"column":20},"end":{"line":305,"column":45}},"197":{"start":{"line":306,"column":20},"end":{"line":306,"column":57}},"198":{"start":{"line":308,"column":21},"end":{"line":315,"column":17}},"199":{"start":{"line":309,"column":40},"end":{"line":309,"column":59}},"200":{"start":{"line":310,"column":20},"end":{"line":310,"column":60}},"201":{"start":{"line":311,"column":20},"end":{"line":311,"column":59}},"202":{"start":{"line":314,"column":20},"end":{"line":314,"column":51}},"203":{"start":{"line":319,"column":4},"end":{"line":319,"column":17}},"204":{"start":{"line":321,"column":0},"end":{"line":321,"column":16}},"205":{"start":{"line":323,"column":20},"end":{"line":323,"column":46}},"206":{"start":{"line":324,"column":23},"end":{"line":334,"column":6}},"207":{"start":{"line":325,"column":8},"end":{"line":333,"column":9}},"208":{"start":{"line":326,"column":30},"end":{"line":326,"column":69}},"209":{"start":{"line":327,"column":29},"end":{"line":327,"column":56}},"210":{"start":{"line":328,"column":23},"end":{"line":328,"column":45}},"211":{"start":{"line":329,"column":12},"end":{"line":329,"column":29}},"212":{"start":{"line":332,"column":12},"end":{"line":332,"column":80}},"213":{"start":{"line":335,"column":16},"end":{"line":335,"column":18}},"214":{"start":{"line":336,"column":4},"end":{"line":346,"column":5}},"215":{"start":{"line":337,"column":25},"end":{"line":337,"column":56}},"216":{"start":{"line":338,"column":29},"end":{"line":338,"column":61}},"217":{"start":{"line":339,"column":8},"end":{"line":341,"column":9}},"218":{"start":{"line":340,"column":12},"end":{"line":340,"column":41}},"219":{"start":{"line":342,"column":8},"end":{"line":342,"column":21}},"220":{"start":{"line":345,"column":8},"end":{"line":345,"column":56}},"221":{"start":{"line":348,"column":0},"end":{"line":348,"column":26}}},"fnMap":{"0":{"name":"(anonymous_0)","decl":{"start":{"line":2,"column":74},"end":{"line":2,"column":75}},"loc":{"start":{"line":2,"column":96},"end":{"line":9,"column":1}},"line":2},"1":{"name":"(anonymous_1)","decl":{"start":{"line":6,"column":38},"end":{"line":6,"column":39}},"loc":{"start":{"line":6,"column":49},"end":{"line":6,"column":65}},"line":6},"2":{"name":"(anonymous_2)","decl":{"start":{"line":9,"column":6},"end":{"line":9,"column":7}},"loc":{"start":{"line":9,"column":28},"end":{"line":12,"column":1}},"line":9},"3":{"name":"(anonymous_3)","decl":{"start":{"line":13,"column":80},"end":{"line":13,"column":81}},"loc":{"start":{"line":13,"column":95},"end":{"line":15,"column":1}},"line":13},"4":{"name":"(anonymous_4)","decl":{"start":{"line":15,"column":5},"end":{"line":15,"column":6}},"loc":{"start":{"line":15,"column":20},"end":{"line":17,"column":1}},"line":15},"5":{"name":"(anonymous_5)","decl":{"start":{"line":18,"column":50},"end":{"line":18,"column":51}},"loc":{"start":{"line":18,"column":65},"end":{"line":24,"column":1}},"line":18},"6":{"name":"(anonymous_6)","decl":{"start":{"line":25,"column":56},"end":{"line":25,"column":57}},"loc":{"start":{"line":25,"column":71},"end":{"line":27,"column":1}},"line":25},"7":{"name":"filterByAnyKeys","decl":{"start":{"line":33,"column":9},"end":{"line":33,"column":24}},"loc":{"start":{"line":33,"column":49},"end":{"line":37,"column":1}},"line":33},"8":{"name":"(anonymous_8)","decl":{"start":{"line":34,"column":32},"end":{"line":34,"column":33}},"loc":{"start":{"line":34,"column":55},"end":{"line":36,"column":5}},"line":34},"9":{"name":"dataContainsColumnKey","decl":{"start":{"line":39,"column":9},"end":{"line":39,"column":30}},"loc":{"start":{"line":39,"column":59},"end":{"line":46,"column":1}},"line":39},"10":{"name":"filterByWhere","decl":{"start":{"line":47,"column":9},"end":{"line":47,"column":22}},"loc":{"start":{"line":47,"column":44},"end":{"line":51,"column":1}},"line":47},"11":{"name":"(anonymous_11)","decl":{"start":{"line":48,"column":31},"end":{"line":48,"column":32}},"loc":{"start":{"line":48,"column":41},"end":{"line":50,"column":5}},"line":48},"12":{"name":"transform","decl":{"start":{"line":53,"column":9},"end":{"line":53,"column":18}},"loc":{"start":{"line":53,"column":32},"end":{"line":67,"column":1}},"line":53},"13":{"name":"trimByKeys","decl":{"start":{"line":69,"column":9},"end":{"line":69,"column":19}},"loc":{"start":{"line":69,"column":39},"end":{"line":78,"column":1}},"line":69},"14":{"name":"applyTransformation","decl":{"start":{"line":80,"column":9},"end":{"line":80,"column":28}},"loc":{"start":{"line":80,"column":50},"end":{"line":90,"column":1}},"line":80},"15":{"name":"applyRule","decl":{"start":{"line":92,"column":9},"end":{"line":92,"column":18}},"loc":{"start":{"line":92,"column":45},"end":{"line":107,"column":1}},"line":92},"16":{"name":"applyRuleSum","decl":{"start":{"line":109,"column":9},"end":{"line":109,"column":21}},"loc":{"start":{"line":109,"column":36},"end":{"line":123,"column":1}},"line":109},"17":{"name":"(anonymous_17)","decl":{"start":{"line":111,"column":37},"end":{"line":111,"column":38}},"loc":{"start":{"line":111,"column":52},"end":{"line":118,"column":5}},"line":111},"18":{"name":"(anonymous_18)","decl":{"start":{"line":119,"column":18},"end":{"line":119,"column":19}},"loc":{"start":{"line":119,"column":35},"end":{"line":121,"column":5}},"line":119},"19":{"name":"applyRuleMax","decl":{"start":{"line":125,"column":9},"end":{"line":125,"column":21}},"loc":{"start":{"line":125,"column":36},"end":{"line":133,"column":1}},"line":125},"20":{"name":"(anonymous_20)","decl":{"start":{"line":127,"column":18},"end":{"line":127,"column":19}},"loc":{"start":{"line":127,"column":35},"end":{"line":131,"column":5}},"line":127},"21":{"name":"applyRuleMin","decl":{"start":{"line":135,"column":9},"end":{"line":135,"column":21}},"loc":{"start":{"line":135,"column":36},"end":{"line":143,"column":1}},"line":135},"22":{"name":"(anonymous_22)","decl":{"start":{"line":137,"column":18},"end":{"line":137,"column":19}},"loc":{"start":{"line":137,"column":35},"end":{"line":141,"column":5}},"line":137},"23":{"name":"applyRuleCount","decl":{"start":{"line":145,"column":9},"end":{"line":145,"column":23}},"loc":{"start":{"line":145,"column":38},"end":{"line":150,"column":1}},"line":145},"24":{"name":"(anonymous_24)","decl":{"start":{"line":146,"column":41},"end":{"line":146,"column":42}},"loc":{"start":{"line":146,"column":51},"end":{"line":148,"column":5}},"line":146},"25":{"name":"applyRuleAvg","decl":{"start":{"line":152,"column":9},"end":{"line":152,"column":21}},"loc":{"start":{"line":152,"column":36},"end":{"line":161,"column":1}},"line":152},"26":{"name":"(anonymous_26)","decl":{"start":{"line":154,"column":37},"end":{"line":154,"column":38}},"loc":{"start":{"line":154,"column":52},"end":{"line":156,"column":5}},"line":154},"27":{"name":"(anonymous_27)","decl":{"start":{"line":157,"column":26},"end":{"line":157,"column":27}},"loc":{"start":{"line":157,"column":43},"end":{"line":159,"column":5}},"line":157},"28":{"name":"makeGroups","decl":{"start":{"line":163,"column":9},"end":{"line":163,"column":19}},"loc":{"start":{"line":163,"column":45},"end":{"line":187,"column":1}},"line":163},"29":{"name":"(anonymous_29)","decl":{"start":{"line":168,"column":44},"end":{"line":168,"column":45}},"loc":{"start":{"line":168,"column":52},"end":{"line":174,"column":9}},"line":168},"30":{"name":"(anonymous_30)","decl":{"start":{"line":176,"column":51},"end":{"line":176,"column":52}},"loc":{"start":{"line":176,"column":59},"end":{"line":183,"column":9}},"line":176},"31":{"name":"deepEquals","decl":{"start":{"line":189,"column":9},"end":{"line":189,"column":19}},"loc":{"start":{"line":189,"column":32},"end":{"line":197,"column":1}},"line":189},"32":{"name":"getGroupKeys","decl":{"start":{"line":199,"column":9},"end":{"line":199,"column":21}},"loc":{"start":{"line":199,"column":29},"end":{"line":201,"column":1}},"line":199},"33":{"name":"performWhere","decl":{"start":{"line":203,"column":9},"end":{"line":203,"column":21}},"loc":{"start":{"line":203,"column":38},"end":{"line":236,"column":1}},"line":203},"34":{"name":"selectKeyValuesInColumn","decl":{"start":{"line":238,"column":9},"end":{"line":238,"column":32}},"loc":{"start":{"line":238,"column":57},"end":{"line":246,"column":1}},"line":238},"35":{"name":"validateResultSize","decl":{"start":{"line":248,"column":9},"end":{"line":248,"column":27}},"loc":{"start":{"line":248,"column":43},"end":{"line":252,"column":1}},"line":248},"36":{"name":"getAnyKeys","decl":{"start":{"line":254,"column":9},"end":{"line":254,"column":19}},"loc":{"start":{"line":254,"column":27},"end":{"line":256,"column":1}},"line":254},"37":{"name":"lt","decl":{"start":{"line":258,"column":9},"end":{"line":258,"column":11}},"loc":{"start":{"line":258,"column":36},"end":{"line":267,"column":1}},"line":258},"38":{"name":"gt","decl":{"start":{"line":269,"column":9},"end":{"line":269,"column":11}},"loc":{"start":{"line":269,"column":36},"end":{"line":278,"column":1}},"line":269},"39":{"name":"eq","decl":{"start":{"line":280,"column":9},"end":{"line":280,"column":11}},"loc":{"start":{"line":280,"column":36},"end":{"line":289,"column":1}},"line":280},"40":{"name":"is","decl":{"start":{"line":291,"column":9},"end":{"line":291,"column":11}},"loc":{"start":{"line":291,"column":36},"end":{"line":320,"column":1}},"line":291},"41":{"name":"getData","decl":{"start":{"line":322,"column":15},"end":{"line":322,"column":22}},"loc":{"start":{"line":322,"column":25},"end":{"line":347,"column":1}},"line":322},"42":{"name":"(anonymous_42)","decl":{"start":{"line":324,"column":37},"end":{"line":324,"column":38}},"loc":{"start":{"line":324,"column":57},"end":{"line":334,"column":5}},"line":324}},"branchMap":{"0":{"loc":{"start":{"line":2,"column":22},"end":{"line":12,"column":3}},"type":"binary-expr","locations":[{"start":{"line":2,"column":23},"end":{"line":2,"column":27}},{"start":{"line":2,"column":31},"end":{"line":2,"column":51}},{"start":{"line":2,"column":57},"end":{"line":12,"column":2}}],"line":2},"1":{"loc":{"start":{"line":2,"column":57},"end":{"line":12,"column":2}},"type":"cond-expr","locations":[{"start":{"line":2,"column":74},"end":{"line":9,"column":1}},{"start":{"line":9,"column":6},"end":{"line":12,"column":1}}],"line":2},"2":{"loc":{"start":{"line":3,"column":4},"end":{"line":3,"column":33}},"type":"if","locations":[{"start":{"line":3,"column":4},"end":{"line":3,"column":33}},{"start":{"line":3,"column":4},"end":{"line":3,"column":33}}],"line":3},"3":{"loc":{"start":{"line":5,"column":4},"end":{"line":7,"column":5}},"type":"if","locations":[{"start":{"line":5,"column":4},"end":{"line":7,"column":5}},{"start":{"line":5,"column":4},"end":{"line":7,"column":5}}],"line":5},"4":{"loc":{"start":{"line":5,"column":8},"end":{"line":5,"column":85}},"type":"binary-expr","locations":[{"start":{"line":5,"column":8},"end":{"line":5,"column":13}},{"start":{"line":5,"column":18},"end":{"line":5,"column":84}}],"line":5},"5":{"loc":{"start":{"line":5,"column":18},"end":{"line":5,"column":84}},"type":"cond-expr","locations":[{"start":{"line":5,"column":34},"end":{"line":5,"column":47}},{"start":{"line":5,"column":50},"end":{"line":5,"column":84}}],"line":5},"6":{"loc":{"start":{"line":5,"column":50},"end":{"line":5,"column":84}},"type":"binary-expr","locations":[{"start":{"line":5,"column":50},"end":{"line":5,"column":63}},{"start":{"line":5,"column":67},"end":{"line":5,"column":84}}],"line":5},"7":{"loc":{"start":{"line":10,"column":4},"end":{"line":10,"column":33}},"type":"if","locations":[{"start":{"line":10,"column":4},"end":{"line":10,"column":33}},{"start":{"line":10,"column":4},"end":{"line":10,"column":33}}],"line":10},"8":{"loc":{"start":{"line":13,"column":25},"end":{"line":17,"column":2}},"type":"binary-expr","locations":[{"start":{"line":13,"column":26},"end":{"line":13,"column":30}},{"start":{"line":13,"column":34},"end":{"line":13,"column":57}},{"start":{"line":13,"column":63},"end":{"line":17,"column":1}}],"line":13},"9":{"loc":{"start":{"line":13,"column":63},"end":{"line":17,"column":1}},"type":"cond-expr","locations":[{"start":{"line":13,"column":80},"end":{"line":15,"column":1}},{"start":{"line":15,"column":5},"end":{"line":17,"column":1}}],"line":13},"10":{"loc":{"start":{"line":18,"column":19},"end":{"line":24,"column":1}},"type":"binary-expr","locations":[{"start":{"line":18,"column":20},"end":{"line":18,"column":24}},{"start":{"line":18,"column":28},"end":{"line":18,"column":45}},{"start":{"line":18,"column":50},"end":{"line":24,"column":1}}],"line":18},"11":{"loc":{"start":{"line":19,"column":4},"end":{"line":19,"column":42}},"type":"if","locations":[{"start":{"line":19,"column":4},"end":{"line":19,"column":42}},{"start":{"line":19,"column":4},"end":{"line":19,"column":42}}],"line":19},"12":{"loc":{"start":{"line":19,"column":8},"end":{"line":19,"column":29}},"type":"binary-expr","locations":[{"start":{"line":19,"column":8},"end":{"line":19,"column":11}},{"start":{"line":19,"column":15},"end":{"line":19,"column":29}}],"line":19},"13":{"loc":{"start":{"line":21,"column":4},"end":{"line":21,"column":141}},"type":"if","locations":[{"start":{"line":21,"column":4},"end":{"line":21,"column":141}},{"start":{"line":21,"column":4},"end":{"line":21,"column":141}}],"line":21},"14":{"loc":{"start":{"line":21,"column":40},"end":{"line":21,"column":141}},"type":"if","locations":[{"start":{"line":21,"column":40},"end":{"line":21,"column":141}},{"start":{"line":21,"column":40},"end":{"line":21,"column":141}}],"line":21},"15":{"loc":{"start":{"line":21,"column":44},"end":{"line":21,"column":107}},"type":"binary-expr","locations":[{"start":{"line":21,"column":44},"end":{"line":21,"column":59}},{"start":{"line":21,"column":63},"end":{"line":21,"column":107}}],"line":21},"16":{"loc":{"start":{"line":25,"column":22},"end":{"line":27,"column":1}},"type":"binary-expr","locations":[{"start":{"line":25,"column":23},"end":{"line":25,"column":27}},{"start":{"line":25,"column":31},"end":{"line":25,"column":51}},{"start":{"line":25,"column":56},"end":{"line":27,"column":1}}],"line":25},"17":{"loc":{"start":{"line":26,"column":11},"end":{"line":26,"column":61}},"type":"cond-expr","locations":[{"start":{"line":26,"column":37},"end":{"line":26,"column":40}},{"start":{"line":26,"column":43},"end":{"line":26,"column":61}}],"line":26},"18":{"loc":{"start":{"line":26,"column":12},"end":{"line":26,"column":33}},"type":"binary-expr","locations":[{"start":{"line":26,"column":12},"end":{"line":26,"column":15}},{"start":{"line":26,"column":19},"end":{"line":26,"column":33}}],"line":26},"19":{"loc":{"start":{"line":41,"column":8},"end":{"line":43,"column":9}},"type":"if","locations":[{"start":{"line":41,"column":8},"end":{"line":43,"column":9}},{"start":{"line":41,"column":8},"end":{"line":43,"column":9}}],"line":41},"20":{"loc":{"start":{"line":73,"column":8},"end":{"line":75,"column":9}},"type":"if","locations":[{"start":{"line":73,"column":8},"end":{"line":75,"column":9}},{"start":{"line":73,"column":8},"end":{"line":75,"column":9}}],"line":73},"21":{"loc":{"start":{"line":93,"column":4},"end":{"line":106,"column":5}},"type":"switch","locations":[{"start":{"line":94,"column":8},"end":{"line":95,"column":46}},{"start":{"line":96,"column":8},"end":{"line":97,"column":46}},{"start":{"line":98,"column":8},"end":{"line":99,"column":46}},{"start":{"line":100,"column":8},"end":{"line":101,"column":48}},{"start":{"line":102,"column":8},"end":{"line":103,"column":46}},{"start":{"line":104,"column":8},"end":{"line":105,"column":77}}],"line":93},"22":{"loc":{"start":{"line":113,"column":12},"end":{"line":115,"column":13}},"type":"if","locations":[{"start":{"line":113,"column":12},"end":{"line":115,"column":13}},{"start":{"line":113,"column":12},"end":{"line":115,"column":13}}],"line":113},"23":{"loc":{"start":{"line":113,"column":16},"end":{"line":113,"column":63}},"type":"binary-expr","locations":[{"start":{"line":113,"column":16},"end":{"line":113,"column":36}},{"start":{"line":113,"column":40},"end":{"line":113,"column":63}}],"line":113},"24":{"loc":{"start":{"line":128,"column":8},"end":{"line":130,"column":9}},"type":"if","locations":[{"start":{"line":128,"column":8},"end":{"line":130,"column":9}},{"start":{"line":128,"column":8},"end":{"line":130,"column":9}}],"line":128},"25":{"loc":{"start":{"line":138,"column":8},"end":{"line":140,"column":9}},"type":"if","locations":[{"start":{"line":138,"column":8},"end":{"line":140,"column":9}},{"start":{"line":138,"column":8},"end":{"line":140,"column":9}}],"line":138},"26":{"loc":{"start":{"line":171,"column":37},"end":{"line":171,"column":99}},"type":"binary-expr","locations":[{"start":{"line":171,"column":37},"end":{"line":171,"column":55}},{"start":{"line":171,"column":60},"end":{"line":171,"column":98}}],"line":171},"27":{"loc":{"start":{"line":178,"column":16},"end":{"line":180,"column":17}},"type":"if","locations":[{"start":{"line":178,"column":16},"end":{"line":180,"column":17}},{"start":{"line":178,"column":16},"end":{"line":180,"column":17}}],"line":178},"28":{"loc":{"start":{"line":192,"column":8},"end":{"line":194,"column":9}},"type":"if","locations":[{"start":{"line":192,"column":8},"end":{"line":194,"column":9}},{"start":{"line":192,"column":8},"end":{"line":194,"column":9}}],"line":192},"29":{"loc":{"start":{"line":205,"column":4},"end":{"line":207,"column":5}},"type":"if","locations":[{"start":{"line":205,"column":4},"end":{"line":207,"column":5}},{"start":{"line":205,"column":4},"end":{"line":207,"column":5}}],"line":205},"30":{"loc":{"start":{"line":210,"column":4},"end":{"line":235,"column":5}},"type":"switch","locations":[{"start":{"line":211,"column":8},"end":{"line":216,"column":26}},{"start":{"line":217,"column":8},"end":{"line":222,"column":26}},{"start":{"line":223,"column":8},"end":{"line":224,"column":47}},{"start":{"line":225,"column":8},"end":{"line":226,"column":47}},{"start":{"line":227,"column":8},"end":{"line":228,"column":47}},{"start":{"line":229,"column":8},"end":{"line":230,"column":47}},{"start":{"line":231,"column":8},"end":{"line":232,"column":60}},{"start":{"line":233,"column":8},"end":{"line":234,"column":82}}],"line":210},"31":{"loc":{"start":{"line":214,"column":25},"end":{"line":214,"column":62}},"type":"binary-expr","locations":[{"start":{"line":214,"column":25},"end":{"line":214,"column":31}},{"start":{"line":214,"column":35},"end":{"line":214,"column":62}}],"line":214},"32":{"loc":{"start":{"line":220,"column":25},"end":{"line":220,"column":62}},"type":"binary-expr","locations":[{"start":{"line":220,"column":25},"end":{"line":220,"column":52}},{"start":{"line":220,"column":56},"end":{"line":220,"column":62}}],"line":220},"33":{"loc":{"start":{"line":241,"column":12},"end":{"line":243,"column":13}},"type":"if","locations":[{"start":{"line":241,"column":12},"end":{"line":243,"column":13}},{"start":{"line":241,"column":12},"end":{"line":243,"column":13}}],"line":241},"34":{"loc":{"start":{"line":249,"column":4},"end":{"line":251,"column":5}},"type":"if","locations":[{"start":{"line":249,"column":4},"end":{"line":251,"column":5}},{"start":{"line":249,"column":4},"end":{"line":251,"column":5}}],"line":249},"35":{"loc":{"start":{"line":261,"column":12},"end":{"line":263,"column":13}},"type":"if","locations":[{"start":{"line":261,"column":12},"end":{"line":263,"column":13}},{"start":{"line":261,"column":12},"end":{"line":263,"column":13}}],"line":261},"36":{"loc":{"start":{"line":272,"column":12},"end":{"line":274,"column":13}},"type":"if","locations":[{"start":{"line":272,"column":12},"end":{"line":274,"column":13}},{"start":{"line":272,"column":12},"end":{"line":274,"column":13}}],"line":272},"37":{"loc":{"start":{"line":283,"column":12},"end":{"line":285,"column":13}},"type":"if","locations":[{"start":{"line":283,"column":12},"end":{"line":285,"column":13}},{"start":{"line":283,"column":12},"end":{"line":285,"column":13}}],"line":283},"38":{"loc":{"start":{"line":295,"column":12},"end":{"line":316,"column":13}},"type":"if","locations":[{"start":{"line":295,"column":12},"end":{"line":316,"column":13}},{"start":{"line":295,"column":12},"end":{"line":316,"column":13}}],"line":295},"39":{"loc":{"start":{"line":297,"column":16},"end":{"line":315,"column":17}},"type":"if","locations":[{"start":{"line":297,"column":16},"end":{"line":315,"column":17}},{"start":{"line":297,"column":16},"end":{"line":315,"column":17}}],"line":297},"40":{"loc":{"start":{"line":297,"column":20},"end":{"line":297,"column":53}},"type":"binary-expr","locations":[{"start":{"line":297,"column":20},"end":{"line":297,"column":34}},{"start":{"line":297,"column":38},"end":{"line":297,"column":53}}],"line":297},"41":{"loc":{"start":{"line":300,"column":21},"end":{"line":315,"column":17}},"type":"if","locations":[{"start":{"line":300,"column":21},"end":{"line":315,"column":17}},{"start":{"line":300,"column":21},"end":{"line":315,"column":17}}],"line":300},"42":{"loc":{"start":{"line":300,"column":25},"end":{"line":300,"column":71}},"type":"binary-expr","locations":[{"start":{"line":300,"column":25},"end":{"line":300,"column":47}},{"start":{"line":300,"column":51},"end":{"line":300,"column":71}}],"line":300},"43":{"loc":{"start":{"line":304,"column":21},"end":{"line":315,"column":17}},"type":"if","locations":[{"start":{"line":304,"column":21},"end":{"line":315,"column":17}},{"start":{"line":304,"column":21},"end":{"line":315,"column":17}}],"line":304},"44":{"loc":{"start":{"line":308,"column":21},"end":{"line":315,"column":17}},"type":"if","locations":[{"start":{"line":308,"column":21},"end":{"line":315,"column":17}},{"start":{"line":308,"column":21},"end":{"line":315,"column":17}}],"line":308}},"s":{"0":1,"1":148,"2":148,"3":148,"4":148,"5":148,"6":141,"7":148,"8":0,"9":0,"10":0,"11":1,"12":1,"13":0,"14":1,"15":1,"16":0,"17":1,"18":1,"19":1,"20":148,"21":148,"22":1,"23":1,"24":1,"25":1,"26":1,"27":1,"28":1,"29":1,"30":1,"31":47,"32":3053872,"33":1,"34":3053872,"35":3905112,"36":2073044,"37":980828,"38":47,"39":2073044,"40":1,"41":14,"42":14,"43":14,"44":14,"45":14,"46":436,"47":436,"48":436,"49":392,"50":436,"51":14,"52":1,"53":436,"54":436,"55":436,"56":4756,"57":4320,"58":436,"59":1,"60":436,"61":436,"62":392,"63":392,"64":392,"65":392,"66":392,"67":436,"68":1,"69":392,"70":96,"71":52,"72":52,"73":140,"74":52,"75":0,"76":1,"77":96,"78":96,"79":777,"80":8418,"81":20,"82":757,"83":96,"84":777,"85":96,"86":1,"87":52,"88":52,"89":413,"90":73,"91":52,"92":1,"93":52,"94":52,"95":413,"96":40,"97":52,"98":1,"99":140,"100":1141,"101":140,"102":1,"103":52,"104":52,"105":413,"106":52,"107":413,"108":52,"109":1,"110":14,"111":14,"112":14,"113":436,"114":436,"115":40883,"116":40883,"117":40883,"118":40883,"119":436,"120":436,"121":40883,"122":600474,"123":3085,"124":37798,"125":436,"126":14,"127":1,"128":600474,"129":600474,"130":692085,"131":597389,"132":3085,"133":1,"134":0,"135":1,"136":2722305,"137":2722305,"138":70072,"139":2652233,"140":2652233,"141":2652233,"142":193836,"143":193836,"144":387672,"145":193836,"146":193836,"147":193836,"148":387672,"149":193836,"150":387672,"151":904568,"152":516896,"153":390813,"154":64612,"155":0,"156":1,"157":47,"158":274909,"159":2747742,"160":2392030,"161":1,"162":47,"163":4,"164":1,"165":47,"166":1,"167":387672,"168":3036764,"169":3036764,"170":387672,"171":0,"172":1,"173":904568,"174":6655036,"175":6655036,"176":904568,"177":0,"178":1,"179":516896,"180":3941332,"181":3941332,"182":516896,"183":0,"184":1,"185":390813,"186":390813,"187":390813,"188":1954065,"189":390813,"190":390813,"191":129224,"192":261589,"193":64612,"194":64612,"195":196977,"196":64612,"197":64612,"198":132365,"199":64612,"200":64612,"201":64612,"202":67753,"203":0,"204":1,"205":47,"206":47,"207":94,"208":94,"209":94,"210":94,"211":94,"212":0,"213":47,"214":47,"215":47,"216":47,"217":47,"218":94,"219":47,"220":0,"221":1},"f":{"0":148,"1":141,"2":0,"3":1,"4":0,"5":1,"6":1,"7":47,"8":3053872,"9":3053872,"10":47,"11":2073044,"12":14,"13":436,"14":436,"15":392,"16":96,"17":777,"18":777,"19":52,"20":413,"21":52,"22":413,"23":140,"24":1141,"25":52,"26":413,"27":413,"28":14,"29":40883,"30":40883,"31":600474,"32":0,"33":2722305,"34":47,"35":47,"36":47,"37":387672,"38":904568,"39":516896,"40":390813,"41":47,"42":94},"b":{"0":[1,1,1],"1":[1,0],"2":[148,0],"3":[148,0],"4":[148,148],"5":[0,148],"6":[148,0],"7":[0,0],"8":[1,1,1],"9":[1,0],"10":[1,1,1],"11":[0,1],"12":[1,1],"13":[1,0],"14":[148,0],"15":[148,148],"16":[1,1,1],"17":[0,1],"18":[1,1],"19":[2073044,1832068],"20":[4320,436],"21":[96,52,52,140,52,0],"22":[20,8398],"23":[8418,49],"24":[73,340],"25":[40,373],"26":[40883,40883],"27":[3085,597389],"28":[597389,94696],"29":[70072,2652233],"30":[193836,193836,387672,904568,516896,390813,64612,0],"31":[387672,196977],"32":[387672,387534],"33":[2392030,355712],"34":[4,43],"35":[387672,2649092],"36":[904568,5750468],"37":[516896,3424436],"38":[390813,1563252],"39":[129224,261589],"40":[390813,326201],"41":[64612,196977],"42":[261589,129224],"43":[64612,132365],"44":[64612,67753]},"inputSourceMap":{"version":3,"file":"C:/Users/Winston/Desktop/project_team203/src/controller/PerformQueryHelperFunctions.ts","sources":["C:/Users/Winston/Desktop/project_team203/src/controller/PerformQueryHelperFunctions.ts"],"names":[],"mappings":";;;;;;;;;;;;;;;;;;;;;;;;;;;;;AAAA,qDAAsG;AAEtG,6CAA+B;AAC/B,4DAAiC;AAEjC,SAAgB,eAAe,CAAC,OAAiB,EAAE,aAAoB;IACtE,OAAO,aAAa,CAAC,MAAM,CAAC,CAAC,iBAAiB,EAAE,EAAE;QACjD,OAAO,qBAAqB,CAAC,OAAO,EAAE,iBAAiB,CAAC,CAAC;IAC1D,CAAC,CAAC,CAAC;AACJ,CAAC;AAJD,0CAIC;AAED,SAAS,qBAAqB,CAAC,OAAiB,EAAE,iBAAsB;IACvE,KAAK,IAAI,MAAM,IAAI,OAAO,EAAE;QAC3B,IAAI,MAAM,CAAC,IAAI,CAAC,iBAAiB,CAAC,CAAC,QAAQ,CAAC,MAAM,CAAC,EAAE;YACpD,OAAO,IAAI,CAAC;SACZ;KACD;IACD,OAAO,KAAK,CAAC;AACd,CAAC;AAED,SAAgB,aAAa,CAAC,KAAU,EAAE,YAAmB;IAC5D,OAAO,YAAY,CAAC,MAAM,CAAC,CAAC,IAAI,EAAE,EAAE;QACnC,OAAO,YAAY,CAAC,KAAK,EAAE,IAAI,CAAC,CAAC;IAClC,CAAC,CAAC,CAAC;AACJ,CAAC;AAJD,sCAIC;AAED,SAAgB,SAAS,CAAC,KAAU,EAAE,IAAW;IAChD,IAAI,SAAS,GAAa,KAAK,CAAC,KAAK,CAAC;IACtC,IAAI,MAAM,GAAG,UAAU,CAAC,SAAS,EAAE,IAAI,CAAC,CAAC;IACzC,IAAI,YAAY,GAAU,KAAK,CAAC,KAAK,CAAC;IACtC,IAAI,eAAe,GAAG,EAAE,CAAC;IACzB,KAAK,IAAI,KAAK,IAAI,MAAM,EAAE;QACzB,IAAI,WAAW,GAAG,UAAU,CAAC,SAAS,EAAE,KAAK,CAAC,CAAC,CAAC,CAAC,CAAC;QAElD,IAAI,mBAAmB,GAAG,mBAAmB,CAAC,YAAY,EAAE,KAAK,CAAC,CAAC;QACnE,KAAK,IAAI,kBAAkB,IAAI,mBAAmB,EAAE;YACnD,WAAW,GAAG,EAAC,GAAG,WAAW,EAAE,GAAG,kBAAkB,EAAC,CAAC;SACtD;QACD,eAAe,CAAC,IAAI,CAAC,WAAW,CAAC,CAAC;KAClC;IACD,OAAO,eAAe,CAAC;AACxB,CAAC;AAfD,8BAeC;AAED,SAAgB,UAAU,CAAC,IAAc,EAAE,WAAgB;IAC1D,IAAI,iBAAiB,GAAG,EAAC,GAAG,WAAW,EAAC,CAAC;IACzC,IAAI,MAAM,GAAG,MAAM,CAAC,IAAI,CAAC,iBAAiB,CAAC,CAAC;IAC5C,KAAK,IAAI,GAAG,IAAI,MAAM,EAAE;QACvB,IAAI,CAAC,IAAI,CAAC,QAAQ,CAAC,GAAG,CAAC,EAAE;YACxB,OAAO,iBAAiB,CAAC,GAAG,CAAC,CAAC;SAC9B;KACD;IACD,OAAO,iBAAiB,CAAC;AAC1B,CAAC;AATD,gCASC;AAED,SAAgB,mBAAmB,CAAC,YAAmB,EAAE,KAAY;IACpE,IAAI,MAAM,GAAG,EAAE,CAAC;IAChB,KAAK,IAAI,WAAW,IAAI,YAAY,EAAE;QACrC,IAAI,GAAG,GAAG,MAAM,CAAC,IAAI,CAAC,WAAW,CAAC,CAAC,CAAC,CAAC,CAAC;QACtC,IAAI,UAAU,GAAG,MAAM,CAAC,IAAI,CAAC,WAAW,CAAC,GAAG,CAAC,CAAC,CAAC,CAAC,CAAC,CAAC;QAClD,IAAI,KAAK,GAAG,WAAW,CAAC,GAAG,CAAC,CAAC,UAAU,CAAC,CAAC;QACzC,IAAI,WAAW,GAAG,SAAS,CAAC,UAAU,EAAE,KAAK,EAAE,KAAK,CAAC,CAAC;QACtD,MAAM,CAAC,IAAI,CAAC,EAAC,CAAC,GAAG,CAAC,EAAE,WAAW,EAAC,CAAC,CAAC;KAClC;IACD,OAAO,MAAM,CAAC;AACf,CAAC;AAVD,kDAUC;AAED,SAAgB,SAAS,CAAC,UAAkB,EAAE,KAAa,EAAE,KAAY;IACxE,QAAO,UAAU,EAAE;QAClB,KAAK,KAAK;YACT,OAAO,YAAY,CAAC,KAAK,EAAE,KAAK,CAAC,CAAC;QACnC,KAAK,KAAK;YACT,OAAO,YAAY,CAAC,KAAK,EAAE,KAAK,CAAC,CAAC;QACnC,KAAK,KAAK;YACT,OAAO,YAAY,CAAC,KAAK,EAAE,KAAK,CAAC,CAAC;QACnC,KAAK,OAAO;YACX,OAAO,cAAc,CAAC,KAAK,EAAE,KAAK,CAAC,CAAC;QACrC,KAAK,KAAK;YACT,OAAO,YAAY,CAAC,KAAK,EAAE,KAAK,CAAC,CAAC;QACnC;YACC,MAAM,IAAI,6BAAY,CAAC,uBAAuB,CAAC,CAAC;KACjD;AACF,CAAC;AAfD,8BAeC;AAED,SAAgB,YAAY,CAAC,KAAa,EAAE,KAAY;IACvD,IAAI,GAAG,GAAG,IAAI,oBAAO,CAAC,CAAC,CAAC,CAAC;IACzB,IAAI,aAAa,GAAG,KAAK,CAAC,MAAM,CAAC,CAAC,SAAS,EAAE,EAAE;QAC9C,KAAK,IAAI,GAAG,IAAI,MAAM,CAAC,IAAI,CAAC,SAAS,CAAC,EAAE;YACvC,IAAI,GAAG,CAAC,QAAQ,CAAC,MAAM,CAAC,IAAI,SAAS,CAAC,GAAG,CAAC,KAAK,IAAI,EAAE;gBACpD,OAAO,KAAK,CAAC;aACb;SACD;QACD,OAAO,IAAI,CAAC;IACb,CAAC,CAAC,CAAC;IAEH,KAAK,CAAC,OAAO,CAAC,CAAC,WAAW,EAAE,EAAE;QAC7B,GAAG,GAAG,GAAG,CAAC,GAAG,CAAC,IAAI,oBAAO,CAAC,WAAW,CAAC,KAAK,CAAC,CAAC,CAAC,CAAC;IAChD,CAAC,CAAC,CAAC;IACH,OAAO,MAAM,CAAC,GAAG,CAAC,QAAQ,EAAE,CAAC,OAAO,CAAC,CAAC,CAAC,CAAC,CAAC;AAC1C,CAAC;AAfD,oCAeC;AAED,SAAgB,YAAY,CAAC,KAAa,EAAE,KAAY;IACvD,IAAI,GAAG,GAAG,KAAK,CAAC,CAAC,CAAC,CAAC,KAAK,CAAC,CAAC;IAC1B,KAAK,CAAC,OAAO,CAAC,CAAC,WAAW,EAAE,EAAE;QAC7B,IAAI,WAAW,CAAC,KAAK,CAAC,GAAG,GAAG,EAAE;YAC7B,GAAG,GAAG,WAAW,CAAC,KAAK,CAAC,CAAC;SACzB;IACF,CAAC,CAAC,CAAC;IACH,OAAO,GAAG,CAAC;AACZ,CAAC;AARD,oCAQC;AAED,SAAgB,YAAY,CAAC,KAAa,EAAE,KAAY;IACvD,IAAI,GAAG,GAAG,KAAK,CAAC,CAAC,CAAC,CAAC,KAAK,CAAC,CAAC;IAC1B,KAAK,CAAC,OAAO,CAAC,CAAC,WAAW,EAAE,EAAE;QAC7B,IAAI,WAAW,CAAC,KAAK,CAAC,GAAG,GAAG,EAAE;YAC7B,GAAG,GAAG,WAAW,CAAC,KAAK,CAAC,CAAC;SACzB;IACF,CAAC,CAAC,CAAC;IACH,OAAO,GAAG,CAAC;AACZ,CAAC;AARD,oCAQC;AAED,SAAgB,cAAc,CAAC,KAAa,EAAE,KAAY;IACzD,IAAI,YAAY,GAAG,IAAI,GAAG,CAAC,KAAK,CAAC,GAAG,CAAC,CAAC,IAAI,EAAE,EAAE;QAC7C,OAAO,IAAI,CAAC,KAAK,CAAC,CAAC;IACpB,CAAC,CAAC,CAAC,CAAC;IACJ,OAAO,YAAY,CAAC,IAAI,CAAC;AAC1B,CAAC;AALD,wCAKC;AAED,SAAgB,YAAY,CAAC,KAAa,EAAE,KAAY;IACvD,IAAI,GAAG,GAAG,IAAI,oBAAO,CAAC,CAAC,CAAC,CAAC;IACzB,IAAI,aAAa,GAAG,KAAK,CAAC,MAAM,CAAC,CAAC,SAAS,EAAE,EAAE;QAC9C,OAAO,SAAS,CAAC,MAAM,CAAC,KAAK,IAAI,CAAC;IACnC,CAAC,CAAC,CAAC;IACH,aAAa,CAAC,OAAO,CAAC,CAAC,WAAW,EAAE,EAAE;QACrC,GAAG,GAAG,GAAG,CAAC,GAAG,CAAC,IAAI,oBAAO,CAAC,WAAW,CAAC,KAAK,CAAC,CAAC,CAAC,CAAC;IAChD,CAAC,CAAC,CAAC;IACH,OAAO,MAAM,CAAC,CAAC,GAAG,CAAC,QAAQ,EAAE,GAAG,aAAa,CAAC,MAAM,CAAC,CAAC,OAAO,CAAC,CAAC,CAAC,CAAC,CAAC;AACnE,CAAC;AATD,oCASC;AAED,SAAgB,UAAU,CAAC,SAAmB,EAAE,YAAmB;IAClE,IAAI,gBAAgB,GAAG,CAAC,GAAG,YAAY,CAAC,CAAC;IACzC,IAAI,eAAe,GAAG,EAAE,CAAC;IACzB,OAAM,gBAAgB,CAAC,MAAM,KAAK,CAAC,EAAE;QACpC,IAAI,WAAW,GAAG,gBAAgB,CAAC,GAAG,EAAE,CAAC;QACzC,IAAI,KAAK,GAAG,gBAAgB,CAAC,MAAM,CAAC,CAAC,EAAE,EAAE,EAAE;YAC1C,IAAI,kBAAkB,GAAG,IAAI,CAAC;YAC9B,KAAK,IAAI,QAAQ,IAAI,SAAS,EAAE;gBAC/B,kBAAkB,GAAG,kBAAkB,IAAI,CAAC,WAAW,CAAC,QAAQ,CAAC,KAAK,EAAE,CAAC,QAAQ,CAAC,CAAC,CAAC;aACpF;YACD,OAAO,kBAAkB,CAAC;QAC3B,CAAC,CAAC,CAAC;QACH,KAAK,CAAC,IAAI,CAAC,WAAW,CAAC,CAAC;QACxB,gBAAgB,GAAG,gBAAgB,CAAC,MAAM,CAAC,CAAC,EAAE,EAAE,EAAE;YACjD,KAAK,IAAI,MAAM,IAAI,KAAK,EAAE;gBACzB,IAAI,UAAU,CAAC,MAAM,EAAE,EAAE,CAAC,EAAE;oBAC3B,OAAO,KAAK,CAAC;iBACb;aACD;YACD,OAAO,IAAI,CAAC;QACb,CAAC,CAAC,CAAC;QACH,eAAe,CAAC,IAAI,CAAC,KAAK,CAAC,CAAC;KAC5B;IACD,OAAO,eAAe,CAAC;AACxB,CAAC;AAxBD,gCAwBC;AAED,SAAgB,UAAU,CAAC,IAAS,EAAE,IAAS;IAC9C,IAAI,IAAI,GAAG,MAAM,CAAC,IAAI,CAAC,IAAI,CAAC,CAAC;IAC7B,KAAK,IAAI,GAAG,IAAI,IAAI,EAAE;QACrB,IAAI,IAAI,CAAC,GAAG,CAAC,KAAK,IAAI,CAAC,GAAG,CAAC,EAAE;YAC5B,OAAO,KAAK,CAAC;SACb;KACD;IACD,OAAO,IAAI,CAAC;AACb,CAAC;AARD,gCAQC;AAED,SAAgB,YAAY,CAAC,KAAU;IACtC,OAAO,KAAK,CAAC;AACd,CAAC;AAFD,oCAEC;AAED,SAAgB,YAAY,CAAC,KAAU,EAAE,OAAe;IACvD,IAAI,MAAM,GAAY,IAAI,CAAC;IAC3B,IAAI,MAAM,CAAC,IAAI,CAAC,KAAK,CAAC,CAAC,MAAM,KAAK,CAAC,EAAE;QACpC,OAAO,IAAI,CAAC;KACZ;IACD,IAAI,GAAG,GAAG,MAAM,CAAC,IAAI,CAAC,KAAK,CAAC,CAAC,CAAC,CAAC,CAAC;IAChC,IAAI,KAAK,GAAG,KAAK,CAAC,GAAyB,CAAC,CAAC;IAC7C,QAAQ,GAAG,EAAE;QACZ,KAAK,KAAK;YACT,MAAM,GAAG,IAAI,CAAC;YACd,KAAK,IAAI,IAAI,IAAI,KAAK,EAAE;gBACvB,MAAM,GAAG,MAAM,IAAI,YAAY,CAAC,IAAI,EAAE,OAAO,CAAC,CAAC;aAC/C;YACD,OAAO,MAAM,CAAC;QACf,KAAK,IAAI;YACR,MAAM,GAAG,KAAK,CAAC;YACf,KAAK,IAAI,IAAI,IAAI,KAAK,EAAE;gBACvB,MAAM,GAAG,YAAY,CAAC,IAAI,EAAE,OAAO,CAAC,IAAI,MAAM,CAAC;aAC/C;YACD,OAAO,MAAM,CAAC;QACf,KAAK,IAAI;YACR,OAAO,MAAM,GAAG,EAAE,CAAC,KAAK,EAAE,OAAO,CAAC,CAAC;QACpC,KAAK,IAAI;YACR,OAAO,MAAM,GAAG,EAAE,CAAC,KAAK,EAAE,OAAO,CAAC,CAAC;QACpC,KAAK,IAAI;YACR,OAAO,MAAM,GAAG,EAAE,CAAC,KAAK,EAAE,OAAO,CAAC,CAAC;QACpC,KAAK,IAAI;YACR,OAAO,MAAM,GAAG,EAAE,CAAC,KAAK,EAAE,OAAO,CAAC,CAAC;QACpC,KAAK,KAAK;YACT,OAAO,MAAM,GAAG,CAAC,CAAC,YAAY,CAAC,KAAK,EAAE,OAAO,CAAC,CAAC,CAAC;QACjD;YACC,MAAM,IAAI,6BAAY,CAAC,sBAAsB,GAAG,GAAG,CAAC,CAAC;K
[...]
pe":"binary-expr","locations":[{"start":{"line":13,"column":26},"end":{"line":13,"column":30}},{"start":{"line":13,"column":34},"end":{"line":13,"column":57}},{"start":{"line":13,"column":63},"end":{"line":17,"column":1}}],"line":13},"9":{"loc":{"start":{"line":13,"column":63},"end":{"line":17,"column":1}},"type":"cond-expr","locations":[{"start":{"line":13,"column":80},"end":{"line":15,"column":1}},{"start":{"line":15,"column":5},"end":{"line":17,"column":1}}],"line":13},"10":{"loc":{"start":{"line":18,"column":19},"end":{"line":24,"column":1}},"type":"binary-expr","locations":[{"start":{"line":18,"column":20},"end":{"line":18,"column":24}},{"start":{"line":18,"column":28},"end":{"line":18,"column":45}},{"start":{"line":18,"column":50},"end":{"line":24,"column":1}}],"line":18},"11":{"loc":{"start":{"line":19,"column":4},"end":{"line":19,"column":42}},"type":"if","locations":[{"start":{"line":19,"column":4},"end":{"line":19,"column":42}},{"start":{"line":19,"column":4},"end":{"line":19,"column":42}}],"line":19},"12":{"loc":{"start":{"line":19,"column":8},"end":{"line":19,"column":29}},"type":"binary-expr","locations":[{"start":{"line":19,"column":8},"end":{"line":19,"column":11}},{"start":{"line":19,"column":15},"end":{"line":19,"column":29}}],"line":19},"13":{"loc":{"start":{"line":21,"column":4},"end":{"line":21,"column":141}},"type":"if","locations":[{"start":{"line":21,"column":4},"end":{"line":21,"column":141}},{"start":{"line":21,"column":4},"end":{"line":21,"column":141}}],"line":21},"14":{"loc":{"start":{"line":21,"column":40},"end":{"line":21,"column":141}},"type":"if","locations":[{"start":{"line":21,"column":40},"end":{"line":21,"column":141}},{"start":{"line":21,"column":40},"end":{"line":21,"column":141}}],"line":21},"15":{"loc":{"start":{"line":21,"column":44},"end":{"line":21,"column":107}},"type":"binary-expr","locations":[{"start":{"line":21,"column":44},"end":{"line":21,"column":59}},{"start":{"line":21,"column":63},"end":{"line":21,"column":107}}],"line":21},"16":{"loc":{"start":{"line":25,"column":22},"end":{"line":27,"column":1}},"type":"binary-expr","locations":[{"start":{"line":25,"column":23},"end":{"line":25,"column":27}},{"start":{"line":25,"column":31},"end":{"line":25,"column":51}},{"start":{"line":25,"column":56},"end":{"line":27,"column":1}}],"line":25},"17":{"loc":{"start":{"line":26,"column":11},"end":{"line":26,"column":61}},"type":"cond-expr","locations":[{"start":{"line":26,"column":37},"end":{"line":26,"column":40}},{"start":{"line":26,"column":43},"end":{"line":26,"column":61}}],"line":26},"18":{"loc":{"start":{"line":26,"column":12},"end":{"line":26,"column":33}},"type":"binary-expr","locations":[{"start":{"line":26,"column":12},"end":{"line":26,"column":15}},{"start":{"line":26,"column":19},"end":{"line":26,"column":33}}],"line":26},"19":{"loc":{"start":{"line":37,"column":8},"end":{"line":56,"column":9}},"type":"if","locations":[{"start":{"line":37,"column":8},"end":{"line":56,"column":9}},{"start":{"line":37,"column":8},"end":{"line":56,"column":9}}],"line":37},"20":{"loc":{"start":{"line":117,"column":8},"end":{"line":124,"column":9}},"type":"if","locations":[{"start":{"line":117,"column":8},"end":{"line":124,"column":9}},{"start":{"line":117,"column":8},"end":{"line":124,"column":9}}],"line":117},"21":{"loc":{"start":{"line":117,"column":12},"end":{"line":117,"column":79}},"type":"binary-expr","locations":[{"start":{"line":117,"column":12},"end":{"line":117,"column":48}},{"start":{"line":117,"column":52},"end":{"line":117,"column":79}}],"line":117},"22":{"loc":{"start":{"line":120,"column":13},"end":{"line":124,"column":9}},"type":"if","locations":[{"start":{"line":120,"column":13},"end":{"line":124,"column":9}},{"start":{"line":120,"column":13},"end":{"line":124,"column":9}}],"line":120},"23":{"loc":{"start":{"line":121,"column":12},"end":{"line":123,"column":13}},"type":"if","locations":[{"start":{"line":121,"column":12},"end":{"line":123,"column":13}},{"start":{"line":121,"column":12},"end":{"line":123,"column":13}}],"line":121},"24":{"loc":{"start":{"line":136,"column":29},"end":{"line":136,"column":82}},"type":"cond-expr","locations":[{"start":{"line":136,"column":58},"end":{"line":136,"column":62}},{"start":{"line":136,"column":65},"end":{"line":136,"column":82}}],"line":136},"25":{"loc":{"start":{"line":176,"column":12},"end":{"line":181,"column":13}},"type":"if","locations":[{"start":{"line":176,"column":12},"end":{"line":181,"column":13}},{"start":{"line":176,"column":12},"end":{"line":181,"column":13}}],"line":176}},"s":{"0":1,"1":0,"2":0,"3":0,"4":0,"5":0,"6":0,"7":0,"8":0,"9":0,"10":0,"11":1,"12":0,"13":0,"14":1,"15":1,"16":1,"17":0,"18":0,"19":0,"20":0,"21":0,"22":0,"23":0,"24":1,"25":1,"26":1,"27":1,"28":1,"29":1,"30":1,"31":1,"32":2,"33":152,"34":152,"35":152,"36":152,"37":152,"38":152,"39":152,"40":152,"41":824,"42":824,"43":824,"44":152,"45":0,"46":0,"47":2,"48":2,"49":1,"50":824,"51":824,"52":824,"53":3660,"54":3660,"55":3660,"56":824,"57":1,"58":148,"59":148,"60":148,"61":148,"62":740,"63":740,"64":740,"65":148,"66":148,"67":1,"68":2,"69":728,"70":1,"71":2,"72":816,"73":816,"74":1,"75":152,"76":152,"77":152,"78":152,"79":266406,"80":266406,"81":266406,"82":824,"83":265582,"84":137302,"85":137302,"86":152,"87":1,"88":29720,"89":323060,"90":1,"91":7,"92":7,"93":7,"94":7,"95":7,"96":7,"97":1,"98":148,"99":148,"100":148,"101":148,"102":148,"103":148,"104":148,"105":148,"106":0,"107":1,"108":2,"109":2,"110":2,"111":824,"112":60976,"113":60976,"114":816,"115":816,"116":816,"117":816,"118":2,"119":1},"f":{"0":0,"1":0,"2":0,"3":0,"4":0,"5":1,"6":1,"7":2,"8":152,"9":824,"10":148,"11":2,"12":728,"13":2,"14":816,"15":152,"16":29720,"17":323060,"18":7,"19":148,"20":148,"21":148,"22":148,"23":148,"24":0,"25":2},"b":{"0":[1,1,1],"1":[1,0],"2":[0,0],"3":[0,0],"4":[0,0],"5":[0,0],"6":[0,0],"7":[0,0],"8":[1,1,1],"9":[1,0],"10":[1,1,1],"11":[1,0],"12":[1,1],"13":[0,0],"14":[0,0],"15":[0,0],"16":[1,1,1],"17":[0,1],"18":[1,1],"19":[152,0],"20":[824,265582],"21":[266406,824],"22":[137302,128280],"23":[137302,0],"24":[123105,199955],"25":[816,60160]},"inputSourceMap":{"version":3,"file":"C:/Users/Winston/Desktop/project_team203/src/controller/AddDatasetHelperFunctions2.ts","sources":["C:/Users/Winston/Desktop/project_team203/src/controller/AddDatasetHelperFunctions2.ts"],"names":[],"mappings":";;;;;;;;;;;;;;;;;;;;;;;;;;;;;AACA,+CAAiC;AACjC,qDAAiF;AACjF,0DAA6B;AAC7B,6EAAuG;AAEhG,KAAK,UAAU,oBAAoB,CAAC,SAAmB,EAAE,GAAU,EAAE,EAAU;IACrF,IAAI,YAAY,GAAG,SAAS,CAAC,GAAG,CAAC,KAAK,EAAE,QAAQ,EAAE,EAAE;QACnD,IAAI,IAAI,GAAG,GAAG,CAAC,IAAI,CAAC,QAAQ,CAAC,CAAC;QAC9B,IAAI,IAAI,IAAI,IAAI,EAAE;YACjB,IAAI;gBACH,IAAI,WAAW,GAAG,MAAM,IAAI,CAAC,KAAK,CAAC,QAAQ,CAAC,CAAC;gBAC7C,IAAI,aAAa,GAAG,MAAM,CAAC,KAAK,CAAC,WAAW,CAAC,CAAC;gBAC9C,IAAI,SAAS,GAAG,kBAAkB,CAAC,aAAa,EAAE,IAAI,CAAC,CAAC;gBAExD,IAAI,cAAc,GAAG,EAAE,CAAC;gBACxB,KAAK,IAAI,QAAQ,IAAI,SAAS,EAAE;oBAC/B,IAAI,aAAa,GAAG,eAAe,CAAC,QAAQ,CAAC,UAAU,CAAC,CAAC;oBACzD,aAAa,CAAC,QAAQ,CAAC,GAAG,QAAQ,CAAC;oBACnC,cAAc,CAAC,IAAI,CAAC,aAAa,CAAC,CAAC;iBACnC;gBACD,OAAO,cAAc,CAAC;aACtB;YAAC,OAAO,CAAC,EAAE;gBACX,MAAM,IAAI,6BAAY,CAAC,yBAAyB,GAAG,QAAQ,CAAC,CAAC;aAC7D;SACD;aAAM;YACN,OAAO,EAAE,CAAC;SACV;IACF,CAAC,CAAC,CAAC;IACH,IAAI,wBAAwB,GAAG,MAAM,OAAO,CAAC,GAAG,CAAC,YAAY,CAAC,CAAC;IAC/D,OAAQ,EAAc,CAAC,MAAM,CAAC,GAAG,wBAAwB,CAAC,CAAC;AAC5D,CAAC;AAzBD,oDAyBC;AAED,SAAgB,eAAe,CAAC,QAAe;IAC9C,IAAI,gBAAgB,GAAG,IAAA,qDAAwB,EAAC,QAAQ,EAAE,IAAI,CAAC,CAAC;IAChE,IAAI,IAAI,GAAQ,EAAC,MAAM,EAAE,MAAM,EAAE,MAAM,EAAE,MAAM,EAAE,KAAK,EAAE,MAAM,EAAE,IAAI,EAAE,MAAM,EAAE,SAAS,EAAE,MAAM,EAAE,IAAI,EAAE,MAAM,EAAC,CAAC;IAC/G,KAAK,IAAI,MAAM,IAAI,gBAAgB,EAAE;QACpC,IAAI,UAAU,GAAG,MAAM,CAAC,KAAK,CAAC,CAAC,CAAC,CAAC,OAAO,CAAC,CAAC;QAC1C,IAAI,WAAW,GAAG,IAAA,2CAAc,EAAC,MAAM,EAAE,UAAU,CAAC,CAAC;QACrD,IAAA,4CAAe,EAAC,IAAI,EAAE,UAAU,EAAE,WAAW,CAAC,CAAC;KAC/C;IACD,OAAO,IAAI,CAAC;AACb,CAAC;AATD,0CASC;AAED,SAAgB,gBAAgB,CAAC,GAAQ;IACxC,IAAI,WAAW,GAAG,GAAG,CAAC,UAAU,CAAC;IACjC,IAAI,IAAI,GAAQ,EAAC,QAAQ,EAAE,MAAM,EAAE,SAAS,EAAE,MAAM,EAAE,OAAO,EAAE,MAAM,EAAC,CAAC;IACvE,WAAW,GAAG,IAAA,qDAAwB,EAAC,WAAW,EAAE,IAAI,CAAC,CAAC;IAC1D,KAAK,IAAI,MAAM,IAAI,WAAW,EAAE;QAC/B,IAAI,UAAU,GAAG,MAAM,CAAC,KAAK,CAAC,CAAC,CAAC,CAAC,OAAO,CAAC,CAAC;QAC1C,IAAI,WAAW,GAAG,IAAA,2CAAc,EAAC,MAAM,EAAE,UAAU,CAAC,CAAC;QACrD,IAAA,4CAAe,EAAC,IAAI,EAAE,UAAU,EAAE,WAAW,CAAC,CAAC;KAE/C;IACD,OAAO,IAAI,CAAC,MAAM,CAAC,CAAC;IACpB,OAAO,IAAI,CAAC;AACb,CAAC;AAZD,4CAYC;AAED,SAAgB,SAAS,CAAC,kBAAyB,EAAE,EAAU;IAC9D,OAAO,kBAAkB,CAAC,GAAG,CAAC,CAAC,IAAS,EAAE,EAAE,CAAC,CAAC;QAC7C,CAAC,GAAG,EAAE,WAAW,CAAC,EAAE,IAAI,CAAC,QAAkB;QAC3C,CAAC,GAAG,EAAE,YAAY,CAAC,EAAE,IAAI,CAAC,SAAmB;QAC7C,CAAC,GAAG,EAAE,SAAS,CAAC,EAAE,IAAI,CAAC,MAAgB;QACvC,CAAC,GAAG,EAAE,OAAO,CAAC,EAAE,CAAC,GAAG,IAAI,CAAC,SAAS,IAAI,IAAI,CAAC,MAAM,EAAE,CAAW;QAC9D,CAAC,GAAG,EAAE,UAAU,CAAC,EAAE,IAAI,CAAC,OAAiB;QACzC,CAAC,GAAG,EAAE,MAAM,CAAC,EAAE,MAAM,CAAC,IAAI,CAAC,GAAG,CAAC;QAC/B,CAAC,GAAG,EAAE,MAAM,CAAC,EAAE,MAAM,CAAC,IAAI,CAAC,GAAG,CAAC;QAC/B,CAAC,GAAG,EAAE,QAAQ,CAAC,EAAE,MAAM,CAAC,IAAI,CAAC,KAAK,CAAC;QACnC,CAAC,GAAG,EAAE,OAAO,CAAC,EAAE,IAAI,CAAC,IAAc;QACnC,CAAC,GAAG,EAAE,YAAY,CAAC,EAAE,IAAI,CAAC,SAAmB;QAC7C,CAAC,GAAG,EAAE,OAAO,CAAC,EAAE,IAAI,CAAC,IAAc;KACnC,CAAC,CAAC,CAAC;AACL,CAAC;AAdD,8BAcC;AAED,SAAgB,eAAe,CAAC,mBAA0B;IACzD,OAAO,mBAAmB,CAAC,MAAM,CAAC,CAAC,IAAI,EAAE,EAAE;QAC1C,IAAI,UAAU,GAAG,MAAM,CAAC,MAAM,CAAC,IAAI,CAAC,CAAC;QACrC,OAAO,CAAC,UAAU,CAAC,QAAQ,CAAC,MAAM,CAAC,CAAC;IACrC,CAAC,CAAC,CAAC;AACJ,CAAC;AALD,0CAKC;AAsBD,SAAgB,kBAAkB,CAAC,YAAiB,EAAE,QAAgB;IACrE,IAAI,QAAQ,GAAU,EAAE,CAAC;IACzB,IAAI,WAAgB,CAAC;IACrB,IAAI,MAAM,GAAU,EAAE,CAAC;IACvB,QAAQ,CAAC,IAAI,CAAC,YAAY,CAAC,CAAC;IAC5B,OAAM,CAAC,CAAC,QAAQ,CAAC,MAAM,KAAK,CAAC,CAAC,EAAE;QAC/B,WAAW,GAAG,QAAQ,CAAC,GAAG,EAAE,CAAC;QAC7B,IAAI,IAAI,GAAG,MAAM,CAAC,IAAI,CAAC,WAAW,CAAC,CAAC;QACpC,IAAI,WAAW,CAAC,UAAU,CAAC,KAAK,QAAQ,IAAI,IAAI,CAAC,QAAQ,CAAC,YAAY,CAAC,EAAE;YACxE,MAAM,CAAC,IAAI,CAAC,WAAW,CAAC,CAAC;SACzB;aAAM,IAAI,IAAI,CAAC,QAAQ,CAAC,YAAY,CAAC,EAAE;YACvC,IAAI,KAAK,CAAC,OAAO,CAAC,WAAW,CAAC,UAAU,CAAC,EAAE;gBAC1C,QAAQ,CAAC,IAAI,CAAC,GAAG,WAAW,CAAC,UAAU,CAAC,CAAC;aACzC;SACD;KACD;IACD,OAAO,MAAM,CAAC;AACf,CAAC;AAjBD,gDAiBC;AAsBD,SAAgB,MAAM,CAAC,UAAe,EAAE,OAAe;IACtD,OAAO,UAAU,CAAC,GAAG,CAAC,CAAC,IAAS,EAAE,EAAE,CAAC,CAAC;QACrC,CAAC,GAAG,OAAO,OAAO,CAAC,EAAE,IAAI,CAAC,EAAE,CAAC,QAAQ,EAAE;QACvC,CAAC,GAAG,OAAO,KAAK,CAAC,EAAE,IAAI,CAAC,MAAgB;QACxC,CAAC,GAAG,OAAO,QAAQ,CAAC,EAAE,IAAI,CAAC,KAAe;QAC1C,CAAC,GAAG,OAAO,aAAa,CAAC,EAAE,IAAI,CAAC,SAAmB;QACnD,CAAC,GAAG,OAAO,OAAO,CAAC,EAAE,IAAI,CAAC,OAAiB;QAC3C,CAAC,GAAG,OAAO,OAAO,CAAC,EAAE,IAAI,CAAC,OAAO,KAAK,SAAS,CAAC,CAAC,CAAC,IAAI,CAAC,CAAC,CAAC,MAAM,CAAC,IAAI,CAAC,IAAI,CAAC;QAC1E,CAAC,GAAG,OAAO,MAAM,CAAC,EAAE,IAAI,CAAC,GAAa;QACtC,CAAC,GAAG,OAAO,OAAO,CAAC,EAAE,IAAI,CAAC,IAAc;QACxC,CAAC,GAAG,OAAO,OAAO,CAAC,EAAE,IAAI,CAAC,IAAc;QACxC,CAAC,GAAG,OAAO,QAAQ,CAAC,EAAE,IAAI,CAAC,KAAe;KAC1C,CAAC,CAAC,CAAC;AACL,CAAC;AAbD,wBAaC;AAED,SAAgB,iBAAiB,CAAC,EAAU,EAAE,IAAwB,EAAE,KAAY;IACnF,IAAI,UAAU,GAAyB,EAAE,CAAC;IAC1C,UAAU,CAAC,IAAI,CAAC,GAAG,EAAE,CAAC;IACtB,UAAU,CAAC,MAAM,CAAC,GAAG,IAAI,CAAC;IAC1B,UAAU,CAAC,SAAS,CAAC,GAAG,KAAK,CAAC,MAAM,CAAC;IACrC,UAAU,CAAC,MAAM,CAAC,GAAG,KAAK,CAAC;IAC3B,OAAO,UAAU,CAAC;AACnB,CAAC;AAPD,8CAOC;AAED,SAAgB,eAAe,CAAC,OAAe;IAC9C,IAAI,GAAG,GAAG,kBAAkB,CAAC,OAAO,CAAC,CAAC;IACtC,OAAO,IAAI,OAAO,CAAC,CAAC,OAAO,EAAE,MAAM,EAAE,EAAE;QACtC,mBAAI,CAAC,GAAG,CAAC,gEAAgE,GAAG,EAAE,EAAE,CAAC,GAAG,EAAE,EAAE;YACvF,IAAI,IAAI,GAAG,EAAE,CAAC;YAEd,GAAG,CAAC,EAAE,CAAC,MAAM,EAAE,CAAC,KAAK,EAAE,EAAE;gBACxB,IAAI,IAAI,KAAK,CAAC;YACf,CAAC,CAAC,CAAC;YAGH,GAAG,CAAC,EAAE,CAAC,KAAK,EAAE,GAAG,EAAE;gBAClB,OAAO,OAAO,CAAC,IAAI,CAAC,CAAC;YACtB,CAAC,CAAC,CAAC,EAAE,CAAC,OAAO,EAAE,CAAC,KAAK,EAAE,EAAE;gBACxB,MAAM,CAAC,KAAK,CAAC,CAAC;YACf,CAAC,CAAC,CAAC;QACJ,CAAC,CAAC,CAAC;IACJ,CAAC,CAAC,CAAC;AACJ,CAAC;AAlBD,0CAkBC;AAED,SAAgB,aAAa,CAAC,UAAiB,EAAE,aAAoB;IACpE,IAAI,MAAM,GAAG,EAAE,CAAC;IAChB,IAAI,KAAK,GAAG,CAAC,CAAC;IACd,KAAK,IAAI,SAAS,IAAI,UAAU,EAAE;QACjC,KAAK,IAAI,QAAQ,IAAI,aAAa,EAAE;YACnC,IAAI,MAAM,GAAG,SAAS,CAAC,QAAQ,CAAC,CAAC,KAAK,CAAC,EAAE,EAAE,CAAC,CAAC,CAAC,CAAC;YAC/C,IAAI,MAAM,KAAK,QAAQ,CAAC,WAAW,CAAC,EAAE;gBACrC,KAAK,EAAE,CAAC;gBACR,IAAI,WAAW,GAAG,EAAC,GAAG,SAAS,EAAE,GAAG,QAAQ,EAAC,CAAC;gBAC9C,OAAO,WAAW,CAAC,QAAQ,CAAC,CAAC;gBAC7B,MAAM,CAAC,IAAI,CAAC,WAAW,CAAC,CAAC;aACzB;SACD;KACD;IACD,OAAO,MAAM,CAAC;AACf,CAAC;AAfD,sCAeC","sourcesContent":["import JSZip from \"jszip\";\r\nimport * as parse5 from \"parse5\";\r\nimport {InsightDatasetKind, InsightError, InsightResult} from \"./IInsightFacade\";\r\nimport http from \"node:http\";\r\nimport {assignRoomValue, filterNodeListByNodeName, getColumnValue} from \"./AddDatasetHelperFunctions1\";\r\n\r\nexport async function getContentsRoomFiles(fileNames: string[], zip: JSZip, id: string) {\r\n\tlet filePromises = fileNames.map(async (fileName) => {\r\n\t\tlet file = zip.file(fileName);\r\n\t\tif (file != null) {\r\n\t\t\ttry {\r\n\t\t\t\tlet fileContent = await file.async(\"string\");\r\n\t\t\t\tlet parsedContent = parse5.parse(fileContent);\r\n\t\t\t\tlet tableRows = getNodesByNodeName(parsedContent, \"tr\");\r\n\t\t\t\t// TODO To validate tableRows can be filtered.\r\n\t\t\t\tlet columnContents = [];\r\n\t\t\t\tfor (let tableRow of tableRows) {\r\n\t\t\t\t\tlet columnContent = getTableColumns(tableRow.childNodes);\r\n\t\t\t\t\tcolumnContent[\"marker\"] = fileName;\r\n\t\t\t\t\tcolumnContents.push(columnContent);\r\n\t\t\t\t}\r\n\t\t\t\treturn columnContents;\r\n\t\t\t} catch (e) {\r\n\t\t\t\tthrow new InsightError(\"Error processing file: \" + fileName);\r\n\t\t\t}\r\n\t\t} else {\r\n\t\t\treturn [];\r\n\t\t}\r\n\t});\r\n\tlet contentsInDifferentFiles = await Promise.all(filePromises);\r\n\treturn ([] as any[][]).concat(...contentsInDifferentFiles);\r\n}\r\n\r\nexport function getTableColumns(tableRow: any[]) {\r\n\tlet filteredTableRow = filterNodeListByNodeName(tableRow, \"td\");\r\n\tlet room: any = {marker: \"null\", number: \"null\", seats: \"null\", type: \"null\", furniture: \"null\", href: \"null\"};\r\n\tfor (let column of filteredTableRow) {\r\n\t\tlet columnName = column.attrs[0][\"value\"];\r\n\t\tlet columnValue = getColumnValue(column, columnName);\r\n\t\tassignRoomValue(room, columnName, columnValue);\r\n\t}\r\n\treturn room;\r\n}\r\n\r\nexport function parseBuildingRow(row: any) {\r\n\tlet rowContents = row.childNodes;\r\n\tlet room: any = {fullName: \"null\", shortName: \"null\", address: \"null\"};\r\n\trowContents = filterNodeListByNodeName(rowContents, \"td\");\r\n\tfor (let column of rowContents) {\r\n\t\tlet columnName = column.attrs[0][\"value\"];\r\n\t\tlet columnValue = getColumnValue(column, columnName);\r\n\t\tassignRoomValue(room, columnName, columnValue);\r\n\t\t// TODO Could use an else statement here to handle invalid (incomplete) rooms.\r\n\t}\r\n\tdelete room[\"href\"];\r\n\treturn room;\r\n}\r\n\r\nexport function addRoomId(unLabeledCacheData: any[], id: string) {\r\n\treturn unLabeledCacheData.map((data: any) => ({\r\n\t\t[`${id}_fullname`]: data.fullName as string,\r\n\t\t[`${id}_shortname`]: data.shortName as string,\r\n\t\t[`${id}_number`]: data.number as string,\r\n\t\t[`${id}_name`]: (`${data.shortName}_${data.number}`) as string,\r\n\t\t[`${id}_address`]: data.address as string,\r\n\t\t[`${id}_lat`]: Number(data.lat),\r\n\t\t[`${id}_lon`]: Number(data.lon),\r\n\t\t[`${id}_seats`]: Number(data.seats),\r\n\t\t[`${id}_type`]: data.type as string,\r\n\t\t[`${id}_furniture`]: data.furniture as string,\r\n\t\t[`${id}_href`]: data.href as string,\r\n\t}));\r\n}\r\n\r\nexport function filterCacheData(unfilteredCacheData: any[]) {\r\n\treturn unfilteredCacheData.filter((data) => {\r\n\t\tlet dataValues = Object.values(data);\r\n\t\treturn !dataValues.includes(\"null\");\r\n\t});\r\n}\r\n\r\n// export function filterValidRoomTable(allTables: any[]) {\r\n// \treturn allTables.filter((table) => {\r\n// \t\treturn validRoomTable(table);\r\n// \t});\r\n// }\r\n//\r\n// export function validRoomTable(table: any) {\r\n// \tlet rowNode = getFirstNodeByNodeName(table, \"tr\");\r\n// \tlet columnNodes = getNodesByNodeName(rowNode, \"th\");\r\n// \tlet columnNames = columnNodes.map((columnNode) => {\r\n// \t\tfor (let attr of columnNode.attrs) {\r\n// \t\t\tif (attr[\"name\"] === \"class\") {\r\n// \t\t\t\treturn attr[\"value\"];\r\n// \t\t\t} else {\r\n// \t\t\t\treturn \"\";\r\n// \t\t\t}\r\n// \t\t}\r\n// \t});\r\n// }\r\n\r\nexport function getNodesByNodeName(startingNode: any, nodeName: string) {\r\n\tlet frontier: any[] = [];\r\n\tlet currentNode: any;\r\n\tlet result: any[] = [];\r\n\tfrontier.push(startingNode);\r\n\twhile(!(frontier.length === 0)) {\r\n\t\tcurrentNode = frontier.pop();\r\n\t\tlet keys = Object.keys(currentNode);\r\n\t\tif (currentNode[\"nodeName\"] === nodeName && keys.includes(\"childNodes\")) {\r\n\t\t\tresult.push(currentNode);\r\n\t\t} else if (keys.includes(\"childNodes\")) {\r\n\t\t\tif (Array.isArray(currentNode.childNodes)) {\r\n\t\t\t\tfrontier.push(...currentNode.childNodes);\r\n\t\t\t}\r\n\t\t}\r\n\t}\r\n\treturn result;\r\n}\r\n\r\n// export function getFirstNodeByNodeName(startingNode: any, nodeName: string) {\r\n// \tlet frontier: any[] = [];\r\n// \tlet currentNode: any;\r\n// \tlet result: any[] = [];\r\n// \tfrontier.push(startingNode);\r\n// \twhile(!(frontier.length === 0)) {\r\n// \t\tcurrentNode = frontier.pop();\r\n// \t\tlet keys = Object.keys(currentNode);\r\n// \t\tif (currentNode[\"nodeName\"] === nodeName && keys.includes(\"childNodes\")) {\r\n// \t\t\tresult.push(currentNode);\r\n// \t\t\tbreak;\r\n// \t\t} else if (keys.includes(\"childNodes\")) {\r\n// \t\t\tif (Array.isArray(currentNode.childNodes)) {\r\n// \t\t\t\tfrontier.push(...currentNode.childNodes);\r\n// \t\t\t}\r\n// \t\t}\r\n// \t}\r\n// \treturn result;\r\n// }\r\n\r\nexport function getMap(dataPoints: any, section: string) {\r\n\treturn dataPoints.map((data: any) => ({\r\n\t\t[`${section}_uuid`]: data.id.toString(),\r\n\t\t[`${section}_id`]: data.Course as string,\r\n\t\t[`${section}_title`]: data.Title as string,\r\n\t\t[`${section}_instructor`]: data.Professor as string,\r\n\t\t[`${section}_dept`]: data.Subject as string,\r\n\t\t[`${section}_year`]: data.Section === \"overall\" ? 1900 : Number(data.Year),\r\n\t\t[`${section}_avg`]: data.Avg as number,\r\n\t\t[`${section}_pass`]: data.Pass as number,\r\n\t\t[`${section}_fail`]: data.Fail as number,\r\n\t\t[`${section}_audit`]: data.Audit as number,\r\n\t}));\r\n}\r\n\r\nexport function makeInsightResult(id: string, kind: InsightDatasetKind, array: any[]): InsightResult {\r\n\tlet cachedData: {[key: string]: any} = {};\r\n\tcachedData[\"id\"] = id;\r\n\tcachedData[\"kind\"] = kind;\r\n\tcachedData[\"numRows\"] = array.length;\r\n\tcachedData[\"data\"] = array;\r\n\treturn cachedData;\r\n}\r\n\r\nexport function fetchWebContent(address: string) {\r\n\tlet uri = encodeURIComponent(address);\r\n\treturn new Promise((resolve, reject) => {\r\n\t\thttp.get(`http://cs310.students.cs.ubc.ca:11316/api/v1/project_team203/${uri}`, (res) => {\r\n\t\t\tlet data = \"\";\r\n\t\t\t// A chunk of data has been received\r\n\t\t\tres.on(\"data\", (chunk) => {\r\n\t\t\t\tdata += chunk;\r\n\t\t\t});\r\n\r\n\t\t\t// The whole response has been received\r\n\t\t\tres.on(\"end\", () => {\r\n\t\t\t\treturn resolve(data);\r\n\t\t\t}).on(\"error\", (error) => {\r\n\t\t\t\treject(error);\r\n\t\t\t});\r\n\t\t});\r\n\t});\r\n}\r\n\r\nexport function matchByMarker(roomTables: any[], buildingTable: any[]){\r\n\tlet result = [];\r\n\tlet count = 0;\r\n\tfor (let roomTable of roomTables) {\r\n\t\tfor (let building of buildingTable) {\r\n\t\t\tlet marker = roomTable[\"marker\"].slice(41, -4);\r\n\t\t\tif (marker === building[\"shortName\"]) {\r\n\t\t\t\tcount++;\r\n\t\t\t\tlet roomDataRow = {...roomTable, ...building};\r\n\t\t\t\tdelete roomDataRow[\"marker\"];\r\n\t\t\t\tresult.push(roomDataRow);\r\n\t\t\t}\r\n\t\t}\r\n\t}\r\n\treturn result;\r\n}\r\n"]},"_coverageSchema":"1a1c01bbd47fc00a2c39e90264f33305004495a9","hash":"2b60f7bfdee162c9edda34f7c7901632db91f75a","contentHash":"f5c6868c7385e5a0e37bfddaa902b0c9e937d250c439c098d0790c5f82248446"}}