{"C:\\Users\\Winston\\Desktop\\project_team203\\src\\controller\\IInsightFacade.ts":{"path":"C:\\Users\\Winston\\Desktop\\project_team203\\src\\controller\\IInsightFacade.ts","statementMap":{"0":{"start":{"line":2,"column":0},"end":{"line":2,"column":62}},"1":{"start":{"line":3,"column":0},"end":{"line":3,"column":113}},"2":{"start":{"line":5,"column":0},"end":{"line":8,"column":89}},"3":{"start":{"line":6,"column":4},"end":{"line":6,"column":48}},"4":{"start":{"line":7,"column":4},"end":{"line":7,"column":42}},"5":{"start":{"line":11,"column":8},"end":{"line":11,"column":23}},"6":{"start":{"line":12,"column":8},"end":{"line":12,"column":52}},"7":{"start":{"line":15,"column":0},"end":{"line":15,"column":36}},"8":{"start":{"line":18,"column":8},"end":{"line":18,"column":23}},"9":{"start":{"line":19,"column":8},"end":{"line":19,"column":53}},"10":{"start":{"line":22,"column":0},"end":{"line":22,"column":38}},"11":{"start":{"line":25,"column":8},"end":{"line":25,"column":23}},"12":{"start":{"line":26,"column":8},"end":{"line":26,"column":59}},"13":{"start":{"line":29,"column":0},"end":{"line":29,"column":50}}},"fnMap":{"0":{"name":"(anonymous_0)","decl":{"start":{"line":5,"column":1},"end":{"line":5,"column":2}},"loc":{"start":{"line":5,"column":31},"end":{"line":8,"column":1}},"line":5},"1":{"name":"(anonymous_1)","decl":{"start":{"line":10,"column":4},"end":{"line":10,"column":5}},"loc":{"start":{"line":10,"column":25},"end":{"line":13,"column":5}},"line":10},"2":{"name":"(anonymous_2)","decl":{"start":{"line":17,"column":4},"end":{"line":17,"column":5}},"loc":{"start":{"line":17,"column":25},"end":{"line":20,"column":5}},"line":17},"3":{"name":"(anonymous_3)","decl":{"start":{"line":24,"column":4},"end":{"line":24,"column":5}},"loc":{"start":{"line":24,"column":25},"end":{"line":27,"column":5}},"line":24}},"branchMap":{"0":{"loc":{"start":{"line":8,"column":24},"end":{"line":8,"column":87}},"type":"binary-expr","locations":[{"start":{"line":8,"column":24},"end":{"line":8,"column":50}},{"start":{"line":8,"column":55},"end":{"line":8,"column":86}}],"line":8}},"s":{"0":1,"1":1,"2":1,"3":1,"4":1,"5":3,"6":3,"7":1,"8":1,"9":1,"10":1,"11":0,"12":0,"13":1},"f":{"0":1,"1":3,"2":1,"3":0},"b":{"0":[1,1]},"inputSourceMap":{"version":3,"file":"C:/Users/Winston/Desktop/project_team203/src/controller/IInsightFacade.ts","sources":["C:/Users/Winston/Desktop/project_team203/src/controller/IInsightFacade.ts"],"names":[],"mappings":";;;AAMA,IAAY,kBAGX;AAHD,WAAY,kBAAkB;IAC7B,2CAAqB,CAAA;IACrB,qCAAe,CAAA;AAChB,CAAC,EAHW,kBAAkB,GAAlB,0BAAkB,KAAlB,0BAAkB,QAG7B;AAYD,MAAa,YAAa,SAAQ,KAAK;IACtC,YAAY,OAAgB;QAC3B,KAAK,CAAC,OAAO,CAAC,CAAC;QACf,KAAK,CAAC,iBAAiB,CAAC,IAAI,EAAE,YAAY,CAAC,CAAC;IAC7C,CAAC;CACD;AALD,oCAKC;AAED,MAAa,aAAc,SAAQ,KAAK;IACvC,YAAY,OAAgB;QAC3B,KAAK,CAAC,OAAO,CAAC,CAAC;QACf,KAAK,CAAC,iBAAiB,CAAC,IAAI,EAAE,aAAa,CAAC,CAAC;IAC9C,CAAC;CACD;AALD,sCAKC;AAED,MAAa,mBAAoB,SAAQ,KAAK;IAC7C,YAAY,OAAgB;QAC3B,KAAK,CAAC,OAAO,CAAC,CAAC;QACf,KAAK,CAAC,iBAAiB,CAAC,IAAI,EAAE,mBAAmB,CAAC,CAAC;IACpD,CAAC;CACD;AALD,kDAKC","sourcesContent":["/*\r\n * This is the primary high-level API for the project. In this folder there should be:\r\n * A class called InsightFacade, this should be in a file called InsightFacade.ts.\r\n * You should not change this interface at all or the test suite will not work.\r\n */\r\n\r\nexport enum InsightDatasetKind {\r\n\tSections = \"sections\",\r\n\tRooms = \"rooms\",\r\n}\r\n\r\nexport interface InsightDataset {\r\n\tid: string;\r\n\tkind: InsightDatasetKind;\r\n\tnumRows: number;\r\n}\r\n\r\nexport interface InsightResult {\r\n\t[key: string]: string | number;\r\n}\r\n\r\nexport class InsightError extends Error {\r\n\tconstructor(message?: string) {\r\n\t\tsuper(message);\r\n\t\tError.captureStackTrace(this, InsightError);\r\n\t}\r\n}\r\n\r\nexport class NotFoundError extends Error {\r\n\tconstructor(message?: string) {\r\n\t\tsuper(message);\r\n\t\tError.captureStackTrace(this, NotFoundError);\r\n\t}\r\n}\r\n\r\nexport class ResultTooLargeError extends Error {\r\n\tconstructor(message?: string) {\r\n\t\tsuper(message);\r\n\t\tError.captureStackTrace(this, ResultTooLargeError);\r\n\t}\r\n}\r\n\r\nexport interface IInsightFacade {\r\n\t/**\r\n\t * Add a dataset to insightUBC.\r\n\t *\r\n\t * @param id  The id of the dataset being added. Follows the format /^[^_]+$/\r\n\t * @param content  The base64 content of the dataset. This content should be in the form of a serialized zip file.\r\n\t * @param kind  The kind of the dataset\r\n\t *\r\n\t * @return Promise <string[]>\r\n\t *\r\n\t * The promise should fulfill on a successful add, reject for any failures.\r\n\t * The promise should fulfill with a string array,\r\n\t * containing the ids of all currently added datasets upon a successful add.\r\n\t * The promise should reject with an InsightError describing the error.\r\n\t *\r\n\t * An id is invalid if it contains an underscore, or is only whitespace characters.\r\n\t * If id is the same as the id of an already added dataset, the dataset should be rejected and not saved.\r\n\t *\r\n\t * After receiving the dataset, it should be processed into a data structure of\r\n\t * your design. The processed data structure should be persisted to disk; your\r\n\t * system should be able to load this persisted value into memory for answering\r\n\t * queries.\r\n\t *\r\n\t * Ultimately, a dataset must be added or loaded from disk before queries can\r\n\t * be successfully answered.\r\n\t */\r\n\taddDataset(id: string, content: string, kind: InsightDatasetKind): Promise<string[]>;\r\n\r\n\t/**\r\n\t * Remove a dataset from insightUBC.\r\n\t *\r\n\t * @param id  The id of the dataset to remove. Follows the format /^[^_]+$/\r\n\t *\r\n\t * @return Promise <string>\r\n\t *\r\n\t * The promise should fulfill upon a successful removal, reject on any error.\r\n\t * Attempting to remove a dataset that hasn't been added yet counts as an error.\r\n\t *\r\n\t * An id is invalid if it contains an underscore, or is only whitespace characters.\r\n\t *\r\n\t * The promise should fulfill the id of the dataset that was removed.\r\n\t * The promise should reject with a NotFoundError (if a valid id was not yet added)\r\n\t * or an InsightError (invalid id or any other source of failure) describing the error.\r\n\t *\r\n\t * This will delete both disk and memory caches for the dataset for the id meaning\r\n\t * that subsequent queries for that id should fail unless a new addDataset happens first.\r\n\t */\r\n\tremoveDataset(id: string): Promise<string>;\r\n\r\n\t/**\r\n\t * Perform a query on insightUBC.\r\n\t *\r\n\t * @param query  The query to be performed.\r\n\t *\r\n\t * If a query is incorrectly formatted, references a dataset not added (in memory or on disk),\r\n\t * or references multiple datasets, it should be rejected.\r\n\t *\r\n\t * @return Promise <InsightResult[]>\r\n\t *\r\n\t * The promise should fulfill with an array of results.\r\n\t * The promise should reject with a ResultTooLargeError (if the query returns too many results)\r\n\t * or an InsightError (for any other source of failure) describing the error.\r\n\t */\r\n\tperformQuery(query: unknown): Promise<InsightResult[]>;\r\n\r\n\t/**\r\n\t * List all currently added datasets, their types, and number of rows.\r\n\t *\r\n\t * @return Promise <InsightDataset[]>\r\n\t * The promise should fulfill an array of currently added InsightDatasets, and will only fulfill.\r\n\t */\r\n\tlistDatasets(): Promise<InsightDataset[]>;\r\n}\r\n"]},"_coverageSchema":"1a1c01bbd47fc00a2c39e90264f33305004495a9","hash":"27ab423bbb65e3fec804d4129853f2176b062647","contentHash":"20d5d40293b189b55e275962c7985e897d62cee4c421ea0c1a9e5c3a9a61706d"},"C:\\Users\\Winston\\Desktop\\project_team203\\src\\controller\\InsightFacade.ts":{"path":"C:\\Users\\Winston\\Desktop\\project_team203\\src\\controller\\InsightFacade.ts","statementMap":{"0":{"start":{"line":2,"column":22},"end":{"line":12,"column":3}},"1":{"start":{"line":3,"column":4},"end":{"line":3,"column":33}},"2":{"start":{"line":3,"column":26},"end":{"line":3,"column":33}},"3":{"start":{"line":4,"column":15},"end":{"line":4,"column":52}},"4":{"start":{"line":5,"column":4},"end":{"line":7,"column":5}},"5":{"start":{"line":6,"column":6},"end":{"line":6,"column":68}},"6":{"start":{"line":6,"column":51},"end":{"line":6,"column":63}},"7":{"start":{"line":8,"column":4},"end":{"line":8,"column":39}},"8":{"start":{"line":10,"column":4},"end":{"line":10,"column":33}},"9":{"start":{"line":10,"column":26},"end":{"line":10,"column":33}},"10":{"start":{"line":11,"column":4},"end":{"line":11,"column":17}},"11":{"start":{"line":13,"column":25},"end":{"line":17,"column":2}},"12":{"start":{"line":14,"column":4},"end":{"line":14,"column":72}},"13":{"start":{"line":16,"column":4},"end":{"line":16,"column":21}},"14":{"start":{"line":18,"column":19},"end":{"line":24,"column":1}},"15":{"start":{"line":19,"column":4},"end":{"line":19,"column":42}},"16":{"start":{"line":19,"column":31},"end":{"line":19,"column":42}},"17":{"start":{"line":20,"column":17},"end":{"line":20,"column":19}},"18":{"start":{"line":21,"column":4},"end":{"line":21,"column":141}},"19":{"start":{"line":21,"column":21},"end":{"line":21,"column":141}},"20":{"start":{"line":21,"column":40},"end":{"line":21,"column":141}},"21":{"start":{"line":21,"column":109},"end":{"line":21,"column":141}},"22":{"start":{"line":22,"column":4},"end":{"line":22,"column":36}},"23":{"start":{"line":23,"column":4},"end":{"line":23,"column":18}},"24":{"start":{"line":25,"column":0},"end":{"line":25,"column":62}},"25":{"start":{"line":26,"column":25},"end":{"line":26,"column":52}},"26":{"start":{"line":27,"column":38},"end":{"line":27,"column":78}},"27":{"start":{"line":28,"column":39},"end":{"line":28,"column":80}},"28":{"start":{"line":29,"column":37},"end":{"line":29,"column":76}},"29":{"start":{"line":30,"column":11},"end":{"line":30,"column":44}},"30":{"start":{"line":31,"column":15},"end":{"line":31,"column":46}},"31":{"start":{"line":32,"column":37},"end":{"line":32,"column":76}},"32":{"start":{"line":33,"column":26},"end":{"line":33,"column":54}},"33":{"start":{"line":36,"column":8},"end":{"line":36,"column":49}},"34":{"start":{"line":39,"column":8},"end":{"line":39,"column":63}},"35":{"start":{"line":40,"column":18},"end":{"line":40,"column":85}},"36":{"start":{"line":41,"column":27},"end":{"line":41,"column":36}},"37":{"start":{"line":42,"column":24},"end":{"line":42,"column":49}},"38":{"start":{"line":43,"column":8},"end":{"line":50,"column":9}},"39":{"start":{"line":44,"column":12},"end":{"line":44,"column":79}},"40":{"start":{"line":45,"column":36},"end":{"line":45,"column":103}},"41":{"start":{"line":46,"column":32},"end":{"line":46,"column":118}},"42":{"start":{"line":47,"column":28},"end":{"line":47,"column":104}},"43":{"start":{"line":48,"column":12},"end":{"line":48,"column":41}},"44":{"start":{"line":49,"column":12},"end":{"line":49,"column":58}},"45":{"start":{"line":51,"column":8},"end":{"line":73,"column":9}},"46":{"start":{"line":52,"column":12},"end":{"line":52,"column":76}},"47":{"start":{"line":53,"column":23},"end":{"line":53,"column":44}},"48":{"start":{"line":54,"column":12},"end":{"line":72,"column":13}},"49":{"start":{"line":55,"column":34},"end":{"line":55,"column":60}},"50":{"start":{"line":56,"column":33},"end":{"line":56,"column":58}},"51":{"start":{"line":57,"column":28},"end":{"line":57,"column":105}},"52":{"start":{"line":58,"column":16},"end":{"line":60,"column":17}},"53":{"start":{"line":59,"column":20},"end":{"line":59,"column":82}},"54":{"start":{"line":61,"column":29},"end":{"line":61,"column":88}},"55":{"start":{"line":62,"column":35},"end":{"line":62,"column":97}},"56":{"start":{"line":63,"column":16},"end":{"line":63,"column":84}},"57":{"start":{"line":64,"column":40},"end":{"line":64,"column":105}},"58":{"start":{"line":65,"column":36},"end":{"line":65,"column":124}},"59":{"start":{"line":66,"column":42},"end":{"line":66,"column":112}},"60":{"start":{"line":67,"column":41},"end":{"line":67,"column":111}},"61":{"start":{"line":68,"column":39},"end":{"line":68,"column":106}},"62":{"start":{"line":69,"column":32},"end":{"line":69,"column":111}},"63":{"start":{"line":70,"column":16},"end":{"line":70,"column":45}},"64":{"start":{"line":71,"column":16},"end":{"line":71,"column":62}},"65":{"start":{"line":74,"column":28},"end":{"line":74,"column":88}},"66":{"start":{"line":75,"column":8},"end":{"line":75,"column":46}},"67":{"start":{"line":78,"column":26},"end":{"line":78,"column":83}},"68":{"start":{"line":79,"column":30},"end":{"line":79,"column":54}},"69":{"start":{"line":80,"column":8},"end":{"line":80,"column":71}},"70":{"start":{"line":81,"column":22},"end":{"line":81,"column":80}},"71":{"start":{"line":82,"column":8},"end":{"line":91,"column":9}},"72":{"start":{"line":83,"column":31},"end":{"line":83,"column":61}},"73":{"start":{"line":84,"column":12},"end":{"line":90,"column":13}},"74":{"start":{"line":85,"column":38},"end":{"line":85,"column":62}},"75":{"start":{"line":86,"column":37},"end":{"line":86,"column":55}},"76":{"start":{"line":87,"column":39},"end":{"line":87,"column":66}},"77":{"start":{"line":88,"column":43},"end":{"line":88,"column":72}},"78":{"start":{"line":89,"column":16},"end":{"line":89,"column":72}},"79":{"start":{"line":92,"column":22},"end":{"line":92,"column":72}},"80":{"start":{"line":93,"column":27},"end":{"line":93,"column":95}},"81":{"start":{"line":94,"column":27},"end":{"line":94,"column":108}},"82":{"start":{"line":95,"column":8},"end":{"line":97,"column":9}},"83":{"start":{"line":96,"column":12},"end":{"line":96,"column":115}},"84":{"start":{"line":98,"column":20},"end":{"line":98,"column":39}},"85":{"start":{"line":99,"column":8},"end":{"line":101,"column":9}},"86":{"start":{"line":100,"column":12},"end":{"line":100,"column":69}},"87":{"start":{"line":102,"column":8},"end":{"line":104,"column":9}},"88":{"start":{"line":103,"column":12},"end":{"line":103,"column":70}},"89":{"start":{"line":105,"column":8},"end":{"line":105,"column":90}},"90":{"start":{"line":106,"column":8},"end":{"line":106,"column":76}},"91":{"start":{"line":107,"column":8},"end":{"line":107,"column":45}},"92":{"start":{"line":110,"column":8},"end":{"line":112,"column":9}},"93":{"start":{"line":111,"column":12},"end":{"line":111,"column":83}},"94":{"start":{"line":113,"column":8},"end":{"line":126,"column":9}},"95":{"start":{"line":114,"column":12},"end":{"line":114,"column":41}},"96":{"start":{"line":115,"column":28},"end":{"line":115,"column":54}},"97":{"start":{"line":116,"column":12},"end":{"line":121,"column":13}},"98":{"start":{"line":117,"column":16},"end":{"line":117,"column":48}},"99":{"start":{"line":120,"column":16},"end":{"line":120,"column":76}},"100":{"start":{"line":122,"column":12},"end":{"line":122,"column":39}},"101":{"start":{"line":125,"column":12},"end":{"line":125,"column":103}},"102":{"start":{"line":129,"column":8},"end":{"line":151,"column":9}},"103":{"start":{"line":130,"column":12},"end":{"line":130,"column":41}},"104":{"start":{"line":131,"column":28},"end":{"line":131,"column":54}},"105":{"start":{"line":132,"column":31},"end":{"line":146,"column":14}},"106":{"start":{"line":133,"column":16},"end":{"line":145,"column":17}},"107":{"start":{"line":134,"column":38},"end":{"line":134,"column":77}},"108":{"start":{"line":135,"column":37},"end":{"line":135,"column":64}},"109":{"start":{"line":136,"column":31},"end":{"line":136,"column":53}},"110":{"start":{"line":137,"column":20},"end":{"line":141,"column":22}},"111":{"start":{"line":144,"column":20},"end":{"line":144,"column":88}},"112":{"start":{"line":147,"column":12},"end":{"line":147,"column":51}},"113":{"start":{"line":150,"column":12},"end":{"line":150,"column":86}},"114":{"start":{"line":154,"column":0},"end":{"line":154,"column":32}}},"fnMap":{"0":{"name":"(anonymous_0)","decl":{"start":{"line":2,"column":74},"end":{"line":2,"column":75}},"loc":{"start":{"line":2,"column":96},"end":{"line":9,"column":1}},"line":2},"1":{"name":"(anonymous_1)","decl":{"start":{"line":6,"column":38},"end":{"line":6,"column":39}},"loc":{"start":{"line":6,"column":49},"end":{"line":6,"column":65}},"line":6},"2":{"name":"(anonymous_2)","decl":{"start":{"line":9,"column":6},"end":{"line":9,"column":7}},"loc":{"start":{"line":9,"column":28},"end":{"line":12,"column":1}},"line":9},"3":{"name":"(anonymous_3)","decl":{"start":{"line":13,"column":80},"end":{"line":13,"column":81}},"loc":{"start":{"line":13,"column":95},"end":{"line":15,"column":1}},"line":13},"4":{"name":"(anonymous_4)","decl":{"start":{"line":15,"column":5},"end":{"line":15,"column":6}},"loc":{"start":{"line":15,"column":20},"end":{"line":17,"column":1}},"line":15},"5":{"name":"(anonymous_5)","decl":{"start":{"line":18,"column":50},"end":{"line":18,"column":51}},"loc":{"start":{"line":18,"column":65},"end":{"line":24,"column":1}},"line":18},"6":{"name":"(anonymous_6)","decl":{"start":{"line":35,"column":4},"end":{"line":35,"column":5}},"loc":{"start":{"line":35,"column":18},"end":{"line":37,"column":5}},"line":35},"7":{"name":"(anonymous_7)","decl":{"start":{"line":38,"column":4},"end":{"line":38,"column":5}},"loc":{"start":{"line":38,"column":40},"end":{"line":76,"column":5}},"line":38},"8":{"name":"(anonymous_8)","decl":{"start":{"line":77,"column":4},"end":{"line":77,"column":5}},"loc":{"start":{"line":77,"column":30},"end":{"line":108,"column":5}},"line":77},"9":{"name":"(anonymous_9)","decl":{"start":{"line":109,"column":4},"end":{"line":109,"column":5}},"loc":{"start":{"line":109,"column":28},"end":{"line":127,"column":5}},"line":109},"10":{"name":"(anonymous_10)","decl":{"start":{"line":128,"column":4},"end":{"line":128,"column":5}},"loc":{"start":{"line":128,"column":25},"end":{"line":152,"column":5}},"line":128},"11":{"name":"(anonymous_11)","decl":{"start":{"line":132,"column":45},"end":{"line":132,"column":46}},"loc":{"start":{"line":132,"column":65},"end":{"line":146,"column":13}},"line":132}},"branchMap":{"0":{"loc":{"start":{"line":2,"column":22},"end":{"line":12,"column":3}},"type":"binary-expr","locations":[{"start":{"line":2,"column":23},"end":{"line":2,"column":27}},{"start":{"line":2,"column":31},"end":{"line":2,"column":51}},{"start":{"line":2,"column":57},"end":{"line":12,"column":2}}],"line":2},"1":{"loc":{"start":{"line":2,"column":57},"end":{"line":12,"column":2}},"type":"cond-expr","locations":[{"start":{"line":2,"column":74},"end":{"line":9,"column":1}},{"start":{"line":9,"column":6},"end":{"line":12,"column":1}}],"line":2},"2":{"loc":{"start":{"line":3,"column":4},"end":{"line":3,"column":33}},"type":"if","locations":[{"start":{"line":3,"column":4},"end":{"line":3,"column":33}},{"start":{"line":3,"column":4},"end":{"line":3,"column":33}}],"line":3},"3":{"loc":{"start":{"line":5,"column":4},"end":{"line":7,"column":5}},"type":"if","locations":[{"start":{"line":5,"column":4},"end":{"line":7,"column":5}},{"start":{"line":5,"column":4},"end":{"line":7,"column":5}}],"line":5},"4":{"loc":{"start":{"line":5,"column":8},"end":{"line":5,"column":85}},"type":"binary-expr","locations":[{"start":{"line":5,"column":8},"end":{"line":5,"column":13}},{"start":{"line":5,"column":18},"end":{"line":5,"column":84}}],"line":5},"5":{"loc":{"start":{"line":5,"column":18},"end":{"line":5,"column":84}},"type":"cond-expr","locations":[{"start":{"line":5,"column":34},"end":{"line":5,"column":47}},{"start":{"line":5,"column":50},"end":{"line":5,"column":84}}],"line":5},"6":{"loc":{"start":{"line":5,"column":50},"end":{"line":5,"column":84}},"type":"binary-expr","locations":[{"start":{"line":5,"column":50},"end":{"line":5,"column":63}},{"start":{"line":5,"column":67},"end":{"line":5,"column":84}}],"line":5},"7":{"loc":{"start":{"line":10,"column":4},"end":{"line":10,"column":33}},"type":"if","locations":[{"start":{"line":10,"column":4},"end":{"line":10,"column":33}},{"start":{"line":10,"column":4},"end":{"line":10,"column":33}}],"line":10},"8":{"loc":{"start":{"line":13,"column":25},"end":{"line":17,"column":2}},"type":"binary-expr","locations":[{"start":{"line":13,"column":26},"end":{"line":13,"column":30}},{"start":{"line":13,"column":34},"end":{"line":13,"column":57}},{"start":{"line":13,"column":63},"end":{"line":17,"column":1}}],"line":13},"9":{"loc":{"start":{"line":13,"column":63},"end":{"line":17,"column":1}},"type":"cond-expr","locations":[{"start":{"line":13,"column":80},"end":{"line":15,"column":1}},{"start":{"line":15,"column":5},"end":{"line":17,"column":1}}],"line":13},"10":{"loc":{"start":{"line":18,"column":19},"end":{"line":24,"column":1}},"type":"binary-expr","locations":[{"start":{"line":18,"column":20},"end":{"line":18,"column":24}},{"start":{"line":18,"column":28},"end":{"line":18,"column":45}},{"start":{"line":18,"column":50},"end":{"line":24,"column":1}}],"line":18},"11":{"loc":{"start":{"line":19,"column":4},"end":{"line":19,"column":42}},"type":"if","locations":[{"start":{"line":19,"column":4},"end":{"line":19,"column":42}},{"start":{"line":19,"column":4},"end":{"line":19,"column":42}}],"line":19},"12":{"loc":{"start":{"line":19,"column":8},"end":{"line":19,"column":29}},"type":"binary-expr","locations":[{"start":{"line":19,"column":8},"end":{"line":19,"column":11}},{"start":{"line":19,"column":15},"end":{"line":19,"column":29}}],"line":19},"13":{"loc":{"start":{"line":21,"column":4},"end":{"line":21,"column":141}},"type":"if","locations":[{"start":{"line":21,"column":4},"end":{"line":21,"column":141}},{"start":{"line":21,"column":4},"end":{"line":21,"column":141}}],"line":21},"14":{"loc":{"start":{"line":21,"column":40},"end":{"line":21,"column":141}},"type":"if","locations":[{"start":{"line":21,"column":40},"end":{"line":21,"column":141}},{"start":{"line":21,"column":40},"end":{"line":21,"column":141}}],"line":21},"15":{"loc":{"start":{"line":21,"column":44},"end":{"line":21,"column":107}},"type":"binary-expr","locations":[{"start":{"line":21,"column":44},"end":{"line":21,"column":59}},{"start":{"line":21,"column":63},"end":{"line":21,"column":107}}],"line":21},"16":{"loc":{"start":{"line":43,"column":8},"end":{"line":50,"column":9}},"type":"if","locations":[{"start":{"line":43,"column":8},"end":{"line":50,"column":9}},{"start":{"line":43,"column":8},"end":{"line":50,"column":9}}],"line":43},"17":{"loc":{"start":{"line":51,"column":8},"end":{"line":73,"column":9}},"type":"if","locations":[{"start":{"line":51,"column":8},"end":{"line":73,"column":9}},{"start":{"line":51,"column":8},"end":{"line":73,"column":9}}],"line":51},"18":{"loc":{"start":{"line":54,"column":12},"end":{"line":72,"column":13}},"type":"if","locations":[{"start":{"line":54,"column":12},"end":{"line":72,"column":13}},{"start":{"line":54,"column":12},"end":{"line":72,"column":13}}],"line":54},"19":{"loc":{"start":{"line":58,"column":16},"end":{"line":60,"column":17}},"type":"if","locations":[{"start":{"line":58,"column":16},"end":{"line":60,"column":17}},{"start":{"line":58,"column":16},"end":{"line":60,"column":17}}],"line":58},"20":{"loc":{"start":{"line":82,"column":8},"end":{"line":91,"column":9}},"type":"if","locations":[{"start":{"line":82,"column":8},"end":{"line":91,"column":9}},{"start":{"line":82,"column":8},"end":{"line":91,"column":9}}],"line":82},"21":{"loc":{"start":{"line":95,"column":8},"end":{"line":97,"column":9}},"type":"if","locations":[{"start":{"line":95,"column":8},"end":{"line":97,"column":9}},{"start":{"line":95,"column":8},"end":{"line":97,"column":9}}],"line":95},"22":{"loc":{"start":{"line":99,"column":8},"end":{"line":101,"column":9}},"type":"if","locations":[{"start":{"line":99,"column":8},"end":{"line":101,"column":9}},{"start":{"line":99,"column":8},"end":{"line":101,"column":9}}],"line":99},"23":{"loc":{"start":{"line":102,"column":8},"end":{"line":104,"column":9}},"type":"if","locations":[{"start":{"line":102,"column":8},"end":{"line":104,"column":9}},{"start":{"line":102,"column":8},"end":{"line":104,"column":9}}],"line":102},"24":{"loc":{"start":{"line":110,"column":8},"end":{"line":112,"column":9}},"type":"if","locations":[{"start":{"line":110,"column":8},"end":{"line":112,"column":9}},{"start":{"line":110,"column":8},"end":{"line":112,"column":9}}],"line":110},"25":{"loc":{"start":{"line":110,"column":12},"end":{"line":110,"column":61}},"type":"binary-expr","locations":[{"start":{"line":110,"column":12},"end":{"line":110,"column":21}},{"start":{"line":110,"column":25},"end":{"line":110,"column":41}},{"start":{"line":110,"column":45},"end":{"line":110,"column":61}}],"line":110},"26":{"loc":{"start":{"line":116,"column":12},"end":{"line":121,"column":13}},"type":"if","locations":[{"start":{"line":116,"column":12},"end":{"line":121,"column":13}},{"start":{"line":116,"column":12},"end":{"line":121,"column":13}}],"line":116}},"s":{"0":1,"1":148,"2":148,"3":148,"4":148,"5":148,"6":9,"7":148,"8":0,"9":0,"10":0,"11":1,"12":1,"13":0,"14":1,"15":2,"16":1,"17":1,"18":1,"19":1,"20":148,"21":148,"22":1,"23":1,"24":1,"25":1,"26":1,"27":1,"28":1,"29":1,"30":1,"31":1,"32":1,"33":9,"34":2,"35":1,"36":1,"37":1,"38":1,"39":1,"40":1,"41":1,"42":1,"43":1,"44":1,"45":1,"46":0,"47":0,"48":0,"49":0,"50":0,"51":0,"52":0,"53":0,"54":0,"55":0,"56":0,"57":0,"58":0,"59":0,"60":0,"61":0,"62":0,"63":0,"64":0,"65":1,"66":1,"67":2,"68":2,"69":2,"70":1,"71":1,"72":0,"73":0,"74":0,"75":0,"76":0,"77":0,"78":0,"79":1,"80":1,"81":1,"82":1,"83":0,"84":1,"85":1,"86":1,"87":1,"88":0,"89":1,"90":1,"91":1,"92":3,"93":1,"94":2,"95":2,"96":2,"97":2,"98":1,"99":1,"100":1,"101":0,"102":1,"103":1,"104":1,"105":1,"106":0,"107":0,"108":0,"109":0,"110":0,"111":0,"112":1,"113":0,"114":1},"f":{"0":148,"1":9,"2":0,"3":1,"4":0,"5":2,"6":9,"7":2,"8":2,"9":3,"10":1,"11":0},"b":{"0":[1,1,1],"1":[1,0],"2":[148,0],"3":[148,0],"4":[148,148],"5":[0,148],"6":[148,0],"7":[0,0],"8":[1,1,1],"9":[1,0],"10":[1,1,1],"11":[1,1],"12":[2,2],"13":[1,0],"14":[148,0],"15":[148,148],"16":[1,0],"17":[0,1],"18":[0,0],"19":[0,0],"20":[0,1],"21":[0,1],"22":[1,0],"23":[0,1],"24":[1,2],"25":[3,3,2],"26":[1,1]},"inputSourceMap":{"version":3,"file":"C:/Users/Winston/Desktop/project_team203/src/controller/InsightFacade.ts","sources":["C:/Users/Winston/Desktop/project_team203/src/controller/InsightFacade.ts"],"names":[],"mappings":";;;;;;;;;;;;;;;;;;;;;;;;;AAAA,qDAO0B;AAE1B,+EASuC;AAEvC,iFAA2F;AAE3F,6EAasC;AAEtC,6CAA+B;AAC/B,+CAAiC;AACjC,6EAMsC;AACtC,uDAA8D;AAO9D,MAAqB,aAAa;IACjC;QACC,OAAO,CAAC,GAAG,CAAC,2BAA2B,CAAC,CAAC;IAC1C,CAAC;IAEM,KAAK,CAAC,UAAU,CAAC,EAAU,EAAE,OAAe,EAAE,IAAwB;QAC5E,MAAM,IAAA,uCAAU,EAAC,EAAE,CAAC,CAAC;QACrB,IAAI,GAAG,GAAG,MAAM,IAAA,+CAAkB,EAAC,OAAO,CAAC,CAAC;QAC5C,IAAI,YAAY,GAAG,GAAG,CAAC,KAAK,CAAC;QAC7B,IAAI,SAAS,GAAG,MAAM,CAAC,IAAI,CAAC,YAAY,CAAC,CAAC;QAG1C,IAAI,IAAI,KAAK,UAAU,EAAE;YACxB,IAAA,kDAAqB,EAAC,SAAS,CAAC,CAAC;YACjC,IAAI,iBAAiB,GAAG,IAAA,mDAAsB,EAAC,SAAS,CAAC,CAAC;YAC1D,IAAI,aAAa,GAAG,MAAM,IAAA,+CAAkB,EAAC,iBAAiB,EAAE,GAAG,EAAE,EAAE,CAAC,CAAC;YACzE,IAAI,SAAS,GAAW,IAAA,8CAAiB,EAAC,EAAE,EAAE,IAAI,EAAE,aAAa,CAAC,CAAC;YACnE,MAAM,EAAE,CAAC,SAAS,CAAC,QAAQ,CAAC,CAAC;YAC7B,MAAM,EAAE,CAAC,SAAS,CAAC,UAAU,EAAE,EAAE,EAAE,SAAS,CAAC,CAAC;SAC9C;QACD,IAAI,IAAI,KAAK,OAAO,EAAE;YACrB,IAAA,+CAAkB,EAAC,SAAS,CAAC,CAAC;YAC9B,IAAI,IAAI,GAAG,GAAG,CAAC,IAAI,CAAC,WAAW,CAAC,CAAC;YACjC,IAAI,IAAI,IAAI,IAAI,EAAE;gBACjB,IAAI,WAAW,GAAG,MAAM,IAAI,CAAC,KAAK,CAAC,QAAQ,CAAC,CAAC;gBAC7C,IAAI,UAAU,GAAG,MAAM,CAAC,KAAK,CAAC,WAAW,CAAC,CAAC;gBAC3C,IAAI,KAAK,GAAG,IAAA,mDAAsB,EAAC,UAAU,EAAE,OAAO,CAAC,CAAC;gBACxD,IAAI,KAAK,CAAC,MAAM,KAAK,CAAC,EAAE;oBACvB,MAAM,IAAI,6BAAY,CAAC,oBAAoB,CAAC,CAAC;iBAC7C;gBACD,IAAI,MAAM,GAAG,IAAA,+CAAkB,EAAC,KAAK,CAAC,CAAC;gBACvC,IAAI,YAAY,GAAU,MAAM,IAAA,2CAAc,EAAC,MAAM,CAAC,CAAC;gBACvD,IAAA,wCAAW,EAAC,MAAM,EAAE,YAAY,CAAC,CAAC;gBAClC,IAAI,iBAAiB,GAAG,IAAA,iDAAoB,EAAC,SAAS,CAAC,CAAC;gBACxD,IAAI,aAAa,GAAG,MAAM,IAAA,iDAAoB,EAAC,iBAAiB,EAAE,GAAG,EAAE,EAAE,CAAC,CAAC;gBAC3E,IAAI,mBAAmB,GAAG,IAAA,0CAAa,EAAC,aAAa,EAAE,MAAM,CAAC,CAAC;gBAC/D,IAAI,kBAAkB,GAAG,IAAA,4CAAe,EAAC,mBAAmB,CAAC,CAAC;gBAC9D,IAAI,gBAAgB,GAAG,IAAA,sCAAS,EAAC,kBAAkB,EAAE,EAAE,CAAC,CAAC;gBACzD,IAAI,SAAS,GAAkB,IAAA,8CAAiB,EAAC,EAAE,EAAE,IAAI,EAAE,gBAAgB,CAAC,CAAC;gBAC7E,MAAM,EAAE,CAAC,SAAS,CAAC,QAAQ,CAAC,CAAC;gBAC7B,MAAM,EAAE,CAAC,SAAS,CAAC,UAAU,EAAE,EAAE,EAAE,SAAS,CAAC,CAAC;aAC9C;SACD;QACD,IAAI,aAAa,GAAG,MAAM,IAAA,+CAAkB,GAAE,CAAC;QAC/C,OAAO,OAAO,CAAC,OAAO,CAAC,aAAa,CAAC,CAAC;IACvC,CAAC;IAEM,KAAK,CAAC,YAAY,CAAC,KAAU;QACnC,IAAI,WAAW,GAAG,IAAA,6CAAc,EAAC,KAAK,CAAC,CAAC;QACxC,IAAI,eAAe,GAAG,MAAM,CAAC,IAAI,CAAC,WAAW,CAAC,CAAC;QAC/C,MAAM,IAAA,4CAAa,EAAC,KAAK,CAAC,CAAC;QAC3B,IAAI,OAAO,GAAa,IAAA,wCAAU,EAAC,WAAW,CAAC,CAAC;QAChD,IAAI,eAAe,CAAC,QAAQ,CAAC,iBAAiB,CAAC,EAAE;YAChD,IAAI,YAAY,GAAG,KAAK,CAAC,eAAe,CAAC,OAAO,CAAC,CAAC;YAClD,KAAK,IAAI,WAAW,IAAI,YAAY,EAAE;gBACrC,IAAI,eAAe,GAAG,MAAM,CAAC,IAAI,CAAC,WAAW,CAAC,CAAC;gBAC/C,IAAI,cAAc,GAAG,eAAe,CAAC,CAAC,CAAC,CAAC;gBACxC,IAAI,gBAAgB,GAAG,WAAW,CAAC,cAAc,CAAC,CAAC;gBACnD,IAAI,oBAAoB,GAAG,MAAM,CAAC,IAAI,CAAC,gBAAgB,CAAC,CAAC;gBACzD,OAAO,CAAC,IAAI,CAAC,gBAAgB,CAAC,oBAAoB,CAAC,CAAC,CAAC,CAAC,CAAC,CAAC;aACxD;SACD;QACD,IAAI,OAAO,GAAa,MAAM,IAAA,qCAAO,GAAE,CAAC;QACxC,IAAI,YAAY,GAAG,IAAA,6CAAe,EAAC,OAAO,EAAE,OAAO,CAAC,CAAC;QACrD,IAAI,YAAY,GAAG,IAAA,2CAAa,EAAC,WAAW,CAAC,KAAK,EAAE,YAAY,CAAC,CAAC;QAClE,IAAI,eAAe,CAAC,QAAQ,CAAC,iBAAiB,CAAC,EAAE;YAChD,YAAY,GAAG,IAAA,uCAAS,EAAC,WAAW,CAAC,eAAe,EAAE,YAAY,CAAC,CAAC;SACpE;QACD,IAAI,KAAK,GAAG,KAAK,CAAC,OAAO,CAAC,KAAK,CAAC;QAChC,IAAI,OAAO,KAAK,KAAK,QAAQ,EAAE;YAC9B,IAAA,8BAAY,EAAC,KAAK,EAAE,YAAY,CAAC,CAAC;SAClC;QACD,IAAI,OAAO,KAAK,KAAK,QAAQ,EAAE;YAC9B,IAAA,+BAAa,EAAC,KAAK,EAAE,YAAY,CAAC,CAAC;SACnC;QACD,IAAA,qDAAuB,EAAC,YAAY,EAAE,OAAO,CAAC,CAAC;QAC/C,IAAA,gDAAkB,EAAC,YAAY,CAAC,CAAC;QACjC,OAAO,OAAO,CAAC,OAAO,CAAC,YAAY,CAAC,CAAC;IACtC,CAAC;IAEM,KAAK,CAAC,aAAa,CAAC,EAAU;QAEpC,IAAI,EAAE,KAAK,EAAE,IAAI,EAAE,CAAC,QAAQ,CAAC,GAAG,CAAC,IAAI,EAAE,CAAC,IAAI,EAAE,KAAK,EAAE,EAAE;YACtD,OAAO,OAAO,CAAC,MAAM,CAAC,IAAI,6BAAY,CAAC,YAAY,CAAC,CAAC,CAAC;SACtD;QAED,IAAI;YACH,MAAM,EAAE,CAAC,SAAS,CAAC,QAAQ,CAAC,CAAC;YAC7B,IAAI,SAAS,GAAG,MAAM,EAAE,CAAC,OAAO,CAAC,QAAQ,CAAC,CAAC;YAE3C,IAAI,SAAS,CAAC,QAAQ,CAAC,GAAG,EAAE,EAAE,CAAC,EAAE;gBAChC,MAAM,EAAE,CAAC,MAAM,CAAC,UAAU,EAAE,EAAE,CAAC,CAAC;aAChC;iBAAM;gBACN,OAAO,OAAO,CAAC,MAAM,CAAC,IAAI,8BAAa,EAAE,CAAC,CAAC;aAC3C;YAED,OAAO,OAAO,CAAC,OAAO,CAAC,EAAE,CAAC,CAAC;SAE3B;QAAC,OAAO,GAAG,EAAE;YACb,OAAO,OAAO,CAAC,MAAM,CAAC,IAAI,6BAAY,CAAC,0BAA0B,GAAG,GAAG,CAAC,CAAC,CAAC;SAC1E;IACF,CAAC;IAEM,KAAK,CAAC,YAAY;QACxB,IAAI;YAEH,MAAM,EAAE,CAAC,SAAS,CAAC,QAAQ,CAAC,CAAC;YAC7B,IAAI,SAAS,GAAG,MAAM,EAAE,CAAC,OAAO,CAAC,QAAQ,CAAC,CAAC;YAC3C,IAAI,YAAY,GAAG,SAAS,CAAC,GAAG,CAAC,KAAK,EAAE,QAAQ,EAAE,EAAE;gBACnD,IAAI;oBACH,IAAI,WAAW,GAAG,MAAM,EAAE,CAAC,QAAQ,CAAC,UAAU,QAAQ,EAAE,CAAC,CAAC;oBAC1D,IAAI,UAAU,GAAG,IAAI,CAAC,SAAS,CAAC,WAAW,CAAC,CAAC;oBAC7C,IAAI,IAAI,GAAG,IAAI,CAAC,KAAK,CAAC,UAAU,CAAC,CAAC;oBAClC,OAAO;wBACN,EAAE,EAAE,IAAI,CAAC,EAAE;wBACX,IAAI,EAAE,IAAI,CAAC,IAAI;wBACf,OAAO,EAAE,IAAI,CAAC,OAAO;qBACrB,CAAC;iBACF;gBAAC,OAAO,GAAG,EAAE;oBACb,MAAM,IAAI,6BAAY,CAAC,0BAA0B,CAAC,CAAC;iBACnD;YACF,CAAC,CAAC,CAAC;YAEH,OAAO,MAAM,OAAO,CAAC,GAAG,CAAC,YAAY,CAAC,CAAC;SACvC;QAAC,OAAO,GAAG,EAAE;YACb,MAAM,IAAI,6BAAY,CAAC,0BAA0B,GAAG,GAAG,CAAC,CAAC;SACzD;IACF,CAAC;CACD;AAhID,gCAgIC","sourcesContent":["import {\r\n\tIInsightFacade,\r\n\tInsightDataset,\r\n\tInsightDatasetKind,\r\n\tInsightResult,\r\n\tInsightError,\r\n\tNotFoundError,\r\n} from \"./IInsightFacade\";\r\n\r\nimport {\r\n\tgetData,\r\n\tgetAnyKeys,\r\n\tselectKeyValuesInColumn,\r\n\tvalidateResultSize,\r\n\tfilterByAnyKeys,\r\n\tfilterByWhere,\r\n\ttransform,\r\n\tgetGroupKeys,\r\n} from \"./PerformQueryHelperFunctions\";\r\n\r\nimport {getApplyKeys, getQueryAsJson, validateQuery} from \"./ValidateQueryHelperFunctions\";\r\n\r\nimport {\r\n\tparseBuildingTable,\r\n\tgetChildNodeByNodeName,\r\n\tgetContentAsBase64,\r\n\tgetCurrentDatasets,\r\n\tvalidateId,\r\n\tvalidateSectionsFiles,\r\n\tvalidateRoomsFiles,\r\n\tgetContentsOfFiles,\r\n\tgetGeoLocation,\r\n\tmergeArrays,\r\n\tfilterSectionFileNames,\r\n\tfilterRoomsFileNames,\r\n} from \"./AddDatasetHelperFunctions1\";\r\n\r\nimport * as fs from \"fs-extra\";\r\nimport * as parse5 from \"parse5\";\r\nimport {\r\n\taddRoomId,\r\n\tfilterCacheData,\r\n\tgetContentsRoomFiles,\r\n\tmakeInsightResult,\r\n\tmatchByMarker,\r\n} from \"./AddDatasetHelperFunctions2\";\r\nimport {sortByString, sortByStrings} from \"./HelperFunctions\";\r\n\r\n/**\r\n * This is the main programmatic entry point for the project.\r\n * Method documentation is in IInsightFacade\r\n *\r\n */\r\nexport default class InsightFacade implements IInsightFacade {\r\n\tconstructor() {\r\n\t\tconsole.log(\"InsightFacadeImpl::init()\");\r\n\t}\r\n\r\n\tpublic async addDataset(id: string, content: string, kind: InsightDatasetKind): Promise<string[]> {\r\n\t\tawait validateId(id);\r\n\t\tlet zip = await getContentAsBase64(content);\r\n\t\tlet fileInFolder = zip.files;\r\n\t\tlet fileNames = Object.keys(fileInFolder);\r\n\t\t// TODO didn't validate folder before\r\n\t\t// console.log(\"What is this: \" + fileInFolder[\"courses/\"].name);\r\n\t\tif (kind === \"sections\") {\r\n\t\t\tvalidateSectionsFiles(fileNames);\r\n\t\t\tlet filteredFileNames = filterSectionFileNames(fileNames);\r\n\t\t\tlet contentsInZip = await getContentsOfFiles(filteredFileNames, zip, id);\r\n\t\t\tlet cacheData: object = makeInsightResult(id, kind, contentsInZip);\r\n\t\t\tawait fs.ensureDir(\"./data\");\r\n\t\t\tawait fs.writeJson(`./data/${id}`, cacheData);\r\n\t\t}\r\n\t\tif (kind === \"rooms\") {\r\n\t\t\tvalidateRoomsFiles(fileNames);\r\n\t\t\tlet file = zip.file(\"index.htm\");\r\n\t\t\tif (file != null) {\r\n\t\t\t\tlet jsonContent = await file.async(\"string\");\r\n\t\t\t\tlet jsonObject = parse5.parse(jsonContent); // TODO parse can throw error?\r\n\t\t\t\tlet table = getChildNodeByNodeName(jsonObject, \"tbody\"); // TODO MAKE FETCH TABLES\r\n\t\t\t\tif (table.length === 0) {\r\n\t\t\t\t\tthrow new InsightError(\"No matching table.\");\r\n\t\t\t\t}\r\n\t\t\t\tlet result = parseBuildingTable(table);\r\n\t\t\t\tlet geoLocations: any[] = await getGeoLocation(result);\r\n\t\t\t\tmergeArrays(result, geoLocations); // TODO Result now contains everything from index!\r\n\t\t\t\tlet filteredFileNames = filterRoomsFileNames(fileNames);\r\n\t\t\t\tlet contentsInZip = await getContentsRoomFiles(filteredFileNames, zip, id);\r\n\t\t\t\tlet unfilteredCacheData = matchByMarker(contentsInZip, result);\r\n\t\t\t\tlet unLabeledCacheData = filterCacheData(unfilteredCacheData);\r\n\t\t\t\tlet labeledCacheData = addRoomId(unLabeledCacheData, id);\r\n\t\t\t\tlet cacheData: InsightResult = makeInsightResult(id, kind, labeledCacheData);\r\n\t\t\t\tawait fs.ensureDir(\"./data\");\r\n\t\t\t\tawait fs.writeJson(`./data/${id}`, cacheData);\r\n\t\t\t}\r\n\t\t}\r\n\t\tlet addedDatasets = await getCurrentDatasets();\r\n\t\treturn Promise.resolve(addedDatasets);\r\n\t}\r\n\r\n\tpublic async performQuery(query: any): Promise<InsightResult[]> {\r\n\t\tlet parsedQuery = getQueryAsJson(query);\r\n\t\tlet parsedQueryKeys = Object.keys(parsedQuery);\r\n\t\tawait validateQuery(query); // TODO add validations T-T\r\n\t\tlet anyKeys: string[] = getAnyKeys(parsedQuery);\r\n\t\tif (parsedQueryKeys.includes(\"TRANSFORMATIONS\")) {\r\n\t\t\tlet applyObjects = query.TRANSFORMATIONS[\"APPLY\"];\r\n\t\t\tfor (let applyObject of applyObjects) {\r\n\t\t\t\tlet applyObjectKeys = Object.keys(applyObject);\r\n\t\t\t\tlet applyObjectKey = applyObjectKeys[0];\r\n\t\t\t\tlet applyObjectValue = applyObject[applyObjectKey];\r\n\t\t\t\tlet applyObjectValueKeys = Object.keys(applyObjectValue);\r\n\t\t\t\tanyKeys.push(applyObjectValue[applyObjectValueKeys[0]]);\r\n\t\t\t}\r\n\t\t}\r\n\t\tlet allData: object[] = await getData();\r\n\t\tlet relevantData = filterByAnyKeys(anyKeys, allData); // TODO if relevantData is empty it means there is no matching dataset!\r\n\t\tlet queryResults = filterByWhere(parsedQuery.WHERE, relevantData);\r\n\t\tif (parsedQueryKeys.includes(\"TRANSFORMATIONS\")) {\r\n\t\t\tqueryResults = transform(parsedQuery.TRANSFORMATIONS, queryResults);\r\n\t\t}\r\n\t\tlet order = query.OPTIONS.ORDER;\r\n\t\tif (typeof order === \"string\") {\r\n\t\t\tsortByString(order, queryResults);\r\n\t\t}\r\n\t\tif (typeof order === \"object\") {\r\n\t\t\tsortByStrings(order, queryResults);\r\n\t\t}\r\n\t\tselectKeyValuesInColumn(queryResults, anyKeys);\r\n\t\tvalidateResultSize(queryResults);\r\n\t\treturn Promise.resolve(queryResults);\r\n\t}\r\n\r\n\tpublic async removeDataset(id: string): Promise<string> {\r\n\t\t// Check for invalid id\r\n\t\tif (id === \"\" || id.includes(\"_\") || id.trim() === \"\") {\r\n\t\t\treturn Promise.reject(new InsightError(\"Invalid id\"));\r\n\t\t}\r\n\r\n\t\ttry {\r\n\t\t\tawait fs.ensureDir(\"./data\");\r\n\t\t\tlet fileNames = await fs.readdir(\"./data\");\r\n\t\t\t// await fs.remove(`./data/${id}.json`);\r\n\t\t\tif (fileNames.includes(`${id}`)) {\r\n\t\t\t\tawait fs.remove(`./data/${id}`);\r\n\t\t\t} else {\r\n\t\t\t\treturn Promise.reject(new NotFoundError());\r\n\t\t\t}\r\n\t\t\t// Return the id of the dataset that was removed\r\n\t\t\treturn Promise.resolve(id);\r\n\t\t\t// return id;\r\n\t\t} catch (err) {\r\n\t\t\treturn Promise.reject(new InsightError(\"Error removing dataset: \" + err));\r\n\t\t}\r\n\t}\r\n\r\n\tpublic async listDatasets(): Promise<InsightDataset[]> {\r\n\t\ttry {\r\n\t\t\t// Check if the './data' directory exists. If not, return an empty array\r\n\t\t\tawait fs.ensureDir(\"./data\");\r\n\t\t\tlet fileNames = await fs.readdir(\"./data\");\r\n\t\t\tlet filePromises = fileNames.map(async (fileName) => {\r\n\t\t\t\ttry {\r\n\t\t\t\t\tlet fileContent = await fs.readJson(`./data/${fileName}`);\r\n\t\t\t\t\tlet jsonString = JSON.stringify(fileContent);\r\n\t\t\t\t\tlet data = JSON.parse(jsonString);\r\n\t\t\t\t\treturn {\r\n\t\t\t\t\t\tid: data.id,\r\n\t\t\t\t\t\tkind: data.kind,\r\n\t\t\t\t\t\tnumRows: data.numRows,\r\n\t\t\t\t\t};\r\n\t\t\t\t} catch (err) {\r\n\t\t\t\t\tthrow new InsightError(\"Corrupted persisted file\");\r\n\t\t\t\t}\r\n\t\t\t});\r\n\r\n\t\t\treturn await Promise.all(filePromises);\r\n\t\t} catch (err) {\r\n\t\t\tthrow new InsightError(\"Error listing datasets: \" + err);\r\n\t\t}\r\n\t}\r\n}\r\n"]},"_coverageSchema":"1a1c01bbd47fc00a2c39e90264f33305004495a9","hash":"147e0f609983c547dbbcb16d3714a9abe1aa9537","contentHash":"cdf1a20d67e34615aaa9029266ad229d40b110657fe4c5f8907f70c8c315481f"},"C:\\Users\\Winston\\Desktop\\project_team203\\src\\controller\\PerformQueryHelperFunctions.ts":{"path":"C:\\Users\\Winston\\Desktop\\project_team203\\src\\controller\\PerformQueryHelperFunctions.ts","statementMap":{"0":{"start":{"line":2,"column":22},"end":{"line":12,"column":3}},"1":{"start":{"line":3,"column":4},"end":{"line":3,"column":33}},"2":{"start":{"line":3,"column":26},"end":{"line":3,"column":33}},"3":{"start":{"line":4,"column":15},"end":{"line":4,"column":52}},"4":{"start":{"line":5,"column":4},"end":{"line":7,"column":5}},"5":{"start":{"line":6,"column":6},"end":{"line":6,"column":68}},"6":{"start":{"line":6,"column":51},"end":{"line":6,"column":63}},"7":{"start":{"line":8,"column":4},"end":{"line":8,"column":39}},"8":{"start":{"line":10,"column":4},"end":{"line":10,"column":33}},"9":{"start":{"line":10,"column":26},"end":{"line":10,"column":33}},"10":{"start":{"line":11,"column":4},"end":{"line":11,"column":17}},"11":{"start":{"line":13,"column":25},"end":{"line":17,"column":2}},"12":{"start":{"line":14,"column":4},"end":{"line":14,"column":72}},"13":{"start":{"line":16,"column":4},"end":{"line":16,"column":21}},"14":{"start":{"line":18,"column":19},"end":{"line":24,"column":1}},"15":{"start":{"line":19,"column":4},"end":{"line":19,"column":42}},"16":{"start":{"line":19,"column":31},"end":{"line":19,"column":42}},"17":{"start":{"line":20,"column":17},"end":{"line":20,"column":19}},"18":{"start":{"line":21,"column":4},"end":{"line":21,"column":141}},"19":{"start":{"line":21,"column":21},"end":{"line":21,"column":141}},"20":{"start":{"line":21,"column":40},"end":{"line":21,"column":141}},"21":{"start":{"line":21,"column":109},"end":{"line":21,"column":141}},"22":{"start":{"line":22,"column":4},"end":{"line":22,"column":36}},"23":{"start":{"line":23,"column":4},"end":{"line":23,"column":18}},"24":{"start":{"line":25,"column":22},"end":{"line":27,"column":1}},"25":{"start":{"line":26,"column":4},"end":{"line":26,"column":62}},"26":{"start":{"line":28,"column":0},"end":{"line":28,"column":62}},"27":{"start":{"line":29,"column":0},"end":{"line":29,"column":507}},"28":{"start":{"line":30,"column":25},"end":{"line":30,"column":52}},"29":{"start":{"line":31,"column":11},"end":{"line":31,"column":44}},"30":{"start":{"line":32,"column":21},"end":{"line":32,"column":59}},"31":{"start":{"line":34,"column":4},"end":{"line":36,"column":7}},"32":{"start":{"line":35,"column":8},"end":{"line":35,"column":65}},"33":{"start":{"line":38,"column":0},"end":{"line":38,"column":42}},"34":{"start":{"line":40,"column":4},"end":{"line":44,"column":5}},"35":{"start":{"line":41,"column":8},"end":{"line":43,"column":9}},"36":{"start":{"line":42,"column":12},"end":{"line":42,"column":24}},"37":{"start":{"line":45,"column":4},"end":{"line":45,"column":17}},"38":{"start":{"line":48,"column":4},"end":{"line":50,"column":7}},"39":{"start":{"line":49,"column":8},"end":{"line":49,"column":41}},"40":{"start":{"line":52,"column":0},"end":{"line":52,"column":38}},"41":{"start":{"line":54,"column":20},"end":{"line":54,"column":31}},"42":{"start":{"line":55,"column":17},"end":{"line":55,"column":44}},"43":{"start":{"line":56,"column":23},"end":{"line":56,"column":34}},"44":{"start":{"line":57,"column":26},"end":{"line":57,"column":28}},"45":{"start":{"line":58,"column":4},"end":{"line":65,"column":5}},"46":{"start":{"line":59,"column":26},"end":{"line":59,"column":57}},"47":{"start":{"line":60,"column":34},"end":{"line":60,"column":74}},"48":{"start":{"line":61,"column":8},"end":{"line":63,"column":9}},"49":{"start":{"line":62,"column":12},"end":{"line":62,"column":68}},"50":{"start":{"line":64,"column":8},"end":{"line":64,"column":42}},"51":{"start":{"line":66,"column":4},"end":{"line":66,"column":27}},"52":{"start":{"line":68,"column":0},"end":{"line":68,"column":30}},"53":{"start":{"line":70,"column":28},"end":{"line":70,"column":46}},"54":{"start":{"line":71,"column":17},"end":{"line":71,"column":47}},"55":{"start":{"line":72,"column":4},"end":{"line":76,"column":5}},"56":{"start":{"line":73,"column":8},"end":{"line":75,"column":9}},"57":{"start":{"line":74,"column":12},"end":{"line":74,"column":42}},"58":{"start":{"line":77,"column":4},"end":{"line":77,"column":29}},"59":{"start":{"line":79,"column":0},"end":{"line":79,"column":32}},"60":{"start":{"line":81,"column":17},"end":{"line":81,"column":19}},"61":{"start":{"line":82,"column":4},"end":{"line":88,"column":5}},"62":{"start":{"line":83,"column":18},"end":{"line":83,"column":45}},"63":{"start":{"line":84,"column":25},"end":{"line":84,"column":57}},"64":{"start":{"line":85,"column":20},"end":{"line":85,"column":48}},"65":{"start":{"line":86,"column":26},"end":{"line":86,"column":61}},"66":{"start":{"line":87,"column":8},"end":{"line":87,"column":44}},"67":{"start":{"line":89,"column":4},"end":{"line":89,"column":18}},"68":{"start":{"line":91,"column":0},"end":{"line":91,"column":50}},"69":{"start":{"line":93,"column":4},"end":{"line":106,"column":5}},"70":{"start":{"line":95,"column":12},"end":{"line":95,"column":46}},"71":{"start":{"line":97,"column":12},"end":{"line":97,"column":46}},"72":{"start":{"line":99,"column":12},"end":{"line":99,"column":46}},"73":{"start":{"line":101,"column":12},"end":{"line":101,"column":48}},"74":{"start":{"line":103,"column":12},"end":{"line":103,"column":46}},"75":{"start":{"line":105,"column":12},"end":{"line":105,"column":77}},"76":{"start":{"line":108,"column":0},"end":{"line":108,"column":30}},"77":{"start":{"line":110,"column":14},"end":{"line":110,"column":41}},"78":{"start":{"line":111,"column":24},"end":{"line":118,"column":6}},"79":{"start":{"line":112,"column":8},"end":{"line":116,"column":9}},"80":{"start":{"line":113,"column":12},"end":{"line":115,"column":13}},"81":{"start":{"line":114,"column":16},"end":{"line":114,"column":29}},"82":{"start":{"line":117,"column":8},"end":{"line":117,"column":20}},"83":{"start":{"line":119,"column":4},"end":{"line":121,"column":7}},"84":{"start":{"line":120,"column":8},"end":{"line":120,"column":68}},"85":{"start":{"line":122,"column":4},"end":{"line":122,"column":45}},"86":{"start":{"line":124,"column":0},"end":{"line":124,"column":36}},"87":{"start":{"line":126,"column":14},"end":{"line":126,"column":29}},"88":{"start":{"line":127,"column":4},"end":{"line":131,"column":7}},"89":{"start":{"line":128,"column":8},"end":{"line":130,"column":9}},"90":{"start":{"line":129,"column":12},"end":{"line":129,"column":37}},"91":{"start":{"line":132,"column":4},"end":{"line":132,"column":15}},"92":{"start":{"line":134,"column":0},"end":{"line":134,"column":36}},"93":{"start":{"line":136,"column":14},"end":{"line":136,"column":29}},"94":{"start":{"line":137,"column":4},"end":{"line":141,"column":7}},"95":{"start":{"line":138,"column":8},"end":{"line":140,"column":9}},"96":{"start":{"line":139,"column":12},"end":{"line":139,"column":37}},"97":{"start":{"line":142,"column":4},"end":{"line":142,"column":15}},"98":{"start":{"line":144,"column":0},"end":{"line":144,"column":36}},"99":{"start":{"line":146,"column":23},"end":{"line":148,"column":7}},"100":{"start":{"line":147,"column":8},"end":{"line":147,"column":27}},"101":{"start":{"line":149,"column":4},"end":{"line":149,"column":29}},"102":{"start":{"line":151,"column":0},"end":{"line":151,"column":40}},"103":{"start":{"line":153,"column":14},"end":{"line":153,"column":41}},"104":{"start":{"line":154,"column":24},"end":{"line":156,"column":6}},"105":{"start":{"line":155,"column":8},"end":{"line":155,"column":42}},"106":{"start":{"line":157,"column":4},"end":{"line":159,"column":7}},"107":{"start":{"line":158,"column":8},"end":{"line":158,"column":68}},"108":{"start":{"line":160,"column":4},"end":{"line":160,"column":70}},"109":{"start":{"line":162,"column":0},"end":{"line":162,"column":36}},"110":{"start":{"line":164,"column":19},"end":{"line":164,"column":28}},"111":{"start":{"line":165,"column":4},"end":{"line":174,"column":5}},"112":{"start":{"line":166,"column":25},"end":{"line":166,"column":70}},"113":{"start":{"line":166,"column":48},"end":{"line":166,"column":59}},"114":{"start":{"line":167,"column":22},"end":{"line":167,"column":42}},"115":{"start":{"line":168,"column":8},"end":{"line":173,"column":9}},"116":{"start":{"line":169,"column":12},"end":{"line":169,"column":31}},"117":{"start":{"line":172,"column":12},"end":{"line":172,"column":43}},"118":{"start":{"line":175,"column":4},"end":{"line":175,"column":39}},"119":{"start":{"line":177,"column":0},"end":{"line":177,"column":32}},"120":{"start":{"line":179,"column":15},"end":{"line":179,"column":32}},"121":{"start":{"line":180,"column":4},"end":{"line":184,"column":5}},"122":{"start":{"line":181,"column":8},"end":{"line":183,"column":9}},"123":{"start":{"line":182,"column":12},"end":{"line":182,"column":25}},"124":{"start":{"line":185,"column":4},"end":{"line":185,"column":16}},"125":{"start":{"line":187,"column":0},"end":{"line":187,"column":32}},"126":{"start":{"line":189,"column":4},"end":{"line":189,"column":17}},"127":{"start":{"line":191,"column":0},"end":{"line":191,"column":36}},"128":{"start":{"line":193,"column":17},"end":{"line":193,"column":21}},"129":{"start":{"line":194,"column":4},"end":{"line":196,"column":5}},"130":{"start":{"line":195,"column":8},"end":{"line":195,"column":20}},"131":{"start":{"line":197,"column":14},"end":{"line":197,"column":35}},"132":{"start":{"line":198,"column":16},"end":{"line":198,"column":26}},"133":{"start":{"line":199,"column":4},"end":{"line":224,"column":5}},"134":{"start":{"line":201,"column":12},"end":{"line":201,"column":26}},"135":{"start":{"line":202,"column":12},"end":{"line":204,"column":13}},"136":{"start":{"line":203,"column":16},"end":{"line":203,"column":63}},"137":{"start":{"line":205,"column":12},"end":{"line":205,"column":26}},"138":{"start":{"line":207,"column":12},"end":{"line":207,"column":27}},"139":{"start":{"line":208,"column":12},"end":{"line":210,"column":13}},"140":{"start":{"line":209,"column":16},"end":{"line":209,"column":63}},"141":{"start":{"line":211,"column":12},"end":{"line":211,"column":26}},"142":{"start":{"line":213,"column":12},"end":{"line":213,"column":49}},"143":{"start":{"line":215,"column":12},"end":{"line":215,"column":49}},"144":{"start":{"line":217,"column":12},"end":{"line":217,"column":49}},"145":{"start":{"line":219,"column":12},"end":{"line":219,"column":49}},"146":{"start":{"line":221,"column":12},"end":{"line":221,"column":60}},"147":{"start":{"line":223,"column":12},"end":{"line":223,"column":82}},"148":{"start":{"line":226,"column":0},"end":{"line":226,"column":36}},"149":{"start":{"line":228,"column":4},"end":{"line":234,"column":5}},"150":{"start":{"line":229,"column":8},"end":{"line":233,"column":9}},"151":{"start":{"line":230,"column":12},"end":{"line":232,"column":13}},"152":{"start":{"line":231,"column":16},"end":{"line":231,"column":35}},"153":{"start":{"line":236,"column":0},"end":{"line":236,"column":58}},"154":{"start":{"line":238,"column":4},"end":{"line":240,"column":5}},"155":{"start":{"line":239,"column":8},"end":{"line":239,"column":76}},"156":{"start":{"line":242,"column":0},"end":{"line":242,"column":48}},"157":{"start":{"line":244,"column":4},"end":{"line":244,"column":39}},"158":{"start":{"line":246,"column":0},"end":{"line":246,"column":32}},"159":{"start":{"line":248,"column":4},"end":{"line":254,"column":5}},"160":{"start":{"line":249,"column":8},"end":{"line":253,"column":9}},"161":{"start":{"line":250,"column":12},"end":{"line":252,"column":13}},"162":{"start":{"line":251,"column":16},"end":{"line":251,"column":39}},"163":{"start":{"line":255,"column":4},"end":{"line":255,"column":17}},"164":{"start":{"line":257,"column":0},"end":{"line":257,"column":16}},"165":{"start":{"line":259,"column":4},"end":{"line":265,"column":5}},"166":{"start":{"line":260,"column":8},"end":{"line":264,"column":9}},"167":{"start":{"line":261,"column":12},"end":{"line":263,"column":13}},"168":{"start":{"line":262,"column":16},"end":{"line":262,"column":39}},"169":{"start":{"line":266,"column":4},"end":{"line":266,"column":17}},"170":{"start":{"line":268,"column":0},"end":{"line":268,"column":16}},"171":{"start":{"line":270,"column":4},"end":{"line":276,"column":5}},"172":{"start":{"line":271,"column":8},"end":{"line":275,"column":9}},"173":{"start":{"line":272,"column":12},"end":{"line":274,"column":13}},"174":{"start":{"line":273,"column":16},"end":{"line":273,"column":41}},"175":{"start":{"line":277,"column":4},"end":{"line":277,"column":17}},"176":{"start":{"line":279,"column":0},"end":{"line":279,"column":16}},"177":{"start":{"line":281,"column":17},"end":{"line":281,"column":21}},"178":{"start":{"line":282,"column":4},"end":{"line":307,"column":5}},"179":{"start":{"line":283,"column":8},"end":{"line":306,"column":9}},"180":{"start":{"line":284,"column":12},"end":{"line":305,"column":13}},"181":{"start":{"line":285,"column":29},"end":{"line":285,"column":39}},"182":{"start":{"line":286,"column":16},"end":{"line":304,"column":17}},"183":{"start":{"line":287,"column":20},"end":{"line":287,"column":32}},"184":{"start":{"line":289,"column":21},"end":{"line":304,"column":17}},"185":{"start":{"line":290,"column":20},"end":{"line":290,"column":49}},"186":{"start":{"line":291,"column":20},"end":{"line":291,"column":57}},"187":{"start":{"line":293,"column":21},"end":{"line":304,"column":17}},"188":{"start":{"line":294,"column":20},"end":{"line":294,"column":45}},"189":{"start":{"line":295,"column":20},"end":{"line":295,"column":57}},"190":{"start":{"line":297,"column":21},"end":{"line":304,"column":17}},"191":{"start":{"line":298,"column":40},"end":{"line":298,"column":59}},"192":{"start":{"line":299,"column":20},"end":{"line":299,"column":60}},"193":{"start":{"line":300,"column":20},"end":{"line":300,"column":59}},"194":{"start":{"line":303,"column":20},"end":{"line":303,"column":51}},"195":{"start":{"line":308,"column":4},"end":{"line":308,"column":17}},"196":{"start":{"line":310,"column":0},"end":{"line":310,"column":16}},"197":{"start":{"line":312,"column":20},"end":{"line":312,"column":46}},"198":{"start":{"line":313,"column":23},"end":{"line":323,"column":6}},"199":{"start":{"line":314,"column":8},"end":{"line":322,"column":9}},"200":{"start":{"line":315,"column":30},"end":{"line":315,"column":69}},"201":{"start":{"line":316,"column":29},"end":{"line":316,"column":56}},"202":{"start":{"line":317,"column":23},"end":{"line":317,"column":45}},"203":{"start":{"line":318,"column":12},"end":{"line":318,"column":29}},"204":{"start":{"line":321,"column":12},"end":{"line":321,"column":80}},"205":{"start":{"line":324,"column":16},"end":{"line":324,"column":18}},"206":{"start":{"line":325,"column":4},"end":{"line":335,"column":5}},"207":{"start":{"line":326,"column":25},"end":{"line":326,"column":56}},"208":{"start":{"line":327,"column":29},"end":{"line":327,"column":61}},"209":{"start":{"line":328,"column":8},"end":{"line":330,"column":9}},"210":{"start":{"line":329,"column":12},"end":{"line":329,"column":41}},"211":{"start":{"line":331,"column":8},"end":{"line":331,"column":21}},"212":{"start":{"line":334,"column":8},"end":{"line":334,"column":56}},"213":{"start":{"line":337,"column":0},"end":{"line":337,"column":26}}},"fnMap":{"0":{"name":"(anonymous_0)","decl":{"start":{"line":2,"column":74},"end":{"line":2,"column":75}},"loc":{"start":{"line":2,"column":96},"end":{"line":9,"column":1}},"line":2},"1":{"name":"(anonymous_1)","decl":{"start":{"line":6,"column":38},"end":{"line":6,"column":39}},"loc":{"start":{"line":6,"column":49},"end":{"line":6,"column":65}},"line":6},"2":{"name":"(anonymous_2)","decl":{"start":{"line":9,"column":6},"end":{"line":9,"column":7}},"loc":{"start":{"line":9,"column":28},"end":{"line":12,"column":1}},"line":9},"3":{"name":"(anonymous_3)","decl":{"start":{"line":13,"column":80},"end":{"line":13,"column":81}},"loc":{"start":{"line":13,"column":95},"end":{"line":15,"column":1}},"line":13},"4":{"name":"(anonymous_4)","decl":{"start":{"line":15,"column":5},"end":{"line":15,"column":6}},"loc":{"start":{"line":15,"column":20},"end":{"line":17,"column":1}},"line":15},"5":{"name":"(anonymous_5)","decl":{"start":{"line":18,"column":50},"end":{"line":18,"column":51}},"loc":{"start":{"line":18,"column":65},"end":{"line":24,"column":1}},"line":18},"6":{"name":"(anonymous_6)","decl":{"start":{"line":25,"column":56},"end":{"line":25,"column":57}},"loc":{"start":{"line":25,"column":71},"end":{"line":27,"column":1}},"line":25},"7":{"name":"filterByAnyKeys","decl":{"start":{"line":33,"column":9},"end":{"line":33,"column":24}},"loc":{"start":{"line":33,"column":49},"end":{"line":37,"column":1}},"line":33},"8":{"name":"(anonymous_8)","decl":{"start":{"line":34,"column":32},"end":{"line":34,"column":33}},"loc":{"start":{"line":34,"column":55},"end":{"line":36,"column":5}},"line":34},"9":{"name":"dataContainsColumnKey","decl":{"start":{"line":39,"column":9},"end":{"line":39,"column":30}},"loc":{"start":{"line":39,"column":59},"end":{"line":46,"column":1}},"line":39},"10":{"name":"filterByWhere","decl":{"start":{"line":47,"column":9},"end":{"line":47,"column":22}},"loc":{"start":{"line":47,"column":44},"end":{"line":51,"column":1}},"line":47},"11":{"name":"(anonymous_11)","decl":{"start":{"line":48,"column":31},"end":{"line":48,"column":32}},"loc":{"start":{"line":48,"column":41},"end":{"line":50,"column":5}},"line":48},"12":{"name":"transform","decl":{"start":{"line":53,"column":9},"end":{"line":53,"column":18}},"loc":{"start":{"line":53,"column":32},"end":{"line":67,"column":1}},"line":53},"13":{"name":"trimByKeys","decl":{"start":{"line":69,"column":9},"end":{"line":69,"column":19}},"loc":{"start":{"line":69,"column":39},"end":{"line":78,"column":1}},"line":69},"14":{"name":"applyTransformation","decl":{"start":{"line":80,"column":9},"end":{"line":80,"column":28}},"loc":{"start":{"line":80,"column":50},"end":{"line":90,"column":1}},"line":80},"15":{"name":"applyRule","decl":{"start":{"line":92,"column":9},"end":{"line":92,"column":18}},"loc":{"start":{"line":92,"column":45},"end":{"line":107,"column":1}},"line":92},"16":{"name":"applyRuleSum","decl":{"start":{"line":109,"column":9},"end":{"line":109,"column":21}},"loc":{"start":{"line":109,"column":36},"end":{"line":123,"column":1}},"line":109},"17":{"name":"(anonymous_17)","decl":{"start":{"line":111,"column":37},"end":{"line":111,"column":38}},"loc":{"start":{"line":111,"column":52},"end":{"line":118,"column":5}},"line":111},"18":{"name":"(anonymous_18)","decl":{"start":{"line":119,"column":18},"end":{"line":119,"column":19}},"loc":{"start":{"line":119,"column":35},"end":{"line":121,"column":5}},"line":119},"19":{"name":"applyRuleMax","decl":{"start":{"line":125,"column":9},"end":{"line":125,"column":21}},"loc":{"start":{"line":125,"column":36},"end":{"line":133,"column":1}},"line":125},"20":{"name":"(anonymous_20)","decl":{"start":{"line":127,"column":18},"end":{"line":127,"column":19}},"loc":{"start":{"line":127,"column":35},"end":{"line":131,"column":5}},"line":127},"21":{"name":"applyRuleMin","decl":{"start":{"line":135,"column":9},"end":{"line":135,"column":21}},"loc":{"start":{"line":135,"column":36},"end":{"line":143,"column":1}},"line":135},"22":{"name":"(anonymous_22)","decl":{"start":{"line":137,"column":18},"end":{"line":137,"column":19}},"loc":{"start":{"line":137,"column":35},"end":{"line":141,"column":5}},"line":137},"23":{"name":"applyRuleCount","decl":{"start":{"line":145,"column":9},"end":{"line":145,"column":23}},"loc":{"start":{"line":145,"column":38},"end":{"line":150,"column":1}},"line":145},"24":{"name":"(anonymous_24)","decl":{"start":{"line":146,"column":41},"end":{"line":146,"column":42}},"loc":{"start":{"line":146,"column":51},"end":{"line":148,"column":5}},"line":146},"25":{"name":"applyRuleAvg","decl":{"start":{"line":152,"column":9},"end":{"line":152,"column":21}},"loc":{"start":{"line":152,"column":36},"end":{"line":161,"column":1}},"line":152},"26":{"name":"(anonymous_26)","decl":{"start":{"line":154,"column":37},"end":{"line":154,"column":38}},"loc":{"start":{"line":154,"column":52},"end":{"line":156,"column":5}},"line":154},"27":{"name":"(anonymous_27)","decl":{"start":{"line":157,"column":26},"end":{"line":157,"column":27}},"loc":{"start":{"line":157,"column":43},"end":{"line":159,"column":5}},"line":157},"28":{"name":"makeGroups","decl":{"start":{"line":163,"column":9},"end":{"line":163,"column":19}},"loc":{"start":{"line":163,"column":45},"end":{"line":176,"column":1}},"line":163},"29":{"name":"(anonymous_29)","decl":{"start":{"line":166,"column":39},"end":{"line":166,"column":40}},"loc":{"start":{"line":166,"column":48},"end":{"line":166,"column":59}},"line":166},"30":{"name":"deepEquals","decl":{"start":{"line":178,"column":9},"end":{"line":178,"column":19}},"loc":{"start":{"line":178,"column":32},"end":{"line":186,"column":1}},"line":178},"31":{"name":"getGroupKeys","decl":{"start":{"line":188,"column":9},"end":{"line":188,"column":21}},"loc":{"start":{"line":188,"column":29},"end":{"line":190,"column":1}},"line":188},"32":{"name":"performWhere","decl":{"start":{"line":192,"column":9},"end":{"line":192,"column":21}},"loc":{"start":{"line":192,"column":38},"end":{"line":225,"column":1}},"line":192},"33":{"name":"selectKeyValuesInColumn","decl":{"start":{"line":227,"column":9},"end":{"line":227,"column":32}},"loc":{"start":{"line":227,"column":57},"end":{"line":235,"column":1}},"line":227},"34":{"name":"validateResultSize","decl":{"start":{"line":237,"column":9},"end":{"line":237,"column":27}},"loc":{"start":{"line":237,"column":43},"end":{"line":241,"column":1}},"line":237},"35":{"name":"getAnyKeys","decl":{"start":{"line":243,"column":9},"end":{"line":243,"column":19}},"loc":{"start":{"line":243,"column":27},"end":{"line":245,"column":1}},"line":243},"36":{"name":"lt","decl":{"start":{"line":247,"column":9},"end":{"line":247,"column":11}},"loc":{"start":{"line":247,"column":36},"end":{"line":256,"column":1}},"line":247},"37":{"name":"gt","decl":{"start":{"line":258,"column":9},"end":{"line":258,"column":11}},"loc":{"start":{"line":258,"column":36},"end":{"line":267,"column":1}},"line":258},"38":{"name":"eq","decl":{"start":{"line":269,"column":9},"end":{"line":269,"column":11}},"loc":{"start":{"line":269,"column":36},"end":{"line":278,"column":1}},"line":269},"39":{"name":"is","decl":{"start":{"line":280,"column":9},"end":{"line":280,"column":11}},"loc":{"start":{"line":280,"column":36},"end":{"line":309,"column":1}},"line":280},"40":{"name":"getData","decl":{"start":{"line":311,"column":15},"end":{"line":311,"column":22}},"loc":{"start":{"line":311,"column":25},"end":{"line":336,"column":1}},"line":311},"41":{"name":"(anonymous_41)","decl":{"start":{"line":313,"column":37},"end":{"line":313,"column":38}},"loc":{"start":{"line":313,"column":57},"end":{"line":323,"column":5}},"line":313}},"branchMap":{"0":{"loc":{"start":{"line":2,"column":22},"end":{"line":12,"column":3}},"type":"binary-expr","locations":[{"start":{"line":2,"column":23},"end":{"line":2,"column":27}},{"start":{"line":2,"column":31},"end":{"line":2,"column":51}},{"start":{"line":2,"column":57},"end":{"line":12,"column":2}}],"line":2},"1":{"loc":{"start":{"line":2,"column":57},"end":{"line":12,"column":2}},"type":"cond-expr","locations":[{"start":{"line":2,"column":74},"end":{"line":9,"column":1}},{"start":{"line":9,"column":6},"end":{"line":12,"column":1}}],"line":2},"2":{"loc":{"start":{"line":3,"column":4},"end":{"line":3,"column":33}},"type":"if","locations":[{"start":{"line":3,"column":4},"end":{"line":3,"column":33}},{"start":{"line":3,"column":4},"end":{"line":3,"column":33}}],"line":3},"3":{"loc":{"start":{"line":5,"column":4},"end":{"line":7,"column":5}},"type":"if","locations":[{"start":{"line":5,"column":4},"end":{"line":7,"column":5}},{"start":{"line":5,"column":4},"end":{"line":7,"column":5}}],"line":5},"4":{"loc":{"start":{"line":5,"column":8},"end":{"line":5,"column":85}},"type":"binary-expr","locations":[{"start":{"line":5,"column":8},"end":{"line":5,"column":13}},{"start":{"line":5,"column":18},"end":{"line":5,"column":84}}],"line":5},"5":{"loc":{"start":{"line":5,"column":18},"end":{"line":5,"column":84}},"type":"cond-expr","locations":[{"start":{"line":5,"column":34},"end":{"line":5,"column":47}},{"start":{"line":5,"column":50},"end":{"line":5,"column":84}}],"line":5},"6":{"loc":{"start":{"line":5,"column":50},"end":{"line":5,"column":84}},"type":"binary-expr","locations":[{"start":{"line":5,"column":50},"end":{"line":5,"column":63}},{"start":{"line":5,"column":67},"end":{"line":5,"column":84}}],"line":5},"7":{"loc":{"start":{"line":10,"column":4},"end":{"line":10,"column":33}},"type":"if","locations":[{"start":{"line":10,"column":4},"end":{"line":10,"column":33}},{"start":{"line":10,"column":4},"end":{"line":10,"column":33}}],"line":10},"8":{"loc":{"start":{"line":13,"column":25},"end":{"line":17,"column":2}},"type":"binary-expr","locations":[{"start":{"line":13,"column":26},"end":{"line":13,"column":30}},{"start":{"line":13,"column":34},"end":{"line":13,"column":57}},{"start":{"line":13,"column":63},"end":{"line":17,"column":1}}],"line":13},"9":{"loc":{"start":{"line":13,"column":63},"end":{"line":17,"column":1}},"type":"cond-expr","locations":[{"start":{"line":13,"column":80},"end":{"line":15,"column":1}},{"start":{"line":15,"column":5},"end":{"line":17,"column":1}}],"line":13},"10":{"loc":{"start":{"line":18,"column":19},"end":{"line":24,"column":1}},"type":"binary-expr","locations":[{"start":{"line":18,"column":20},"end":{"line":18,"column":24}},{"start":{"line":18,"column":28},"end":{"line":18,"column":45}},{"start":{"line":18,"column":50},"end":{"line":24,"column":1}}],"line":18},"11":{"loc":{"start":{"line":19,"column":4},"end":{"line":19,"column":42}},"type":"if","locations":[{"start":{"line":19,"column":4},"end":{"line":19,"column":42}},{"start":{"line":19,"column":4},"end":{"line":19,"column":42}}],"line":19},"12":{"loc":{"start":{"line":19,"column":8},"end":{"line":19,"column":29}},"type":"binary-expr","locations":[{"start":{"line":19,"column":8},"end":{"line":19,"column":11}},{"start":{"line":19,"column":15},"end":{"line":19,"column":29}}],"line":19},"13":{"loc":{"start":{"line":21,"column":4},"end":{"line":21,"column":141}},"type":"if","locations":[{"start":{"line":21,"column":4},"end":{"line":21,"column":141}},{"start":{"line":21,"column":4},"end":{"line":21,"column":141}}],"line":21},"14":{"loc":{"start":{"line":21,"column":40},"end":{"line":21,"column":141}},"type":"if","locations":[{"start":{"line":21,"column":40},"end":{"line":21,"column":141}},{"start":{"line":21,"column":40},"end":{"line":21,"column":141}}],"line":21},"15":{"loc":{"start":{"line":21,"column":44},"end":{"line":21,"column":107}},"type":"binary-expr","locations":[{"start":{"line":21,"column":44},"end":{"line":21,"column":59}},{"start":{"line":21,"column":63},"end":{"line":21,"column":107}}],"line":21},"16":{"loc":{"start":{"line":25,"column":22},"end":{"line":27,"column":1}},"type":"binary-expr","locations":[{"start":{"line":25,"column":23},"end":{"line":25,"column":27}},{"start":{"line":25,"column":31},"end":{"line":25,"column":51}},{"start":{"line":25,"column":56},"end":{"line":27,"column":1}}],"line":25},"17":{"loc":{"start":{"line":26,"column":11},"end":{"line":26,"column":61}},"type":"cond-expr","locations":[{"start":{"line":26,"column":37},"end":{"line":26,"column":40}},{"start":{"line":26,"column":43},"end":{"line":26,"column":61}}],"line":26},"18":{"loc":{"start":{"line":26,"column":12},"end":{"line":26,"column":33}},"type":"binary-expr","locations":[{"start":{"line":26,"column":12},"end":{"line":26,"column":15}},{"start":{"line":26,"column":19},"end":{"line":26,"column":33}}],"line":26},"19":{"loc":{"start":{"line":41,"column":8},"end":{"line":43,"column":9}},"type":"if","locations":[{"start":{"line":41,"column":8},"end":{"line":43,"column":9}},{"start":{"line":41,"column":8},"end":{"line":43,"column":9}}],"line":41},"20":{"loc":{"start":{"line":73,"column":8},"end":{"line":75,"column":9}},"type":"if","locations":[{"start":{"line":73,"column":8},"end":{"line":75,"column":9}},{"start":{"line":73,"column":8},"end":{"line":75,"column":9}}],"line":73},"21":{"loc":{"start":{"line":93,"column":4},"end":{"line":106,"column":5}},"type":"switch","locations":[{"start":{"line":94,"column":8},"end":{"line":95,"column":46}},{"start":{"line":96,"column":8},"end":{"line":97,"column":46}},{"start":{"line":98,"column":8},"end":{"line":99,"column":46}},{"start":{"line":100,"column":8},"end":{"line":101,"column":48}},{"start":{"line":102,"column":8},"end":{"line":103,"column":46}},{"start":{"line":104,"column":8},"end":{"line":105,"column":77}}],"line":93},"22":{"loc":{"start":{"line":113,"column":12},"end":{"line":115,"column":13}},"type":"if","locations":[{"start":{"line":113,"column":12},"end":{"line":115,"column":13}},{"start":{"line":113,"column":12},"end":{"line":115,"column":13}}],"line":113},"23":{"loc":{"start":{"line":113,"column":16},"end":{"line":113,"column":63}},"type":"binary-expr","locations":[{"start":{"line":113,"column":16},"end":{"line":113,"column":36}},{"start":{"line":113,"column":40},"end":{"line":113,"column":63}}],"line":113},"24":{"loc":{"start":{"line":128,"column":8},"end":{"line":130,"column":9}},"type":"if","locations":[{"start":{"line":128,"column":8},"end":{"line":130,"column":9}},{"start":{"line":128,"column":8},"end":{"line":130,"column":9}}],"line":128},"25":{"loc":{"start":{"line":138,"column":8},"end":{"line":140,"column":9}},"type":"if","locations":[{"start":{"line":138,"column":8},"end":{"line":140,"column":9}},{"start":{"line":138,"column":8},"end":{"line":140,"column":9}}],"line":138},"26":{"loc":{"start":{"line":168,"column":8},"end":{"line":173,"column":9}},"type":"if","locations":[{"start":{"line":168,"column":8},"end":{"line":173,"column":9}},{"start":{"line":168,"column":8},"end":{"line":173,"column":9}}],"line":168},"27":{"loc":{"start":{"line":181,"column":8},"end":{"line":183,"column":9}},"type":"if","locations":[{"start":{"line":181,"column":8},"end":{"line":183,"column":9}},{"start":{"line":181,"column":8},"end":{"line":183,"column":9}}],"line":181},"28":{"loc":{"start":{"line":194,"column":4},"end":{"line":196,"column":5}},"type":"if","locations":[{"start":{"line":194,"column":4},"end":{"line":196,"column":5}},{"start":{"line":194,"column":4},"end":{"line":196,"column":5}}],"line":194},"29":{"loc":{"start":{"line":199,"column":4},"end":{"line":224,"column":5}},"type":"switch","locations":[{"start":{"line":200,"column":8},"end":{"line":205,"column":26}},{"start":{"line":206,"column":8},"end":{"line":211,"column":26}},{"start":{"line":212,"column":8},"end":{"line":213,"column":49}},{"start":{"line":214,"column":8},"end":{"line":215,"column":49}},{"start":{"line":216,"column":8},"end":{"line":217,"column":49}},{"start":{"line":218,"column":8},"end":{"line":219,"column":49}},{"start":{"line":220,"column":8},"end":{"line":221,"column":60}},{"start":{"line":222,"column":8},"end":{"line":223,"column":82}}],"line":199},"30":{"loc":{"start":{"line":203,"column":25},"end":{"line":203,"column":62}},"type":"binary-expr","locations":[{"start":{"line":203,"column":25},"end":{"line":203,"column":31}},{"start":{"line":203,"column":35},"end":{"line":203,"column":62}}],"line":203},"31":{"loc":{"start":{"line":209,"column":25},"end":{"line":209,"column":62}},"type":"binary-expr","locations":[{"start":{"line":209,"column":25},"end":{"line":209,"column":52}},{"start":{"line":209,"column":56},"end":{"line":209,"column":62}}],"line":209},"32":{"loc":{"start":{"line":230,"column":12},"end":{"line":232,"column":13}},"type":"if","locations":[{"start":{"line":230,"column":12},"end":{"line":232,"column":13}},{"start":{"line":230,"column":12},"end":{"line":232,"column":13}}],"line":230},"33":{"loc":{"start":{"line":238,"column":4},"end":{"line":240,"column":5}},"type":"if","locations":[{"start":{"line":238,"column":4},"end":{"line":240,"column":5}},{"start":{"line":238,"column":4},"end":{"line":240,"column":5}}],"line":238},"34":{"loc":{"start":{"line":250,"column":12},"end":{"line":252,"column":13}},"type":"if","locations":[{"start":{"line":250,"column":12},"end":{"line":252,"column":13}},{"start":{"line":250,"column":12},"end":{"line":252,"column":13}}],"line":250},"35":{"loc":{"start":{"line":261,"column":12},"end":{"line":263,"column":13}},"type":"if","locations":[{"start":{"line":261,"column":12},"end":{"line":263,"column":13}},{"start":{"line":261,"column":12},"end":{"line":263,"column":13}}],"line":261},"36":{"loc":{"start":{"line":272,"column":12},"end":{"line":274,"column":13}},"type":"if","locations":[{"start":{"line":272,"column":12},"end":{"line":274,"column":13}},{"start":{"line":272,"column":12},"end":{"line":274,"column":13}}],"line":272},"37":{"loc":{"start":{"line":284,"column":12},"end":{"line":305,"column":13}},"type":"if","locations":[{"start":{"line":284,"column":12},"end":{"line":305,"column":13}},{"start":{"line":284,"column":12},"end":{"line":305,"column":13}}],"line":284},"38":{"loc":{"start":{"line":286,"column":16},"end":{"line":304,"column":17}},"type":"if","locations":[{"start":{"line":286,"column":16},"end":{"line":304,"column":17}},{"start":{"line":286,"column":16},"end":{"line":304,"column":17}}],"line":286},"39":{"loc":{"start":{"line":286,"column":20},"end":{"line":286,"column":53}},"type":"binary-expr","locations":[{"start":{"line":286,"column":20},"end":{"line":286,"column":34}},{"start":{"line":286,"column":38},"end":{"line":286,"column":53}}],"line":286},"40":{"loc":{"start":{"line":289,"column":21},"end":{"line":304,"column":17}},"type":"if","locations":[{"start":{"line":289,"column":21},"end":{"line":304,"column":17}},{"start":{"line":289,"column":21},"end":{"line":304,"column":17}}],"line":289},"41":{"loc":{"start":{"line":289,"column":25},"end":{"line":289,"column":71}},"type":"binary-expr","locations":[{"start":{"line":289,"column":25},"end":{"line":289,"column":47}},{"start":{"line":289,"column":51},"end":{"line":289,"column":71}}],"line":289},"42":{"loc":{"start":{"line":293,"column":21},"end":{"line":304,"column":17}},"type":"if","locations":[{"start":{"line":293,"column":21},"end":{"line":304,"column":17}},{"start":{"line":293,"column":21},"end":{"line":304,"column":17}}],"line":293},"43":{"loc":{"start":{"line":297,"column":21},"end":{"line":304,"column":17}},"type":"if","locations":[{"start":{"line":297,"column":21},"end":{"line":304,"column":17}},{"start":{"line":297,"column":21},"end":{"line":304,"column":17}}],"line":297}},"s":{"0":1,"1":148,"2":148,"3":148,"4":148,"5":148,"6":2,"7":148,"8":0,"9":0,"10":0,"11":1,"12":1,"13":0,"14":1,"15":1,"16":0,"17":1,"18":1,"19":1,"20":148,"21":148,"22":1,"23":1,"24":1,"25":1,"26":1,"27":1,"28":1,"29":1,"30":1,"31":1,"32":64612,"33":1,"34":64612,"35":64612,"36":64612,"37":0,"38":1,"39":64612,"40":1,"41":0,"42":0,"43":0,"44":0,"45":0,"46":0,"47":0,"48":0,"49":0,"50":0,"51":0,"52":1,"53":0,"54":0,"55":0,"56":0,"57":0,"58":0,"59":1,"60":0,"61":0,"62":0,"63":0,"64":0,"65":0,"66":0,"67":0,"68":1,"69":0,"70":0,"71":0,"72":0,"73":0,"74":0,"75":0,"76":1,"77":0,"78":0,"79":0,"80":0,"81":0,"82":0,"83":0,"84":0,"85":0,"86":1,"87":0,"88":0,"89":0,"90":0,"91":0,"92":1,"93":0,"94":0,"95":0,"96":0,"97":0,"98":1,"99":0,"100":0,"101":0,"102":1,"103":0,"104":0,"105":0,"106":0,"107":0,"108":0,"109":1,"110":0,"111":0,"112":0,"113":0,"114":0,"115":0,"116":0,"117":0,"118":0,"119":1,"120":0,"121":0,"122":0,"123":0,"124":0,"125":1,"126":0,"127":1,"128":64612,"129":64612,"130":0,"131":64612,"132":64612,"133":64612,"134":0,"135":0,"136":0,"137":0,"138":0,"139":0,"140":0,"141":0,"142":0,"143":64612,"144":0,"145":0,"146":0,"147":0,"148":1,"149":1,"150":49,"151":490,"152":392,"153":1,"154":1,"155":0,"156":1,"157":1,"158":1,"159":0,"160":0,"161":0,"162":0,"163":0,"164":1,"165":64612,"166":452284,"167":452284,"168":64612,"169":0,"170":1,"171":0,"172":0,"173":0,"174":0,"175":0,"176":1,"177":0,"178":0,"179":0,"180":0,"181":0,"182":0,"183":0,"184":0,"185":0,"186":0,"187":0,"188":0,"189":0,"190":0,"191":0,"192":0,"193":0,"194":0,"195":0,"196":1,"197":1,"198":1,"199":1,"200":1,"201":1,"202":1,"203":1,"204":0,"205":1,"206":1,"207":1,"208":1,"209":1,"210":1,"211":1,"212":0,"213":1},"f":{"0":148,"1":2,"2":0,"3":1,"4":0,"5":1,"6":1,"7":1,"8":64612,"9":64612,"10":1,"11":64612,"12":0,"13":0,"14":0,"15":0,"16":0,"17":0,"18":0,"19":0,"20":0,"21":0,"22":0,"23":0,"24":0,"25":0,"26":0,"27":0,"28":0,"29":0,"30":0,"31":0,"32":64612,"33":1,"34":1,"35":1,"36":0,"37":64612,"38":0,"39":0,"40":1,"41":1},"b":{"0":[1,1,1],"1":[1,0],"2":[148,0],"3":[148,0],"4":[148,148],"5":[0,148],"6":[148,0],"7":[0,0],"8":[1,1,1],"9":[1,0],"10":[1,1,1],"11":[0,1],"12":[1,1],"13":[1,0],"14":[148,0],"15":[148,148],"16":[1,1,1],"17":[0,1],"18":[1,1],"19":[64612,0],"20":[0,0],"21":[0,0,0,0,0,0],"22":[0,0],"23":[0,0],"24":[0,0],"25":[0,0],"26":[0,0],"27":[0,0],"28":[0,64612],"29":[0,0,0,64612,0,0,0,0],"30":[0,0],"31":[0,0],"32":[392,98],"33":[0,1],"34":[0,0],"35":[64612,387672],"36":[0,0],"37":[0,0],"38":[0,0],"39":[0,0],"40":[0,0],"41":[0,0],"42":[0,0],"43":[0,0]},"inputSourceMap":{"version":3,"file":"C:/Users/Winston/Desktop/project_team203/src/controller/PerformQueryHelperFunctions.ts","sources":["C:/Users/Winston/Desktop/project_team203/src/controller/PerformQueryHelperFunctions.ts"],"names":[],"mappings":";;;;;;;;;;;;;;;;;;;;;;;;;;;;;AAAA,qDAAsG;AAEtG,6CAA+B;AAC/B,4DAAiC;AAEjC,SAAgB,eAAe,CAAC,OAAiB,EAAE,aAAoB;IACtE,OAAO,aAAa,CAAC,MAAM,CAAC,CAAC,iBAAiB,EAAE,EAAE;QACjD,OAAO,qBAAqB,CAAC,OAAO,EAAE,iBAAiB,CAAC,CAAC;IAC1D,CAAC,CAAC,CAAC;AACJ,CAAC;AAJD,0CAIC;AAED,SAAS,qBAAqB,CAAC,OAAiB,EAAE,iBAAsB;IACvE,KAAK,IAAI,MAAM,IAAI,OAAO,EAAE;QAC3B,IAAI,MAAM,CAAC,IAAI,CAAC,iBAAiB,CAAC,CAAC,QAAQ,CAAC,MAAM,CAAC,EAAE;YACpD,OAAO,IAAI,CAAC;SACZ;KACD;IACD,OAAO,KAAK,CAAC;AACd,CAAC;AAED,SAAgB,aAAa,CAAC,KAAU,EAAE,YAAmB;IAC5D,OAAO,YAAY,CAAC,MAAM,CAAC,CAAC,IAAI,EAAE,EAAE;QACnC,OAAO,YAAY,CAAC,KAAK,EAAE,IAAI,CAAC,CAAC;IAClC,CAAC,CAAC,CAAC;AACJ,CAAC;AAJD,sCAIC;AAED,SAAgB,SAAS,CAAC,KAAU,EAAE,IAAW;IAChD,IAAI,SAAS,GAAa,KAAK,CAAC,KAAK,CAAC;IAGtC,IAAI,MAAM,GAAG,UAAU,CAAC,SAAS,EAAE,IAAI,CAAC,CAAC;IACzC,IAAI,YAAY,GAAU,KAAK,CAAC,KAAK,CAAC;IACtC,IAAI,eAAe,GAAG,EAAE,CAAC;IAEzB,KAAK,IAAI,KAAK,IAAI,MAAM,EAAE;QACzB,IAAI,WAAW,GAAG,UAAU,CAAC,SAAS,EAAE,KAAK,CAAC,CAAC,CAAC,CAAC,CAAC;QAElD,IAAI,mBAAmB,GAAG,mBAAmB,CAAC,YAAY,EAAE,KAAK,CAAC,CAAC;QACnE,KAAK,IAAI,kBAAkB,IAAI,mBAAmB,EAAE;YACnD,WAAW,GAAG,EAAC,GAAG,WAAW,EAAE,GAAG,kBAAkB,EAAC,CAAC;SACtD;QACD,eAAe,CAAC,IAAI,CAAC,WAAW,CAAC,CAAC;KAClC;IAED,OAAO,eAAe,CAAC;AACxB,CAAC;AAnBD,8BAmBC;AAED,SAAgB,UAAU,CAAC,IAAc,EAAE,WAAgB;IAC1D,IAAI,iBAAiB,GAAG,EAAC,GAAG,WAAW,EAAC,CAAC;IACzC,IAAI,MAAM,GAAG,MAAM,CAAC,IAAI,CAAC,iBAAiB,CAAC,CAAC;IAC5C,KAAK,IAAI,GAAG,IAAI,MAAM,EAAE;QACvB,IAAI,CAAC,IAAI,CAAC,QAAQ,CAAC,GAAG,CAAC,EAAE;YACxB,OAAO,iBAAiB,CAAC,GAAG,CAAC,CAAC;SAC9B;KACD;IACD,OAAO,iBAAiB,CAAC;AAC1B,CAAC;AATD,gCASC;AAED,SAAgB,mBAAmB,CAAC,YAAmB,EAAE,KAAY;IACpE,IAAI,MAAM,GAAG,EAAE,CAAC;IAChB,KAAK,IAAI,WAAW,IAAI,YAAY,EAAE;QACrC,IAAI,GAAG,GAAG,MAAM,CAAC,IAAI,CAAC,WAAW,CAAC,CAAC,CAAC,CAAC,CAAC;QACtC,IAAI,UAAU,GAAG,MAAM,CAAC,IAAI,CAAC,WAAW,CAAC,GAAG,CAAC,CAAC,CAAC,CAAC,CAAC,CAAC;QAClD,IAAI,KAAK,GAAG,WAAW,CAAC,GAAG,CAAC,CAAC,UAAU,CAAC,CAAC;QACzC,IAAI,WAAW,GAAG,SAAS,CAAC,UAAU,EAAE,KAAK,EAAE,KAAK,CAAC,CAAC;QACtD,MAAM,CAAC,IAAI,CAAC,EAAC,CAAC,GAAG,CAAC,EAAE,WAAW,EAAC,CAAC,CAAC;KAClC;IACD,OAAO,MAAM,CAAC;AACf,CAAC;AAVD,kDAUC;AAED,SAAgB,SAAS,CAAC,UAAkB,EAAE,KAAa,EAAE,KAAY;IACxE,QAAQ,UAAU,EAAE;QACnB,KAAK,KAAK;YACT,OAAO,YAAY,CAAC,KAAK,EAAE,KAAK,CAAC,CAAC;QACnC,KAAK,KAAK;YACT,OAAO,YAAY,CAAC,KAAK,EAAE,KAAK,CAAC,CAAC;QACnC,KAAK,KAAK;YACT,OAAO,YAAY,CAAC,KAAK,EAAE,KAAK,CAAC,CAAC;QACnC,KAAK,OAAO;YACX,OAAO,cAAc,CAAC,KAAK,EAAE,KAAK,CAAC,CAAC;QACrC,KAAK,KAAK;YACT,OAAO,YAAY,CAAC,KAAK,EAAE,KAAK,CAAC,CAAC;QACnC;YACC,MAAM,IAAI,6BAAY,CAAC,uBAAuB,CAAC,CAAC;KACjD;AACF,CAAC;AAfD,8BAeC;AAED,SAAgB,YAAY,CAAC,KAAa,EAAE,KAAY;IACvD,IAAI,GAAG,GAAG,IAAI,oBAAO,CAAC,CAAC,CAAC,CAAC;IACzB,IAAI,aAAa,GAAG,KAAK,CAAC,MAAM,CAAC,CAAC,SAAS,EAAE,EAAE;QAC9C,KAAK,IAAI,GAAG,IAAI,MAAM,CAAC,IAAI,CAAC,SAAS,CAAC,EAAE;YACvC,IAAI,GAAG,CAAC,QAAQ,CAAC,MAAM,CAAC,IAAI,SAAS,CAAC,GAAG,CAAC,KAAK,IAAI,EAAE;gBACpD,OAAO,KAAK,CAAC;aACb;SACD;QACD,OAAO,IAAI,CAAC;IACb,CAAC,CAAC,CAAC;IAEH,KAAK,CAAC,OAAO,CAAC,CAAC,WAAW,EAAE,EAAE;QAC7B,GAAG,GAAG,GAAG,CAAC,GAAG,CAAC,IAAI,oBAAO,CAAC,WAAW,CAAC,KAAK,CAAC,CAAC,CAAC,CAAC;IAChD,CAAC,CAAC,CAAC;IACH,OAAO,MAAM,CAAC,GAAG,CAAC,QAAQ,EAAE,CAAC,OAAO,CAAC,CAAC,CAAC,CAAC,CAAC;AAC1C,CAAC;AAfD,oCAeC;AAED,SAAgB,YAAY,CAAC,KAAa,EAAE,KAAY;IACvD,IAAI,GAAG,GAAG,KAAK,CAAC,CAAC,CAAC,CAAC,KAAK,CAAC,CAAC;IAC1B,KAAK,CAAC,OAAO,CAAC,CAAC,WAAW,EAAE,EAAE;QAC7B,IAAI,WAAW,CAAC,KAAK,CAAC,GAAG,GAAG,EAAE;YAC7B,GAAG,GAAG,WAAW,CAAC,KAAK,CAAC,CAAC;SACzB;IACF,CAAC,CAAC,CAAC;IACH,OAAO,GAAG,CAAC;AACZ,CAAC;AARD,oCAQC;AAED,SAAgB,YAAY,CAAC,KAAa,EAAE,KAAY;IACvD,IAAI,GAAG,GAAG,KAAK,CAAC,CAAC,CAAC,CAAC,KAAK,CAAC,CAAC;IAC1B,KAAK,CAAC,OAAO,CAAC,CAAC,WAAW,EAAE,EAAE;QAC7B,IAAI,WAAW,CAAC,KAAK,CAAC,GAAG,GAAG,EAAE;YAC7B,GAAG,GAAG,WAAW,CAAC,KAAK,CAAC,CAAC;SACzB;IACF,CAAC,CAAC,CAAC;IACH,OAAO,GAAG,CAAC;AACZ,CAAC;AARD,oCAQC;AAED,SAAgB,cAAc,CAAC,KAAa,EAAE,KAAY;IACzD,IAAI,YAAY,GAAG,IAAI,GAAG,CACzB,KAAK,CAAC,GAAG,CAAC,CAAC,IAAI,EAAE,EAAE;QAClB,OAAO,IAAI,CAAC,KAAK,CAAC,CAAC;IACpB,CAAC,CAAC,CACF,CAAC;IACF,OAAO,YAAY,CAAC,IAAI,CAAC;AAC1B,CAAC;AAPD,wCAOC;AAED,SAAgB,YAAY,CAAC,KAAa,EAAE,KAAY;IACvD,IAAI,GAAG,GAAG,IAAI,oBAAO,CAAC,CAAC,CAAC,CAAC;IACzB,IAAI,aAAa,GAAG,KAAK,CAAC,MAAM,CAAC,CAAC,SAAS,EAAE,EAAE;QAC9C,OAAO,SAAS,CAAC,MAAM,CAAC,KAAK,IAAI,CAAC;IACnC,CAAC,CAAC,CAAC;IACH,aAAa,CAAC,OAAO,CAAC,CAAC,WAAW,EAAE,EAAE;QACrC,GAAG,GAAG,GAAG,CAAC,GAAG,CAAC,IAAI,oBAAO,CAAC,WAAW,CAAC,KAAK,CAAC,CAAC,CAAC,CAAC;IAChD,CAAC,CAAC,CAAC;IACH,OAAO,MAAM,CAAC,CAAC,GAAG,CAAC,QAAQ,EAAE,GAAG,aAAa,CAAC,MAAM,CAAC,CAAC,
[...]
line":43,"column":8},"end":{"line":54,"column":11}},"24":{"start":{"line":44,"column":12},"end":{"line":53,"column":13}},"25":{"start":{"line":45,"column":16},"end":{"line":45,"column":76}},"26":{"start":{"line":46,"column":16},"end":{"line":46,"column":25}},"27":{"start":{"line":49,"column":16},"end":{"line":52,"column":19}},"28":{"start":{"line":50,"column":20},"end":{"line":50,"column":67}},"29":{"start":{"line":51,"column":20},"end":{"line":51,"column":30}},"30":{"start":{"line":57,"column":8},"end":{"line":57,"column":51}},"31":{"start":{"line":58,"column":8},"end":{"line":58,"column":90}},"32":{"start":{"line":59,"column":8},"end":{"line":59,"column":48}},"33":{"start":{"line":62,"column":8},"end":{"line":62,"column":52}},"34":{"start":{"line":63,"column":8},"end":{"line":63,"column":58}},"35":{"start":{"line":64,"column":8},"end":{"line":64,"column":66}},"36":{"start":{"line":65,"column":8},"end":{"line":65,"column":57}},"37":{"start":{"line":66,"column":8},"end":{"line":66,"column":66}},"38":{"start":{"line":69,"column":8},"end":{"line":76,"column":9}},"39":{"start":{"line":70,"column":27},"end":{"line":70,"column":56}},"40":{"start":{"line":71,"column":29},"end":{"line":71,"column":94}},"41":{"start":{"line":72,"column":12},"end":{"line":72,"column":55}},"42":{"start":{"line":75,"column":12},"end":{"line":75,"column":57}},"43":{"start":{"line":79,"column":8},"end":{"line":92,"column":9}},"44":{"start":{"line":80,"column":12},"end":{"line":80,"column":57}},"45":{"start":{"line":81,"column":27},"end":{"line":81,"column":56}},"46":{"start":{"line":82,"column":29},"end":{"line":82,"column":70}},"47":{"start":{"line":83,"column":12},"end":{"line":83,"column":55}},"48":{"start":{"line":86,"column":12},"end":{"line":91,"column":13}},"49":{"start":{"line":87,"column":16},"end":{"line":87,"column":61}},"50":{"start":{"line":90,"column":16},"end":{"line":90,"column":61}},"51":{"start":{"line":95,"column":8},"end":{"line":102,"column":9}},"52":{"start":{"line":96,"column":27},"end":{"line":96,"column":56}},"53":{"start":{"line":97,"column":29},"end":{"line":97,"column":64}},"54":{"start":{"line":98,"column":12},"end":{"line":98,"column":55}},"55":{"start":{"line":101,"column":12},"end":{"line":101,"column":57}},"56":{"start":{"line":105,"column":8},"end":{"line":112,"column":9}},"57":{"start":{"line":106,"column":27},"end":{"line":106,"column":56}},"58":{"start":{"line":107,"column":29},"end":{"line":107,"column":56}},"59":{"start":{"line":108,"column":12},"end":{"line":108,"column":55}},"60":{"start":{"line":111,"column":12},"end":{"line":111,"column":48}},"61":{"start":{"line":115,"column":8},"end":{"line":122,"column":9}},"62":{"start":{"line":116,"column":12},"end":{"line":116,"column":84}},"63":{"start":{"line":117,"column":29},"end":{"line":117,"column":63}},"64":{"start":{"line":118,"column":12},"end":{"line":118,"column":55}},"65":{"start":{"line":121,"column":12},"end":{"line":121,"column":57}},"66":{"start":{"line":125,"column":8},"end":{"line":130,"column":9}},"67":{"start":{"line":126,"column":12},"end":{"line":126,"column":37}},"68":{"start":{"line":129,"column":12},"end":{"line":129,"column":42}},"69":{"start":{"line":133,"column":0},"end":{"line":133,"column":25}}},"fnMap":{"0":{"name":"(anonymous_0)","decl":{"start":{"line":2,"column":56},"end":{"line":2,"column":57}},"loc":{"start":{"line":2,"column":71},"end":{"line":4,"column":1}},"line":2},"1":{"name":"(anonymous_1)","decl":{"start":{"line":14,"column":4},"end":{"line":14,"column":5}},"loc":{"start":{"line":14,"column":22},"end":{"line":20,"column":5}},"line":14},"2":{"name":"(anonymous_2)","decl":{"start":{"line":21,"column":4},"end":{"line":21,"column":5}},"loc":{"start":{"line":21,"column":12},"end":{"line":40,"column":5}},"line":21},"3":{"name":"(anonymous_3)","decl":{"start":{"line":22,"column":27},"end":{"line":22,"column":28}},"loc":{"start":{"line":22,"column":48},"end":{"line":39,"column":9}},"line":22},"4":{"name":"(anonymous_4)","decl":{"start":{"line":30,"column":39},"end":{"line":30,"column":40}},"loc":{"start":{"line":30,"column":45},"end":{"line":33,"column":17}},"line":30},"5":{"name":"(anonymous_5)","decl":{"start":{"line":34,"column":33},"end":{"line":34,"column":34}},"loc":{"start":{"line":34,"column":42},"end":{"line":37,"column":17}},"line":34},"6":{"name":"(anonymous_6)","decl":{"start":{"line":41,"column":4},"end":{"line":41,"column":5}},"loc":{"start":{"line":41,"column":11},"end":{"line":55,"column":5}},"line":41},"7":{"name":"(anonymous_7)","decl":{"start":{"line":43,"column":27},"end":{"line":43,"column":28}},"loc":{"start":{"line":43,"column":48},"end":{"line":54,"column":9}},"line":43},"8":{"name":"(anonymous_8)","decl":{"start":{"line":49,"column":34},"end":{"line":49,"column":35}},"loc":{"start":{"line":49,"column":40},"end":{"line":52,"column":17}},"line":49},"9":{"name":"(anonymous_9)","decl":{"start":{"line":56,"column":4},"end":{"line":56,"column":5}},"loc":{"start":{"line":56,"column":25},"end":{"line":60,"column":5}},"line":56},"10":{"name":"(anonymous_10)","decl":{"start":{"line":61,"column":4},"end":{"line":61,"column":5}},"loc":{"start":{"line":61,"column":21},"end":{"line":67,"column":5}},"line":61},"11":{"name":"(anonymous_11)","decl":{"start":{"line":68,"column":4},"end":{"line":68,"column":5}},"loc":{"start":{"line":68,"column":38},"end":{"line":77,"column":5}},"line":68},"12":{"name":"(anonymous_12)","decl":{"start":{"line":78,"column":4},"end":{"line":78,"column":5}},"loc":{"start":{"line":78,"column":41},"end":{"line":93,"column":5}},"line":78},"13":{"name":"(anonymous_13)","decl":{"start":{"line":94,"column":4},"end":{"line":94,"column":5}},"loc":{"start":{"line":94,"column":40},"end":{"line":103,"column":5}},"line":94},"14":{"name":"(anonymous_14)","decl":{"start":{"line":104,"column":4},"end":{"line":104,"column":5}},"loc":{"start":{"line":104,"column":39},"end":{"line":113,"column":5}},"line":104},"15":{"name":"(anonymous_15)","decl":{"start":{"line":114,"column":4},"end":{"line":114,"column":5}},"loc":{"start":{"line":114,"column":26},"end":{"line":123,"column":5}},"line":114},"16":{"name":"(anonymous_16)","decl":{"start":{"line":124,"column":4},"end":{"line":124,"column":5}},"loc":{"start":{"line":124,"column":28},"end":{"line":131,"column":5}},"line":124}},"branchMap":{"0":{"loc":{"start":{"line":2,"column":22},"end":{"line":4,"column":1}},"type":"binary-expr","locations":[{"start":{"line":2,"column":23},"end":{"line":2,"column":27}},{"start":{"line":2,"column":31},"end":{"line":2,"column":51}},{"start":{"line":2,"column":56},"end":{"line":4,"column":1}}],"line":2},"1":{"loc":{"start":{"line":3,"column":11},"end":{"line":3,"column":61}},"type":"cond-expr","locations":[{"start":{"line":3,"column":37},"end":{"line":3,"column":40}},{"start":{"line":3,"column":43},"end":{"line":3,"column":61}}],"line":3},"2":{"loc":{"start":{"line":3,"column":12},"end":{"line":3,"column":33}},"type":"binary-expr","locations":[{"start":{"line":3,"column":12},"end":{"line":3,"column":15}},{"start":{"line":3,"column":19},"end":{"line":3,"column":33}}],"line":3},"3":{"loc":{"start":{"line":24,"column":12},"end":{"line":38,"column":13}},"type":"if","locations":[{"start":{"line":24,"column":12},"end":{"line":38,"column":13}},{"start":{"line":24,"column":12},"end":{"line":38,"column":13}}],"line":24},"4":{"loc":{"start":{"line":44,"column":12},"end":{"line":53,"column":13}},"type":"if","locations":[{"start":{"line":44,"column":12},"end":{"line":53,"column":13}},{"start":{"line":44,"column":12},"end":{"line":53,"column":13}}],"line":44},"5":{"loc":{"start":{"line":86,"column":12},"end":{"line":91,"column":13}},"type":"if","locations":[{"start":{"line":86,"column":12},"end":{"line":91,"column":13}},{"start":{"line":86,"column":12},"end":{"line":91,"column":13}}],"line":86},"6":{"loc":{"start":{"line":125,"column":8},"end":{"line":130,"column":9}},"type":"if","locations":[{"start":{"line":125,"column":8},"end":{"line":130,"column":9}},{"start":{"line":125,"column":8},"end":{"line":130,"column":9}}],"line":125},"7":{"loc":{"start":{"line":125,"column":12},"end":{"line":125,"column":54}},"type":"binary-expr","locations":[{"start":{"line":125,"column":12},"end":{"line":125,"column":38}},{"start":{"line":125,"column":42},"end":{"line":125,"column":54}}],"line":125}},"s":{"0":1,"1":3,"2":1,"3":1,"4":1,"5":1,"6":1,"7":1,"8":1,"9":1,"10":1,"11":1,"12":1,"13":1,"14":1,"15":0,"16":0,"17":1,"18":1,"19":1,"20":0,"21":0,"22":1,"23":1,"24":1,"25":0,"26":0,"27":1,"28":1,"29":1,"30":1,"31":1,"32":1,"33":1,"34":1,"35":1,"36":1,"37":1,"38":2,"39":2,"40":2,"41":1,"42":1,"43":3,"44":3,"45":3,"46":3,"47":1,"48":2,"49":1,"50":1,"51":2,"52":2,"53":2,"54":1,"55":1,"56":1,"57":1,"58":1,"59":1,"60":0,"61":0,"62":0,"63":0,"64":0,"65":0,"66":0,"67":0,"68":0,"69":1},"f":{"0":3,"1":1,"2":1,"3":1,"4":1,"5":0,"6":1,"7":1,"8":1,"9":1,"10":1,"11":2,"12":3,"13":2,"14":1,"15":0,"16":0},"b":{"0":[1,1,1],"1":[1,2],"2":[3,3],"3":[0,1],"4":[0,1],"5":[1,1],"6":[0,0],"7":[0,0]},"inputSourceMap":{"version":3,"file":"C:/Users/Winston/Desktop/project_team203/src/rest/Server.ts","sources":["C:/Users/Winston/Desktop/project_team203/src/rest/Server.ts"],"names":[],"mappings":";;;;;AAAA,sDAAgE;AAEhE,gDAAwB;AACxB,gFAAwD;AACxD,iEAA8E;AAE9E,MAAqB,MAAM;IACT,IAAI,CAAS;IACtB,OAAO,CAAc;IACrB,MAAM,CAA0B;IAExC,YAAY,IAAY;QACvB,OAAO,CAAC,IAAI,CAAC,mBAAmB,IAAI,IAAI,CAAC,CAAC;QAC1C,IAAI,CAAC,IAAI,GAAG,IAAI,CAAC;QACjB,IAAI,CAAC,OAAO,GAAG,IAAA,iBAAO,GAAE,CAAC;QAEzB,IAAI,CAAC,kBAAkB,EAAE,CAAC;QAC1B,IAAI,CAAC,cAAc,EAAE,CAAC;IAMvB,CAAC;IASM,KAAK;QACX,OAAO,IAAI,OAAO,CAAC,CAAC,OAAO,EAAE,MAAM,EAAE,EAAE;YACtC,OAAO,CAAC,IAAI,CAAC,yBAAyB,CAAC,CAAC;YACxC,IAAI,IAAI,CAAC,MAAM,KAAK,SAAS,EAAE;gBAC9B,OAAO,CAAC,KAAK,CAAC,4CAA4C,CAAC,CAAC;gBAC5D,MAAM,EAAE,CAAC;aACT;iBAAM;gBACN,IAAI,CAAC,MAAM,GAAG,IAAI,CAAC,OAAO;qBACxB,MAAM,CAAC,IAAI,CAAC,IAAI,EAAE,GAAG,EAAE;oBACvB,OAAO,CAAC,IAAI,CAAC,+CAA+C,IAAI,CAAC,IAAI,EAAE,CAAC,CAAC;oBACzE,OAAO,EAAE,CAAC;gBACX,CAAC,CAAC;qBACD,EAAE,CAAC,OAAO,EAAE,CAAC,GAAU,EAAE,EAAE;oBAE3B,OAAO,CAAC,KAAK,CAAC,mCAAmC,GAAG,CAAC,OAAO,EAAE,CAAC,CAAC;oBAChE,MAAM,CAAC,GAAG,CAAC,CAAC;gBACb,CAAC,CAAC,CAAC;aACJ;QACF,CAAC,CAAC,CAAC;IACJ,CAAC;IAQM,IAAI;QACV,OAAO,CAAC,IAAI,CAAC,gBAAgB,CAAC,CAAC;QAC/B,OAAO,IAAI,OAAO,CAAC,CAAC,OAAO,EAAE,MAAM,EAAE,EAAE;YACtC,IAAI,IAAI,CAAC,MAAM,KAAK,SAAS,EAAE;gBAC9B,OAAO,CAAC,KAAK,CAAC,4CAA4C,CAAC,CAAC;gBAC5D,MAAM,EAAE,CAAC;aACT;iBAAM;gBACN,IAAI,CAAC,MAAM,CAAC,KAAK,CAAC,GAAG,EAAE;oBACtB,OAAO,CAAC,IAAI,CAAC,gCAAgC,CAAC,CAAC;oBAC/C,OAAO,EAAE,CAAC;gBACX,CAAC,CAAC,CAAC;aACH;QACF,CAAC,CAAC,CAAC;IACJ,CAAC;IAGO,kBAAkB;QAEzB,IAAI,CAAC,OAAO,CAAC,GAAG,CAAC,iBAAO,CAAC,IAAI,EAAE,CAAC,CAAC;QACjC,IAAI,CAAC,OAAO,CAAC,GAAG,CAAC,iBAAO,CAAC,GAAG,CAAC,EAAC,IAAI,EAAE,eAAe,EAAE,KAAK,EAAE,MAAM,EAAC,CAAC,CAAC,CAAC;QAEtE,IAAI,CAAC,OAAO,CAAC,GAAG,CAAC,IAAA,cAAI,GAAE,CAAC,CAAC;IAC1B,CAAC;IAGO,cAAc;QAGrB,IAAI,CAAC,OAAO,CAAC,GAAG,CAAC,YAAY,EAAE,MAAM,CAAC,IAAI,CAAC,CAAC;QAE5C,IAAI,CAAC,OAAO,CAAC,GAAG,CAAC,WAAW,EAAE,MAAM,CAAC,WAAW,CAAC,CAAC;QAClD,IAAI,CAAC,OAAO,CAAC,GAAG,CAAC,oBAAoB,EAAE,MAAM,CAAC,UAAU,CAAC,CAAC;QAC1D,IAAI,CAAC,OAAO,CAAC,IAAI,CAAC,QAAQ,EAAE,MAAM,CAAC,YAAY,CAAC,CAAC;QACjD,IAAI,CAAC,OAAO,CAAC,MAAM,CAAC,cAAc,EAAE,MAAM,CAAC,aAAa,CAAC,CAAC;IAC3D,CAAC;IAGO,MAAM,CAAC,KAAK,CAAC,UAAU,CAAC,GAAY,EAAE,GAAa;QAC1D,IAAI;YACH,MAAM,MAAM,GAAG,IAAI,uBAAa,EAAE,CAAC;YACnC,MAAM,QAAQ,GAAG,MAAM,MAAM,CAAC,UAAU,CAAC,GAAG,CAAC,MAAM,CAAC,EAAE,EAAE,GAAG,CAAC,IAAI,EAAE,GAAG,CAAC,MAAM,CAAC,IAA0B,CAAC,CAAC;YACzG,GAAG,CAAC,MAAM,CAAC,GAAG,CAAC,CAAC,IAAI,CAAC,EAAC,MAAM,EAAE,QAAQ,EAAC,CAAC,CAAC;SACzC;QAAC,OAAO,GAAQ,EAAE;YAClB,GAAG,CAAC,MAAM,CAAC,GAAG,CAAC,CAAC,IAAI,CAAC,EAAC,KAAK,EAAE,GAAG,CAAC,OAAO,EAAC,CAAC,CAAC;SAC3C;IACF,CAAC;IAEO,MAAM,CAAC,KAAK,CAAC,aAAa,CAAC,GAAY,EAAE,GAAa;QAC7D,IAAI;YACH,OAAO,CAAC,GAAG,CAAC,MAAM,GAAG,GAAG,CAAC,MAAM,CAAC,EAAE,GAAG,MAAM,CAAC,CAAC;YAC7C,MAAM,MAAM,GAAG,IAAI,uBAAa,EAAE,CAAC;YACnC,MAAM,QAAQ,GAAG,MAAM,MAAM,CAAC,aAAa,CAAC,GAAG,CAAC,MAAM,CAAC,EAAE,CAAC,CAAC;YAC3D,GAAG,CAAC,MAAM,CAAC,GAAG,CAAC,CAAC,IAAI,CAAC,EAAC,MAAM,EAAE,QAAQ,EAAC,CAAC,CAAC;SACzC;QAAC,OAAO,GAAQ,EAAE;YAClB,IAAI,GAAG,YAAY,6BAAY,EAAE;gBAChC,GAAG,CAAC,MAAM,CAAC,GAAG,CAAC,CAAC,IAAI,CAAC,EAAC,KAAK,EAAE,GAAG,CAAC,OAAO,EAAC,CAAC,CAAC;aAC3C;iBAAM;gBACN,GAAG,CAAC,MAAM,CAAC,GAAG,CAAC,CAAC,IAAI,CAAC,EAAC,KAAK,EAAE,GAAG,CAAC,OAAO,EAAC,CAAC,CAAC;aAC3C;SACD;IACF,CAAC;IAEO,MAAM,CAAC,KAAK,CAAC,YAAY,CAAC,GAAY,EAAE,GAAa;QAC5D,IAAI;YACH,MAAM,MAAM,GAAG,IAAI,uBAAa,EAAE,CAAC;YACnC,MAAM,QAAQ,GAAG,MAAM,MAAM,CAAC,YAAY,CAAC,GAAG,CAAC,IAAI,CAAC,CAAC;YACrD,GAAG,CAAC,MAAM,CAAC,GAAG,CAAC,CAAC,IAAI,CAAC,EAAC,MAAM,EAAE,QAAQ,EAAC,CAAC,CAAC;SACzC;QAAC,OAAO,GAAQ,EAAE;YAClB,GAAG,CAAC,MAAM,CAAC,GAAG,CAAC,CAAC,IAAI,CAAC,EAAC,KAAK,EAAE,GAAG,CAAC,OAAO,EAAC,CAAC,CAAC;SAC3C;IACF,CAAC;IAEO,MAAM,CAAC,KAAK,CAAC,WAAW,CAAC,GAAY,EAAE,GAAa;QAC3D,IAAI;YACH,MAAM,MAAM,GAAG,IAAI,uBAAa,EAAE,CAAC;YACnC,MAAM,QAAQ,GAAG,MAAM,MAAM,CAAC,YAAY,EAAE,CAAC;YAC7C,GAAG,CAAC,MAAM,CAAC,GAAG,CAAC,CAAC,IAAI,CAAC,EAAC,MAAM,EAAE,QAAQ,EAAC,CAAC,CAAC;SACzC;QAAC,OAAO,GAAG,EAAE;YACb,OAAO,CAAC,GAAG,CAAC,sBAAsB,CAAC,CAAC;SACpC;IACF,CAAC;IAKO,MAAM,CAAC,IAAI,CAAC,GAAY,EAAE,GAAa;QAC9C,IAAI;YACH,OAAO,CAAC,GAAG,CAAC,8BAA8B,IAAI,CAAC,SAAS,CAAC,GAAG,CAAC,MAAM,CAAC,EAAE,CAAC,CAAC;YACxE,MAAM,QAAQ,GAAG,MAAM,CAAC,WAAW,CAAC,GAAG,CAAC,MAAM,CAAC,GAAG,CAAC,CAAC;YACpD,GAAG,CAAC,MAAM,CAAC,GAAG,CAAC,CAAC,IAAI,CAAC,EAAC,MAAM,EAAE,QAAQ,EAAC,CAAC,CAAC;SACzC;QAAC,OAAO,GAAQ,EAAE;YAClB,GAAG,CAAC,MAAM,CAAC,GAAG,CAAC,CAAC,IAAI,CAAC,EAAC,KAAK,EAAE,GAAG,CAAC,OAAO,EAAC,CAAC,CAAC;SAC3C;IACF,CAAC;IAEO,MAAM,CAAC,WAAW,CAAC,GAAW;QACrC,IAAI,OAAO,GAAG,KAAK,WAAW,IAAI,GAAG,KAAK,IAAI,EAAE;YAC/C,OAAO,GAAG,GAAG,MAAM,GAAG,EAAE,CAAC;SACzB;aAAM;YACN,OAAO,sBAAsB,CAAC;SAC9B;IACF,CAAC;CACD;AA3JD,yBA2JC","sourcesContent":["import express, {Application, Request, Response} from \"express\";\r\nimport * as http from \"http\";\r\nimport cors from \"cors\";\r\nimport InsightFacade from \"../controller/InsightFacade\";\r\nimport {InsightDatasetKind, InsightError} from \"../controller/IInsightFacade\";\r\n\r\nexport default class Server {\r\n\tprivate readonly port: number;\r\n\tprivate express: Application;\r\n\tprivate server: http.Server | undefined;\r\n\r\n\tconstructor(port: number) {\r\n\t\tconsole.info(`Server::<init>( ${port} )`);\r\n\t\tthis.port = port;\r\n\t\tthis.express = express();\r\n\r\n\t\tthis.registerMiddleware();\r\n\t\tthis.registerRoutes();\r\n\r\n\t\t// NOTE: you can serve static frontend files in from your express server\r\n\t\t// by uncommenting the line below. This makes files in ./frontend/public\r\n\t\t// accessible at http://localhost:<port>/\r\n\t\t// this.express.use(express.static(\"./frontend/public\"))\r\n\t}\r\n\r\n\t/**\r\n\t * Starts the server. Returns a promise that resolves if success. Promises are used\r\n\t * here because starting the server takes some time and we want to know when it\r\n\t * is done (and if it worked).\r\n\t *\r\n\t * @returns {Promise<void>}\r\n\t */\r\n\tpublic start(): Promise<void> {\r\n\t\treturn new Promise((resolve, reject) => {\r\n\t\t\tconsole.info(\"Server::start() - start\");\r\n\t\t\tif (this.server !== undefined) {\r\n\t\t\t\tconsole.error(\"Server::start() - server already listening\");\r\n\t\t\t\treject();\r\n\t\t\t} else {\r\n\t\t\t\tthis.server = this.express\r\n\t\t\t\t\t.listen(this.port, () => {\r\n\t\t\t\t\t\tconsole.info(`Server::start() - server listening on port: ${this.port}`);\r\n\t\t\t\t\t\tresolve();\r\n\t\t\t\t\t})\r\n\t\t\t\t\t.on(\"error\", (err: Error) => {\r\n\t\t\t\t\t\t// catches errors in server start\r\n\t\t\t\t\t\tconsole.error(`Server::start() - server ERROR: ${err.message}`);\r\n\t\t\t\t\t\treject(err);\r\n\t\t\t\t\t});\r\n\t\t\t}\r\n\t\t});\r\n\t}\r\n\r\n\t/**\r\n\t * Stops the server. Again returns a promise so we know when the connections have\r\n\t * actually been fully closed and the port has been released.\r\n\t *\r\n\t * @returns {Promise<void>}\r\n\t */\r\n\tpublic stop(): Promise<void> {\r\n\t\tconsole.info(\"Server::stop()\");\r\n\t\treturn new Promise((resolve, reject) => {\r\n\t\t\tif (this.server === undefined) {\r\n\t\t\t\tconsole.error(\"Server::stop() - ERROR: server not started\");\r\n\t\t\t\treject();\r\n\t\t\t} else {\r\n\t\t\t\tthis.server.close(() => {\r\n\t\t\t\t\tconsole.info(\"Server::stop() - server closed\");\r\n\t\t\t\t\tresolve();\r\n\t\t\t\t});\r\n\t\t\t}\r\n\t\t});\r\n\t}\r\n\r\n\t// Registers middleware to parse request before passing them to request handlers\r\n\tprivate registerMiddleware() {\r\n\t\t// JSON parser must be place before raw parser because of wildcard matching done by raw parser below\r\n\t\tthis.express.use(express.json());\r\n\t\tthis.express.use(express.raw({type: \"application/*\", limit: \"10mb\"}));\r\n\t\t// enable cors in request headers to allow cross-origin HTTP requests\r\n\t\tthis.express.use(cors());\r\n\t}\r\n\r\n\t// Registers all request handlers to routes\r\n\tprivate registerRoutes() {\r\n\t\t// This is an example endpoint this you can invoke by accessing this URL in your browser:\r\n\t\t// http://localhost:4321/echo/hello\r\n\t\tthis.express.get(\"/echo/:msg\", Server.echo);\r\n\t\t// TODO: your other endpoints should go here\r\n\t\tthis.express.get(\"/datasets\", Server.listDataset);\r\n\t\tthis.express.put(\"/dataset/:id/:kind\", Server.addDataset);\r\n\t\tthis.express.post(\"/query\", Server.performQuery);\r\n\t\tthis.express.delete(\"/dataset/:id\", Server.deleteDataset);\r\n\t}\r\n\r\n\r\n\tprivate static async addDataset(req: Request, res: Response) {\r\n\t\ttry {\r\n\t\t\tconst facade = new InsightFacade();\r\n\t\t\tconst response = await facade.addDataset(req.params.id, req.body, req.params.kind as InsightDatasetKind);\r\n\t\t\tres.status(200).json({result: response});\r\n\t\t} catch (err: any) {\r\n\t\t\tres.status(400).json({error: err.message});\r\n\t\t}\r\n\t}\r\n\r\n\tprivate static async deleteDataset(req: Request, res: Response) {\r\n\t\ttry {\r\n\t\t\tconsole.log(\"--->\" + req.params.id + \"<---\");\r\n\t\t\tconst facade = new InsightFacade();\r\n\t\t\tconst response = await facade.removeDataset(req.params.id);\r\n\t\t\tres.status(200).json({result: response});\r\n\t\t} catch (err: any) {\r\n\t\t\tif (err instanceof InsightError) {\r\n\t\t\t\tres.status(400).json({error: err.message});\r\n\t\t\t} else {\r\n\t\t\t\tres.status(404).json({error: err.message});\r\n\t\t\t}\r\n\t\t}\r\n\t}\r\n\r\n\tprivate static async performQuery(req: Request, res: Response) {\r\n\t\ttry {\r\n\t\t\tconst facade = new InsightFacade();\r\n\t\t\tconst response = await facade.performQuery(req.body);\r\n\t\t\tres.status(200).json({result: response});\r\n\t\t} catch (err: any) {\r\n\t\t\tres.status(400).json({error: err.message});\r\n\t\t}\r\n\t}\r\n\r\n\tprivate static async listDataset(req: Request, res: Response) {\r\n\t\ttry {\r\n\t\t\tconst facade = new InsightFacade();\r\n\t\t\tconst response = await facade.listDatasets();\r\n\t\t\tres.status(200).json({result: response});\r\n\t\t} catch (err) {\r\n\t\t\tconsole.log(\"List dataset failed!\");\r\n\t\t}\r\n\t}\r\n\r\n\t// The next two methods handle the echo service.\r\n\t// These are almost certainly not the best place to put these, but are here for your reference.\r\n\t// By updating the Server.echo function pointer above, these methods can be easily moved.\r\n\tprivate static echo(req: Request, res: Response) {\r\n\t\ttry {\r\n\t\t\tconsole.log(`Server::echo(..) - params: ${JSON.stringify(req.params)}`);\r\n\t\t\tconst response = Server.performEcho(req.params.msg);\r\n\t\t\tres.status(200).json({result: response});\r\n\t\t} catch (err: any) {\r\n\t\t\tres.status(400).json({error: err.message});\r\n\t\t}\r\n\t}\r\n\r\n\tprivate static performEcho(msg: string): string {\r\n\t\tif (typeof msg !== \"undefined\" && msg !== null) {\r\n\t\t\treturn `${msg}...${msg}`;\r\n\t\t} else {\r\n\t\t\treturn \"Message not provided\";\r\n\t\t}\r\n\t}\r\n}\r\n"]},"_coverageSchema":"1a1c01bbd47fc00a2c39e90264f33305004495a9","hash":"8153d06f121e87c974a3e9925dad1fc6e8e98839","contentHash":"ab3bae4684d3a027927881cf0c679b16294b40dd32479eb728feae1fb9d8e0f0"}}